Log file open, 05/26/18 20:02:24
LogWindows: Failed to load 'aqProf.dll' (GetLastError=126)
LogWindows: File 'aqProf.dll' does not exist
LogWindows: Failed to load 'VSPerf140.dll' (GetLastError=126)
LogWindows: File 'VSPerf140.dll' does not exist
LogWindows: Failed to load 'VtuneApi.dll' (GetLastError=126)
LogWindows: File 'VtuneApi.dll' does not exist
LogWindows: Failed to load 'VtuneApi32e.dll' (GetLastError=126)
LogWindows: File 'VtuneApi32e.dll' does not exist
LogInit: Display: Running engine for game: GameDesign
LogPlatformFile: Not using cached read wrapper
LogInit: Display: RandInit(-2116352403) SRandInit(-2116352403).
LogTaskGraph: Started task graph with 5 named threads and 14 total threads with 3 sets of task threads.
LogStats: Stats thread started at 0.221321
LogD3D11RHI: Aftermath initialized
LogPluginManager: Mounting plugin Paper2D
LogPluginManager: Mounting plugin LightPropagationVolume
LogPluginManager: Mounting plugin CodeLiteSourceCodeAccess
LogPluginManager: Mounting plugin GitSourceControl
LogPluginManager: Mounting plugin KDevelopSourceCodeAccess
LogPluginManager: Mounting plugin NullSourceCodeAccess
LogPluginManager: Mounting plugin PerforceSourceControl
LogPluginManager: Mounting plugin SubversionSourceControl
LogPluginManager: Mounting plugin UObjectPlugin
LogPluginManager: Mounting plugin VisualStudioSourceCodeAccess
LogPluginManager: Mounting plugin XCodeSourceCodeAccess
LogPluginManager: Mounting plugin AssetManagerEditor
LogPluginManager: Mounting plugin AudioCapture
LogPluginManager: Mounting plugin FacialAnimation
LogPluginManager: Mounting plugin GameplayTagsEditor
LogPluginManager: Mounting plugin MobileLauncherProfileWizard
LogPluginManager: Mounting plugin PluginBrowser
LogPluginManager: Mounting plugin SpeedTreeImporter
LogPluginManager: Mounting plugin AlembicImporter
LogPluginManager: Mounting plugin CharacterAI
LogPluginManager: Mounting plugin HTML5Networking
LogPluginManager: Mounting plugin AndroidMedia
LogPluginManager: Mounting plugin AvfMedia
LogPluginManager: Mounting plugin MediaPlayerEditor
LogPluginManager: Mounting plugin WmfMedia
LogPluginManager: Mounting plugin TcpMessaging
LogPluginManager: Mounting plugin UdpMessaging
LogPluginManager: Mounting plugin LevelSequenceEditor
LogPluginManager: Mounting plugin MatineeToLevelSequence
LogPluginManager: Mounting plugin OnlineSubsystemGooglePlay
LogPluginManager: Mounting plugin OnlineSubsystemIOS
LogPluginManager: Mounting plugin OnlineSubsystem
LogPluginManager: Mounting plugin OnlineSubsystemNull
LogPluginManager: Mounting plugin OnlineSubsystemUtils
LogPluginManager: Mounting plugin AndroidDeviceProfileSelector
LogPluginManager: Mounting plugin AndroidMoviePlayer
LogPluginManager: Mounting plugin AndroidPermission
LogPluginManager: Mounting plugin AppleMoviePlayer
LogPluginManager: Mounting plugin ArchVisCharacter
LogPluginManager: Mounting plugin CableComponent
LogPluginManager: Mounting plugin CustomMeshComponent
LogPluginManager: Mounting plugin ExampleDeviceProfileSelector
LogPluginManager: Mounting plugin GoogleCloudMessaging
LogPluginManager: Mounting plugin ImmediatePhysics
LogPluginManager: Mounting plugin IOSDeviceProfileSelector
LogPluginManager: Mounting plugin LinuxDeviceProfileSelector
LogPluginManager: Mounting plugin LocationServicesBPLibrary
LogPluginManager: Mounting plugin MobilePatchingUtils
LogPluginManager: Mounting plugin OculusVR
LogPluginManager: Mounting plugin PhysXVehicles
LogPluginManager: Mounting plugin ProceduralMeshComponent
LogPluginManager: Mounting plugin RuntimePhysXCooking
LogPluginManager: Mounting plugin SteamVR
LogPluginManager: Mounting plugin WindowsMoviePlayer
LogInit: Using libcurl 7.47.1
LogInit:  - built for x86_64-pc-win32
LogInit:  - supports SSL with OpenSSL/1.0.2g
LogInit:  - supports HTTP deflate (compression) using libz 1.2.8
LogInit:  - other features:
LogInit:      CURL_VERSION_SSL
LogInit:      CURL_VERSION_LIBZ
LogInit:      CURL_VERSION_IPV6
LogInit:      CURL_VERSION_ASYNCHDNS
LogInit:      CURL_VERSION_LARGEFILE
LogInit:      CURL_VERSION_IDN
LogInit:  CurlRequestOptions (configurable via config and command line):
LogInit:  - bVerifyPeer = false  - Libcurl will NOT verify peer certificate
LogInit:  - bUseHttpProxy = false  - Libcurl will NOT use HTTP proxy
LogInit:  - bDontReuseConnections = false  - Libcurl will reuse connections
LogInit:  - CertBundlePath = nullptr  - Libcurl will use whatever was configured at build time.
LogInit: Build: ++UE4+Release-4.17-CL-3658906
LogInit: Engine Version: 4.17.2-3658906+++UE4+Release-4.17
LogInit: Compatible Engine Version: 4.17.0-3573198+++UE4+Release-4.17
LogInit: Net CL: 3573198
LogDevObjectVersion: Number of dev versions registered: 16
LogDevObjectVersion:   Dev-Blueprints (B0D832E4-1F89-4F0D-ACCF-7EB736FD4AA2): 10
LogDevObjectVersion:   Dev-Build (E1C64328-A22C-4D53-A36C-8E866417BD8C): 0
LogDevObjectVersion:   Dev-Core (375EC13C-06E4-48FB-B500-84F0262A717E): 2
LogDevObjectVersion:   Dev-Editor (E4B068ED-F494-42E9-A231-DA0B2E46BB41): 20
LogDevObjectVersion:   Dev-Framework (CFFC743F-43B0-4480-9391-14DF171D2073): 28
LogDevObjectVersion:   Dev-Mobile (B02B49B5-BB20-44E9-A304-32B752E40360): 0
LogDevObjectVersion:   Dev-Networking (A4E4105C-59A1-49B5-A7C5-40C4547EDFEE): 0
LogDevObjectVersion:   Dev-Online (39C831C9-5AE6-47DC-9A44-9C173E1C8E7C): 0
LogDevObjectVersion:   Dev-Physics (78F01B33-EBEA-4F98-B9B4-84EACCB95AA2): 0
LogDevObjectVersion:   Dev-Platform (6631380F-2D4D-43E0-8009-CF276956A95A): 0
LogDevObjectVersion:   Dev-Rendering (12F88B9F-8875-4AFC-A67C-D90C383ABD29): 19
LogDevObjectVersion:   Dev-Sequencer (7B5AE74C-D270-4C10-A958-57980B212A5A): 4
LogDevObjectVersion:   Dev-VR (D7296918-1DD6-4BDD-9DE2-64A83CC13884): 0
LogDevObjectVersion:   Dev-LoadTimes (C2A15278-BFE7-4AFE-6C17-90FF531DF755): 1
LogDevObjectVersion:   Private-Geometry (6EACA3D4-40EC-4CC1-B786-8BED09428FC5): 1
LogDevObjectVersion:   Dev-AnimPhys (29E575DD-E0A3-4627-9D10-D276232CDCEA): 7
LogInit: Compiled (64-bit): Sep 22 2017 13:47:16
LogInit: Compiled with Visual C++: 19.00.24215.01
LogInit: Build Configuration: Development
LogInit: Branch Name: ++UE4+Release-4.17
LogInit: Command line: -EpicPortal 
LogInit: Base directory: G:/Epic Games/UE_4.17/Engine/Binaries/Win64/
LogInit: Installed Engine Build: 1
LogInit: Presizing for max 8388607 objects, including 0 objects not considered by GC, pre-allocating 0 bytes for permanent pool.
LogInit: Object subsystem initialized
[2018.05.26-10.32.24:811][  0]LogInit: Selected Device Profile: [Windows]
[2018.05.26-10.32.24:811][  0]LogInit: Applying CVar settings loaded from the selected device profile: [Windows]
[2018.05.26-10.32.24:854][  0]LogInit: Computer: SALVATORE
[2018.05.26-10.32.24:854][  0]LogInit: User: salva
[2018.05.26-10.32.24:854][  0]LogInit: CPU Page size=4096, Cores=4
[2018.05.26-10.32.24:854][  0]LogInit: High frequency timer resolution =3.117778 MHz
[2018.05.26-10.32.24:854][  0]LogMemory: Memory total: Physical=7.9GB (8GB approx)
[2018.05.26-10.32.24:854][  0]LogMemory: Platform Memory Stats for Windows
[2018.05.26-10.32.24:854][  0]LogMemory: Process Physical Memory: 278.19 MB used, 278.19 MB peak
[2018.05.26-10.32.24:854][  0]LogMemory: Process Virtual Memory: 274.13 MB used, 274.13 MB peak
[2018.05.26-10.32.24:854][  0]LogMemory: Physical Memory: 5153.98 MB used,  2893.19 MB free, 8047.18 MB total
[2018.05.26-10.32.24:854][  0]LogMemory: Virtual Memory: 4802.58 MB used,  2893.19 MB free, 134217728.00 MB total
[2018.05.26-10.32.25:153][  0]LogInit: Using OS detected language (en-GB).
[2018.05.26-10.32.25:153][  0]LogInit: Using OS detected locale (en-AU).
[2018.05.26-10.32.25:158][  0]LogTextLocalizationManager: No specific localization for 'en-GB' exists, so the 'en' localization will be used.
[2018.05.26-10.32.25:897][  0]LogD3D11RHI: D3D11 adapters:
[2018.05.26-10.32.26:021][  0]LogD3D11RHI:    0. 'AMD Radeon HD 7900 Series' (Feature Level 11_0)
[2018.05.26-10.32.26:021][  0]LogD3D11RHI:       3052/0/4023 MB DedicatedVideo/DedicatedSystem/SharedSystem, Outputs:2, VendorId:0x1002
[2018.05.26-10.32.26:115][  0]LogD3D11RHI:    1. 'Intel(R) HD Graphics 4600' (Feature Level 11_0)
[2018.05.26-10.32.26:116][  0]LogD3D11RHI:       112/0/2048 MB DedicatedVideo/DedicatedSystem/SharedSystem, Outputs:0, VendorId:0x8086
[2018.05.26-10.32.26:118][  0]LogD3D11RHI:    2. 'Microsoft Basic Render Driver' (Feature Level 11_0)
[2018.05.26-10.32.26:118][  0]LogD3D11RHI:       0/0/4023 MB DedicatedVideo/DedicatedSystem/SharedSystem, Outputs:0, VendorId:0x1414
[2018.05.26-10.32.26:118][  0]LogD3D11RHI: Chosen D3D11 Adapter: 0
[2018.05.26-10.32.26:126][  0]LogD3D11RHI: Creating new Direct3DDevice
[2018.05.26-10.32.26:126][  0]LogD3D11RHI:     GPU DeviceId: 0x679a (for the marketing name, search the web for "GPU Device Id")
[2018.05.26-10.32.26:126][  0]LogWindows: EnumDisplayDevices:
[2018.05.26-10.32.26:126][  0]LogWindows:    0. 'AMD Radeon HD 7900 Series' (P:1 D:1)
[2018.05.26-10.32.26:126][  0]LogWindows:    1. 'AMD Radeon HD 7900 Series' (P:0 D:1)
[2018.05.26-10.32.26:126][  0]LogWindows:    2. 'AMD Radeon HD 7900 Series' (P:0 D:0)
[2018.05.26-10.32.26:127][  0]LogWindows:    3. 'AMD Radeon HD 7900 Series' (P:0 D:0)
[2018.05.26-10.32.26:127][  0]LogWindows:    4. 'AMD Radeon HD 7900 Series' (P:0 D:0)
[2018.05.26-10.32.26:127][  0]LogWindows:    5. 'AMD Radeon HD 7900 Series' (P:0 D:0)
[2018.05.26-10.32.26:127][  0]LogWindows:    6. 'AMD Radeon HD 7900 Series' (P:0 D:0)
[2018.05.26-10.32.26:128][  0]LogWindows:    7. 'AMD Radeon HD 7900 Series' (P:0 D:0)
[2018.05.26-10.32.26:128][  0]LogWindows:    8. 'AMD Radeon HD 7900 Series' (P:0 D:0)
[2018.05.26-10.32.26:128][  0]LogWindows:    9. 'AMD Radeon HD 7900 Series' (P:0 D:0)
[2018.05.26-10.32.26:128][  0]LogWindows:    10. 'AMD Radeon HD 7900 Series' (P:0 D:0)
[2018.05.26-10.32.26:129][  0]LogWindows:    11. 'AMD Radeon HD 7900 Series' (P:0 D:0)
[2018.05.26-10.32.26:129][  0]LogWindows:    12. 'AMD Radeon HD 7900 Series' (P:0 D:0)
[2018.05.26-10.32.26:129][  0]LogWindows:    13. 'AMD Radeon HD 7900 Series' (P:0 D:0)
[2018.05.26-10.32.26:129][  0]LogWindows:    14. 'AMD Radeon HD 7900 Series' (P:0 D:0)
[2018.05.26-10.32.26:129][  0]LogWindows:    15. 'AMD Radeon HD 7900 Series' (P:0 D:0)
[2018.05.26-10.32.26:130][  0]LogWindows:    16. 'Intel(R) HD Graphics 4600' (P:0 D:0)
[2018.05.26-10.32.26:130][  0]LogWindows:    17. 'Intel(R) HD Graphics 4600' (P:0 D:0)
[2018.05.26-10.32.26:130][  0]LogWindows:    18. 'Intel(R) HD Graphics 4600' (P:0 D:0)
[2018.05.26-10.32.26:130][  0]LogWindows: DebugString: GetVideoDriverDetailsInvalid PrimaryIsNotTheChoosenAdapter GetVideoDriverDetailsInvalid PrimaryIsNotTheChoosenAdapter GetVideoDriverDetailsInvalid PrimaryIsNotTheChoosenAdapter GetVideoDriverDetailsInvalid PrimaryIsNotTheChoosenAdapter GetVideoDriverDetailsInvalid PrimaryIsNotTheChoosenAdapter GetVideoDriverDetailsInvalid PrimaryIsNotTheChoosenAdapter GetVideoDriverDetailsInvalid PrimaryIsNotTheChoosenAdapter GetVideoDriverDetailsInvalid PrimaryIsNotTheChoosenAdapter GetVideoDriverDetailsInvalid PrimaryIsNotTheChoosenAdapter GetVideoDriverDetailsInvalid PrimaryIsNotTheChoosenAdapter GetVideoDriverDetailsInvalid PrimaryIsNotTheChoosenAdapter GetVideoDriverDetailsInvalid PrimaryIsNotTheChoosenAdapter GetVideoDriverDetailsInvalid PrimaryIsNotTheChoosenAdapter GetVideoDriverDetailsInvalid PrimaryIsNotTheChoosenAdapter GetVideoDriverDetailsInvalid PrimaryIsNotTheChoosenAdapter GetVideoDriverDetailsInvalid PrimaryIsNotTheChoosenAdapter GetVideoDriverDetailsInvalid PrimaryIsNotTheChoosenAdapter GetVideoDriverDetailsInvalid PrimaryIsNotTheChoosenAdapter GetVideoDriverDetailsInvalid PrimaryIsNotTheChoosenAdapter FoundDriverCount:0 
[2018.05.26-10.32.26:130][  0]LogD3D11RHI:     Adapter Name: AMD Radeon HD 7900 Series
[2018.05.26-10.32.26:130][  0]LogD3D11RHI:   Driver Version: Unknown (internal:Unknown, unified:Unknown)
[2018.05.26-10.32.26:130][  0]LogD3D11RHI:      Driver Date: Unknown
[2018.05.26-10.32.26:130][  0]LogRHI: Texture pool is 1361 MB (70% of 1945 MB)
[2018.05.26-10.32.26:214][  0]LogD3D11RHI: Async texture creation enabled
[2018.05.26-10.32.26:226][  0]LogD3D11RHI: GPU Timing Frequency: 27.000000 (Debug: 2 1)
[2018.05.26-10.32.26:227][  0]LogShaderCompilers: Guid format shader working directory is 12 characters bigger than the processId version (../../../../../gameDev/GameDesign/Intermediate/Shaders/WorkingDirectory/38596/).
[2018.05.26-10.32.26:228][  0]LogShaderCompilers: Cleaned the shader compiler working directory 'C:/Users/salva/AppData/Local/Temp/UnrealShaderWorkingDir/06F868234A07A60D0FEAA881711F5F14/'.
[2018.05.26-10.32.26:228][  0]LogShaderCompilers: Display: Using Local Shader Compiler.
[2018.05.26-10.32.27:260][  0]LogTemp: Display: Loaded TP AllDesktopTargetPlatform
[2018.05.26-10.32.27:315][  0]LogTemp: Display: Loaded TP MacClientTargetPlatform
[2018.05.26-10.32.27:370][  0]LogTemp: Display: Loaded TP MacNoEditorTargetPlatform
[2018.05.26-10.32.27:425][  0]LogTemp: Display: Loaded TP MacServerTargetPlatform
[2018.05.26-10.32.27:482][  0]LogTemp: Display: Loaded TP MacTargetPlatform
[2018.05.26-10.32.27:539][  0]LogTemp: Display: Loaded TP WindowsClientTargetPlatform
[2018.05.26-10.32.27:596][  0]LogTemp: Display: Loaded TP WindowsNoEditorTargetPlatform
[2018.05.26-10.32.27:653][  0]LogTemp: Display: Loaded TP WindowsServerTargetPlatform
[2018.05.26-10.32.27:703][  0]LogTemp: Display: Loaded TP WindowsTargetPlatform
[2018.05.26-10.32.27:760][  0]LogTemp: Display: Loaded TP AndroidTargetPlatform
[2018.05.26-10.32.27:813][  0]LogTemp: Display: Loaded TP Android_ASTCTargetPlatform
[2018.05.26-10.32.27:867][  0]LogTemp: Display: Loaded TP Android_ATCTargetPlatform
[2018.05.26-10.32.27:921][  0]LogTemp: Display: Loaded TP Android_DXTTargetPlatform
[2018.05.26-10.32.27:975][  0]LogTemp: Display: Loaded TP Android_ETC1TargetPlatform
[2018.05.26-10.32.28:027][  0]LogTemp: Display: Loaded TP Android_ETC2TargetPlatform
[2018.05.26-10.32.28:133][  0]LogTemp: Display: Loaded TP Android_MultiTargetPlatform
[2018.05.26-10.32.28:133][  0]LogTemp: Display: Loaded TP Android_PVRTCTargetPlatform
[2018.05.26-10.32.28:176][  0]LogTemp: Display: Loaded TP HTML5TargetPlatform
[2018.05.26-10.32.28:293][  0]LogTemp: Display: Loaded TP IOSTargetPlatform
[2018.05.26-10.32.28:328][  0]LogTemp: Display: Loaded TP TVOSTargetPlatform
[2018.05.26-10.32.28:381][  0]LogTemp: Display: Loaded TP LinuxClientTargetPlatform
[2018.05.26-10.32.28:434][  0]LogTemp: Display: Loaded TP LinuxNoEditorTargetPlatform
[2018.05.26-10.32.28:485][  0]LogTemp: Display: Loaded TP LinuxServerTargetPlatform
[2018.05.26-10.32.28:540][  0]LogTemp: Display: Loaded TP LinuxTargetPlatform
[2018.05.26-10.32.28:540][  0]LogTargetPlatformManager: Display: Building Assets For Windows
[2018.05.26-10.32.29:349][  0]LogDerivedDataCache: Display: Max Cache Size: 512 MB
[2018.05.26-10.32.29:431][  0]LogDerivedDataCache: Loaded boot cache 0.08s 93MB C:/Users/salva/AppData/Local/UnrealEngine/4.17/DerivedDataCache/Boot.ddc.
[2018.05.26-10.32.29:431][  0]LogDerivedDataCache: Display: Loaded Boot cache: C:/Users/salva/AppData/Local/UnrealEngine/4.17/DerivedDataCache/Boot.ddc
[2018.05.26-10.32.29:432][  0]LogDerivedDataCache: FDerivedDataBackendGraph:  Pak pak cache file ../../../../../gameDev/GameDesign/DerivedDataCache/DDC.ddp not found, will not use a pak cache.
[2018.05.26-10.32.29:432][  0]LogDerivedDataCache: Unable to find inner node Pak for hierarchical cache Hierarchy.
[2018.05.26-10.32.29:432][  0]LogDerivedDataCache: FDerivedDataBackendGraph:  CompressedPak pak cache file ../../../../../gameDev/GameDesign/DerivedDataCache/Compressed.ddp not found, will not use a pak cache.
[2018.05.26-10.32.29:432][  0]LogDerivedDataCache: Unable to find inner node CompressedPak for hierarchical cache Hierarchy.
[2018.05.26-10.32.29:448][  0]LogDerivedDataCache: Display: Pak cache opened for reading ../../../Engine/DerivedDataCache/Compressed.ddp.
[2018.05.26-10.32.29:462][  0]LogDerivedDataCache: Using Local data cache path C:/Users/salva/AppData/Local/UnrealEngine/Common/DerivedDataCache: Writable
[2018.05.26-10.32.29:472][  0]LogMaterial: Verifying Global Shaders for PCD3D_SM5
[2018.05.26-10.32.29:472][  0]LogSlate: Using Freetype 2.6.0
[2018.05.26-10.32.29:473][  0]LogSlate: SlateFontCache - WITH_FREETYPE: 1, WITH_HARFBUZZ: 1
[2018.05.26-10.32.29:473][  0]LogSlate: SlateFontCache - WITH_FREETYPE: 1, WITH_HARFBUZZ: 1
[2018.05.26-10.32.29:777][  0]LogAssetRegistry: FAssetRegistry took 0.0257 seconds to start up
[2018.05.26-10.32.29:886][  0]LogInit: Selected Device Profile: [Windows]
[2018.05.26-10.32.30:052][  0]LogContentStreaming: Texture pool size is 0.00 MB
[2018.05.26-10.32.30:500][  0]LogSimplygon: Simplygon DLL not present - disabling.
[2018.05.26-10.32.30:547][  0]LogMeshReduction: Using SimplygonSwarm for distributed automatic mesh merging
[2018.05.26-10.32.30:547][  0]LogMeshReduction: Using QuadricMeshReduction for automatic static mesh reduction
[2018.05.26-10.32.30:547][  0]LogMeshReduction: No automatic skeletal mesh reduction module available
[2018.05.26-10.32.30:547][  0]LogMeshReduction: No automatic mesh merging module available
[2018.05.26-10.32.30:547][  0]LogMeshMerging: No automatic mesh merging module available
[2018.05.26-10.32.30:933][  0]LogNetVersion: GameDesign , NetCL: 3573198, EngineNetVer: 2, GameNetVer: 0 (Checksum: 4162053255)
[2018.05.26-10.32.31:161][  0]LogPackageLocalizationCache: Processed 5 localized package path(s) for 2 prioritized culture(s) in 0.069695 seconds
[2018.05.26-10.32.31:168][  0]LogUObjectArray: 35825 objects as part of root set at end of initial load.
[2018.05.26-10.32.31:168][  0]LogUObjectAllocator: 7529112 out of 0 bytes used by permanent object pool.
[2018.05.26-10.32.31:168][  0]LogUObjectArray: CloseDisregardForGC: 0/0 objects in disregard for GC pool
[2018.05.26-10.32.31:228][  0]LogInit: WinSock: version 1.1 (2.2), MaxSocks=32767, MaxUdp=65467
[2018.05.26-10.32.34:558][  0]LogTcpMessaging: Initializing TcpMessaging bridge
[2018.05.26-10.32.34:619][  0]LogUdpMessaging: Initializing bridge on interface 0.0.0.0:0 to multicast group 230.0.0.1:6666.
[2018.05.26-10.32.35:452][  0]LogMaterial: Uniform references updated for custom material expression Custom.
[2018.05.26-10.32.35:910][  0]SourceControl: Source control is disabled
[2018.05.26-10.32.35:910][  0]SourceControl: Source control is disabled
[2018.05.26-10.32.35:985][  0]SourceControl: Source control is disabled
[2018.05.26-10.32.36:062][  0]SourceControl: Source control is disabled
[2018.05.26-10.32.36:871][  0]LogAndroidPermission: UAndroidPermissionCallbackProxy::GetInstance
[2018.05.26-10.32.37:193][  0]LogOcInput: OculusInput pre-init called
[2018.05.26-10.32.37:512][  0]LogEngine: Initializing Engine...
[2018.05.26-10.32.37:514][  0]LogHMD: Failed to initialize OpenVR with code 110
[2018.05.26-10.32.37:731][  0]LogStats: UGameplayTagsManager::ConstructGameplayTagTree: Construct from data asset -  0.000 s
[2018.05.26-10.32.37:731][  0]LogStats: UGameplayTagsManager::ConstructGameplayTagTree: GameplayTagTreeChangedEvent.Broadcast -  0.000 s
[2018.05.26-10.32.37:851][  0]LogAIModule: Creating AISystem for world Untitled
[2018.05.26-10.32.37:914][  0]LogInit: XAudio2 using 'Focusrite USB (Focusrite USB Audio)' : 2 channels at 48 kHz using 16 bits per sample (channel mask 0x3)
[2018.05.26-10.32.37:949][  0]LogInit: FAudioDevice initialized.
[2018.05.26-10.32.38:034][  0]LogDerivedDataCache: Saved boot cache 0.09s 93MB C:/Users/salva/AppData/Local/UnrealEngine/4.17/DerivedDataCache/Boot.ddc.
[2018.05.26-10.32.38:052][  0]LogInit: Texture streaming: Enabled
[2018.05.26-10.32.38:205][  0]LogEngineSessionManager: EngineSessionManager initialized
[2018.05.26-10.32.38:429][  0]LogInit: Transaction tracking system initialized
[2018.05.26-10.32.38:745][  0]BlueprintLog: New page: Editor Load
[2018.05.26-10.32.39:774][  0]LocalizationService: Localization service is disabled
[2018.05.26-10.32.40:608][  0]LogConsoleResponse: Display: 
[2018.05.26-10.32.40:850][  0]LogCook: Display: Max memory allowance for cook 16384mb min free memory 0mb
[2018.05.26-10.32.40:850][  0]LogCook: Display: Mobile HDR setting 1
[2018.05.26-10.32.40:850][  0]LogGameplayTags: Display: UGameplayTagsManager::DoneAddingNativeTags. DelegateIsBound: 0
[2018.05.26-10.32.42:114][  0]LogFileCache: Scanning file cache for directory 'G:/gameDev/GameDesign/Content/' took 0.04s
[2018.05.26-10.32.42:170][  0]SourceControl: Source control is disabled
[2018.05.26-10.32.42:170][  0]Cmd: MAP LOAD FILE="../../../../../gameDev/GameDesign/Content/FirstPersonBP/Maps/FirstPersonExampleMap.umap" TEMPLATE=0 SHOWPROGRESS=1 FEATURELEVEL=3
[2018.05.26-10.32.42:193][  0]LightingResults: New page: Lighting Build
[2018.05.26-10.32.42:227][  0]MapCheck: New page: Map Check
[2018.05.26-10.32.42:227][  0]LightingResults: New page: Lighting Build
[2018.05.26-10.32.43:401][  0]LogBlueprint: Warning: [TimerAndScoreWidget] 'seconds' variable not found. Base class was probably changed.
[2018.05.26-10.32.44:728][  0]LogAIModule: Creating AISystem for world FirstPersonExampleMap
[2018.05.26-10.32.44:894][  0]LogEditorServer: Finished looking for orphan Actors (0.000 secs)
[2018.05.26-10.32.44:951][  0]Cmd: MAP CHECKDEP NOCLEARLOG
[2018.05.26-10.32.45:006][  0]MapCheck: Map check complete: 0 Error(s), 0 Warning(s), took 54.553ms to complete.
[2018.05.26-10.32.45:006][  0]LogFileHelpers: Loading map 'FirstPersonExampleMap' took 2.835
[2018.05.26-10.32.45:428][  0]LogCollectionManager: Loaded 0 collections in 0.013411 seconds
[2018.05.26-10.32.45:518][  0]LogFileCache: Scanning file cache for directory 'G:/gameDev/GameDesign/Saved/Collections/' took 0.01s
[2018.05.26-10.32.45:518][  0]LogFileCache: Scanning file cache for directory 'G:/gameDev/GameDesign/Content/Developers/salva/Collections/' took 0.01s
[2018.05.26-10.32.45:518][  0]LogFileCache: Scanning file cache for directory 'G:/gameDev/GameDesign/Content/Collections/' took 0.01s
[2018.05.26-10.32.45:518][  0]LogCollectionManager: Rebuilt the GUID cache for 0 collections in 0.000000 seconds
[2018.05.26-10.32.45:527][  0]LogContentBrowser: Native class hierarchy populated in 0.0089 seconds. Added 2386 classes and 500 folders.
[2018.05.26-10.32.45:584][  0]LogContentBrowser: Native class hierarchy updated for 'WidgetCarousel' in 0.0007 seconds. Added 0 classes and 0 folders.
[2018.05.26-10.32.46:766][  0]LogContentBrowser: Native class hierarchy updated for 'AddContentDialog' in 0.0012 seconds. Added 0 classes and 0 folders.
[2018.05.26-10.32.46:918][  0]LogContentBrowser: Native class hierarchy updated for 'SceneOutliner' in 0.0008 seconds. Added 1 classes and 2 folders.
[2018.05.26-10.32.46:977][  0]LogSlate: Took 0.000200 seconds to synchronously load lazily loaded font '../../../Engine/Content/Slate/Fonts/Roboto-Regular.ttf' (155K)
[2018.05.26-10.32.46:979][  0]LogSlate: Took 0.000179 seconds to synchronously load lazily loaded font '../../../Engine/Content/Slate/Fonts/Roboto-Bold.ttf' (160K)
[2018.05.26-10.32.47:030][  0]LogSlate: Took 0.021910 seconds to synchronously load lazily loaded font '../../../Engine/Content/Editor/Slate/Fonts/FontAwesome.ttf' (139K)
[2018.05.26-10.32.47:448][  0]LogRenderer: Reallocating scene render targets to support 1208x576 Format 10 NumSamples 1 (Frame:1).
[2018.05.26-10.32.48:027][  0]LogContentBrowser: Native class hierarchy updated for 'HierarchicalLODOutliner' in 0.0008 seconds. Added 1 classes and 2 folders.
[2018.05.26-10.32.48:027][  0]LogLoad: (Engine Initialization) Total time: 26.55 seconds
[2018.05.26-10.32.48:027][  0]LogLoad: (Engine Initialization) Total Blueprint compile time: 0.00 seconds
[2018.05.26-10.32.48:027][  0]LogExternalProfiler: No external profilers were discovered.  External profiling features will not be available.
[2018.05.26-10.32.48:037][  0]LogWindowsTextInputMethodSystem: Display: IME system now deactivated.
[2018.05.26-10.32.48:073][  0]LogContentStreaming: Texture pool size now 1000 MB
[2018.05.26-10.32.48:175][  0]LogSlate: Took 0.017938 seconds to synchronously load lazily loaded font '../../../Engine/Content/Slate/Fonts/Roboto-Light.ttf' (159K)
[2018.05.26-10.32.48:478][  1]LogAssetRegistry: Asset discovery search completed in 18.7234 seconds
[2018.05.26-10.32.48:482][  1]LogCollectionManager: Rebuilt the object cache for 0 collections in 0.000001 seconds (found 0 objects)
[2018.05.26-10.32.48:482][  1]LogCollectionManager: Fixed up redirectors for 0 collections in 0.000103 seconds (updated 0 objects)
[2018.05.26-10.32.49:086][ 51]LogSlate: Took 0.000226 seconds to synchronously load lazily loaded font '../../../Engine/Content/Slate/Fonts/Roboto-Light.ttf' (159K)
[2018.05.26-10.33.03:994][793]LogSlate: Took 0.000173 seconds to synchronously load lazily loaded font '../../../Engine/Content/Slate/Fonts/Roboto-Light.ttf' (159K)
[2018.05.26-10.33.04:835][793]LogSlate: Took 0.000506 seconds to synchronously load lazily loaded font '../../../Engine/Content/Slate/Fonts/Roboto-Regular.ttf' (155K)
[2018.05.26-10.33.05:065][793]LogLinker: Warning: Can't find file '/Game/StarterContent/Textures/T_Frame_M'
[2018.05.26-10.33.05:065][793]LogLinker: Warning: Can't find file for asset '/Game/StarterContent/Textures/T_Frame_M' while loading ../../../../../gameDev/GameDesign/Content/StarterContent/Props/Materials/M_Frame.uasset.
[2018.05.26-10.33.05:065][793]LoadErrors: Error: /Game/StarterContent/Props/Materials/M_Frame : Can't find file for asset. /Game/StarterContent/Textures/T_Frame_M
[2018.05.26-10.33.05:065][793]LogLinker: Warning: Can't find file '/Game/StarterContent/Textures/T_Frame_N'
[2018.05.26-10.33.05:066][793]LogLinker: Warning: Can't find file for asset '/Game/StarterContent/Textures/T_Frame_N' while loading ../../../../../gameDev/GameDesign/Content/StarterContent/Props/Materials/M_Frame.uasset.
[2018.05.26-10.33.05:066][793]LoadErrors: Error: /Game/StarterContent/Props/Materials/M_Frame : Can't find file for asset. /Game/StarterContent/Textures/T_Frame_N
[2018.05.26-10.33.05:066][793]LogLinker: Warning: Can't find file '/Game/StarterContent/Textures/T_Frame_M'
[2018.05.26-10.33.05:066][793]LogLinker: Warning: Can't find file for asset '/Game/StarterContent/Textures/T_Frame_M' while loading ../../../../../gameDev/GameDesign/Content/StarterContent/Props/Materials/M_Frame.uasset.
[2018.05.26-10.33.05:066][793]LogLinker: Warning: Can't find file '/Game/StarterContent/Textures/T_Frame_N'
[2018.05.26-10.33.05:066][793]LogLinker: Warning: Can't find file for asset '/Game/StarterContent/Textures/T_Frame_N' while loading ../../../../../gameDev/GameDesign/Content/StarterContent/Props/Materials/M_Frame.uasset.
[2018.05.26-10.33.05:230][793]LogLinker: Warning: Can't find file '/Game/StarterContent/Textures/T_Frame_M'
[2018.05.26-10.33.05:230][793]LoadErrors: Failed to load /Game/StarterContent/Textures/T_Frame_M.T_Frame_M Referenced by MaterialExpressionTextureSample_0
[2018.05.26-10.33.05:231][793]LogLinker: Warning: Can't find file for asset '/Game/StarterContent/Textures/T_Frame_M' while loading NULL.
[2018.05.26-10.33.05:231][793]LogLinker: Warning: Can't find file '/Game/StarterContent/Textures/T_Frame_N'
[2018.05.26-10.33.05:231][793]LoadErrors: Failed to load /Game/StarterContent/Textures/T_Frame_N.T_Frame_N Referenced by MaterialExpressionTextureSample_1
[2018.05.26-10.33.05:231][793]LogLinker: Warning: Can't find file for asset '/Game/StarterContent/Textures/T_Frame_N' while loading NULL.
[2018.05.26-10.33.05:528][793]LogMaterial: Missing cached shader map for material M_Frame, compiling. 
[2018.05.26-10.33.05:583][793]LogMaterial: Warning: Failed to compile Material /Game/StarterContent/Props/Materials/M_Frame.M_Frame for platform PCD3D_SM5, Default Material will be used in game.
[2018.05.26-10.33.05:583][793]LogMaterial: Warning: 	(Node TextureSample) Texture Sample> Missing input texture
[2018.05.26-10.33.05:632][793]LogAIModule: Creating AISystem for world Officelevel
[2018.05.26-10.33.05:898][793]Cmd: MAP LOAD FILE="../../../../../gameDev/GameDesign/Content/levels/Officelevel.umap" TEMPLATE=0 SHOWPROGRESS=1 FEATURELEVEL=3
[2018.05.26-10.33.05:898][793]LightingResults: New page: Lighting Build
[2018.05.26-10.33.05:899][793]LoadErrors: New page: Loading map: Officelevel.umap
[2018.05.26-10.33.05:900][793]MapCheck: New page: Map Check
[2018.05.26-10.33.05:900][793]LightingResults: New page: Lighting Build
[2018.05.26-10.33.05:942][793]LogEditorServer: Finished looking for orphan Actors (0.000 secs)
[2018.05.26-10.33.06:029][793]Cmd: MAP CHECKDEP NOCLEARLOG
[2018.05.26-10.33.06:086][793]MapCheck: Map check complete: 0 Error(s), 0 Warning(s), took 56.925ms to complete.
[2018.05.26-10.33.06:087][793]LogFileHelpers: Loading map 'Officelevel' took 0.190
[2018.05.26-10.33.44:622][416]LogTemp: Repeating last play command: New Editor Window (PIE)
[2018.05.26-10.33.44:971][416]LogBlueprintUserMessages: Early PlayInEditor Detection: Level '/Game/levels/Officelevel.Officelevel:PersistentLevel' has LevelScriptBlueprint '/Game/levels/Officelevel.Officelevel:PersistentLevel.Officelevel' with GeneratedClass '/Game/levels/Officelevel.Officelevel_C' with ClassGeneratedBy '/Game/levels/Officelevel.Officelevel:PersistentLevel.Officelevel'
[2018.05.26-10.33.44:972][416]LogPlayLevel: PlayLevel: No blueprints needed recompiling
[2018.05.26-10.33.44:989][416]PIE: New page: PIE session: Officelevel (27 May 2018 5:33:44 am)
[2018.05.26-10.33.45:004][416]LogPlayLevel: Creating play world package: /Game/levels/UEDPIE_0_Officelevel
[2018.05.26-10.33.45:086][416]LogPlayLevel: PIE: StaticDuplicateObject took: (0.081584s)
[2018.05.26-10.33.45:087][416]LogAIModule: Creating AISystem for world Officelevel
[2018.05.26-10.33.45:087][416]LogPlayLevel: PIE: World Init took: (0.000957s)
[2018.05.26-10.33.45:088][416]LogPlayLevel: PIE: Created PIE world by copying editor world from /Game/levels/Officelevel.Officelevel to /Game/levels/UEDPIE_0_Officelevel.Officelevel (0.097175s)
[2018.05.26-10.33.45:173][416]LogInit: XAudio2 using 'Focusrite USB (Focusrite USB Audio)' : 2 channels at 48 kHz using 16 bits per sample (channel mask 0x3)
[2018.05.26-10.33.45:181][416]LogInit: FAudioDevice initialized.
[2018.05.26-10.33.45:318][416]LogLoad: Game class is 'FirstPersonGameMode_C'
[2018.05.26-10.33.45:392][416]LogWorld: Bringing World /Game/levels/UEDPIE_0_Officelevel.Officelevel up for play (max tick rate 0) at 2018.05.26-20.03.45
[2018.05.26-10.33.45:424][416]LogWorld: Bringing up level for play took: 0.068736
[2018.05.26-10.33.45:499][416]LogContentBrowser: Native class hierarchy updated for 'MovieSceneCapture' in 0.0010 seconds. Added 11 classes and 0 folders.
[2018.05.26-10.33.45:519][416]PIE: Play in editor start time for /Game/levels/UEDPIE_0_Officelevel -0.007
[2018.05.26-10.33.45:519][416]LogBlueprintUserMessages: Late PlayInEditor Detection: Level '/Game/levels/Officelevel.Officelevel:PersistentLevel' has LevelScriptBlueprint '/Game/levels/Officelevel.Officelevel:PersistentLevel.Officelevel' with GeneratedClass '/Game/levels/Officelevel.Officelevel_C' with ClassGeneratedBy '/Game/levels/Officelevel.Officelevel:PersistentLevel.Officelevel'
[2018.05.26-10.33.45:576][416]LogRenderer: Reallocating scene render targets to support 1292x756 Format 10 NumSamples 1 (Frame:1).
[2018.05.26-10.34.28:829][704]LogBlueprintUserMessages: Early EndPlayMap Detection: Level '/Game/levels/Officelevel.Officelevel:PersistentLevel' has LevelScriptBlueprint '/Game/levels/Officelevel.Officelevel:PersistentLevel.Officelevel' with GeneratedClass '/Game/levels/Officelevel.Officelevel_C' with ClassGeneratedBy '/Game/levels/Officelevel.Officelevel:PersistentLevel.Officelevel'
[2018.05.26-10.34.28:892][704]LogBlueprintUserMessages: Late EndPlayMap Detection: Level '/Game/levels/Officelevel.Officelevel:PersistentLevel' has LevelScriptBlueprint '/Game/levels/Officelevel.Officelevel:PersistentLevel.Officelevel' with GeneratedClass '/Game/levels/Officelevel.Officelevel_C' with ClassGeneratedBy '/Game/levels/Officelevel.Officelevel:PersistentLevel.Officelevel'
[2018.05.26-10.35.03:945][738]LogContentBrowser: Native class hierarchy updated for 'BlueprintGraph' in 0.0010 seconds. Added 113 classes and 0 folders.
[2018.05.26-10.35.05:067][738]LogSlate: Took 0.027540 seconds to synchronously load lazily loaded font '../../../Engine/Content/Editor/Slate/Fonts/Roboto-BoldCondensed.ttf' (158K)
[2018.05.26-10.35.42:466][690]LogEditorViewport: Clicking on Actor (LMB): SM_GlassWindow_DM_Blueprint_C (SM_GlassWindow_DM_Blueprint)
[2018.05.26-10.35.43:706][796]LogEditorViewport: Clicking on Actor (context menu): SM_GlassWindow_DM_Blueprint_C (SM_GlassWindow_DM_Blueprint)
[2018.05.26-10.40.04:305][189]LogSlate: Took 0.013920 seconds to synchronously load lazily loaded font '../../../Engine/Content/Editor/Slate/Fonts/Roboto-BoldCondensedItalic.ttf' (160K)
[2018.05.26-10.40.11:170][713]BlueprintLog: New page: Compile SM_GlassWindow_DM_Blueprint
[2018.05.26-10.40.28:334][ 85]LogSlate: Took 0.014632 seconds to synchronously load lazily loaded font '../../../Engine/Content/Editor/Slate/Fonts/Roboto-Italic.ttf' (157K)
[2018.05.26-10.41.16:191][641]BlueprintLog: New page: Compile SM_GlassWindow_DM_Blueprint
[2018.05.26-10.41.17:246][692]Cmd: OBJ SAVEPACKAGE PACKAGE="/Game/Blueprints/SM_GlassWindow_DM_Blueprint" FILE="../../../../../gameDev/GameDesign/Content/Blueprints/SM_GlassWindow_DM_Blueprint.uasset" SILENT=true
[2018.05.26-10.41.17:889][692]LogSavePackage: Save=168.47ms
[2018.05.26-10.41.17:889][692]LogSavePackage: Moving '../../../../../gameDev/GameDesign/Saved/SM_GlassWindow_DM_Blueprint29F1170C4B6C40A195A12C8C92ECC397.tmp' to '../../../../../gameDev/GameDesign/Content/Blueprints/SM_GlassWindow_DM_Blueprint.uasset'
[2018.05.26-10.41.17:982][692]LogSavePackage: Display: Finished SavePackage ../../../../../gameDev/GameDesign/Content/Blueprints/SM_GlassWindow_DM_Blueprint.uasset
[2018.05.26-10.41.23:599][105]Cmd: OBJ SAVEPACKAGE PACKAGE="/Game/levels/Officelevel" FILE="../../../../../gameDev/GameDesign/Content/levels/Officelevel.umap" SILENT=true AUTOSAVING=false KEEPDIRTY=false
[2018.05.26-10.41.24:239][105]LogSavePackage: Save=602.99ms
[2018.05.26-10.41.24:239][105]LogSavePackage: Moving '../../../../../gameDev/GameDesign/Saved/Officelevel9A18744A42C17C163F14509FC14D5FE1.tmp' to '../../../../../gameDev/GameDesign/Content/levels/Officelevel.umap'
[2018.05.26-10.41.24:243][105]LogSavePackage: Display: Finished SavePackage ../../../../../gameDev/GameDesign/Content/levels/Officelevel.umap
[2018.05.26-10.41.24:361][105]Cmd: OBJ SAVEPACKAGE PACKAGE="/Game/levels/Officelevel_BuiltData" FILE="../../../../../gameDev/GameDesign/Content/levels/Officelevel_BuiltData.uasset" SILENT=true
[2018.05.26-10.41.24:918][105]LogSavePackage: Save=448.97ms
[2018.05.26-10.41.24:918][105]LogSavePackage: Moving '../../../../../gameDev/GameDesign/Saved/Officelevel_BuiltData4786164E4C4E025A23BD2BA9597DAB18.tmp' to '../../../../../gameDev/GameDesign/Content/levels/Officelevel_BuiltData.uasset'
[2018.05.26-10.41.24:920][105]LogSavePackage: Display: Finished SavePackage ../../../../../gameDev/GameDesign/Content/levels/Officelevel_BuiltData.uasset
[2018.05.26-10.41.25:396][145]LogTemp: Repeating last play command: New Editor Window (PIE)
[2018.05.26-10.41.25:435][145]LogBlueprintUserMessages: Early PlayInEditor Detection: Level '/Game/levels/Officelevel.Officelevel:PersistentLevel' has LevelScriptBlueprint '/Game/levels/Officelevel.Officelevel:PersistentLevel.Officelevel' with GeneratedClass '/Game/levels/Officelevel.Officelevel_C' with ClassGeneratedBy '/Game/levels/Officelevel.Officelevel:PersistentLevel.Officelevel'
[2018.05.26-10.41.25:435][145]LogPlayLevel: PlayLevel: No blueprints needed recompiling
[2018.05.26-10.41.25:435][145]PIE: New page: PIE session: Officelevel (27 May 2018 5:41:25 am)
[2018.05.26-10.41.25:435][145]LogPlayLevel: Creating play world package: /Game/levels/UEDPIE_0_Officelevel
[2018.05.26-10.41.25:452][145]LogPlayLevel: PIE: StaticDuplicateObject took: (0.016412s)
[2018.05.26-10.41.25:452][145]LogAIModule: Creating AISystem for world Officelevel
[2018.05.26-10.41.25:453][145]LogPlayLevel: PIE: World Init took: (0.000742s)
[2018.05.26-10.41.25:453][145]LogPlayLevel: PIE: Created PIE world by copying editor world from /Game/levels/Officelevel.Officelevel to /Game/levels/UEDPIE_0_Officelevel.Officelevel (0.017528s)
[2018.05.26-10.41.25:518][145]LogInit: XAudio2 using 'Focusrite USB (Focusrite USB Audio)' : 2 channels at 48 kHz using 16 bits per sample (channel mask 0x3)
[2018.05.26-10.41.25:527][145]LogInit: FAudioDevice initialized.
[2018.05.26-10.41.25:615][145]LogLoad: Game class is 'FirstPersonGameMode_C'
[2018.05.26-10.41.25:635][145]LogWorld: Bringing World /Game/levels/UEDPIE_0_Officelevel.Officelevel up for play (max tick rate 0) at 2018.05.26-20.11.25
[2018.05.26-10.41.25:636][145]LogWorld: Bringing up level for play took: 0.019241
[2018.05.26-10.41.25:643][145]PIE: Play in editor start time for /Game/levels/UEDPIE_0_Officelevel 0.117
[2018.05.26-10.41.25:644][145]LogBlueprintUserMessages: Late PlayInEditor Detection: Level '/Game/levels/Officelevel.Officelevel:PersistentLevel' has LevelScriptBlueprint '/Game/levels/Officelevel.Officelevel:PersistentLevel.Officelevel' with GeneratedClass '/Game/levels/Officelevel.Officelevel_C' with ClassGeneratedBy '/Game/levels/Officelevel.Officelevel:PersistentLevel.Officelevel'
[2018.05.26-10.41.34:850][903]LogBlueprintUserMessages: Early EndPlayMap Detection: Level '/Game/levels/Officelevel.Officelevel:PersistentLevel' has LevelScriptBlueprint '/Game/levels/Officelevel.Officelevel:PersistentLevel.Officelevel' with GeneratedClass '/Game/levels/Officelevel.Officelevel_C' with ClassGeneratedBy '/Game/levels/Officelevel.Officelevel:PersistentLevel.Officelevel'
[2018.05.26-10.41.34:920][903]LogBlueprintUserMessages: Late EndPlayMap Detection: Level '/Game/levels/Officelevel.Officelevel:PersistentLevel' has LevelScriptBlueprint '/Game/levels/Officelevel.Officelevel:PersistentLevel.Officelevel' with GeneratedClass '/Game/levels/Officelevel.Officelevel_C' with ClassGeneratedBy '/Game/levels/Officelevel.Officelevel:PersistentLevel.Officelevel'
[2018.05.26-10.41.36:521][ 36]LogEditorViewport: Clicking on Actor (LMB): SM_GlassWindow_DM_Blueprint_C (SM_GlassWindow_DM_Blueprint2)
[2018.05.26-10.41.36:594][ 37]LogEditorViewport: Clicking on Component (LMB): DestructibleComponent (Destructible)
[2018.05.26-10.41.37:191][ 63]LogEditorViewport: Clicking on Component (context menu): DestructibleComponent (Destructible)
[2018.05.26-10.41.39:313][297]LogEditorViewport: Clicking on Actor (LMB): StaticMeshActor (Floor)
[2018.05.26-10.41.40:094][356]LogEditorViewport: Clicking on Actor (context menu): SM_GlassWindow_DM_Blueprint_C (SM_GlassWindow_DM_Blueprint2)
[2018.05.26-10.44.51:002][750]BlueprintLog: New page: Compile SM_GlassWindow_DM_Blueprint
[2018.05.26-10.44.52:312][811]Cmd: OBJ SAVEPACKAGE PACKAGE="/Game/Blueprints/SM_GlassWindow_DM_Blueprint" FILE="../../../../../gameDev/GameDesign/Content/Blueprints/SM_GlassWindow_DM_Blueprint.uasset" SILENT=true
[2018.05.26-10.44.52:353][811]LogSavePackage: Save=32.08ms
[2018.05.26-10.44.52:353][811]LogSavePackage: Moving '../../../../../gameDev/GameDesign/Saved/SM_GlassWindow_DM_Blueprint46B0DCD14B242FACA572FEA448AA371D.tmp' to '../../../../../gameDev/GameDesign/Content/Blueprints/SM_GlassWindow_DM_Blueprint.uasset'
[2018.05.26-10.44.52:357][811]LogSavePackage: Display: Finished SavePackage ../../../../../gameDev/GameDesign/Content/Blueprints/SM_GlassWindow_DM_Blueprint.uasset
[2018.05.26-10.44.54:266][941]LogTemp: Repeating last play command: New Editor Window (PIE)
[2018.05.26-10.44.54:295][941]LogBlueprintUserMessages: Early PlayInEditor Detection: Level '/Game/levels/Officelevel.Officelevel:PersistentLevel' has LevelScriptBlueprint '/Game/levels/Officelevel.Officelevel:PersistentLevel.Officelevel' with GeneratedClass '/Game/levels/Officelevel.Officelevel_C' with ClassGeneratedBy '/Game/levels/Officelevel.Officelevel:PersistentLevel.Officelevel'
[2018.05.26-10.44.54:295][941]LogPlayLevel: PlayLevel: No blueprints needed recompiling
[2018.05.26-10.44.54:295][941]PIE: New page: PIE session: Officelevel (27 May 2018 5:44:54 am)
[2018.05.26-10.44.54:295][941]LogPlayLevel: Creating play world package: /Game/levels/UEDPIE_0_Officelevel
[2018.05.26-10.44.54:311][941]LogPlayLevel: PIE: StaticDuplicateObject took: (0.016250s)
[2018.05.26-10.44.54:312][941]LogAIModule: Creating AISystem for world Officelevel
[2018.05.26-10.44.54:313][941]LogPlayLevel: PIE: World Init took: (0.000988s)
[2018.05.26-10.44.54:313][941]LogPlayLevel: PIE: Created PIE world by copying editor world from /Game/levels/Officelevel.Officelevel to /Game/levels/UEDPIE_0_Officelevel.Officelevel (0.017573s)
[2018.05.26-10.44.54:372][941]LogInit: XAudio2 using 'Focusrite USB (Focusrite USB Audio)' : 2 channels at 48 kHz using 16 bits per sample (channel mask 0x3)
[2018.05.26-10.44.54:379][941]LogInit: FAudioDevice initialized.
[2018.05.26-10.44.54:471][941]LogLoad: Game class is 'FirstPersonGameMode_C'
[2018.05.26-10.44.54:492][941]LogWorld: Bringing World /Game/levels/UEDPIE_0_Officelevel.Officelevel up for play (max tick rate 0) at 2018.05.26-20.14.54
[2018.05.26-10.44.54:492][941]LogWorld: Bringing up level for play took: 0.020622
[2018.05.26-10.44.54:502][941]PIE: Play in editor start time for /Game/levels/UEDPIE_0_Officelevel 0.976
[2018.05.26-10.44.54:503][941]LogBlueprintUserMessages: Late PlayInEditor Detection: Level '/Game/levels/Officelevel.Officelevel:PersistentLevel' has LevelScriptBlueprint '/Game/levels/Officelevel.Officelevel:PersistentLevel.Officelevel' with GeneratedClass '/Game/levels/Officelevel.Officelevel_C' with ClassGeneratedBy '/Game/levels/Officelevel.Officelevel:PersistentLevel.Officelevel'
[2018.05.26-10.44.58:720][227]LogBlueprintUserMessages: Early EndPlayMap Detection: Level '/Game/levels/Officelevel.Officelevel:PersistentLevel' has LevelScriptBlueprint '/Game/levels/Officelevel.Officelevel:PersistentLevel.Officelevel' with GeneratedClass '/Game/levels/Officelevel.Officelevel_C' with ClassGeneratedBy '/Game/levels/Officelevel.Officelevel:PersistentLevel.Officelevel'
[2018.05.26-10.44.58:774][227]LogBlueprintUserMessages: [SM_GlassWindow_DM_Blueprint_179] End play in editor
[2018.05.26-10.44.58:774][227]LogBlueprintUserMessages: [SM_GlassWindow_DM_Blueprint2_129] End play in editor
[2018.05.26-10.44.58:816][227]LogBlueprintUserMessages: Late EndPlayMap Detection: Level '/Game/levels/Officelevel.Officelevel:PersistentLevel' has LevelScriptBlueprint '/Game/levels/Officelevel.Officelevel:PersistentLevel.Officelevel' with GeneratedClass '/Game/levels/Officelevel.Officelevel_C' with ClassGeneratedBy '/Game/levels/Officelevel.Officelevel:PersistentLevel.Officelevel'
[2018.05.26-10.45.03:489][502]Cmd: OBJ SAVEPACKAGE PACKAGE="/Game/Blueprints/SM_GlassWindow_DM_Blueprint" FILE="../../../../../gameDev/GameDesign/Content/Blueprints/SM_GlassWindow_DM_Blueprint.uasset" SILENT=true
[2018.05.26-10.45.03:530][502]LogSavePackage: Save=31.14ms
[2018.05.26-10.45.03:530][502]LogSavePackage: Moving '../../../../../gameDev/GameDesign/Saved/SM_GlassWindow_DM_Blueprint695F36B6464BE2C68D1F16ADA6BB2BBC.tmp' to '../../../../../gameDev/GameDesign/Content/Blueprints/SM_GlassWindow_DM_Blueprint.uasset'
[2018.05.26-10.45.03:532][502]LogSavePackage: Display: Finished SavePackage ../../../../../gameDev/GameDesign/Content/Blueprints/SM_GlassWindow_DM_Blueprint.uasset
[2018.05.26-10.45.04:238][552]LogTemp: Repeating last play command: New Editor Window (PIE)
[2018.05.26-10.45.04:261][552]LogBlueprintUserMessages: Early PlayInEditor Detection: Level '/Game/levels/Officelevel.Officelevel:PersistentLevel' has LevelScriptBlueprint '/Game/levels/Officelevel.Officelevel:PersistentLevel.Officelevel' with GeneratedClass '/Game/levels/Officelevel.Officelevel_C' with ClassGeneratedBy '/Game/levels/Officelevel.Officelevel:PersistentLevel.Officelevel'
[2018.05.26-10.45.04:262][552]LogPlayLevel: PlayLevel: No blueprints needed recompiling
[2018.05.26-10.45.04:262][552]PIE: New page: PIE session: Officelevel (27 May 2018 5:45:04 am)
[2018.05.26-10.45.04:262][552]LogPlayLevel: Creating play world package: /Game/levels/UEDPIE_0_Officelevel
[2018.05.26-10.45.04:278][552]LogPlayLevel: PIE: StaticDuplicateObject took: (0.015935s)
[2018.05.26-10.45.04:278][552]LogAIModule: Creating AISystem for world Officelevel
[2018.05.26-10.45.04:278][552]LogPlayLevel: PIE: World Init took: (0.000706s)
[2018.05.26-10.45.04:279][552]LogPlayLevel: PIE: Created PIE world by copying editor world from /Game/levels/Officelevel.Officelevel to /Game/levels/UEDPIE_0_Officelevel.Officelevel (0.017028s)
[2018.05.26-10.45.04:335][552]LogInit: XAudio2 using 'Focusrite USB (Focusrite USB Audio)' : 2 channels at 48 kHz using 16 bits per sample (channel mask 0x3)
[2018.05.26-10.45.04:342][552]LogInit: FAudioDevice initialized.
[2018.05.26-10.45.04:429][552]LogLoad: Game class is 'FirstPersonGameMode_C'
[2018.05.26-10.45.04:448][552]LogWorld: Bringing World /Game/levels/UEDPIE_0_Officelevel.Officelevel up for play (max tick rate 0) at 2018.05.26-20.15.04
[2018.05.26-10.45.04:449][552]LogWorld: Bringing up level for play took: 0.018943
[2018.05.26-10.45.04:458][552]PIE: Play in editor start time for /Game/levels/UEDPIE_0_Officelevel 0.933
[2018.05.26-10.45.04:459][552]LogBlueprintUserMessages: Late PlayInEditor Detection: Level '/Game/levels/Officelevel.Officelevel:PersistentLevel' has LevelScriptBlueprint '/Game/levels/Officelevel.Officelevel:PersistentLevel.Officelevel' with GeneratedClass '/Game/levels/Officelevel.Officelevel_C' with ClassGeneratedBy '/Game/levels/Officelevel.Officelevel:PersistentLevel.Officelevel'
[2018.05.26-10.45.15:864][391]LogBlueprintUserMessages: Early EndPlayMap Detection: Level '/Game/levels/Officelevel.Officelevel:PersistentLevel' has LevelScriptBlueprint '/Game/levels/Officelevel.Officelevel:PersistentLevel.Officelevel' with GeneratedClass '/Game/levels/Officelevel.Officelevel_C' with ClassGeneratedBy '/Game/levels/Officelevel.Officelevel:PersistentLevel.Officelevel'
[2018.05.26-10.45.15:894][391]LogBlueprintUserMessages: [SM_GlassWindow_DM_Blueprint_179] End play in editor
[2018.05.26-10.45.15:894][391]LogBlueprintUserMessages: [SM_GlassWindow_DM_Blueprint2_129] End play in editor
[2018.05.26-10.45.15:932][391]LogBlueprintUserMessages: Late EndPlayMap Detection: Level '/Game/levels/Officelevel.Officelevel:PersistentLevel' has LevelScriptBlueprint '/Game/levels/Officelevel.Officelevel:PersistentLevel.Officelevel' with GeneratedClass '/Game/levels/Officelevel.Officelevel_C' with ClassGeneratedBy '/Game/levels/Officelevel.Officelevel:PersistentLevel.Officelevel'
[2018.05.26-10.45.26:138][146]Cmd: DELETE
[2018.05.26-10.45.26:138][146]Cmd: ACTOR DELETE
[2018.05.26-10.45.26:389][146]LogEditorActor: Deleted Actor: SM_GlassWindow_DM_Blueprint_C
[2018.05.26-10.45.26:409][146]LogEditorActor: Deleted 1 Actors (0.036 secs)
[2018.05.26-10.45.28:024][280]LogTemp: Repeating last play command: New Editor Window (PIE)
[2018.05.26-10.45.28:052][280]LogBlueprintUserMessages: Early PlayInEditor Detection: Level '/Game/levels/Officelevel.Officelevel:PersistentLevel' has LevelScriptBlueprint '/Game/levels/Officelevel.Officelevel:PersistentLevel.Officelevel' with GeneratedClass '/Game/levels/Officelevel.Officelevel_C' with ClassGeneratedBy '/Game/levels/Officelevel.Officelevel:PersistentLevel.Officelevel'
[2018.05.26-10.45.28:052][280]LogPlayLevel: PlayLevel: No blueprints needed recompiling
[2018.05.26-10.45.28:052][280]PIE: New page: PIE session: Officelevel (27 May 2018 5:45:28 am)
[2018.05.26-10.45.28:052][280]LogPlayLevel: Creating play world package: /Game/levels/UEDPIE_0_Officelevel
[2018.05.26-10.45.28:068][280]LogPlayLevel: PIE: StaticDuplicateObject took: (0.016096s)
[2018.05.26-10.45.28:069][280]LogAIModule: Creating AISystem for world Officelevel
[2018.05.26-10.45.28:069][280]LogPlayLevel: PIE: World Init took: (0.000726s)
[2018.05.26-10.45.28:069][280]LogPlayLevel: PIE: Created PIE world by copying editor world from /Game/levels/Officelevel.Officelevel to /Game/levels/UEDPIE_0_Officelevel.Officelevel (0.017226s)
[2018.05.26-10.45.28:127][280]LogInit: XAudio2 using 'Focusrite USB (Focusrite USB Audio)' : 2 channels at 48 kHz using 16 bits per sample (channel mask 0x3)
[2018.05.26-10.45.28:134][280]LogInit: FAudioDevice initialized.
[2018.05.26-10.45.28:224][280]LogLoad: Game class is 'FirstPersonGameMode_C'
[2018.05.26-10.45.28:243][280]LogWorld: Bringing World /Game/levels/UEDPIE_0_Officelevel.Officelevel up for play (max tick rate 0) at 2018.05.26-20.15.28
[2018.05.26-10.45.28:244][280]LogWorld: Bringing up level for play took: 0.018678
[2018.05.26-10.45.28:253][280]PIE: Play in editor start time for /Game/levels/UEDPIE_0_Officelevel 0.727
[2018.05.26-10.45.28:254][280]LogBlueprintUserMessages: Late PlayInEditor Detection: Level '/Game/levels/Officelevel.Officelevel:PersistentLevel' has LevelScriptBlueprint '/Game/levels/Officelevel.Officelevel:PersistentLevel.Officelevel' with GeneratedClass '/Game/levels/Officelevel.Officelevel_C' with ClassGeneratedBy '/Game/levels/Officelevel.Officelevel:PersistentLevel.Officelevel'
[2018.05.26-10.45.29:012][325]LogBlueprintUserMessages: Early EndPlayMap Detection: Level '/Game/levels/Officelevel.Officelevel:PersistentLevel' has LevelScriptBlueprint '/Game/levels/Officelevel.Officelevel:PersistentLevel.Officelevel' with GeneratedClass '/Game/levels/Officelevel.Officelevel_C' with ClassGeneratedBy '/Game/levels/Officelevel.Officelevel:PersistentLevel.Officelevel'
[2018.05.26-10.45.29:050][325]LogBlueprintUserMessages: [SM_GlassWindow_DM_Blueprint_179] End play in editor
[2018.05.26-10.45.29:080][325]LogBlueprintUserMessages: Late EndPlayMap Detection: Level '/Game/levels/Officelevel.Officelevel:PersistentLevel' has LevelScriptBlueprint '/Game/levels/Officelevel.Officelevel:PersistentLevel.Officelevel' with GeneratedClass '/Game/levels/Officelevel.Officelevel_C' with ClassGeneratedBy '/Game/levels/Officelevel.Officelevel:PersistentLevel.Officelevel'
[2018.05.26-10.46.50:044][277]LogEditorViewport: Clicking on Actor (LMB): SM_GlassWindow_DM_Blueprint_C (SM_GlassWindow_DM_Blueprint)
[2018.05.26-10.46.50:245][290]LogEditorViewport: Clicking on Component (LMB): DestructibleComponent (Destructible)
[2018.05.26-10.46.59:696][  4]LogEditorViewport: Clicking on Actor (LMB): DestructibleActor (SM_GlassWindow_DM6)
[2018.05.26-10.47.00:201][ 38]LogEditorViewport: Clicking on Actor (context menu): DestructibleActor (SM_GlassWindow_DM6)
[2018.05.26-10.47.02:170][257]LogEditorViewport: Clicking on Actor (LMB): StaticMeshActor (Floor)
[2018.05.26-10.47.02:717][299]LogEditorViewport: Clicking on Actor (LMB): DestructibleActor (SM_GlassWindow_DM6)
[2018.05.26-10.47.02:954][314]LogEditorViewport: Clicking on Actor (context menu): DestructibleActor (SM_GlassWindow_DM6)
[2018.05.26-10.47.03:984][422]LogEditorViewport: Clicking on Actor (LMB): StaticMeshActor (Floor)
[2018.05.26-10.47.04:788][486]LogEditorViewport: Clicking on Actor (context menu): SM_GlassWindow_DM_Blueprint_C (SM_GlassWindow_DM_Blueprint)
[2018.05.26-10.47.18:926][579]Cmd: OBJ SAVEPACKAGE PACKAGE="/Game/Blueprints/SM_GlassWindow_DM_Blueprint" FILE="../../../../../gameDev/GameDesign/Content/Blueprints/SM_GlassWindow_DM_Blueprint.uasset" SILENT=true
[2018.05.26-10.47.18:974][579]LogSavePackage: Save=30.27ms
[2018.05.26-10.47.18:974][579]LogSavePackage: Moving '../../../../../gameDev/GameDesign/Saved/SM_GlassWindow_DM_BlueprintFF9F92F54518DFDD178304AB2C90E265.tmp' to '../../../../../gameDev/GameDesign/Content/Blueprints/SM_GlassWindow_DM_Blueprint.uasset'
[2018.05.26-10.47.18:976][579]LogSavePackage: Display: Finished SavePackage ../../../../../gameDev/GameDesign/Content/Blueprints/SM_GlassWindow_DM_Blueprint.uasset
