Log file open, 05/15/18 02:00:25
LogWindows: Failed to load 'aqProf.dll' (GetLastError=126)
LogWindows: File 'aqProf.dll' does not exist
LogWindows: Failed to load 'VSPerf140.dll' (GetLastError=126)
LogWindows: File 'VSPerf140.dll' does not exist
LogWindows: Failed to load 'VtuneApi.dll' (GetLastError=126)
LogWindows: File 'VtuneApi.dll' does not exist
LogWindows: Failed to load 'VtuneApi32e.dll' (GetLastError=126)
LogWindows: File 'VtuneApi32e.dll' does not exist
LogInit: Display: Running engine for game: GameDesign
LogPlatformFile: Not using cached read wrapper
LogInit: Display: RandInit(55057293) SRandInit(55057294).
LogTaskGraph: Started task graph with 5 named threads and 14 total threads with 3 sets of task threads.
LogStats: Stats thread started at 0.702609
LogD3D11RHI: Aftermath initialized
LogPluginManager: Mounting plugin Paper2D
LogPluginManager: Mounting plugin LightPropagationVolume
LogPluginManager: Mounting plugin CodeLiteSourceCodeAccess
LogPluginManager: Mounting plugin GitSourceControl
LogPluginManager: Mounting plugin KDevelopSourceCodeAccess
LogPluginManager: Mounting plugin NullSourceCodeAccess
LogPluginManager: Mounting plugin PerforceSourceControl
LogPluginManager: Mounting plugin SubversionSourceControl
LogPluginManager: Mounting plugin UObjectPlugin
LogPluginManager: Mounting plugin VisualStudioSourceCodeAccess
LogPluginManager: Mounting plugin XCodeSourceCodeAccess
LogPluginManager: Mounting plugin AssetManagerEditor
LogPluginManager: Mounting plugin AudioCapture
LogPluginManager: Mounting plugin FacialAnimation
LogPluginManager: Mounting plugin GameplayTagsEditor
LogPluginManager: Mounting plugin MobileLauncherProfileWizard
LogPluginManager: Mounting plugin PluginBrowser
LogPluginManager: Mounting plugin SpeedTreeImporter
LogPluginManager: Mounting plugin AlembicImporter
LogPluginManager: Mounting plugin CharacterAI
LogPluginManager: Mounting plugin HTML5Networking
LogPluginManager: Mounting plugin AndroidMedia
LogPluginManager: Mounting plugin AvfMedia
LogPluginManager: Mounting plugin MediaPlayerEditor
LogPluginManager: Mounting plugin WmfMedia
LogPluginManager: Mounting plugin TcpMessaging
LogPluginManager: Mounting plugin UdpMessaging
LogPluginManager: Mounting plugin LevelSequenceEditor
LogPluginManager: Mounting plugin MatineeToLevelSequence
LogPluginManager: Mounting plugin OnlineSubsystemGooglePlay
LogPluginManager: Mounting plugin OnlineSubsystemIOS
LogPluginManager: Mounting plugin OnlineSubsystem
LogPluginManager: Mounting plugin OnlineSubsystemNull
LogPluginManager: Mounting plugin OnlineSubsystemUtils
LogPluginManager: Mounting plugin AndroidDeviceProfileSelector
LogPluginManager: Mounting plugin AndroidMoviePlayer
LogPluginManager: Mounting plugin AndroidPermission
LogPluginManager: Mounting plugin AppleMoviePlayer
LogPluginManager: Mounting plugin ArchVisCharacter
LogPluginManager: Mounting plugin CableComponent
LogPluginManager: Mounting plugin CustomMeshComponent
LogPluginManager: Mounting plugin ExampleDeviceProfileSelector
LogPluginManager: Mounting plugin GoogleCloudMessaging
LogPluginManager: Mounting plugin ImmediatePhysics
LogPluginManager: Mounting plugin IOSDeviceProfileSelector
LogPluginManager: Mounting plugin LinuxDeviceProfileSelector
LogPluginManager: Mounting plugin LocationServicesBPLibrary
LogPluginManager: Mounting plugin MobilePatchingUtils
LogPluginManager: Mounting plugin OculusVR
LogPluginManager: Mounting plugin PhysXVehicles
LogPluginManager: Mounting plugin ProceduralMeshComponent
LogPluginManager: Mounting plugin RuntimePhysXCooking
LogPluginManager: Mounting plugin SteamVR
LogPluginManager: Mounting plugin WindowsMoviePlayer
LogInit: Using libcurl 7.47.1
LogInit:  - built for x86_64-pc-win32
LogInit:  - supports SSL with OpenSSL/1.0.2g
LogInit:  - supports HTTP deflate (compression) using libz 1.2.8
LogInit:  - other features:
LogInit:      CURL_VERSION_SSL
LogInit:      CURL_VERSION_LIBZ
LogInit:      CURL_VERSION_IPV6
LogInit:      CURL_VERSION_ASYNCHDNS
LogInit:      CURL_VERSION_LARGEFILE
LogInit:      CURL_VERSION_IDN
LogInit:  CurlRequestOptions (configurable via config and command line):
LogInit:  - bVerifyPeer = false  - Libcurl will NOT verify peer certificate
LogInit:  - bUseHttpProxy = false  - Libcurl will NOT use HTTP proxy
LogInit:  - bDontReuseConnections = false  - Libcurl will reuse connections
LogInit:  - CertBundlePath = nullptr  - Libcurl will use whatever was configured at build time.
LogInit: Build: ++UE4+Release-4.17-CL-3658906
LogInit: Engine Version: 4.17.2-3658906+++UE4+Release-4.17
LogInit: Compatible Engine Version: 4.17.0-3573198+++UE4+Release-4.17
LogInit: Net CL: 3573198
LogDevObjectVersion: Number of dev versions registered: 16
LogDevObjectVersion:   Dev-Blueprints (B0D832E4-1F89-4F0D-ACCF-7EB736FD4AA2): 10
LogDevObjectVersion:   Dev-Build (E1C64328-A22C-4D53-A36C-8E866417BD8C): 0
LogDevObjectVersion:   Dev-Core (375EC13C-06E4-48FB-B500-84F0262A717E): 2
LogDevObjectVersion:   Dev-Editor (E4B068ED-F494-42E9-A231-DA0B2E46BB41): 20
LogDevObjectVersion:   Dev-Framework (CFFC743F-43B0-4480-9391-14DF171D2073): 28
LogDevObjectVersion:   Dev-Mobile (B02B49B5-BB20-44E9-A304-32B752E40360): 0
LogDevObjectVersion:   Dev-Networking (A4E4105C-59A1-49B5-A7C5-40C4547EDFEE): 0
LogDevObjectVersion:   Dev-Online (39C831C9-5AE6-47DC-9A44-9C173E1C8E7C): 0
LogDevObjectVersion:   Dev-Physics (78F01B33-EBEA-4F98-B9B4-84EACCB95AA2): 0
LogDevObjectVersion:   Dev-Platform (6631380F-2D4D-43E0-8009-CF276956A95A): 0
LogDevObjectVersion:   Dev-Rendering (12F88B9F-8875-4AFC-A67C-D90C383ABD29): 19
LogDevObjectVersion:   Dev-Sequencer (7B5AE74C-D270-4C10-A958-57980B212A5A): 4
LogDevObjectVersion:   Dev-VR (D7296918-1DD6-4BDD-9DE2-64A83CC13884): 0
LogDevObjectVersion:   Dev-LoadTimes (C2A15278-BFE7-4AFE-6C17-90FF531DF755): 1
LogDevObjectVersion:   Private-Geometry (6EACA3D4-40EC-4CC1-B786-8BED09428FC5): 1
LogDevObjectVersion:   Dev-AnimPhys (29E575DD-E0A3-4627-9D10-D276232CDCEA): 7
LogInit: Compiled (64-bit): Sep 22 2017 13:47:16
LogInit: Compiled with Visual C++: 19.00.24215.01
LogInit: Build Configuration: Development
LogInit: Branch Name: ++UE4+Release-4.17
LogInit: Command line:  
LogInit: Base directory: F:/Unreal Engine/UE_4.17/Engine/Binaries/Win64/
LogInit: Installed Engine Build: 1
LogInit: Presizing for max 8388607 objects, including 0 objects not considered by GC, pre-allocating 0 bytes for permanent pool.
LogInit: Object subsystem initialized
[2018.05.14-16.30.26:454][  0]LogInit: Selected Device Profile: [Windows]
[2018.05.14-16.30.26:454][  0]LogInit: Applying CVar settings loaded from the selected device profile: [Windows]
[2018.05.14-16.30.26:487][  0]LogInit: Computer: DOUBLE-PC
[2018.05.14-16.30.26:487][  0]LogInit: User: Double
[2018.05.14-16.30.26:487][  0]LogInit: CPU Page size=4096, Cores=4
[2018.05.14-16.30.26:487][  0]LogInit: High frequency timer resolution =3.924277 MHz
[2018.05.14-16.30.26:488][  0]LogMemory: Memory total: Physical=16.0GB (16GB approx)
[2018.05.14-16.30.26:488][  0]LogMemory: Platform Memory Stats for Windows
[2018.05.14-16.30.26:488][  0]LogMemory: Process Physical Memory: 279.42 MB used, 279.42 MB peak
[2018.05.14-16.30.26:488][  0]LogMemory: Process Virtual Memory: 277.74 MB used, 277.74 MB peak
[2018.05.14-16.30.26:488][  0]LogMemory: Physical Memory: 4568.27 MB used,  11780.37 MB free, 16348.64 MB total
[2018.05.14-16.30.26:488][  0]LogMemory: Virtual Memory: 655.19 MB used,  11780.37 MB free, 8388608.00 MB total
[2018.05.14-16.30.26:901][  0]LogInit: Using OS detected language (en-US).
[2018.05.14-16.30.26:901][  0]LogInit: Using OS detected locale (en-US).
[2018.05.14-16.30.26:985][  0]LogTextLocalizationManager: No specific localization for 'en-US' exists, so the 'en' localization will be used.
[2018.05.14-16.30.28:543][  0]LogD3D11RHI: D3D11 adapters:
[2018.05.14-16.30.28:588][  0]LogD3D11RHI:    0. 'NVIDIA GeForce GTX 1080' (Feature Level 11_0)
[2018.05.14-16.30.28:588][  0]LogD3D11RHI:       8077/0/7918 MB DedicatedVideo/DedicatedSystem/SharedSystem, Outputs:1, VendorId:0x10de
[2018.05.14-16.30.28:588][  0]LogD3D11RHI: Chosen D3D11 Adapter: 0
[2018.05.14-16.30.28:603][  0]LogD3D11RHI: Creating new Direct3DDevice
[2018.05.14-16.30.28:603][  0]LogD3D11RHI:     GPU DeviceId: 0x1b80 (for the marketing name, search the web for "GPU Device Id")
[2018.05.14-16.30.28:604][  0]LogWindows: EnumDisplayDevices:
[2018.05.14-16.30.28:604][  0]LogWindows:    0. 'NVIDIA GeForce GTX 1080' (P:1 D:1)
[2018.05.14-16.30.28:604][  0]LogWindows:    1. 'NVIDIA GeForce GTX 1080' (P:0 D:0)
[2018.05.14-16.30.28:605][  0]LogWindows:    2. 'NVIDIA GeForce GTX 1080' (P:0 D:0)
[2018.05.14-16.30.28:605][  0]LogWindows:    3. 'NVIDIA GeForce GTX 1080' (P:0 D:0)
[2018.05.14-16.30.28:605][  0]LogWindows:    4. 'RDPDD Chained DD' (P:0 D:0)
[2018.05.14-16.30.28:605][  0]LogWindows:    5. 'RDP Encoder Mirror Driver' (P:0 D:0)
[2018.05.14-16.30.28:606][  0]LogWindows:    6. 'RDP Reflector Display Driver' (P:0 D:0)
[2018.05.14-16.30.28:606][  0]LogWindows: DebugString: GetVideoDriverDetailsInvalid PrimaryIsNotTheChoosenAdapter GetVideoDriverDetailsInvalid PrimaryIsNotTheChoosenAdapter GetVideoDriverDetailsInvalid PrimaryIsNotTheChoosenAdapter FoundDriverCount:4 
[2018.05.14-16.30.28:606][  0]LogD3D11RHI:     Adapter Name: NVIDIA GeForce GTX 1080
[2018.05.14-16.30.28:606][  0]LogD3D11RHI:   Driver Version: 391.01 (internal:23.21.13.9101, unified:391.01)
[2018.05.14-16.30.28:606][  0]LogD3D11RHI:      Driver Date: 2-23-2018
[2018.05.14-16.30.28:606][  0]LogRHI: Texture pool is 1361 MB (70% of 1945 MB)
[2018.05.14-16.30.28:629][  0]LogD3D11RHI: Async texture creation enabled
[2018.05.14-16.30.28:648][  0]LogD3D11RHI: GPU Timing Frequency: 1000.000000 (Debug: 2 2)
[2018.05.14-16.30.28:651][  0]LogShaderCompilers: Guid format shader working directory is -5 characters bigger than the processId version (C:/Users/Double/Documents/Unreal Projects/GameDesign/Intermediate/Shaders/WorkingDirectory/7292/).
[2018.05.14-16.30.28:651][  0]LogShaderCompilers: Cleaned the shader compiler working directory 'C:/Users/Double/AppData/Local/Temp/UnrealShaderWorkingDir/A60C875E4AB22FFE0CE4A88D9AB0F602/'.
[2018.05.14-16.30.28:651][  0]LogShaderCompilers: Display: Using Local Shader Compiler.
[2018.05.14-16.30.30:679][  0]LogTemp: Display: Loaded TP AllDesktopTargetPlatform
[2018.05.14-16.30.30:759][  0]LogTemp: Display: Loaded TP MacClientTargetPlatform
[2018.05.14-16.30.30:849][  0]LogTemp: Display: Loaded TP MacNoEditorTargetPlatform
[2018.05.14-16.30.30:932][  0]LogTemp: Display: Loaded TP MacServerTargetPlatform
[2018.05.14-16.30.31:024][  0]LogTemp: Display: Loaded TP MacTargetPlatform
[2018.05.14-16.30.31:112][  0]LogTemp: Display: Loaded TP WindowsClientTargetPlatform
[2018.05.14-16.30.31:194][  0]LogTemp: Display: Loaded TP WindowsNoEditorTargetPlatform
[2018.05.14-16.30.31:279][  0]LogTemp: Display: Loaded TP WindowsServerTargetPlatform
[2018.05.14-16.30.31:349][  0]LogTemp: Display: Loaded TP WindowsTargetPlatform
[2018.05.14-16.30.31:444][  0]LogTemp: Display: Loaded TP AndroidTargetPlatform
[2018.05.14-16.30.31:523][  0]LogTemp: Display: Loaded TP Android_ASTCTargetPlatform
[2018.05.14-16.30.31:603][  0]LogTemp: Display: Loaded TP Android_ATCTargetPlatform
[2018.05.14-16.30.31:686][  0]LogTemp: Display: Loaded TP Android_DXTTargetPlatform
[2018.05.14-16.30.31:764][  0]LogTemp: Display: Loaded TP Android_ETC1TargetPlatform
[2018.05.14-16.30.31:842][  0]LogTemp: Display: Loaded TP Android_ETC2TargetPlatform
[2018.05.14-16.30.32:003][  0]LogTemp: Display: Loaded TP Android_MultiTargetPlatform
[2018.05.14-16.30.32:003][  0]LogTemp: Display: Loaded TP Android_PVRTCTargetPlatform
[2018.05.14-16.30.32:063][  0]LogTemp: Display: Loaded TP HTML5TargetPlatform
[2018.05.14-16.30.32:226][  0]LogTemp: Display: Loaded TP IOSTargetPlatform
[2018.05.14-16.30.32:272][  0]LogTemp: Display: Loaded TP TVOSTargetPlatform
[2018.05.14-16.30.32:352][  0]LogTemp: Display: Loaded TP LinuxClientTargetPlatform
[2018.05.14-16.30.32:438][  0]LogTemp: Display: Loaded TP LinuxNoEditorTargetPlatform
[2018.05.14-16.30.32:525][  0]LogTemp: Display: Loaded TP LinuxServerTargetPlatform
[2018.05.14-16.30.32:620][  0]LogTemp: Display: Loaded TP LinuxTargetPlatform
[2018.05.14-16.30.32:620][  0]LogTargetPlatformManager: Display: Building Assets For Windows
[2018.05.14-16.30.33:669][  0]LogDerivedDataCache: Display: Max Cache Size: 512 MB
[2018.05.14-16.30.34:088][  0]LogDerivedDataCache: Loaded boot cache 0.42s 93MB C:/Users/Double/AppData/Local/UnrealEngine/4.17/DerivedDataCache/Boot.ddc.
[2018.05.14-16.30.34:088][  0]LogDerivedDataCache: Display: Loaded Boot cache: C:/Users/Double/AppData/Local/UnrealEngine/4.17/DerivedDataCache/Boot.ddc
[2018.05.14-16.30.34:088][  0]LogDerivedDataCache: FDerivedDataBackendGraph:  Pak pak cache file C:/Users/Double/Documents/Unreal Projects/GameDesign/DerivedDataCache/DDC.ddp not found, will not use a pak cache.
[2018.05.14-16.30.34:088][  0]LogDerivedDataCache: Unable to find inner node Pak for hierarchical cache Hierarchy.
[2018.05.14-16.30.34:089][  0]LogDerivedDataCache: FDerivedDataBackendGraph:  CompressedPak pak cache file C:/Users/Double/Documents/Unreal Projects/GameDesign/DerivedDataCache/Compressed.ddp not found, will not use a pak cache.
[2018.05.14-16.30.34:089][  0]LogDerivedDataCache: Unable to find inner node CompressedPak for hierarchical cache Hierarchy.
[2018.05.14-16.30.34:117][  0]LogDerivedDataCache: Display: Pak cache opened for reading ../../../Engine/DerivedDataCache/Compressed.ddp.
[2018.05.14-16.30.34:130][  0]LogDerivedDataCache: Using Local data cache path C:/Users/Double/AppData/Local/UnrealEngine/Common/DerivedDataCache: Writable
[2018.05.14-16.30.34:150][  0]LogMaterial: Verifying Global Shaders for PCD3D_SM5
[2018.05.14-16.30.34:151][  0]LogSlate: Using Freetype 2.6.0
[2018.05.14-16.30.34:161][  0]LogSlate: SlateFontCache - WITH_FREETYPE: 1, WITH_HARFBUZZ: 1
[2018.05.14-16.30.34:161][  0]LogSlate: SlateFontCache - WITH_FREETYPE: 1, WITH_HARFBUZZ: 1
[2018.05.14-16.30.36:245][  0]LogAssetRegistry: FAssetRegistry took 0.0274 seconds to start up
[2018.05.14-16.30.37:105][  0]LogInit: Selected Device Profile: [Windows]
[2018.05.14-16.30.37:111][  0]LogContentStreaming: Texture pool size is 0.00 MB
[2018.05.14-16.30.38:092][  0]LogSimplygon: Simplygon DLL not present - disabling.
[2018.05.14-16.30.38:178][  0]LogMeshReduction: Using SimplygonSwarm for distributed automatic mesh merging
[2018.05.14-16.30.38:178][  0]LogMeshReduction: Using QuadricMeshReduction for automatic static mesh reduction
[2018.05.14-16.30.38:178][  0]LogMeshReduction: No automatic skeletal mesh reduction module available
[2018.05.14-16.30.38:178][  0]LogMeshReduction: No automatic mesh merging module available
[2018.05.14-16.30.38:178][  0]LogMeshMerging: No automatic mesh merging module available
[2018.05.14-16.30.39:299][  0]LogNetVersion: GameDesign , NetCL: 3573198, EngineNetVer: 2, GameNetVer: 0 (Checksum: 4162053255)
[2018.05.14-16.30.39:822][  0]LogPackageLocalizationCache: Processed 5 localized package path(s) for 2 prioritized culture(s) in 0.082225 seconds
[2018.05.14-16.30.39:831][  0]LogUObjectArray: 35825 objects as part of root set at end of initial load.
[2018.05.14-16.30.39:831][  0]LogUObjectAllocator: 7529104 out of 0 bytes used by permanent object pool.
[2018.05.14-16.30.39:831][  0]LogUObjectArray: CloseDisregardForGC: 0/0 objects in disregard for GC pool
[2018.05.14-16.30.39:936][  0]LogInit: WinSock: version 1.1 (2.2), MaxSocks=32767, MaxUdp=65467
[2018.05.14-16.30.55:149][  0]LogTcpMessaging: Initializing TcpMessaging bridge
[2018.05.14-16.30.55:223][  0]LogUdpMessaging: Initializing bridge on interface 0.0.0.0:0 to multicast group 230.0.0.1:6666.
[2018.05.14-16.30.56:525][  0]LogMaterial: Uniform references updated for custom material expression Custom.
[2018.05.14-16.30.57:394][  0]SourceControl: Source control is disabled
[2018.05.14-16.30.57:395][  0]SourceControl: Source control is disabled
[2018.05.14-16.30.57:485][  0]SourceControl: Source control is disabled
[2018.05.14-16.30.57:580][  0]SourceControl: Source control is disabled
[2018.05.14-16.30.58:689][  0]LogAndroidPermission: UAndroidPermissionCallbackProxy::GetInstance
[2018.05.14-16.30.59:135][  0]LogOcInput: OculusInput pre-init called
[2018.05.14-16.30.59:638][  0]LogEngine: Initializing Engine...
[2018.05.14-16.30.59:641][  0]LogHMD: Failed to initialize OpenVR with code 110
[2018.05.14-16.31.00:155][  0]LogStats: UGameplayTagsManager::ConstructGameplayTagTree: Construct from data asset -  0.000 s
[2018.05.14-16.31.00:155][  0]LogStats: UGameplayTagsManager::ConstructGameplayTagTree: GameplayTagTreeChangedEvent.Broadcast -  0.000 s
[2018.05.14-16.31.00:379][  0]LogAIModule: Creating AISystem for world Untitled
[2018.05.14-16.31.00:404][  0]LogInit: XAudio2 using 'Speakers (VIA HD Audio)' : 2 channels at 48 kHz using 32 bits per sample (channel mask 0x3)
[2018.05.14-16.31.00:414][  0]LogInit: FAudioDevice initialized.
[2018.05.14-16.31.00:548][  0]LogDerivedDataCache: Saved boot cache 0.13s 93MB C:/Users/Double/AppData/Local/UnrealEngine/4.17/DerivedDataCache/Boot.ddc.
[2018.05.14-16.31.00:590][  0]LogInit: Texture streaming: Enabled
[2018.05.14-16.31.00:796][  0]LogEngineSessionManager: EngineSessionManager initialized
[2018.05.14-16.31.01:188][  0]LogInit: Transaction tracking system initialized
[2018.05.14-16.31.01:764][  0]BlueprintLog: New page: Editor Load
[2018.05.14-16.31.03:355][  0]LocalizationService: Localization service is disabled
[2018.05.14-16.31.04:605][  0]LogConsoleResponse: Display: 
[2018.05.14-16.31.06:227][  0]LogCook: Display: Max memory allowance for cook 16384mb min free memory 0mb
[2018.05.14-16.31.06:227][  0]LogCook: Display: Mobile HDR setting 1
[2018.05.14-16.31.06:227][  0]LogGameplayTags: Display: UGameplayTagsManager::DoneAddingNativeTags. DelegateIsBound: 0
[2018.05.14-16.31.06:813][  0]LogFileCache: Scanning file cache for directory 'C:/Users/Double/Documents/Unreal Projects/GameDesign/Content/' took 0.02s
[2018.05.14-16.31.08:934][  0]SourceControl: Source control is disabled
[2018.05.14-16.31.08:934][  0]Cmd: MAP LOAD FILE="C:/Users/Double/Documents/Unreal Projects/GameDesign/Content/FirstPersonBP/Maps/FirstPersonExampleMap.umap" TEMPLATE=0 SHOWPROGRESS=1 FEATURELEVEL=3
[2018.05.14-16.31.08:942][  0]LightingResults: New page: Lighting Build
[2018.05.14-16.31.09:005][  0]MapCheck: New page: Map Check
[2018.05.14-16.31.09:005][  0]LightingResults: New page: Lighting Build
[2018.05.14-16.31.10:265][  0]LogAIModule: Creating AISystem for world FirstPersonExampleMap
[2018.05.14-16.31.10:311][  0]LogEditorServer: Finished looking for orphan Actors (0.000 secs)
[2018.05.14-16.31.10:373][  0]Cmd: MAP CHECKDEP NOCLEARLOG
[2018.05.14-16.31.10:472][  0]MapCheck: Map check complete: 0 Error(s), 0 Warning(s), took 99.173ms to complete.
[2018.05.14-16.31.10:472][  0]LogFileHelpers: Loading map 'FirstPersonExampleMap' took 1.538
[2018.05.14-16.31.10:761][  0]LogCollectionManager: Loaded 0 collections in 0.005191 seconds
[2018.05.14-16.31.10:878][  0]LogFileCache: Scanning file cache for directory 'C:/Users/Double/Documents/Unreal Projects/GameDesign/Saved/Collections/' took 0.01s
[2018.05.14-16.31.10:878][  0]LogFileCache: Scanning file cache for directory 'C:/Users/Double/Documents/Unreal Projects/GameDesign/Content/Developers/Double/Collections/' took 0.01s
[2018.05.14-16.31.10:878][  0]LogFileCache: Scanning file cache for directory 'C:/Users/Double/Documents/Unreal Projects/GameDesign/Content/Collections/' took 0.01s
[2018.05.14-16.31.10:878][  0]LogCollectionManager: Rebuilt the GUID cache for 0 collections in 0.000001 seconds
[2018.05.14-16.31.10:899][  0]LogContentBrowser: Native class hierarchy populated in 0.0211 seconds. Added 2386 classes and 500 folders.
[2018.05.14-16.31.11:007][  0]LogContentBrowser: Native class hierarchy updated for 'WidgetCarousel' in 0.0018 seconds. Added 0 classes and 0 folders.
[2018.05.14-16.31.11:607][  0]LogContentBrowser: Native class hierarchy updated for 'AddContentDialog' in 0.0011 seconds. Added 0 classes and 0 folders.
[2018.05.14-16.31.11:700][  0]LogContentBrowser: Native class hierarchy updated for 'SceneOutliner' in 0.0013 seconds. Added 1 classes and 2 folders.
[2018.05.14-16.31.11:752][  0]LogSlate: Took 0.015924 seconds to synchronously load lazily loaded font '../../../Engine/Content/Slate/Fonts/Roboto-Regular.ttf' (155K)
[2018.05.14-16.31.11:761][  0]LogSlate: Took 0.006445 seconds to synchronously load lazily loaded font '../../../Engine/Content/Slate/Fonts/Roboto-Bold.ttf' (160K)
[2018.05.14-16.31.11:780][  0]LogSlate: Took 0.010669 seconds to synchronously load lazily loaded font '../../../Engine/Content/Editor/Slate/Fonts/FontAwesome.ttf' (139K)
[2018.05.14-16.31.11:997][  0]LogRenderer: Reallocating scene render targets to support 1208x648 Format 10 NumSamples 1 (Frame:1).
[2018.05.14-16.31.12:390][  0]LogContentBrowser: Native class hierarchy updated for 'HierarchicalLODOutliner' in 0.0011 seconds. Added 1 classes and 2 folders.
[2018.05.14-16.31.12:390][  0]LogLoad: (Engine Initialization) Total time: 52.19 seconds
[2018.05.14-16.31.12:390][  0]LogLoad: (Engine Initialization) Total Blueprint compile time: 0.00 seconds
[2018.05.14-16.31.12:390][  0]LogExternalProfiler: No external profilers were discovered.  External profiling features will not be available.
[2018.05.14-16.31.12:754][  0]LogContentStreaming: Texture pool size now 1000 MB
[2018.05.14-16.31.12:875][  0]LogSlate: Took 0.001739 seconds to synchronously load lazily loaded font '../../../Engine/Content/Slate/Fonts/Roboto-Light.ttf' (159K)
[2018.05.14-16.31.13:409][  2]LogAssetRegistry: Asset discovery search completed in 37.1839 seconds
[2018.05.14-16.31.13:411][  2]LogCollectionManager: Rebuilt the object cache for 0 collections in 0.000001 seconds (found 0 objects)
[2018.05.14-16.31.13:412][  2]LogCollectionManager: Fixed up redirectors for 0 collections in 0.000076 seconds (updated 0 objects)
[2018.05.14-16.31.28:380][112]LogSlate: Took 0.000282 seconds to synchronously load lazily loaded font '../../../Engine/Content/Slate/Fonts/Roboto-Light.ttf' (159K)
[2018.05.14-16.31.28:714][112]LogAIModule: Creating AISystem for world Officelevel
[2018.05.14-16.31.28:781][112]Cmd: MAP LOAD FILE="C:/Users/Double/Documents/Unreal Projects/GameDesign/Content/Officelevel.umap" TEMPLATE=0 SHOWPROGRESS=1 FEATURELEVEL=3
[2018.05.14-16.31.28:781][112]LightingResults: New page: Lighting Build
[2018.05.14-16.31.28:782][112]LoadErrors: New page: Loading map: Officelevel.umap
[2018.05.14-16.31.28:783][112]MapCheck: New page: Map Check
[2018.05.14-16.31.28:783][112]LightingResults: New page: Lighting Build
[2018.05.14-16.31.28:846][112]LogEditorServer: Finished looking for orphan Actors (0.000 secs)
[2018.05.14-16.31.28:922][112]Cmd: MAP CHECKDEP NOCLEARLOG
[2018.05.14-16.31.29:010][112]MapCheck: Map check complete: 0 Error(s), 0 Warning(s), took 88.054ms to complete.
[2018.05.14-16.31.29:010][112]LogFileHelpers: Loading map 'Officelevel' took 0.231
[2018.05.14-16.31.34:854][738]MapCheck: New page: Map Check
[2018.05.14-16.31.34:874][738]Cmd: MAP REBUILD ALLVISIBLE
[2018.05.14-16.31.34:874][738]LogEditorServer: Rebuildmap Clear paths rebuilt
[2018.05.14-16.31.35:043][738]LogMaterial: Missing cached shader map for material FDebugViewModeMaterialProxy WorldGridMaterial, compiling. Is special engine material.
[2018.05.14-16.31.35:053][738]LogMaterial: Missing cached shader map for material FDebugViewModeMaterialProxy MaterialInstanceDynamic_2, compiling. 
[2018.05.14-16.31.35:061][738]LogMaterial: Missing cached shader map for material FDebugViewModeMaterialProxy CubeMaterial, compiling. 
[2018.05.14-16.31.35:070][738]LogMaterial: Missing cached shader map for material FDebugViewModeMaterialProxy M_Glass, compiling. 
[2018.05.14-16.31.35:078][738]LogMaterial: Missing cached shader map for material FDebugViewModeMaterialProxy DefaultMaterial, compiling. 
[2018.05.14-16.31.35:087][738]LogMaterial: Missing cached shader map for material FDebugViewModeMaterialProxy M_Frame, compiling. 
[2018.05.14-16.31.35:094][738]LogMaterial: Missing cached shader map for material FDebugViewModeMaterialProxy BasicShapeMaterial, compiling. 
[2018.05.14-16.31.35:102][738]LogMaterial: Missing cached shader map for material FDebugViewModeMaterialProxy M_Lamp, compiling. 
[2018.05.14-16.31.36:421][738]TextureStreamingBuild: Display: Compiling optional shaders took 1.387 seconds.
[2018.05.14-16.31.36:453][738]LogLevel: Display: Export Material TexCoord Scales took 0.032 seconds.
[2018.05.14-16.31.36:463][738]TextureStreamingBuild: Display: Build Texture Streaming took 0.010 seconds.
[2018.05.14-16.31.36:508][738]LightingResults: New page: Lighting Build - May 15, 2018, 11:31:36 AM
[2018.05.14-16.31.36:577][738]LogSwarmInterface: [OpenConnection] Registering TCP channel ...
[2018.05.14-16.31.36:659][738]LogSwarmInterface: [OpenConnection] Connecting to agent ...
[2018.05.14-16.31.36:673][738]LogSwarmInterface: [TryOpenConnection] Testing the Agent
[2018.05.14-16.31.37:191][738]LogSwarmInterface: [TryOpenConnection] Opening Connection to Agent
[2018.05.14-16.31.37:191][738]LogSwarmInterface: [TryOpenConnection] Local Process ID is 7292
[2018.05.14-16.31.41:183][738]LogStaticLightingSystem: Warning: No importance volume found, so the scene bounding box was used.  You can optimize your scene's quality and lighting build times by adding importance volumes.
[2018.05.14-16.31.41:183][738]LogStaticLightingSystem: Running Lightmass w/ ImmediateImport mode ENABLED
[2018.05.14-16.31.41:183][738]LogStaticLightingSystem: Running Lightmass w/ ImmediateProcess mode ENABLED
[2018.05.14-16.31.41:183][738]LogStaticLightingSystem: Running Lightmass w/ Sorting mode ENABLED
[2018.05.14-16.31.41:183][738]LogStaticLightingSystem: Running Lightmass w/ Mapping paddings ENABLED
[2018.05.14-16.31.41:183][738]LogStaticLightingSystem: Running Lightmass w/ Mapping debug paddings DISABLED
[2018.05.14-16.31.41:329][738]Cmd: MAP CHECK DONTDISPLAYDIALOG
[2018.05.14-16.31.41:329][738]MapCheck: New page: Officelevel - May 15, 2018, 11:31:41 AM
[2018.05.14-16.31.41:330][738]MapCheck: Error: WorldSettings_1 Maps need lighting rebuilt 
[2018.05.14-16.31.41:418][738]MapCheck: Map check complete: 1 Error(s), 0 Warning(s), took 89.229ms to complete.
[2018.05.14-16.31.41:439][738]LogEditorBuildUtils: Build time 0:06
[2018.05.14-16.31.45:705][915]Job is a success!
[2018.05.14-16.31.46:934][916]LogTexture: Display: Building textures: SkyOcclusion0_1 (AutoDXT, 1024X512)
[2018.05.14-16.31.46:935][916]LogTexture: Display: Building textures: HQ_Lightmap1_1 (AutoDXT, 1024X1024)
[2018.05.14-16.31.46:935][916]LogTexture: Display: Building textures: LQ_Lightmap_1_1 (DXT1, 1024X1024)
[2018.05.14-16.31.46:935][916]LogTexture: Display: Building textures: HQ_Lightmap1_2 (AutoDXT, 64X64)
[2018.05.14-16.31.46:935][916]LogTexture: Display: Building textures: SkyOcclusion0_2 (AutoDXT, 64X32)
[2018.05.14-16.31.46:935][916]LogTexture: Display: Building textures: LQ_Lightmap_1_2 (DXT1, 64X64)
[2018.05.14-16.31.47:006][916]LogTexture: Display: Building textures: ShadowMapTexture2D_1 (G8, 32X32)
[2018.05.14-16.31.47:006][916]LogTexture: Display: Building textures: ShadowMapTexture2D_0 (G8, 1024X128)
[2018.05.14-16.31.47:034][916]Lightmass on DOUBLE-PC: 4.43 sec total, 114 ms importing, 25 ms setup, 924 ms photons, 3.35 sec processing, 0 ms extra exporting [29/29 mappings]. Threads: 23.3 sec total, 9.57 sec processing.
[2018.05.14-16.31.47:100][916]LogStaticLightingSystem: Illumination: 10.2 sec (738 ms encoding lightmaps, 69 ms encoding shadowmaps)
[2018.05.14-16.31.47:100][916]LogStaticLightingSystem: Lightmap texture memory:  2.7 MB (2.7 MB streaming, 0.0 MB non-streaming), 4 textures
[2018.05.14-16.31.47:100][916]LogStaticLightingSystem: Shadowmap texture memory: 0.2 MB (0.2 MB streaming, 0.0 MB non-streaming), 2 textures
[2018.05.14-16.31.47:189][916]DumpUnbuiltLightIteractions
[2018.05.14-16.31.47:189][916]Lights with unbuilt interactions: 0
[2018.05.14-16.31.47:189][916]
[2018.05.14-16.31.47:189][916]Primitives with unbuilt interactions: 0
[2018.05.14-16.31.47:201][917]Cmd: MAP CHECK NOTIFYRESULTS
[2018.05.14-16.31.47:201][917]MapCheck: New page: Officelevel - May 15, 2018, 11:31:47 AM
[2018.05.14-16.31.47:322][917]MapCheck: Map check complete: 0 Error(s), 0 Warning(s), took 121.339ms to complete.
[2018.05.14-16.32.01:759][268]LogTemp: Repeating last play command: Selected Viewport
[2018.05.14-16.32.01:813][268]LogBlueprintUserMessages: Early PlayInEditor Detection: Level '/Game/Officelevel.Officelevel:PersistentLevel' has LevelScriptBlueprint '/Game/Officelevel.Officelevel:PersistentLevel.Officelevel' with GeneratedClass '/Game/Officelevel.Officelevel_C' with ClassGeneratedBy '/Game/Officelevel.Officelevel:PersistentLevel.Officelevel'
[2018.05.14-16.32.01:813][268]LogPlayLevel: PlayLevel: No blueprints needed recompiling
[2018.05.14-16.32.01:813][268]PIE: New page: PIE session: Officelevel (May 15, 2018, 11:32:01 AM)
[2018.05.14-16.32.01:813][268]LogPlayLevel: Creating play world package: /Game/UEDPIE_0_Officelevel
[2018.05.14-16.32.01:820][268]LogPlayLevel: PIE: StaticDuplicateObject took: (0.006575s)
[2018.05.14-16.32.01:821][268]LogAIModule: Creating AISystem for world Officelevel
[2018.05.14-16.32.01:821][268]LogPlayLevel: PIE: World Init took: (0.001084s)
[2018.05.14-16.32.01:821][268]LogPlayLevel: PIE: Created PIE world by copying editor world from /Game/Officelevel.Officelevel to /Game/UEDPIE_0_Officelevel.Officelevel (0.008011s)
[2018.05.14-16.32.01:878][268]LogInit: XAudio2 using 'Speakers (VIA HD Audio)' : 2 channels at 48 kHz using 32 bits per sample (channel mask 0x3)
[2018.05.14-16.32.01:884][268]LogInit: FAudioDevice initialized.
[2018.05.14-16.32.01:927][268]LogLoad: Game class is 'FirstPersonGameMode_C'
[2018.05.14-16.32.01:942][268]LogWorld: Bringing World /Game/UEDPIE_0_Officelevel.Officelevel up for play (max tick rate 0) at 2018.05.15-02.02.01
[2018.05.14-16.32.01:942][268]LogWorld: Bringing up level for play took: 0.013018
[2018.05.14-16.32.02:003][268]LogContentBrowser: Native class hierarchy updated for 'MovieSceneCapture' in 0.0011 seconds. Added 11 classes and 0 folders.
[2018.05.14-16.32.02:006][268]PIE: Play in editor start time for /Game/UEDPIE_0_Officelevel -0.184
[2018.05.14-16.32.02:006][268]LogBlueprintUserMessages: Late PlayInEditor Detection: Level '/Game/Officelevel.Officelevel:PersistentLevel' has LevelScriptBlueprint '/Game/Officelevel.Officelevel:PersistentLevel.Officelevel' with GeneratedClass '/Game/Officelevel.Officelevel_C' with ClassGeneratedBy '/Game/Officelevel.Officelevel:PersistentLevel.Officelevel'
[2018.05.14-16.32.06:059][707]LogSpawn: Warning: SpawnActor failed because of collision at the spawn location [X=-11836.811 Y=-3624.984 Z=1145.311] for [FirstPersonProjectile_C]
[2018.05.14-16.32.29:109][225]LogBlueprintUserMessages: Early EndPlayMap Detection: Level '/Game/Officelevel.Officelevel:PersistentLevel' has LevelScriptBlueprint '/Game/Officelevel.Officelevel:PersistentLevel.Officelevel' with GeneratedClass '/Game/Officelevel.Officelevel_C' with ClassGeneratedBy '/Game/Officelevel.Officelevel:PersistentLevel.Officelevel'
[2018.05.14-16.32.29:144][225]LogBlueprintUserMessages: Late EndPlayMap Detection: Level '/Game/Officelevel.Officelevel:PersistentLevel' has LevelScriptBlueprint '/Game/Officelevel.Officelevel:PersistentLevel.Officelevel' with GeneratedClass '/Game/Officelevel.Officelevel_C' with ClassGeneratedBy '/Game/Officelevel.Officelevel:PersistentLevel.Officelevel'
[2018.05.14-16.32.46:292][766]LogEditorViewport: Clicking on Actor (LMB): DestructibleActor (SM_GlassWindow_DM5)
[2018.05.14-16.32.46:942][795]LogEditorViewport: Clicking on Actor (LMB): DestructibleActor (SM_GlassWindow_DM6)
[2018.05.14-16.32.47:929][888]LogEditorViewport: Clicking on Actor (LMB): DestructibleActor (SM_GlassWindow_DM8)
[2018.05.14-16.32.58:502][947]LogEditorViewport: Clicking on Actor (CTRL LMB): DestructibleActor (SM_GlassWindow_DM6)
[2018.05.14-16.32.58:912][981]LogEditorViewport: Clicking on Actor (CTRL LMB): DestructibleActor (SM_GlassWindow_DM7)
[2018.05.14-16.33.02:950][321]LogEditorViewport: Clicking on Actor (LMB): StaticMeshActor (Floor7)
[2018.05.14-16.33.03:282][337]LogEditorViewport: Clicking on Actor (LMB): DestructibleActor (SM_GlassWindow_DM8)
[2018.05.14-16.33.03:977][399]LogEditorViewport: Clicking on Actor (LMB): DestructibleActor (SM_GlassWindow_DM7)
[2018.05.14-16.33.04:317][427]LogEditorViewport: Clicking on Actor (LMB): DestructibleActor (SM_GlassWindow_DM6)
[2018.05.14-16.33.05:506][543]LogEditorViewport: Clicking on Actor (LMB): DestructibleActor (SM_GlassWindow_DM8)
[2018.05.14-16.33.05:932][581]LogEditorViewport: Clicking on Actor (CTRL LMB): DestructibleActor (SM_GlassWindow_DM7)
[2018.05.14-16.33.06:233][604]LogEditorViewport: Clicking on Actor (CTRL LMB): DestructibleActor (SM_GlassWindow_DM6)
[2018.05.14-16.33.06:734][648]LogEditorViewport: Clicking on Actor (CTRL LMB): DestructibleActor (SM_GlassWindow_DM5)
[2018.05.14-16.33.08:541][827]LogEditorViewport: Clicking on Actor (context menu): StaticMeshActor (Floor7)
[2018.05.14-16.33.09:469][892]LogEditorViewport: Clicking on Actor (LMB): DestructibleActor (SM_GlassWindow_DM8)
[2018.05.14-16.33.11:382][ 78]LogTemp: Repeating last play command: Selected Viewport
[2018.05.14-16.33.11:398][ 78]LogBlueprintUserMessages: Early PlayInEditor Detection: Level '/Game/Officelevel.Officelevel:PersistentLevel' has LevelScriptBlueprint '/Game/Officelevel.Officelevel:PersistentLevel.Officelevel' with GeneratedClass '/Game/Officelevel.Officelevel_C' with ClassGeneratedBy '/Game/Officelevel.Officelevel:PersistentLevel.Officelevel'
[2018.05.14-16.33.11:398][ 78]LogPlayLevel: PlayLevel: No blueprints needed recompiling
[2018.05.14-16.33.11:399][ 78]PIE: New page: PIE session: Officelevel (May 15, 2018, 11:33:11 AM)
[2018.05.14-16.33.11:399][ 78]LogPlayLevel: Creating play world package: /Game/UEDPIE_0_Officelevel
[2018.05.14-16.33.11:405][ 78]LogPlayLevel: PIE: StaticDuplicateObject took: (0.006601s)
[2018.05.14-16.33.11:406][ 78]LogAIModule: Creating AISystem for world Officelevel
[2018.05.14-16.33.11:406][ 78]LogPlayLevel: PIE: World Init took: (0.001011s)
[2018.05.14-16.33.11:407][ 78]LogPlayLevel: PIE: Created PIE world by copying editor world from /Game/Officelevel.Officelevel to /Game/UEDPIE_0_Officelevel.Officelevel (0.007951s)
[2018.05.14-16.33.11:455][ 78]LogInit: XAudio2 using 'Speakers (VIA HD Audio)' : 2 channels at 48 kHz using 32 bits per sample (channel mask 0x3)
[2018.05.14-16.33.11:460][ 78]LogInit: FAudioDevice initialized.
[2018.05.14-16.33.11:494][ 78]LogLoad: Game class is 'FirstPersonGameMode_C'
[2018.05.14-16.33.11:506][ 78]LogWorld: Bringing World /Game/UEDPIE_0_Officelevel.Officelevel up for play (max tick rate 0) at 2018.05.15-02.03.11
[2018.05.14-16.33.11:506][ 78]LogWorld: Bringing up level for play took: 0.011117
[2018.05.14-16.33.11:510][ 78]PIE: Play in editor start time for /Game/UEDPIE_0_Officelevel -0.681
[2018.05.14-16.33.11:510][ 78]LogBlueprintUserMessages: Late PlayInEditor Detection: Level '/Game/Officelevel.Officelevel:PersistentLevel' has LevelScriptBlueprint '/Game/Officelevel.Officelevel:PersistentLevel.Officelevel' with GeneratedClass '/Game/Officelevel.Officelevel_C' with ClassGeneratedBy '/Game/Officelevel.Officelevel:PersistentLevel.Officelevel'
[2018.05.14-16.33.16:501][437]LogBlueprintUserMessages: Early EndPlayMap Detection: Level '/Game/Officelevel.Officelevel:PersistentLevel' has LevelScriptBlueprint '/Game/Officelevel.Officelevel:PersistentLevel.Officelevel' with GeneratedClass '/Game/Officelevel.Officelevel_C' with ClassGeneratedBy '/Game/Officelevel.Officelevel:PersistentLevel.Officelevel'
[2018.05.14-16.33.16:554][437]LogBlueprintUserMessages: Late EndPlayMap Detection: Level '/Game/Officelevel.Officelevel:PersistentLevel' has LevelScriptBlueprint '/Game/Officelevel.Officelevel:PersistentLevel.Officelevel' with GeneratedClass '/Game/Officelevel.Officelevel_C' with ClassGeneratedBy '/Game/Officelevel.Officelevel:PersistentLevel.Officelevel'
[2018.05.14-16.33.23:041][130]LogEditorViewport: Clicking on Actor (LMB): DestructibleActor (SM_GlassWindow_DM8)
[2018.05.14-16.33.24:263][257]Cmd: EDIT COPY
[2018.05.14-16.33.25:678][408]LogEditorViewport: Clicking on Actor (LMB): StaticMeshActor (SM_GlassWindow9)
[2018.05.14-16.33.26:898][529]Cmd: DELETE
[2018.05.14-16.33.26:898][529]Cmd: ACTOR DELETE
[2018.05.14-16.33.26:898][529]LogEditorActor: Deleted Actor: StaticMeshActor
[2018.05.14-16.33.26:939][529]LogEditorActor: Deleted 1 Actors (0.041 secs)
[2018.05.14-16.33.27:299][571]LogEditorViewport: Clicking on Actor (LMB): StaticMeshActor (SM_GlassWindow10)
[2018.05.14-16.33.27:439][578]Cmd: DELETE
[2018.05.14-16.33.27:439][578]Cmd: ACTOR DELETE
[2018.05.14-16.33.27:440][578]LogEditorActor: Deleted Actor: StaticMeshActor
[2018.05.14-16.33.27:482][578]LogEditorActor: Deleted 1 Actors (0.043 secs)
[2018.05.14-16.33.27:768][611]LogEditorViewport: Clicking on Actor (LMB): StaticMeshActor (SM_GlassWindow11)
[2018.05.14-16.33.27:905][618]Cmd: DELETE
[2018.05.14-16.33.27:905][618]Cmd: ACTOR DELETE
[2018.05.14-16.33.27:906][618]LogEditorActor: Deleted Actor: StaticMeshActor
[2018.05.14-16.33.27:946][618]LogEditorActor: Deleted 1 Actors (0.040 secs)
[2018.05.14-16.33.28:265][655]LogEditorViewport: Clicking on Actor (LMB): StaticMeshActor (SM_GlassWindow12)
[2018.05.14-16.33.28:430][665]Cmd: DELETE
[2018.05.14-16.33.28:430][665]Cmd: ACTOR DELETE
[2018.05.14-16.33.28:431][665]LogEditorActor: Deleted Actor: StaticMeshActor
[2018.05.14-16.33.28:473][665]LogEditorActor: Deleted 1 Actors (0.043 secs)
[2018.05.14-16.33.29:526][789]LogEditorViewport: Clicking on Actor (LMB): DestructibleActor (SM_GlassWindow_DM8)
[2018.05.14-16.33.30:392][874]Cmd: EDIT PASTE
[2018.05.14-16.33.49:215][794]LogEditorViewport: Clicking on Actor (LMB): StaticMeshActor (Floor7)
[2018.05.14-16.33.50:303][898]LogTemp: Repeating last play command: Selected Viewport
[2018.05.14-16.33.50:319][898]LogBlueprintUserMessages: Early PlayInEditor Detection: Level '/Game/Officelevel.Officelevel:PersistentLevel' has LevelScriptBlueprint '/Game/Officelevel.Officelevel:PersistentLevel.Officelevel' with GeneratedClass '/Game/Officelevel.Officelevel_C' with ClassGeneratedBy '/Game/Officelevel.Officelevel:PersistentLevel.Officelevel'
[2018.05.14-16.33.50:319][898]LogPlayLevel: PlayLevel: No blueprints needed recompiling
[2018.05.14-16.33.50:320][898]PIE: New page: PIE session: Officelevel (May 15, 2018, 11:33:50 AM)
[2018.05.14-16.33.50:320][898]LogPlayLevel: Creating play world package: /Game/UEDPIE_0_Officelevel
[2018.05.14-16.33.50:327][898]LogPlayLevel: PIE: StaticDuplicateObject took: (0.006751s)
[2018.05.14-16.33.50:328][898]LogAIModule: Creating AISystem for world Officelevel
[2018.05.14-16.33.50:328][898]LogPlayLevel: PIE: World Init took: (0.001169s)
[2018.05.14-16.33.50:328][898]LogPlayLevel: PIE: Created PIE world by copying editor world from /Game/Officelevel.Officelevel to /Game/UEDPIE_0_Officelevel.Officelevel (0.008251s)
[2018.05.14-16.33.50:367][898]LogInit: XAudio2 using 'Speakers (VIA HD Audio)' : 2 channels at 48 kHz using 32 bits per sample (channel mask 0x3)
[2018.05.14-16.33.50:372][898]LogInit: FAudioDevice initialized.
[2018.05.14-16.33.50:404][898]LogLoad: Game class is 'FirstPersonGameMode_C'
[2018.05.14-16.33.50:420][898]LogWorld: Bringing World /Game/UEDPIE_0_Officelevel.Officelevel up for play (max tick rate 0) at 2018.05.15-02.03.50
[2018.05.14-16.33.50:420][898]LogWorld: Bringing up level for play took: 0.015523
[2018.05.14-16.33.50:423][898]PIE: Play in editor start time for /Game/UEDPIE_0_Officelevel 0.233
[2018.05.14-16.33.50:424][898]LogBlueprintUserMessages: Late PlayInEditor Detection: Level '/Game/Officelevel.Officelevel:PersistentLevel' has LevelScriptBlueprint '/Game/Officelevel.Officelevel:PersistentLevel.Officelevel' with GeneratedClass '/Game/Officelevel.Officelevel_C' with ClassGeneratedBy '/Game/Officelevel.Officelevel:PersistentLevel.Officelevel'
[2018.05.14-16.34.04:974][588]LogCharacterMovement: FirstPersonCharacter_C_0 is stuck and failed to move! Velocity: X=-556.15 Y=-225.15 Z=0.00 Location: X=-10247.42 Y=-2534.92 Z=1217.30 Normal: X=0.14 Y=-0.91 Z=0.38 PenetrationDepth:15.922 Actor:SM_GlassWindow_DM12 Component:DestructibleComponent0 BoneName:Part024 (0 other events since notify)
[2018.05.14-16.34.06:380][641]LogBlueprintUserMessages: Early EndPlayMap Detection: Level '/Game/Officelevel.Officelevel:PersistentLevel' has LevelScriptBlueprint '/Game/Officelevel.Officelevel:PersistentLevel.Officelevel' with GeneratedClass '/Game/Officelevel.Officelevel_C' with ClassGeneratedBy '/Game/Officelevel.Officelevel:PersistentLevel.Officelevel'
[2018.05.14-16.34.06:447][641]LogBlueprintUserMessages: Late EndPlayMap Detection: Level '/Game/Officelevel.Officelevel:PersistentLevel' has LevelScriptBlueprint '/Game/Officelevel.Officelevel:PersistentLevel.Officelevel' with GeneratedClass '/Game/Officelevel.Officelevel_C' with ClassGeneratedBy '/Game/Officelevel.Officelevel:PersistentLevel.Officelevel'
[2018.05.14-16.34.09:573][944]LogEditorViewport: Clicking on Actor (LMB): DestructibleActor (SM_GlassWindow_DM10)
[2018.05.14-16.34.13:122][292]LogEditorViewport: Clicking on Actor (LMB): StaticMeshActor (SM_GlassWindow13)
[2018.05.14-16.34.19:915][962]LogTemp: Repeating last play command: Selected Viewport
[2018.05.14-16.34.19:932][962]LogBlueprintUserMessages: Early PlayInEditor Detection: Level '/Game/Officelevel.Officelevel:PersistentLevel' has LevelScriptBlueprint '/Game/Officelevel.Officelevel:PersistentLevel.Officelevel' with GeneratedClass '/Game/Officelevel.Officelevel_C' with ClassGeneratedBy '/Game/Officelevel.Officelevel:PersistentLevel.Officelevel'
[2018.05.14-16.34.19:932][962]LogPlayLevel: PlayLevel: No blueprints needed recompiling
[2018.05.14-16.34.19:932][962]PIE: New page: PIE session: Officelevel (May 15, 2018, 11:34:19 AM)
[2018.05.14-16.34.19:932][962]LogPlayLevel: Creating play world package: /Game/UEDPIE_0_Officelevel
[2018.05.14-16.34.19:939][962]LogPlayLevel: PIE: StaticDuplicateObject took: (0.006255s)
[2018.05.14-16.34.19:939][962]LogAIModule: Creating AISystem for world Officelevel
[2018.05.14-16.34.19:940][962]LogPlayLevel: PIE: World Init took: (0.000949s)
[2018.05.14-16.34.19:940][962]LogPlayLevel: PIE: Created PIE world by copying editor world from /Game/Officelevel.Officelevel to /Game/UEDPIE_0_Officelevel.Officelevel (0.007497s)
[2018.05.14-16.34.19:991][962]LogInit: XAudio2 using 'Speakers (VIA HD Audio)' : 2 channels at 48 kHz using 32 bits per sample (channel mask 0x3)
[2018.05.14-16.34.19:996][962]LogInit: FAudioDevice initialized.
[2018.05.14-16.34.20:032][962]LogLoad: Game class is 'FirstPersonGameMode_C'
[2018.05.14-16.34.20:048][962]LogWorld: Bringing World /Game/UEDPIE_0_Officelevel.Officelevel up for play (max tick rate 0) at 2018.05.15-02.04.20
[2018.05.14-16.34.20:048][962]LogWorld: Bringing up level for play took: 0.015774
[2018.05.14-16.34.20:052][962]PIE: Play in editor start time for /Game/UEDPIE_0_Officelevel -0.139
[2018.05.14-16.34.20:052][962]LogBlueprintUserMessages: Late PlayInEditor Detection: Level '/Game/Officelevel.Officelevel:PersistentLevel' has LevelScriptBlueprint '/Game/Officelevel.Officelevel:PersistentLevel.Officelevel' with GeneratedClass '/Game/Officelevel.Officelevel_C' with ClassGeneratedBy '/Game/Officelevel.Officelevel:PersistentLevel.Officelevel'
[2018.05.14-16.34.36:177][593]LogBlueprintUserMessages: Early EndPlayMap Detection: Level '/Game/Officelevel.Officelevel:PersistentLevel' has LevelScriptBlueprint '/Game/Officelevel.Officelevel:PersistentLevel.Officelevel' with GeneratedClass '/Game/Officelevel.Officelevel_C' with ClassGeneratedBy '/Game/Officelevel.Officelevel:PersistentLevel.Officelevel'
[2018.05.14-16.34.36:234][593]LogBlueprintUserMessages: Late EndPlayMap Detection: Level '/Game/Officelevel.Officelevel:PersistentLevel' has LevelScriptBlueprint '/Game/Officelevel.Officelevel:PersistentLevel.Officelevel' with GeneratedClass '/Game/Officelevel.Officelevel_C' with ClassGeneratedBy '/Game/Officelevel.Officelevel:PersistentLevel.Officelevel'
[2018.05.14-16.34.44:855][287]Cmd: SELECT NONE
[2018.05.14-16.34.47:330][574]Cmd: OBJ SAVEPACKAGE PACKAGE="/Game/Officelevel" FILE="C:/Users/Double/Documents/Unreal Projects/GameDesign/Content/Officelevel.umap" SILENT=true AUTOSAVING=false KEEPDIRTY=false
[2018.05.14-16.34.47:577][574]LogSavePackage: Save=189.09ms
[2018.05.14-16.34.47:577][574]LogSavePackage: Moving 'C:/Users/Double/Documents/Unreal Projects/GameDesign/Saved/Officelevel5752EF904DFAFEE35E4702961810ACEE.tmp' to 'C:/Users/Double/Documents/Unreal Projects/GameDesign/Content/Officelevel.umap'
[2018.05.14-16.34.47:583][574]LogSavePackage: Display: Finished SavePackage C:/Users/Double/Documents/Unreal Projects/GameDesign/Content/Officelevel.umap
[2018.05.14-16.34.47:609][574]Cmd: OBJ SAVEPACKAGE PACKAGE="/Game/Officelevel_BuiltData" FILE="C:/Users/Double/Documents/Unreal Projects/GameDesign/Content/Officelevel_BuiltData.uasset" SILENT=true
[2018.05.14-16.34.47:751][574]LogSavePackage: Save=128.84ms
[2018.05.14-16.34.47:751][574]LogSavePackage: Moving 'C:/Users/Double/Documents/Unreal Projects/GameDesign/Saved/Officelevel_BuiltDataCC15657745D16B3CBC3E7EB35AA87939.tmp' to 'C:/Users/Double/Documents/Unreal Projects/GameDesign/Content/Officelevel_BuiltData.uasset'
[2018.05.14-16.34.47:755][574]LogSavePackage: Display: Finished SavePackage C:/Users/Double/Documents/Unreal Projects/GameDesign/Content/Officelevel_BuiltData.uasset
[2018.05.14-16.36.50:128][906]Cmd: QUIT_EDITOR
[2018.05.14-16.36.50:173][906]LogExit: Preparing to exit.
[2018.05.14-16.36.51:402][906]LogExit: Editor shut down
[2018.05.14-16.36.51:409][906]LogExit: Transaction tracking system shut down
[2018.05.14-16.36.51:577][906]LogDirectoryWatcher: A directory notification for '../../../Engine/Content/' was aborted.
[2018.05.14-16.36.51:577][906]LogDirectoryWatcher: A directory notification for 'C:/Users/Double/Documents/Unreal Projects/GameDesign/Content/' was aborted.
[2018.05.14-16.36.51:577][906]LogDirectoryWatcher: A directory notification for '../../../Engine/Plugins/2D/Paper2D/Content/' was aborted.
[2018.05.14-16.36.51:577][906]LogDirectoryWatcher: A directory notification for '../../../Engine/Plugins/Runtime/Oculus/OculusVR/Content/' was aborted.
[2018.05.14-16.36.51:577][906]LogDirectoryWatcher: A directory notification for '../../../Engine/Plugins/Runtime/Steam/SteamVR/Content/' was aborted.
[2018.05.14-16.36.51:651][906]LogExit: Object subsystem successfully closed.
[2018.05.14-16.36.51:668][906]LogD3D11RHI: Shutdown
[2018.05.14-16.36.51:668][906]LogD3D11RHI: CleanupD3DDevice
[2018.05.14-16.36.51:671][906]LogD3D11RHI: ~FD3D11DynamicRHI
[2018.05.14-16.36.51:683][906]LogModuleManager: Shutting down and abandoning module MovieSceneCapture (534)
[2018.05.14-16.36.51:683][906]LogModuleManager: Shutting down and abandoning module HierarchicalLODUtilities (532)
[2018.05.14-16.36.51:683][906]LogModuleManager: Shutting down and abandoning module HierarchicalLODOutliner (530)
[2018.05.14-16.36.51:683][906]LogModuleManager: Shutting down and abandoning module SceneOutliner (528)
[2018.05.14-16.36.51:683][906]LogModuleManager: Shutting down and abandoning module AddContentDialog (526)
[2018.05.14-16.36.51:684][906]LogDirectoryWatcher: A directory notification for 'F:/Unreal Engine/UE_4.17/FeaturePacks/' was aborted.
[2018.05.14-16.36.51:685][906]LogModuleManager: Shutting down and abandoning module WidgetCarousel (525)
[2018.05.14-16.36.51:685][906]LogModuleManager: Shutting down and abandoning module EditorWidgets (522)
[2018.05.14-16.36.51:685][906]LogModuleManager: Shutting down and abandoning module CollectionManager (520)
[2018.05.14-16.36.51:685][906]LogDirectoryWatcher: A directory notification for 'C:/Users/Double/Documents/Unreal Projects/GameDesign/Content/Collections/' was aborted.
[2018.05.14-16.36.51:685][906]LogDirectoryWatcher: A directory notification for 'C:/Users/Double/Documents/Unreal Projects/GameDesign/Content/Developers/Double/Collections/' was aborted.
[2018.05.14-16.36.51:685][906]LogDirectoryWatcher: A directory notification for 'C:/Users/Double/Documents/Unreal Projects/GameDesign/Saved/Collections/' was aborted.
[2018.05.14-16.36.51:685][906]LogModuleManager: Shutting down and abandoning module StatsViewer (518)
[2018.05.14-16.36.51:685][906]LogModuleManager: Shutting down and abandoning module FoliageEdit (516)
[2018.05.14-16.36.51:685][906]LogModuleManager: Shutting down and abandoning module LandscapeEditor (514)
[2018.05.14-16.36.51:686][906]LogModuleManager: Shutting down and abandoning module MeshPaintMode (512)
[2018.05.14-16.36.51:686][906]LogModuleManager: Shutting down and abandoning module SceneDepthPickerMode (510)
[2018.05.14-16.36.51:686][906]LogModuleManager: Shutting down and abandoning module ActorPickerMode (508)
[2018.05.14-16.36.51:686][906]LogModuleManager: Shutting down and abandoning module GeometryMode (506)
[2018.05.14-16.36.51:686][906]LogModuleManager: Shutting down and abandoning module TextureAlignMode (504)
[2018.05.14-16.36.51:686][906]LogModuleManager: Shutting down and abandoning module BspMode (502)
[2018.05.14-16.36.51:686][906]LogModuleManager: Shutting down and abandoning module PIEPreviewDeviceProfileSelector (500)
[2018.05.14-16.36.51:686][906]LogModuleManager: Shutting down and abandoning module HardwareSurvey (498)
[2018.05.14-16.36.51:686][906]LogModuleManager: Shutting down and abandoning module SequenceRecorderSections (496)
[2018.05.14-16.36.51:686][906]LogModuleManager: Shutting down and abandoning module AutomationWorker (494)
[2018.05.14-16.36.51:686][906]LogModuleManager: Shutting down and abandoning module MatineeToLevelSequence (492)
[2018.05.14-16.36.51:686][906]LogModuleManager: Shutting down and abandoning module LevelSequenceEditor (490)
[2018.05.14-16.36.51:686][906]LogModuleManager: Shutting down and abandoning module PlacementMode (489)
[2018.05.14-16.36.51:686][906]LogModuleManager: Shutting down and abandoning module WmfMediaFactory (486)
[2018.05.14-16.36.51:686][906]LogModuleManager: Shutting down and abandoning module WmfMediaEditor (484)
[2018.05.14-16.36.51:686][906]LogModuleManager: Shutting down and abandoning module AvfMediaFactory (482)
[2018.05.14-16.36.51:686][906]LogModuleManager: Shutting down and abandoning module AvfMediaEditor (480)
[2018.05.14-16.36.51:686][906]LogModuleManager: Shutting down and abandoning module AndroidMediaFactory (478)
[2018.05.14-16.36.51:686][906]LogModuleManager: Shutting down and abandoning module Media (477)
[2018.05.14-16.36.51:686][906]LogModuleManager: Shutting down and abandoning module AndroidMediaEditor (474)
[2018.05.14-16.36.51:686][906]LogModuleManager: Shutting down and abandoning module CharacterAI (472)
[2018.05.14-16.36.51:686][906]LogModuleManager: Shutting down and abandoning module AudioCapture (470)
[2018.05.14-16.36.51:686][906]LogModuleManager: Shutting down and abandoning module SequenceRecorder (469)
[2018.05.14-16.36.51:686][906]LogModuleManager: Shutting down and abandoning module SmartSnapping (466)
[2018.05.14-16.36.51:686][906]LogModuleManager: Shutting down and abandoning module SessionServices (464)
[2018.05.14-16.36.51:686][906]LogModuleManager: Shutting down and abandoning module ViewportSnapping (462)
[2018.05.14-16.36.51:686][906]LogModuleManager: Shutting down and abandoning module ViewportInteraction (460)
[2018.05.14-16.36.51:686][906]LogModuleManager: Shutting down and abandoning module ClothPainter (458)
[2018.05.14-16.36.51:686][906]LogModuleManager: Shutting down and abandoning module LogVisualizer (456)
[2018.05.14-16.36.51:687][906]LogModuleManager: Shutting down and abandoning module IntroTutorials (454)
[2018.05.14-16.36.51:687][906]LogModuleManager: Shutting down and abandoning module GameProjectGeneration (453)
[2018.05.14-16.36.51:687][906]LogModuleManager: Shutting down and abandoning module IOSPlatformEditor (450)
[2018.05.14-16.36.51:687][906]LogModuleManager: Shutting down and abandoning module HTML5PlatformEditor (448)
[2018.05.14-16.36.51:687][906]LogModuleManager: Shutting down and abandoning module AndroidPlatformEditor (446)
[2018.05.14-16.36.51:687][906]LogModuleManager: Shutting down and abandoning module AndroidDeviceDetection (445)
[2018.05.14-16.36.52:044][906]LogModuleManager: Shutting down and abandoning module WindowsPlatformEditor (442)
[2018.05.14-16.36.52:044][906]LogModuleManager: Shutting down and abandoning module IOSRuntimeSettings (440)
[2018.05.14-16.36.52:044][906]LogModuleManager: Shutting down and abandoning module AndroidRuntimeSettings (438)
[2018.05.14-16.36.52:044][906]LogModuleManager: Shutting down and abandoning module InputBindingEditor (436)
[2018.05.14-16.36.52:044][906]LogModuleManager: Shutting down and abandoning module MergeActors (434)
[2018.05.14-16.36.52:044][906]LogModuleManager: Shutting down and abandoning module SizeMap (432)
[2018.05.14-16.36.52:044][906]LogModuleManager: Shutting down and abandoning module TreeMap (430)
[2018.05.14-16.36.52:045][906]LogModuleManager: Shutting down and abandoning module ReferenceViewer (428)
[2018.05.14-16.36.52:045][906]LogModuleManager: Shutting down and abandoning module LocalizationDashboard (426)
[2018.05.14-16.36.52:045][906]LogModuleManager: Shutting down and abandoning module LocalizationService (425)
[2018.05.14-16.36.52:045][906]LogModuleManager: Shutting down and abandoning module HardwareTargeting (422)
[2018.05.14-16.36.52:045][906]LogModuleManager: Shutting down and abandoning module DeviceProfileEditor (420)
[2018.05.14-16.36.52:045][906]LogModuleManager: Shutting down and abandoning module UndoHistory (418)
[2018.05.14-16.36.52:045][906]LogModuleManager: Shutting down and abandoning module XmlParser (416)
[2018.05.14-16.36.52:045][906]LogModuleManager: Shutting down and abandoning module Blutility (414)
[2018.05.14-16.36.52:045][906]LogModuleManager: Shutting down and abandoning module ProjectSettingsViewer (412)
[2018.05.14-16.36.52:045][906]LogModuleManager: Shutting down and abandoning module ProjectTargetPlatformEditor (411)
[2018.05.14-16.36.52:045][906]LogModuleManager: Shutting down and abandoning module EditorSettingsViewer (408)
[2018.05.14-16.36.52:045][906]LogModuleManager: Shutting down and abandoning module SettingsEditor (406)
[2018.05.14-16.36.52:045][906]LogModuleManager: Shutting down and abandoning module ProjectLauncher (404)
[2018.05.14-16.36.52:045][906]LogModuleManager: Shutting down and abandoning module SessionFrontend (402)
[2018.05.14-16.36.52:045][906]LogModuleManager: Shutting down and abandoning module ProfilerClient (400)
[2018.05.14-16.36.52:045][906]LogModuleManager: Shutting down and abandoning module DeviceManager (398)
[2018.05.14-16.36.52:045][906]LogModuleManager: Shutting down and abandoning module TargetDeviceServices (397)
[2018.05.14-16.36.52:086][906]LogModuleManager: Shutting down and abandoning module AutomationController (394)
[2018.05.14-16.36.52:086][906]LogModuleManager: Shutting down and abandoning module AutomationWindow (392)
[2018.05.14-16.36.52:086][906]LogModuleManager: Shutting down and abandoning module Layers (390)
[2018.05.14-16.36.52:086][906]LogModuleManager: Shutting down and abandoning module ComponentVisualizers (388)
[2018.05.14-16.36.52:086][906]LogModuleManager: Shutting down and abandoning module DetailCustomizations (386)
[2018.05.14-16.36.52:086][906]LogModuleManager: Shutting down and abandoning module PackagesDialog (384)
[2018.05.14-16.36.52:086][906]LogModuleManager: Shutting down and abandoning module Persona (382)
[2018.05.14-16.36.52:086][906]LogModuleManager: Shutting down and abandoning module AdvancedPreviewScene (381)
[2018.05.14-16.36.52:086][906]LogModuleManager: Shutting down and abandoning module AnimGraph (379)
[2018.05.14-16.36.52:086][906]LogModuleManager: Shutting down and abandoning module Kismet (376)
[2018.05.14-16.36.52:087][906]LogModuleManager: Shutting down and abandoning module ClassViewer (374)
[2018.05.14-16.36.52:087][906]LogModuleManager: Shutting down and abandoning module Toolbox (372)
[2018.05.14-16.36.52:087][906]LogModuleManager: Shutting down and abandoning module ModuleUI (370)
[2018.05.14-16.36.52:087][906]LogModuleManager: Shutting down and abandoning module MovieSceneTools (368)
[2018.05.14-16.36.52:087][906]LogModuleManager: Shutting down and abandoning module OutputLog (366)
[2018.05.14-16.36.52:087][906]LogModuleManager: Shutting down and abandoning module GammaUI (364)
[2018.05.14-16.36.52:087][906]LogModuleManager: Shutting down and abandoning module Documentation (362)
[2018.05.14-16.36.52:087][906]LogModuleManager: Shutting down and abandoning module MovieSceneTracks (360)
[2018.05.14-16.36.52:088][906]LogModuleManager: Shutting down and abandoning module MovieScene (358)
[2018.05.14-16.36.52:088][906]LogModuleManager: Shutting down and abandoning module Niagara (356)
[2018.05.14-16.36.52:088][906]LogModuleManager: Shutting down and abandoning module NiagaraEditor (355)
[2018.05.14-16.36.52:088][906]LogModuleManager: Shutting down and abandoning module StreamingPauseRendering (352)
[2018.05.14-16.36.52:088][906]LogModuleManager: Shutting down and abandoning module LauncherPlatform (350)
[2018.05.14-16.36.52:088][906]LogModuleManager: Shutting down and abandoning module AnalyticsET (348)
[2018.05.14-16.36.52:088][906]LogModuleManager: Shutting down and abandoning module PortalServices (346)
[2018.05.14-16.36.52:088][906]LogModuleManager: Shutting down and abandoning module PortalRpc (344)
[2018.05.14-16.36.52:088][906]LogModuleManager: Shutting down and abandoning module MessagingRpc (342)
[2018.05.14-16.36.52:088][906]LogModuleManager: Shutting down and abandoning module AIModule (340)
[2018.05.14-16.36.52:088][906]LogModuleManager: Shutting down and abandoning module GameplayDebugger (339)
[2018.05.14-16.36.52:088][906]LogModuleManager: Shutting down and abandoning module AITestSuite (337)
[2018.05.14-16.36.52:088][906]LogModuleManager: Shutting down and abandoning module ProfilerService (334)
[2018.05.14-16.36.52:142][906]LogModuleManager: Shutting down and abandoning module TaskGraph (332)
[2018.05.14-16.36.52:142][906]LogModuleManager: Shutting down and abandoning module SteamVRController (330)
[2018.05.14-16.36.52:142][906]LogModuleManager: Shutting down and abandoning module ProceduralMeshComponentEditor (328)
[2018.05.14-16.36.52:142][906]LogModuleManager: Shutting down and abandoning module ProceduralMeshComponent (326)
[2018.05.14-16.36.52:143][906]LogModuleManager: Shutting down and abandoning module OculusInput (324)
[2018.05.14-16.36.52:143][906]LogModuleManager: Shutting down and abandoning module MobilePatchingUtils (322)
[2018.05.14-16.36.52:143][906]LogModuleManager: Shutting down and abandoning module CustomMeshComponent (320)
[2018.05.14-16.36.52:143][906]LogModuleManager: Shutting down and abandoning module CableComponent (318)
[2018.05.14-16.36.52:143][906]LogModuleManager: Shutting down and abandoning module ArchVisCharacter (316)
[2018.05.14-16.36.52:143][906]LogModuleManager: Shutting down and abandoning module AndroidPermission (314)
[2018.05.14-16.36.52:143][906]LogModuleManager: Shutting down and abandoning module MediaPlayerEditor (310)
[2018.05.14-16.36.52:143][906]LogModuleManager: Shutting down and abandoning module HTML5Networking (308)
[2018.05.14-16.36.52:143][906]LogModuleManager: Shutting down and abandoning module AlembicImporter (306)
[2018.05.14-16.36.52:143][906]LogModuleManager: Shutting down and abandoning module AlembicLibrary (305)
[2018.05.14-16.36.52:143][906]LogModuleManager: Shutting down and abandoning module GeometryCache (304)
[2018.05.14-16.36.52:143][906]LogModuleManager: Shutting down and abandoning module GeometryCacheEd (303)
[2018.05.14-16.36.52:143][906]LogModuleManager: Shutting down and abandoning module SpeedTreeImporter (298)
[2018.05.14-16.36.52:143][906]LogModuleManager: Shutting down and abandoning module PluginBrowser (296)
[2018.05.14-16.36.52:143][906]LogModuleManager: Shutting down and abandoning module MobileLauncherProfileWizard (294)
[2018.05.14-16.36.52:143][906]LogModuleManager: Shutting down and abandoning module VisualStudioSourceCodeAccess (292)
[2018.05.14-16.36.52:143][906]LogModuleManager: Shutting down and abandoning module DesktopPlatform (291)
[2018.05.14-16.36.52:143][906]LogModuleManager: Shutting down and abandoning module UObjectPlugin (288)
[2018.05.14-16.36.52:143][906]LogModuleManager: Shutting down and abandoning module SubversionSourceControl (286)
[2018.05.14-16.36.52:143][906]LogModuleManager: Shutting down and abandoning module PerforceSourceControl (284)
[2018.05.14-16.36.52:143][906]LogModuleManager: Shutting down and abandoning module GitSourceControl (282)
[2018.05.14-16.36.52:143][906]LogModuleManager: Shutting down and abandoning module SourceControl (281)
[2018.05.14-16.36.52:143][906]LogModuleManager: Shutting down and abandoning module LightPropagationVolumeEditor (278)
[2018.05.14-16.36.52:143][906]LogModuleManager: Shutting down and abandoning module PaperTiledImporter (276)
[2018.05.14-16.36.52:143][906]LogModuleManager: Shutting down and abandoning module PaperSpriteSheetImporter (274)
[2018.05.14-16.36.52:143][906]LogModuleManager: Shutting down and abandoning module Paper2DEditor (272)
[2018.05.14-16.36.52:144][906]LogModuleManager: Shutting down and abandoning module MeshPaint (271)
[2018.05.14-16.36.52:144][906]LogModuleManager: Shutting down and abandoning module LevelEditor (269)
[2018.05.14-16.36.52:145][906]LogModuleManager: Shutting down and abandoning module PixelInspectorModule (268)
[2018.05.14-16.36.52:145][906]LogModuleManager: Shutting down and abandoning module MainFrame (266)
[2018.05.14-16.36.52:145][906]LogModuleManager: Shutting down and abandoning module HotReload (265)
[2018.05.14-16.36.52:145][906]LogModuleManager: Shutting down and abandoning module RuntimePhysXCooking (260)
[2018.05.14-16.36.52:145][906]LogModuleManager: Shutting down and abandoning module PhysXVehiclesEditor (258)
[2018.05.14-16.36.52:145][906]LogModuleManager: Shutting down and abandoning module PhysXVehicles (256)
[2018.05.14-16.36.52:145][906]LogModuleManager: Shutting down and abandoning module OculusEditor (254)
[2018.05.14-16.36.52:145][906]LogModuleManager: Shutting down and abandoning module LocationServicesBPLibrary (252)
[2018.05.14-16.36.52:145][906]LogModuleManager: Shutting down and abandoning module ImmediatePhysicsEditor (250)
[2018.05.14-16.36.52:146][906]LogModuleManager: Shutting down and abandoning module ImmediatePhysics (248)
[2018.05.14-16.36.52:146][906]LogModuleManager: Shutting down and abandoning module UdpMessaging (246)
[2018.05.14-16.36.52:246][906]LogModuleManager: Shutting down and abandoning module TcpMessaging (244)
[2018.05.14-16.36.52:346][906]LogModuleManager: Shutting down and abandoning module GameplayTagsEditor (242)
[2018.05.14-16.36.52:346][906]LogModuleManager: Shutting down and abandoning module FacialAnimationEditor (240)
[2018.05.14-16.36.52:346][906]LogModuleManager: Shutting down and abandoning module FacialAnimation (238)
[2018.05.14-16.36.52:346][906]LogModuleManager: Shutting down and abandoning module AssetManagerEditor (236)
[2018.05.14-16.36.52:346][906]LogModuleManager: Shutting down and abandoning module GraphEditor (235)
[2018.05.14-16.36.52:346][906]LogModuleManager: Shutting down and abandoning module ContentBrowser (233)
[2018.05.14-16.36.52:348][906]LogModuleManager: Shutting down and abandoning module LightPropagationVolumeRuntime (230)
[2018.05.14-16.36.52:348][906]LogModuleManager: Shutting down and abandoning module Paper2D (228)
[2018.05.14-16.36.52:348][906]LogModuleManager: Shutting down and abandoning module WindowsMoviePlayer (226)
[2018.05.14-16.36.52:348][906]LogModuleManager: Shutting down and abandoning module WmfMedia (224)
[2018.05.14-16.36.52:349][906]LogModuleManager: Shutting down and abandoning module PacketHandler (222)
[2018.05.14-16.36.52:349][906]LogModuleManager: Shutting down and abandoning module ClothingSystemEditor (220)
[2018.05.14-16.36.52:349][906]LogModuleManager: Shutting down and abandoning module ClothingSystemRuntime (218)
[2018.05.14-16.36.52:349][906]LogModuleManager: Shutting down and abandoning module Overlay (216)
[2018.05.14-16.36.52:349][906]LogModuleManager: Shutting down and abandoning module OverlayEditor (215)
[2018.05.14-16.36.52:349][906]LogModuleManager: Shutting down and abandoning module MediaAssets (212)
[2018.05.14-16.36.52:349][906]LogModuleManager: Shutting down and abandoning module VREditor (210)
[2018.05.14-16.36.52:349][906]LogModuleManager: Shutting down and abandoning module StringTableEditor (208)
[2018.05.14-16.36.52:349][906]LogModuleManager: Shutting down and abandoning module GameplayTasksEditor (206)
[2018.05.14-16.36.52:349][906]LogModuleManager: Shutting down and abandoning module BehaviorTreeEditor (204)
[2018.05.14-16.36.52:349][906]LogModuleManager: Shutting down and abandoning module FunctionalTesting (202)
[2018.05.14-16.36.52:349][906]LogModuleManager: Shutting down and abandoning module CollisionAnalyzer (200)
[2018.05.14-16.36.52:349][906]LogModuleManager: Shutting down and abandoning module WorkspaceMenuStructure (199)
[2018.05.14-16.36.52:349][906]LogModuleManager: Shutting down and abandoning module UMG (196)
[2018.05.14-16.36.52:349][906]LogModuleManager: Shutting down and abandoning module UMGEditor (195)
[2018.05.14-16.36.52:349][906]LogModuleManager: Shutting down and abandoning module Sequencer (194)
[2018.05.14-16.36.52:350][906]LogModuleManager: Shutting down and abandoning module MessageLog (191)
[2018.05.14-16.36.52:350][906]LogModuleManager: Shutting down and abandoning module SlateReflector (186)
[2018.05.14-16.36.52:350][906]LogModuleManager: Shutting down and abandoning module Slate (184)
[2018.05.14-16.36.52:350][906]LogModuleManager: Shutting down and abandoning module EditorStyle (182)
[2018.05.14-16.36.52:353][906]LogModuleManager: Shutting down and abandoning module MRMesh (180)
[2018.05.14-16.36.52:353][906]LogModuleManager: Shutting down and abandoning module SourceCodeAccess (178)
[2018.05.14-16.36.52:353][906]LogModuleManager: Shutting down and abandoning module HeadMountedDisplay (176)
[2018.05.14-16.36.52:353][906]LogModuleManager: Shutting down and abandoning module XAudio2 (174)
[2018.05.14-16.36.52:353][906]LogModuleManager: Shutting down and abandoning module Networking (172)
[2018.05.14-16.36.52:353][906]LogModuleManager: Shutting down and abandoning module Core (168)
[2018.05.14-16.36.52:353][906]LogModuleManager: Shutting down and abandoning module KismetCompiler (164)
[2018.05.14-16.36.52:353][906]LogModuleManager: Shutting down and abandoning module MeshUtilities (162)
[2018.05.14-16.36.52:353][906]LogModuleManager: Shutting down and abandoning module MeshMergeUtilities (161)
[2018.05.14-16.36.52:353][906]LogModuleManager: Shutting down and abandoning module MeshReductionInterface (160)
[2018.05.14-16.36.52:353][906]LogModuleManager: Shutting down and abandoning module SimplygonSwarm (159)
[2018.05.14-16.36.52:353][906]LogModuleManager: Shutting down and abandoning module SimplygonMeshReduction (157)
[2018.05.14-16.36.52:353][906]LogModuleManager: Shutting down and abandoning module QuadricMeshReduction (155)
[2018.05.14-16.36.52:353][906]LogModuleManager: Shutting down and abandoning module MaterialBaking (151)
[2018.05.14-16.36.52:353][906]LogModuleManager: Shutting down and abandoning module LevelSequence (148)
[2018.05.14-16.36.52:353][906]LogModuleManager: Shutting down and abandoning module DirectoryWatcher (146)
[2018.05.14-16.36.52:354][906]LogModuleManager: Shutting down and abandoning module DerivedDataCache (144)
[2018.05.14-16.36.52:365][906]LogDerivedDataCache: Shutdown
[2018.05.14-16.36.52:365][906]LogModuleManager: Shutting down and abandoning module TargetPlatform (142)
[2018.05.14-16.36.52:365][906]LogModuleManager: Shutting down and abandoning module VulkanShaderFormat (141)
[2018.05.14-16.36.52:365][906]LogModuleManager: Shutting down and abandoning module ShaderFormatVectorVM (139)
[2018.05.14-16.36.52:366][906]LogModuleManager: Shutting down and abandoning module ShaderFormatOpenGL (137)
[2018.05.14-16.36.52:366][906]LogModuleManager: Shutting down and abandoning module ShaderFormatD3D (135)
[2018.05.14-16.36.52:366][906]LogModuleManager: Shutting down and abandoning module MetalShaderFormat (133)
[2018.05.14-16.36.52:366][906]LogModuleManager: Shutting down and abandoning module TextureFormatUncompressed (131)
[2018.05.14-16.36.52:366][906]LogModuleManager: Shutting down and abandoning module TextureFormatPVR (129)
[2018.05.14-16.36.52:366][906]LogModuleManager: Shutting down and abandoning module TextureFormatDXT (127)
[2018.05.14-16.36.52:366][906]LogModuleManager: Shutting down and abandoning module TextureFormatIntelISPCTexComp (125)
[2018.05.14-16.36.52:366][906]LogModuleManager: Shutting down and abandoning module TextureFormatASTC (123)
[2018.05.14-16.36.52:366][906]LogModuleManager: Shutting down and abandoning module ImageWrapper (122)
[2018.05.14-16.36.52:366][906]LogModuleManager: Shutting down and abandoning module TextureFormatAndroid (119)
[2018.05.14-16.36.52:366][906]LogModuleManager: Shutting down and abandoning module AudioFormatOpus (117)
[2018.05.14-16.36.52:366][906]LogModuleManager: Shutting down and abandoning module AudioFormatOgg (115)
[2018.05.14-16.36.52:366][906]LogModuleManager: Shutting down and abandoning module AudioFormatADPCM (113)
[2018.05.14-16.36.52:366][906]LogModuleManager: Shutting down and abandoning module LinuxTargetPlatform (111)
[2018.05.14-16.36.52:366][906]LogModuleManager: Shutting down and abandoning module LinuxServerTargetPlatform (109)
[2018.05.14-16.36.52:366][906]LogModuleManager: Shutting down and abandoning module LinuxNoEditorTargetPlatform (107)
[2018.05.14-16.36.52:366][906]LogModuleManager: Shutting down and abandoning module LinuxClientTargetPlatform (105)
[2018.05.14-16.36.52:366][906]LogModuleManager: Shutting down and abandoning module TVOSTargetPlatform (103)
[2018.05.14-16.36.52:366][906]LogModuleManager: Shutting down and abandoning module Messaging (101)
[2018.05.14-16.36.52:366][906]LogModuleManager: Shutting down and abandoning module IOSTargetPlatform (99)
[2018.05.14-16.36.52:366][906]LogModuleManager: Shutting down and abandoning module HTML5TargetPlatform (97)
[2018.05.14-16.36.52:366][906]LogModuleManager: Shutting down and abandoning module Android_PVRTCTargetPlatform (95)
[2018.05.14-16.36.52:366][906]LogModuleManager: Shutting down and abandoning module Android_MultiTargetPlatform (93)
[2018.05.14-16.36.52:366][906]LogModuleManager: Shutting down and abandoning module Android_ETC2TargetPlatform (91)
[2018.05.14-16.36.52:366][906]LogModuleManager: Shutting down and abandoning module Android_ETC1TargetPlatform (89)
[2018.05.14-16.36.52:366][906]LogModuleManager: Shutting down and abandoning module Android_DXTTargetPlatform (87)
[2018.05.14-16.36.52:366][906]LogModuleManager: Shutting down and abandoning module Android_ATCTargetPlatform (85)
[2018.05.14-16.36.52:366][906]LogModuleManager: Shutting down and abandoning module Android_ASTCTargetPlatform (83)
[2018.05.14-16.36.52:366][906]LogModuleManager: Shutting down and abandoning module AndroidTargetPlatform (81)
[2018.05.14-16.36.52:366][906]LogModuleManager: Shutting down and abandoning module WindowsTargetPlatform (79)
[2018.05.14-16.36.52:366][906]LogModuleManager: Shutting down and abandoning module WindowsServerTargetPlatform (77)
[2018.05.14-16.36.52:366][906]LogModuleManager: Shutting down and abandoning module WindowsNoEditorTargetPlatform (75)
[2018.05.14-16.36.52:366][906]LogModuleManager: Shutting down and abandoning module WindowsClientTargetPlatform (73)
[2018.05.14-16.36.52:366][906]LogModuleManager: Shutting down and abandoning module MacTargetPlatform (71)
[2018.05.14-16.36.52:367][906]LogModuleManager: Shutting down and abandoning module MacServerTargetPlatform (69)
[2018.05.14-16.36.52:367][906]LogModuleManager: Shutting down and abandoning module MacNoEditorTargetPlatform (67)
[2018.05.14-16.36.52:367][906]LogModuleManager: Shutting down and abandoning module MacClientTargetPlatform (65)
[2018.05.14-16.36.52:367][906]LogModuleManager: Shutting down and abandoning module AllDesktopTargetPlatform (63)
[2018.05.14-16.36.52:367][906]LogModuleManager: Shutting down and abandoning module InputCore (60)
[2018.05.14-16.36.52:367][906]LogModuleManager: Shutting down and abandoning module Settings (58)
[2018.05.14-16.36.52:367][906]LogModuleManager: Shutting down and abandoning module PhysXCooking (56)
[2018.05.14-16.36.52:367][906]LogModuleManager: Shutting down and abandoning module SteamVR (54)
[2018.05.14-16.36.52:367][906]LogModuleManager: Shutting down and abandoning module OculusHMD (52)
[2018.05.14-16.36.52:367][906]LogModuleManager: Shutting down and abandoning module ExampleDeviceProfileSelector (50)
[2018.05.14-16.36.52:367][906]LogModuleManager: Shutting down and abandoning module OnlineBlueprintSupport (48)
[2018.05.14-16.36.52:367][906]LogModuleManager: Shutting down and abandoning module OnlineSubsystem (44)
[2018.05.14-16.36.52:367][906]LogOnline: Display: Unloading online subsystem: NULL
[2018.05.14-16.36.52:367][906]LogModuleManager: Shutting down and abandoning module XMPP (43)
[2018.05.14-16.36.52:367][906]LogModuleManager: Shutting down and abandoning module HTTP (41)
[2018.05.14-16.36.52:367][906]LogHttp: Display: Http module shutting down, but needs to wait on 1 outstanding Http requests:
[2018.05.14-16.36.52:367][906]LogHttp: Display: 	verb=[POST] url=[https://datarouter.ol.epicgames.com/datarouter/api/v1/public/data?SessionID=%7B34C28264-45A8-A6E5-F4E9-BC907611E28C%7D&AppID=UEEditor.Rocket.Release&AppVersion=4.17.2-3658906%2B%2B%2BUE4%2BRelease-4.17&UserID=14ff7836474a041dbb0ab595dd95f386%7C03c46d714e434504a60eccd0eae6275a%7C9aed7643-48fa-4352-86a6-c57b58fde8af&AppEnvironment=datacollector-binary&UploadType=eteventstream] status=Processing
[2018.05.14-16.36.52:394][906]LogModuleManager: Shutting down and abandoning module SSL (40)
[2018.05.14-16.36.52:395][906]LogModuleManager: Shutting down and abandoning module AnimationModifiers (36)
[2018.05.14-16.36.52:395][906]LogModuleManager: Shutting down and abandoning module PropertyEditor (35)
[2018.05.14-16.36.52:395][906]LogModuleManager: Shutting down and abandoning module AudioEditor (32)
[2018.05.14-16.36.52:395][906]LogModuleManager: Shutting down and abandoning module TextureCompressor (30)
[2018.05.14-16.36.52:395][906]LogModuleManager: Shutting down and abandoning module ShaderCore (28)
[2018.05.14-16.36.52:395][906]LogModuleManager: Shutting down and abandoning module Landscape (26)
[2018.05.14-16.36.52:396][906]LogModuleManager: Shutting down and abandoning module SlateRHIRenderer (24)
[2018.05.14-16.36.52:398][906]LogModuleManager: Shutting down and abandoning module OpenGLDrv (22)
[2018.05.14-16.36.52:398][906]LogModuleManager: Shutting down and abandoning module D3D11RHI (20)
[2018.05.14-16.36.52:398][906]LogModuleManager: Shutting down and abandoning module AnimGraphRuntime (18)
[2018.05.14-16.36.52:398][906]LogModuleManager: Shutting down and abandoning module Renderer (16)
[2018.05.14-16.36.52:398][906]LogModuleManager: Shutting down and abandoning module Engine (14)
[2018.05.14-16.36.52:398][906]LogModuleManager: Shutting down and abandoning module CoreUObject (12)
[2018.05.14-16.36.52:398][906]LogModuleManager: Shutting down and abandoning module NetworkFile (10)
[2018.05.14-16.36.52:398][906]LogModuleManager: Shutting down and abandoning module CookedIterativeFile (8)
[2018.05.14-16.36.52:398][906]LogModuleManager: Shutting down and abandoning module StreamingFile (6)
[2018.05.14-16.36.52:398][906]LogModuleManager: Shutting down and abandoning module SandboxFile (4)
[2018.05.14-16.36.52:398][906]LogModuleManager: Shutting down and abandoning module PakFile (2)
[2018.05.14-16.36.52:402][906]LogExit: Exiting.
[2018.05.14-16.36.52:414][906]Log file closed, 05/15/18 02:06:52
