Log file open, 05/18/18 05:46:59
LogWindows: Failed to load 'aqProf.dll' (GetLastError=126)
LogWindows: File 'aqProf.dll' does not exist
LogWindows: Failed to load 'VSPerf140.dll' (GetLastError=126)
LogWindows: File 'VSPerf140.dll' does not exist
LogWindows: Failed to load 'VtuneApi.dll' (GetLastError=126)
LogWindows: File 'VtuneApi.dll' does not exist
LogWindows: Failed to load 'VtuneApi32e.dll' (GetLastError=126)
LogWindows: File 'VtuneApi32e.dll' does not exist
LogInit: Display: Running engine for game: GameDesign
LogPlatformFile: Not using cached read wrapper
LogInit: Display: RandInit(1064917137) SRandInit(1064917138).
LogTaskGraph: Started task graph with 5 named threads and 14 total threads with 3 sets of task threads.
LogStats: Stats thread started at 3.935153
LogD3D11RHI: Aftermath initialized
LogPluginManager: Mounting plugin Paper2D
LogPluginManager: Mounting plugin LightPropagationVolume
LogPluginManager: Mounting plugin CodeLiteSourceCodeAccess
LogPluginManager: Mounting plugin GitSourceControl
LogPluginManager: Mounting plugin KDevelopSourceCodeAccess
LogPluginManager: Mounting plugin NullSourceCodeAccess
LogPluginManager: Mounting plugin PerforceSourceControl
LogPluginManager: Mounting plugin SubversionSourceControl
LogPluginManager: Mounting plugin UObjectPlugin
LogPluginManager: Mounting plugin VisualStudioSourceCodeAccess
LogPluginManager: Mounting plugin XCodeSourceCodeAccess
LogPluginManager: Mounting plugin AssetManagerEditor
LogPluginManager: Mounting plugin AudioCapture
LogPluginManager: Mounting plugin FacialAnimation
LogPluginManager: Mounting plugin GameplayTagsEditor
LogPluginManager: Mounting plugin MobileLauncherProfileWizard
LogPluginManager: Mounting plugin PluginBrowser
LogPluginManager: Mounting plugin SpeedTreeImporter
LogPluginManager: Mounting plugin AlembicImporter
LogPluginManager: Mounting plugin CharacterAI
LogPluginManager: Mounting plugin HTML5Networking
LogPluginManager: Mounting plugin AndroidMedia
LogPluginManager: Mounting plugin AvfMedia
LogPluginManager: Mounting plugin MediaPlayerEditor
LogPluginManager: Mounting plugin WmfMedia
LogPluginManager: Mounting plugin TcpMessaging
LogPluginManager: Mounting plugin UdpMessaging
LogPluginManager: Mounting plugin LevelSequenceEditor
LogPluginManager: Mounting plugin MatineeToLevelSequence
LogPluginManager: Mounting plugin OnlineSubsystemGooglePlay
LogPluginManager: Mounting plugin OnlineSubsystemIOS
LogPluginManager: Mounting plugin OnlineSubsystem
LogPluginManager: Mounting plugin OnlineSubsystemNull
LogPluginManager: Mounting plugin OnlineSubsystemUtils
LogPluginManager: Mounting plugin AndroidDeviceProfileSelector
LogPluginManager: Mounting plugin AndroidMoviePlayer
LogPluginManager: Mounting plugin AndroidPermission
LogPluginManager: Mounting plugin AppleMoviePlayer
LogPluginManager: Mounting plugin ArchVisCharacter
LogPluginManager: Mounting plugin CableComponent
LogPluginManager: Mounting plugin CustomMeshComponent
LogPluginManager: Mounting plugin ExampleDeviceProfileSelector
LogPluginManager: Mounting plugin GoogleCloudMessaging
LogPluginManager: Mounting plugin ImmediatePhysics
LogPluginManager: Mounting plugin IOSDeviceProfileSelector
LogPluginManager: Mounting plugin LinuxDeviceProfileSelector
LogPluginManager: Mounting plugin LocationServicesBPLibrary
LogPluginManager: Mounting plugin MobilePatchingUtils
LogPluginManager: Mounting plugin OculusVR
LogPluginManager: Mounting plugin PhysXVehicles
LogPluginManager: Mounting plugin ProceduralMeshComponent
LogPluginManager: Mounting plugin RuntimePhysXCooking
LogPluginManager: Mounting plugin SteamVR
LogPluginManager: Mounting plugin WindowsMoviePlayer
LogInit: Using libcurl 7.47.1
LogInit:  - built for x86_64-pc-win32
LogInit:  - supports SSL with OpenSSL/1.0.2g
LogInit:  - supports HTTP deflate (compression) using libz 1.2.8
LogInit:  - other features:
LogInit:      CURL_VERSION_SSL
LogInit:      CURL_VERSION_LIBZ
LogInit:      CURL_VERSION_IPV6
LogInit:      CURL_VERSION_ASYNCHDNS
LogInit:      CURL_VERSION_LARGEFILE
LogInit:      CURL_VERSION_IDN
LogInit:  CurlRequestOptions (configurable via config and command line):
LogInit:  - bVerifyPeer = false  - Libcurl will NOT verify peer certificate
LogInit:  - bUseHttpProxy = false  - Libcurl will NOT use HTTP proxy
LogInit:  - bDontReuseConnections = false  - Libcurl will reuse connections
LogInit:  - CertBundlePath = nullptr  - Libcurl will use whatever was configured at build time.
LogInit: Build: ++UE4+Release-4.17-CL-3658906
LogInit: Engine Version: 4.17.2-3658906+++UE4+Release-4.17
LogInit: Compatible Engine Version: 4.17.0-3573198+++UE4+Release-4.17
LogInit: Net CL: 3573198
LogDevObjectVersion: Number of dev versions registered: 16
LogDevObjectVersion:   Dev-Blueprints (B0D832E4-1F89-4F0D-ACCF-7EB736FD4AA2): 10
LogDevObjectVersion:   Dev-Build (E1C64328-A22C-4D53-A36C-8E866417BD8C): 0
LogDevObjectVersion:   Dev-Core (375EC13C-06E4-48FB-B500-84F0262A717E): 2
LogDevObjectVersion:   Dev-Editor (E4B068ED-F494-42E9-A231-DA0B2E46BB41): 20
LogDevObjectVersion:   Dev-Framework (CFFC743F-43B0-4480-9391-14DF171D2073): 28
LogDevObjectVersion:   Dev-Mobile (B02B49B5-BB20-44E9-A304-32B752E40360): 0
LogDevObjectVersion:   Dev-Networking (A4E4105C-59A1-49B5-A7C5-40C4547EDFEE): 0
LogDevObjectVersion:   Dev-Online (39C831C9-5AE6-47DC-9A44-9C173E1C8E7C): 0
LogDevObjectVersion:   Dev-Physics (78F01B33-EBEA-4F98-B9B4-84EACCB95AA2): 0
LogDevObjectVersion:   Dev-Platform (6631380F-2D4D-43E0-8009-CF276956A95A): 0
LogDevObjectVersion:   Dev-Rendering (12F88B9F-8875-4AFC-A67C-D90C383ABD29): 19
LogDevObjectVersion:   Dev-Sequencer (7B5AE74C-D270-4C10-A958-57980B212A5A): 4
LogDevObjectVersion:   Dev-VR (D7296918-1DD6-4BDD-9DE2-64A83CC13884): 0
LogDevObjectVersion:   Dev-LoadTimes (C2A15278-BFE7-4AFE-6C17-90FF531DF755): 1
LogDevObjectVersion:   Private-Geometry (6EACA3D4-40EC-4CC1-B786-8BED09428FC5): 1
LogDevObjectVersion:   Dev-AnimPhys (29E575DD-E0A3-4627-9D10-D276232CDCEA): 7
LogInit: Compiled (64-bit): Sep 22 2017 13:47:16
LogInit: Compiled with Visual C++: 19.00.24215.01
LogInit: Build Configuration: Development
LogInit: Branch Name: ++UE4+Release-4.17
LogInit: Command line:  
LogInit: Base directory: F:/Unreal Engine/UE_4.17/Engine/Binaries/Win64/
LogInit: Installed Engine Build: 1
LogInit: Presizing for max 8388607 objects, including 0 objects not considered by GC, pre-allocating 0 bytes for permanent pool.
LogInit: Object subsystem initialized
[2018.05.17-20.17.01:195][  0]LogInit: Selected Device Profile: [Windows]
[2018.05.17-20.17.01:195][  0]LogInit: Applying CVar settings loaded from the selected device profile: [Windows]
[2018.05.17-20.17.01:253][  0]LogInit: Computer: DOUBLE-PC
[2018.05.17-20.17.01:253][  0]LogInit: User: Double
[2018.05.17-20.17.01:253][  0]LogInit: CPU Page size=4096, Cores=4
[2018.05.17-20.17.01:253][  0]LogInit: High frequency timer resolution =3.924277 MHz
[2018.05.17-20.17.01:253][  0]LogMemory: Memory total: Physical=16.0GB (16GB approx)
[2018.05.17-20.17.01:254][  0]LogMemory: Platform Memory Stats for Windows
[2018.05.17-20.17.01:254][  0]LogMemory: Process Physical Memory: 279.68 MB used, 279.68 MB peak
[2018.05.17-20.17.01:254][  0]LogMemory: Process Virtual Memory: 277.89 MB used, 277.89 MB peak
[2018.05.17-20.17.01:254][  0]LogMemory: Physical Memory: 3861.89 MB used,  12486.74 MB free, 16348.64 MB total
[2018.05.17-20.17.01:254][  0]LogMemory: Virtual Memory: 655.19 MB used,  12486.74 MB free, 8388608.00 MB total
[2018.05.17-20.17.02:057][  0]LogInit: Using OS detected language (en-US).
[2018.05.17-20.17.02:057][  0]LogInit: Using OS detected locale (en-US).
[2018.05.17-20.17.02:139][  0]LogTextLocalizationManager: No specific localization for 'en-US' exists, so the 'en' localization will be used.
[2018.05.17-20.17.04:268][  0]LogD3D11RHI: D3D11 adapters:
[2018.05.17-20.17.04:325][  0]LogD3D11RHI:    0. 'NVIDIA GeForce GTX 1080' (Feature Level 11_0)
[2018.05.17-20.17.04:325][  0]LogD3D11RHI:       8078/0/7918 MB DedicatedVideo/DedicatedSystem/SharedSystem, Outputs:1, VendorId:0x10de
[2018.05.17-20.17.04:325][  0]LogD3D11RHI: Chosen D3D11 Adapter: 0
[2018.05.17-20.17.04:343][  0]LogD3D11RHI: Creating new Direct3DDevice
[2018.05.17-20.17.04:343][  0]LogD3D11RHI:     GPU DeviceId: 0x1b80 (for the marketing name, search the web for "GPU Device Id")
[2018.05.17-20.17.04:343][  0]LogWindows: EnumDisplayDevices:
[2018.05.17-20.17.04:343][  0]LogWindows:    0. 'NVIDIA GeForce GTX 1080' (P:1 D:1)
[2018.05.17-20.17.04:344][  0]LogWindows:    1. 'NVIDIA GeForce GTX 1080' (P:0 D:0)
[2018.05.17-20.17.04:344][  0]LogWindows:    2. 'NVIDIA GeForce GTX 1080' (P:0 D:0)
[2018.05.17-20.17.04:345][  0]LogWindows:    3. 'NVIDIA GeForce GTX 1080' (P:0 D:0)
[2018.05.17-20.17.04:345][  0]LogWindows:    4. 'RDPDD Chained DD' (P:0 D:0)
[2018.05.17-20.17.04:345][  0]LogWindows:    5. 'RDP Encoder Mirror Driver' (P:0 D:0)
[2018.05.17-20.17.04:345][  0]LogWindows:    6. 'RDP Reflector Display Driver' (P:0 D:0)
[2018.05.17-20.17.04:346][  0]LogWindows: DebugString: GetVideoDriverDetailsInvalid PrimaryIsNotTheChoosenAdapter GetVideoDriverDetailsInvalid PrimaryIsNotTheChoosenAdapter GetVideoDriverDetailsInvalid PrimaryIsNotTheChoosenAdapter FoundDriverCount:4 
[2018.05.17-20.17.04:346][  0]LogD3D11RHI:     Adapter Name: NVIDIA GeForce GTX 1080
[2018.05.17-20.17.04:346][  0]LogD3D11RHI:   Driver Version: 397.64 (internal:24.21.13.9764, unified:397.64)
[2018.05.17-20.17.04:346][  0]LogD3D11RHI:      Driver Date: 5-7-2018
[2018.05.17-20.17.04:346][  0]LogRHI: Texture pool is 1361 MB (70% of 1945 MB)
[2018.05.17-20.17.04:377][  0]LogD3D11RHI: Async texture creation enabled
[2018.05.17-20.17.04:645][  0]LogD3D11RHI: GPU Timing Frequency: 1000.000000 (Debug: 2 2)
[2018.05.17-20.17.04:704][  0]LogShaderCompilers: Guid format shader working directory is -5 characters bigger than the processId version (C:/Users/Double/Documents/Unreal Projects/GameDesign/Intermediate/Shaders/WorkingDirectory/7744/).
[2018.05.17-20.17.04:704][  0]LogShaderCompilers: Cleaned the shader compiler working directory 'C:/Users/Double/AppData/Local/Temp/UnrealShaderWorkingDir/817C60094E5AC369E5834F81B67F5A8B/'.
[2018.05.17-20.17.04:714][  0]LogShaderCompilers: Display: Using Local Shader Compiler.
[2018.05.17-20.17.07:566][  0]LogTemp: Display: Loaded TP AllDesktopTargetPlatform
[2018.05.17-20.17.07:650][  0]LogTemp: Display: Loaded TP MacClientTargetPlatform
[2018.05.17-20.17.07:732][  0]LogTemp: Display: Loaded TP MacNoEditorTargetPlatform
[2018.05.17-20.17.07:814][  0]LogTemp: Display: Loaded TP MacServerTargetPlatform
[2018.05.17-20.17.07:912][  0]LogTemp: Display: Loaded TP MacTargetPlatform
[2018.05.17-20.17.07:996][  0]LogTemp: Display: Loaded TP WindowsClientTargetPlatform
[2018.05.17-20.17.08:083][  0]LogTemp: Display: Loaded TP WindowsNoEditorTargetPlatform
[2018.05.17-20.17.08:171][  0]LogTemp: Display: Loaded TP WindowsServerTargetPlatform
[2018.05.17-20.17.08:244][  0]LogTemp: Display: Loaded TP WindowsTargetPlatform
[2018.05.17-20.17.08:332][  0]LogTemp: Display: Loaded TP AndroidTargetPlatform
[2018.05.17-20.17.08:412][  0]LogTemp: Display: Loaded TP Android_ASTCTargetPlatform
[2018.05.17-20.17.08:494][  0]LogTemp: Display: Loaded TP Android_ATCTargetPlatform
[2018.05.17-20.17.08:577][  0]LogTemp: Display: Loaded TP Android_DXTTargetPlatform
[2018.05.17-20.17.08:659][  0]LogTemp: Display: Loaded TP Android_ETC1TargetPlatform
[2018.05.17-20.17.08:742][  0]LogTemp: Display: Loaded TP Android_ETC2TargetPlatform
[2018.05.17-20.17.08:904][  0]LogTemp: Display: Loaded TP Android_MultiTargetPlatform
[2018.05.17-20.17.08:904][  0]LogTemp: Display: Loaded TP Android_PVRTCTargetPlatform
[2018.05.17-20.17.08:964][  0]LogTemp: Display: Loaded TP HTML5TargetPlatform
[2018.05.17-20.17.09:125][  0]LogTemp: Display: Loaded TP IOSTargetPlatform
[2018.05.17-20.17.09:182][  0]LogTemp: Display: Loaded TP TVOSTargetPlatform
[2018.05.17-20.17.09:266][  0]LogTemp: Display: Loaded TP LinuxClientTargetPlatform
[2018.05.17-20.17.09:347][  0]LogTemp: Display: Loaded TP LinuxNoEditorTargetPlatform
[2018.05.17-20.17.09:429][  0]LogTemp: Display: Loaded TP LinuxServerTargetPlatform
[2018.05.17-20.17.09:541][  0]LogTemp: Display: Loaded TP LinuxTargetPlatform
[2018.05.17-20.17.09:541][  0]LogTargetPlatformManager: Display: Building Assets For Windows
[2018.05.17-20.17.10:751][  0]LogDerivedDataCache: Display: Max Cache Size: 512 MB
[2018.05.17-20.17.11:208][  0]LogDerivedDataCache: Loaded boot cache 0.46s 93MB C:/Users/Double/AppData/Local/UnrealEngine/4.17/DerivedDataCache/Boot.ddc.
[2018.05.17-20.17.11:208][  0]LogDerivedDataCache: Display: Loaded Boot cache: C:/Users/Double/AppData/Local/UnrealEngine/4.17/DerivedDataCache/Boot.ddc
[2018.05.17-20.17.11:208][  0]LogDerivedDataCache: FDerivedDataBackendGraph:  Pak pak cache file C:/Users/Double/Documents/Unreal Projects/GameDesign/DerivedDataCache/DDC.ddp not found, will not use a pak cache.
[2018.05.17-20.17.11:208][  0]LogDerivedDataCache: Unable to find inner node Pak for hierarchical cache Hierarchy.
[2018.05.17-20.17.11:208][  0]LogDerivedDataCache: FDerivedDataBackendGraph:  CompressedPak pak cache file C:/Users/Double/Documents/Unreal Projects/GameDesign/DerivedDataCache/Compressed.ddp not found, will not use a pak cache.
[2018.05.17-20.17.11:208][  0]LogDerivedDataCache: Unable to find inner node CompressedPak for hierarchical cache Hierarchy.
[2018.05.17-20.17.11:284][  0]LogDerivedDataCache: Display: Pak cache opened for reading ../../../Engine/DerivedDataCache/Compressed.ddp.
[2018.05.17-20.17.11:296][  0]LogDerivedDataCache: Using Local data cache path C:/Users/Double/AppData/Local/UnrealEngine/Common/DerivedDataCache: Writable
[2018.05.17-20.17.11:345][  0]LogMaterial: Verifying Global Shaders for PCD3D_SM5
[2018.05.17-20.17.11:411][  0]LogSlate: Using Freetype 2.6.0
[2018.05.17-20.17.11:475][  0]LogSlate: SlateFontCache - WITH_FREETYPE: 1, WITH_HARFBUZZ: 1
[2018.05.17-20.17.11:491][  0]LogSlate: SlateFontCache - WITH_FREETYPE: 1, WITH_HARFBUZZ: 1
[2018.05.17-20.17.16:104][  0]LogAssetRegistry: FAssetRegistry took 0.0396 seconds to start up
[2018.05.17-20.17.17:138][  0]LogInit: Selected Device Profile: [Windows]
[2018.05.17-20.17.17:227][  0]LogContentStreaming: Texture pool size is 0.00 MB
[2018.05.17-20.17.18:842][  0]LogSimplygon: Simplygon DLL not present - disabling.
[2018.05.17-20.17.18:943][  0]LogMeshReduction: Using SimplygonSwarm for distributed automatic mesh merging
[2018.05.17-20.17.18:943][  0]LogMeshReduction: Using QuadricMeshReduction for automatic static mesh reduction
[2018.05.17-20.17.18:944][  0]LogMeshReduction: No automatic skeletal mesh reduction module available
[2018.05.17-20.17.18:944][  0]LogMeshReduction: No automatic mesh merging module available
[2018.05.17-20.17.18:944][  0]LogMeshMerging: No automatic mesh merging module available
[2018.05.17-20.17.21:252][  0]LogNetVersion: GameDesign , NetCL: 3573198, EngineNetVer: 2, GameNetVer: 0 (Checksum: 4162053255)
[2018.05.17-20.17.22:379][  0]LogPackageLocalizationCache: Processed 5 localized package path(s) for 2 prioritized culture(s) in 0.083293 seconds
[2018.05.17-20.17.22:398][  0]LogUObjectArray: 35825 objects as part of root set at end of initial load.
[2018.05.17-20.17.22:398][  0]LogUObjectAllocator: 7529112 out of 0 bytes used by permanent object pool.
[2018.05.17-20.17.22:398][  0]LogUObjectArray: CloseDisregardForGC: 0/0 objects in disregard for GC pool
[2018.05.17-20.17.22:509][  0]LogInit: WinSock: version 1.1 (2.2), MaxSocks=32767, MaxUdp=65467
[2018.05.17-20.17.41:672][  0]LogTcpMessaging: Initializing TcpMessaging bridge
[2018.05.17-20.17.41:757][  0]LogUdpMessaging: Initializing bridge on interface 0.0.0.0:0 to multicast group 230.0.0.1:6666.
[2018.05.17-20.17.43:464][  0]LogMaterial: Uniform references updated for custom material expression Custom.
[2018.05.17-20.17.44:684][  0]SourceControl: Source control is disabled
[2018.05.17-20.17.44:684][  0]SourceControl: Source control is disabled
[2018.05.17-20.17.44:818][  0]SourceControl: Source control is disabled
[2018.05.17-20.17.44:962][  0]SourceControl: Source control is disabled
[2018.05.17-20.17.46:317][  0]LogAndroidPermission: UAndroidPermissionCallbackProxy::GetInstance
[2018.05.17-20.17.46:771][  0]LogOcInput: OculusInput pre-init called
[2018.05.17-20.17.47:516][  0]LogEngine: Initializing Engine...
[2018.05.17-20.17.47:552][  0]LogHMD: Failed to initialize OpenVR with code 110
[2018.05.17-20.17.48:296][  0]LogStats: UGameplayTagsManager::ConstructGameplayTagTree: Construct from data asset -  0.000 s
[2018.05.17-20.17.48:296][  0]LogStats: UGameplayTagsManager::ConstructGameplayTagTree: GameplayTagTreeChangedEvent.Broadcast -  0.000 s
[2018.05.17-20.17.48:904][  0]LogAIModule: Creating AISystem for world Untitled
[2018.05.17-20.17.48:991][  0]LogInit: XAudio2 using 'Speakers (VIA HD Audio)' : 2 channels at 48 kHz using 32 bits per sample (channel mask 0x3)
[2018.05.17-20.17.49:010][  0]LogInit: FAudioDevice initialized.
[2018.05.17-20.17.49:158][  0]LogDerivedDataCache: Saved boot cache 0.15s 93MB C:/Users/Double/AppData/Local/UnrealEngine/4.17/DerivedDataCache/Boot.ddc.
[2018.05.17-20.17.49:199][  0]LogInit: Texture streaming: Enabled
[2018.05.17-20.17.49:472][  0]LogEngineSessionManager: EngineSessionManager initialized
[2018.05.17-20.17.50:223][  0]LogInit: Transaction tracking system initialized
[2018.05.17-20.17.51:014][  0]BlueprintLog: New page: Editor Load
[2018.05.17-20.17.53:236][  0]LocalizationService: Localization service is disabled
[2018.05.17-20.17.54:955][  0]LogConsoleResponse: Display: 
[2018.05.17-20.17.57:427][  0]LogFileCache: Scanning file cache for directory 'C:/Users/Double/Documents/Unreal Projects/GameDesign/Content/' took 0.02s
[2018.05.17-20.17.57:427][  0]LogCook: Display: Max memory allowance for cook 16384mb min free memory 0mb
[2018.05.17-20.17.57:459][  0]LogCook: Display: Mobile HDR setting 1
[2018.05.17-20.17.57:514][  0]LogGameplayTags: Display: UGameplayTagsManager::DoneAddingNativeTags. DelegateIsBound: 0
[2018.05.17-20.18.01:147][  0]SourceControl: Source control is disabled
[2018.05.17-20.18.01:219][  0]Cmd: MAP LOAD FILE="C:/Users/Double/Documents/Unreal Projects/GameDesign/Content/FirstPersonBP/Maps/FirstPersonExampleMap.umap" TEMPLATE=0 SHOWPROGRESS=1 FEATURELEVEL=3
[2018.05.17-20.18.01:237][  0]LightingResults: New page: Lighting Build
[2018.05.17-20.18.01:396][  0]MapCheck: New page: Map Check
[2018.05.17-20.18.01:396][  0]LightingResults: New page: Lighting Build
[2018.05.17-20.18.03:501][  0]LogAIModule: Creating AISystem for world FirstPersonExampleMap
[2018.05.17-20.18.04:025][  0]LogEditorServer: Finished looking for orphan Actors (0.000 secs)
[2018.05.17-20.18.04:164][  0]Cmd: MAP CHECKDEP NOCLEARLOG
[2018.05.17-20.18.04:254][  0]MapCheck: Map check complete: 0 Error(s), 0 Warning(s), took 90.234ms to complete.
[2018.05.17-20.18.04:255][  0]LogFileHelpers: Loading map 'FirstPersonExampleMap' took 3.060
[2018.05.17-20.18.05:372][  0]LogCollectionManager: Loaded 0 collections in 0.003394 seconds
[2018.05.17-20.18.05:641][  0]LogFileCache: Scanning file cache for directory 'C:/Users/Double/Documents/Unreal Projects/GameDesign/Saved/Collections/' took 0.01s
[2018.05.17-20.18.05:641][  0]LogFileCache: Scanning file cache for directory 'C:/Users/Double/Documents/Unreal Projects/GameDesign/Content/Developers/Double/Collections/' took 0.01s
[2018.05.17-20.18.05:641][  0]LogFileCache: Scanning file cache for directory 'C:/Users/Double/Documents/Unreal Projects/GameDesign/Content/Collections/' took 0.01s
[2018.05.17-20.18.05:641][  0]LogCollectionManager: Rebuilt the GUID cache for 0 collections in 0.000000 seconds
[2018.05.17-20.18.05:660][  0]LogContentBrowser: Native class hierarchy populated in 0.0174 seconds. Added 2386 classes and 500 folders.
[2018.05.17-20.18.05:807][  0]LogContentBrowser: Native class hierarchy updated for 'WidgetCarousel' in 0.0012 seconds. Added 0 classes and 0 folders.
[2018.05.17-20.18.06:584][  0]LogContentBrowser: Native class hierarchy updated for 'AddContentDialog' in 0.0010 seconds. Added 0 classes and 0 folders.
[2018.05.17-20.18.06:719][  0]LogContentBrowser: Native class hierarchy updated for 'SceneOutliner' in 0.0010 seconds. Added 1 classes and 2 folders.
[2018.05.17-20.18.07:567][  0]LogSlate: Took 0.007449 seconds to synchronously load lazily loaded font '../../../Engine/Content/Slate/Fonts/Roboto-Regular.ttf' (155K)
[2018.05.17-20.18.07:598][  0]LogSlate: Took 0.012016 seconds to synchronously load lazily loaded font '../../../Engine/Content/Slate/Fonts/Roboto-Bold.ttf' (160K)
[2018.05.17-20.18.07:642][  0]LogSlate: Took 0.007648 seconds to synchronously load lazily loaded font '../../../Engine/Content/Editor/Slate/Fonts/FontAwesome.ttf' (139K)
[2018.05.17-20.18.08:063][  0]LogRenderer: Reallocating scene render targets to support 1208x648 Format 10 NumSamples 1 (Frame:1).
[2018.05.17-20.18.08:638][  0]LogContentBrowser: Native class hierarchy updated for 'HierarchicalLODOutliner' in 0.0014 seconds. Added 1 classes and 2 folders.
[2018.05.17-20.18.08:638][  0]LogLoad: (Engine Initialization) Total time: 81.19 seconds
[2018.05.17-20.18.08:638][  0]LogLoad: (Engine Initialization) Total Blueprint compile time: 0.00 seconds
[2018.05.17-20.18.08:639][  0]LogExternalProfiler: No external profilers were discovered.  External profiling features will not be available.
[2018.05.17-20.18.09:059][  0]LogContentStreaming: Texture pool size now 1000 MB
[2018.05.17-20.18.09:986][  3]LogAssetRegistry: Asset discovery search completed in 53.9030 seconds
[2018.05.17-20.18.09:989][  3]LogCollectionManager: Rebuilt the object cache for 0 collections in 0.000001 seconds (found 0 objects)
[2018.05.17-20.18.09:989][  3]LogCollectionManager: Fixed up redirectors for 0 collections in 0.000068 seconds (updated 0 objects)
[2018.05.17-20.18.13:070][ 14]LogEditorViewport: Clicking on Actor (LMB): StaticMeshActor (Floor)
[2018.05.17-20.18.13:447][ 14]LogSlate: Took 0.018485 seconds to synchronously load lazily loaded font '../../../Engine/Content/Slate/Fonts/Roboto-Light.ttf' (159K)
[2018.05.17-20.18.21:799][723]LogEditorViewport: Clicking on Actor (LMB): StaticMeshActor (BigWall2)
[2018.05.17-20.18.23:678][881]LogEditorViewport: Clicking on Actor (LMB): StaticMeshActor (EditorCube11)
[2018.05.17-20.18.28:458][289]LogSlate: Took 0.000323 seconds to synchronously load lazily loaded font '../../../Engine/Content/Slate/Fonts/Roboto-Light.ttf' (159K)
[2018.05.17-20.18.28:558][289]LogContentBrowser: Native class hierarchy updated for 'MaterialEditor' in 0.0010 seconds. Added 1 classes and 0 folders.
[2018.05.17-20.18.28:842][289]LogRenderer: Reallocating scene render targets to support 1392x924 Format 10 NumSamples 1 (Frame:1).
[2018.05.17-20.19.05:434][228]LogEditorViewport: Clicking on Actor (LMB): StaticMeshActor (Wall3)
[2018.05.17-20.19.09:241][437]LogRenderer: Reallocating scene render targets to support 1432x924 Format 10 NumSamples 1 (Frame:1).
[2018.05.17-20.19.21:896][226]LogSlate: Took 0.000311 seconds to synchronously load lazily loaded font '../../../Engine/Content/Slate/Fonts/Roboto-Light.ttf' (159K)
[2018.05.17-20.19.27:256][562]LogMaterial: Missing cached shader map for material CubeMaterial, compiling. 
[2018.05.17-20.19.27:663][562]LogMaterial: Missing cached shader map for material CubeMaterial, compiling. 
[2018.05.17-20.19.27:699][562]LogMaterial: Missing cached shader map for material CubeMaterial, compiling. 
[2018.05.17-20.19.27:750][562]LogMaterial: Missing cached shader map for material FMatExpressionPreview MaterialExpressionConstant3Vector_0, compiling. 
[2018.05.17-20.19.27:807][562]LogSlate: Took 0.041793 seconds to synchronously load lazily loaded font '../../../Engine/Content/Editor/Slate/Fonts/Roboto-BoldCondensed.ttf' (158K)
[2018.05.17-20.19.30:482][664]MaterialEditorStats: Base pass shader: 79 instructions
[2018.05.17-20.19.30:482][664]MaterialEditorStats: Vertex shader: 29 instructions
[2018.05.17-20.19.30:482][664]MaterialEditorStats: Texture samplers: 3/16
[2018.05.17-20.19.39:363][192]LogMaterial: Missing cached shader map for material CubeMaterial, compiling. 
[2018.05.17-20.19.40:777][261]MaterialEditorStats: Base pass shader: 79 instructions
[2018.05.17-20.19.40:777][261]MaterialEditorStats: Vertex shader: 29 instructions
[2018.05.17-20.19.40:777][261]MaterialEditorStats: Texture samplers: 3/16
[2018.05.17-20.19.42:477][364]LogMaterial: Missing cached shader map for material CubeMaterial, compiling. 
[2018.05.17-20.19.44:209][452]LogMaterial: Missing cached shader map for material CubeMaterial, compiling. 
[2018.05.17-20.19.45:632][521]MaterialEditorStats: Base pass shader: 79 instructions
[2018.05.17-20.19.45:632][521]MaterialEditorStats: Vertex shader: 29 instructions
[2018.05.17-20.19.45:632][521]MaterialEditorStats: Texture samplers: 3/16
[2018.05.17-20.19.46:627][582]LogMaterial: Missing cached shader map for material CubeMaterial, compiling. 
[2018.05.17-20.19.48:043][650]MaterialEditorStats: Base pass shader: 79 instructions
[2018.05.17-20.19.48:043][650]MaterialEditorStats: Vertex shader: 29 instructions
[2018.05.17-20.19.48:043][650]MaterialEditorStats: Texture samplers: 3/16
[2018.05.17-20.20.03:599][614]LogMaterial: Missing cached shader map for material CubeMaterial, compiling. 
[2018.05.17-20.20.05:349][705]MaterialEditorStats: Base pass shader: 79 instructions
[2018.05.17-20.20.05:350][705]MaterialEditorStats: Vertex shader: 29 instructions
[2018.05.17-20.20.05:350][705]MaterialEditorStats: Texture samplers: 3/16
[2018.05.17-20.20.14:563][285]LogMaterial: Missing cached shader map for material CubeMaterial, compiling. 
[2018.05.17-20.20.16:214][360]MaterialEditorStats: Base pass shader: 79 instructions
[2018.05.17-20.20.16:214][360]MaterialEditorStats: Vertex shader: 29 instructions
[2018.05.17-20.20.16:214][360]MaterialEditorStats: Texture samplers: 3/16
[2018.05.17-20.20.18:745][512]LogMaterial: Missing cached shader map for material CubeMaterial, compiling. 
[2018.05.17-20.20.41:539][925]LogMaterial: Missing cached shader map for material CubeMaterial, compiling. 
[2018.05.17-20.20.41:679][926]LogMaterial: Missing cached shader map for material Material_0, compiling. 
[2018.05.17-20.20.43:845][ 24]MaterialEditorStats: Base pass shader: 79 instructions
[2018.05.17-20.20.43:845][ 24]MaterialEditorStats: Vertex shader: 29 instructions
[2018.05.17-20.20.43:845][ 24]MaterialEditorStats: Texture samplers: 3/16
[2018.05.17-20.20.44:922][ 83]LogMaterial: Missing cached shader map for material CubeMaterial, compiling. 
[2018.05.17-20.20.46:494][151]MaterialEditorStats: Base pass shader: 79 instructions
[2018.05.17-20.20.46:494][151]MaterialEditorStats: Vertex shader: 29 instructions
[2018.05.17-20.20.46:494][151]MaterialEditorStats: Texture samplers: 3/16
[2018.05.17-20.20.48:781][283]LogMaterial: Missing cached shader map for material CubeMaterial, compiling. 
[2018.05.17-20.21.07:206][386]MaterialEditorStats: Base pass shader: 79 instructions
[2018.05.17-20.21.07:206][386]MaterialEditorStats: Vertex shader: 29 instructions
[2018.05.17-20.21.07:207][386]MaterialEditorStats: Texture samplers: 3/16
[2018.05.17-20.21.53:745][190]LogMaterial: Missing cached shader map for material CubeMaterial, compiling. 
[2018.05.17-20.21.53:780][190]LogMaterial: Missing cached shader map for material CubeMaterial, compiling. 
[2018.05.17-20.21.55:563][269]MaterialEditorStats: Base pass shader: 83 instructions
[2018.05.17-20.21.55:563][269]MaterialEditorStats: Vertex shader: 29 instructions
[2018.05.17-20.21.55:563][269]MaterialEditorStats: Texture samplers: 3/16
[2018.05.17-20.21.59:441][491]LogMaterial: Missing cached shader map for material CubeMaterial, compiling. 
[2018.05.17-20.21.59:465][491]LogMaterial: Missing cached shader map for material CubeMaterial, compiling. 
[2018.05.17-20.22.00:885][548]MaterialEditorStats: Base pass shader: 79 instructions
[2018.05.17-20.22.00:885][548]MaterialEditorStats: Vertex shader: 29 instructions
[2018.05.17-20.22.00:885][548]MaterialEditorStats: Texture samplers: 3/16
[2018.05.17-20.22.15:431][525]LogEditorViewport: Clicking on Actor (LMB): StaticMeshActor (EditorCube17)
[2018.05.17-20.22.24:249][242]LogEditorViewport: Clicking on Actor (LMB): StaticMeshActor (BigWall)
[2018.05.17-20.22.25:413][330]LogMaterial: Missing cached shader map for material PreviewMaterial_0, compiling. 
[2018.05.17-20.22.25:539][330]LogMaterial: Missing cached shader map for material PreviewMaterial_0, compiling. 
[2018.05.17-20.22.25:564][330]LogMaterial: Missing cached shader map for material PreviewMaterial_0, compiling. 
[2018.05.17-20.22.25:615][330]LogMaterial: Missing cached shader map for material FMatExpressionPreview MaterialExpressionConstant3Vector_0, compiling. 
[2018.05.17-20.22.29:085][519]MaterialEditorStats: Base pass shader: 79 instructions
[2018.05.17-20.22.29:085][519]MaterialEditorStats: Vertex shader: 29 instructions
[2018.05.17-20.22.29:085][519]MaterialEditorStats: Texture samplers: 3/16
[2018.05.17-20.25.21:773][301]LogMaterial: Missing cached shader map for material PreviewMaterial_0, compiling. 
[2018.05.17-20.25.21:794][301]LogMaterial: Missing cached shader map for material FMatExpressionPreview MaterialExpressionTextureSample_0, compiling. 
[2018.05.17-20.25.21:799][301]LogMaterial: Missing cached shader map for material PreviewMaterial_0, compiling. 
[2018.05.17-20.25.21:881][301]LogMaterial: Missing cached shader map for material FMatExpressionPreview MaterialExpressionConstant3Vector_0, compiling. 
[2018.05.17-20.25.21:887][301]LogMaterial: Missing cached shader map for material FMatExpressionPreview MaterialExpressionTextureSample_0, compiling. 
[2018.05.17-20.25.21:904][301]LogMaterial: Missing cached shader map for material PreviewMaterial_0, compiling. 
[2018.05.17-20.25.21:904][301]LogMaterial: Warning: Failed to compile Material /Engine/Transient.PreviewMaterial_0 for platform PCD3D_SM5, Default Material will be used in game.
[2018.05.17-20.25.21:904][301]LogMaterial: Warning: 	(Node TextureSample) Texture Sample> Missing input texture
[2018.05.17-20.25.21:933][301]LogMaterial: Missing cached shader map for material FMatExpressionPreview MaterialExpressionTextureSample_0, compiling. 
[2018.05.17-20.25.21:938][301]MaterialEditorStats: Error: [SM5] (Node TextureSample) Texture Sample> Missing input texture
[2018.05.17-20.25.46:700][846]LogMaterial: Missing cached shader map for material PreviewMaterial_0, compiling. 
[2018.05.17-20.25.46:700][846]LogMaterial: Warning: Failed to compile Material /Engine/Transient.PreviewMaterial_0 for platform PCD3D_SM5, Default Material will be used in game.
[2018.05.17-20.25.46:700][846]LogMaterial: Warning: 	(Node TextureSample) Texture Sample> Missing input texture
[2018.05.17-20.25.46:703][846]LogMaterial: Missing cached shader map for material FMatExpressionPreview MaterialExpressionTextureObject_0, compiling. 
[2018.05.17-20.25.46:710][846]LogMaterial: Missing cached shader map for material PreviewMaterial_0, compiling. 
[2018.05.17-20.25.46:711][846]LogMaterial: Warning: Failed to compile Material /Engine/Transient.PreviewMaterial_0 for platform PCD3D_SM5, Default Material will be used in game.
[2018.05.17-20.25.46:711][846]LogMaterial: Warning: 	(Node TextureSample) Coercion failed: MaterialFloat3(0.18000001,0.18000001,0.18000001): float3 -> float2
[2018.05.17-20.25.46:763][846]LogMaterial: Missing cached shader map for material FMatExpressionPreview MaterialExpressionTextureSample_0, compiling. 
[2018.05.17-20.25.46:767][846]LogMaterial: Missing cached shader map for material FMatExpressionPreview MaterialExpressionTextureObject_0, compiling. 
[2018.05.17-20.25.46:773][846]MaterialEditorStats: Error: [SM5] (Node TextureSample) Coercion failed: MaterialFloat3(0.18000001,0.18000001,0.18000001): float3 -> float2
[2018.05.17-20.26.05:816][881]LogMaterial: Missing cached shader map for material PreviewMaterial_0, compiling. 
[2018.05.17-20.26.05:859][881]LogMaterial: Missing cached shader map for material FMatExpressionPreview MaterialExpressionTextureSample_0, compiling. 
[2018.05.17-20.26.07:716][920]MaterialEditorStats: Base pass shader: 81 instructions
[2018.05.17-20.26.07:716][920]MaterialEditorStats: Vertex shader: 31 instructions
[2018.05.17-20.26.07:716][920]MaterialEditorStats: Texture samplers: 4/16
[2018.05.17-20.26.07:716][920]MaterialEditorStats: User interpolators: 2/4 Scalars (1/4 Vectors) (TexCoords: 2, Custom: 0)
[2018.05.17-20.26.11:276][ 56]LogMaterial: Missing cached shader map for material PreviewMaterial_0, compiling. 
[2018.05.17-20.26.11:277][ 56]LogMaterial: Warning: Failed to compile Material /Engine/Transient.PreviewMaterial_0 for platform PCD3D_SM5, Default Material will be used in game.
[2018.05.17-20.26.11:277][ 56]LogMaterial: Warning: 	(Node TextureSample) Texture Sample> Missing input texture
[2018.05.17-20.26.11:305][ 56]LogMaterial: Missing cached shader map for material FMatExpressionPreview MaterialExpressionTextureSample_0, compiling. 
[2018.05.17-20.26.11:306][ 56]MaterialEditorStats: Error: [SM5] (Node TextureSample) Texture Sample> Missing input texture
[2018.05.17-20.26.23:081][713]LogMaterial: Missing cached shader map for material PreviewMaterial_0, compiling. 
[2018.05.17-20.26.23:082][713]LogMaterial: Warning: Failed to compile Material /Engine/Transient.PreviewMaterial_0 for platform PCD3D_SM5, Default Material will be used in game.
[2018.05.17-20.26.23:082][713]LogMaterial: Warning: 	(Node TextureSample) Texture Sample> Missing input texture
[2018.05.17-20.26.23:090][713]LogMaterial: Missing cached shader map for material FMatExpressionPreview MaterialExpressionTextureObject_1, compiling. 
[2018.05.17-20.26.23:098][713]LogMaterial: Missing cached shader map for material PreviewMaterial_0, compiling. 
[2018.05.17-20.26.23:235][713]LogMaterial: Missing cached shader map for material FMatExpressionPreview MaterialExpressionTextureSample_0, compiling. 
[2018.05.17-20.26.23:243][713]LogMaterial: Missing cached shader map for material FMatExpressionPreview MaterialExpressionTextureObject_1, compiling. 
[2018.05.17-20.26.24:943][789]MaterialEditorStats: Base pass shader: 81 instructions
[2018.05.17-20.26.24:943][789]MaterialEditorStats: Vertex shader: 31 instructions
[2018.05.17-20.26.24:943][789]MaterialEditorStats: Texture samplers: 4/16
[2018.05.17-20.26.24:943][789]MaterialEditorStats: User interpolators: 2/4 Scalars (1/4 Vectors) (TexCoords: 2, Custom: 0)
[2018.05.17-20.26.41:246][776]LogMaterial: Missing cached shader map for material PreviewMaterial_0, compiling. 
[2018.05.17-20.26.41:270][776]LogMaterial: Missing cached shader map for material FMatExpressionPreview MaterialExpressionTextureObject_1, compiling. 
[2018.05.17-20.26.42:740][838]MaterialEditorStats: Base pass shader: 81 instructions
[2018.05.17-20.26.42:740][838]MaterialEditorStats: Vertex shader: 31 instructions
[2018.05.17-20.26.42:740][838]MaterialEditorStats: Texture samplers: 4/16
[2018.05.17-20.26.42:740][838]MaterialEditorStats: User interpolators: 2/4 Scalars (1/4 Vectors) (TexCoords: 2, Custom: 0)
[2018.05.17-20.26.56:584][685]LogMaterial: Missing cached shader map for material PreviewMaterial_0, compiling. 
[2018.05.17-20.26.56:612][685]LogMaterial: Missing cached shader map for material FMatExpressionPreview MaterialExpressionTextureSample_0, compiling. 
[2018.05.17-20.26.58:035][749]MaterialEditorStats: Base pass shader: 81 instructions
[2018.05.17-20.26.58:035][749]MaterialEditorStats: Vertex shader: 31 instructions
[2018.05.17-20.26.58:035][749]MaterialEditorStats: Texture samplers: 4/16
[2018.05.17-20.26.58:035][749]MaterialEditorStats: User interpolators: 2/4 Scalars (1/4 Vectors) (TexCoords: 2, Custom: 0)
[2018.05.17-20.26.59:832][857]LogMaterial: Missing cached shader map for material PreviewMaterial_0, compiling. 
[2018.05.17-20.26.59:860][857]LogMaterial: Missing cached shader map for material FMatExpressionPreview MaterialExpressionTextureSample_0, compiling. 
[2018.05.17-20.27.01:696][880]MaterialEditorStats: Base pass shader: 81 instructions
[2018.05.17-20.27.01:697][880]MaterialEditorStats: Vertex shader: 31 instructions
[2018.05.17-20.27.01:697][880]MaterialEditorStats: Texture samplers: 4/16
[2018.05.17-20.27.01:697][880]MaterialEditorStats: User interpolators: 2/4 Scalars (1/4 Vectors) (TexCoords: 2, Custom: 0)
[2018.05.17-20.27.08:367][202]LogMaterial: Missing cached shader map for material PreviewMaterial_0, compiling. 
[2018.05.17-20.27.08:393][202]LogMaterial: Missing cached shader map for material PreviewMaterial_0, compiling. 
[2018.05.17-20.27.09:769][260]MaterialEditorStats: Base pass shader: 81 instructions
[2018.05.17-20.27.09:769][260]MaterialEditorStats: Vertex shader: 31 instructions
[2018.05.17-20.27.09:769][260]MaterialEditorStats: Texture samplers: 4/16
[2018.05.17-20.27.09:769][260]MaterialEditorStats: User interpolators: 2/4 Scalars (1/4 Vectors) (TexCoords: 2, Custom: 0)
[2018.05.17-20.27.11:472][362]LogMaterial: Missing cached shader map for material PreviewMaterial_0, compiling. 
[2018.05.17-20.27.11:527][362]LogMaterial: Missing cached shader map for material FMatExpressionPreview MaterialExpressionTextureSample_0, compiling. 
[2018.05.17-20.27.14:013][476]MaterialEditorStats: Base pass shader: 84 instructions
[2018.05.17-20.27.14:013][476]MaterialEditorStats: Vertex shader: 31 instructions
[2018.05.17-20.27.14:014][476]MaterialEditorStats: Texture samplers: 4/16
[2018.05.17-20.27.14:014][476]MaterialEditorStats: User interpolators: 2/4 Scalars (1/4 Vectors) (TexCoords: 2, Custom: 0)
[2018.05.17-20.27.24:555][115]LogMaterialEditor: Saving and Compiling material CubeMaterial
[2018.05.17-20.27.25:456][115]LogMaterial: Missing cached shader map for material PreviewMaterial_0, compiling. 
[2018.05.17-20.27.25:597][115]LogMaterial: Missing cached shader map for material CubeMaterial, compiling. 
[2018.05.17-20.27.25:771][115]LogMaterial: Missing cached shader map for material CubeMaterial, compiling. 
[2018.05.17-20.27.25:957][115]LogMaterial: Missing cached shader map for material FDebugViewModeMaterialProxy CubeMaterial, compiling. 
[2018.05.17-20.27.27:685][115]TextureStreamingBuild: Display: Compiling optional shaders took 1.748 seconds.
[2018.05.17-20.27.32:141][115]LogSlate: Took 0.000273 seconds to synchronously load lazily loaded font '../../../Engine/Content/Slate/Fonts/Roboto-Regular.ttf' (155K)
[2018.05.17-20.27.32:186][115]Cmd: OBJ SAVEPACKAGE PACKAGE="/Game/Geometry/Meshes/CubeMaterial" FILE="C:/Users/Double/Documents/Unreal Projects/GameDesign/Content/Geometry/Meshes/CubeMaterial.uasset" SILENT=true
[2018.05.17-20.27.32:262][115]LogSavePackage: Save=51.49ms
[2018.05.17-20.27.32:262][115]LogSavePackage: Moving 'C:/Users/Double/Documents/Unreal Projects/GameDesign/Saved/CubeMaterial69FAD5164C3F3D68F9DF9387413E6ECE.tmp' to 'C:/Users/Double/Documents/Unreal Projects/GameDesign/Content/Geometry/Meshes/CubeMaterial.uasset'
[2018.05.17-20.27.32:288][115]LogSavePackage: Display: Finished SavePackage C:/Users/Double/Documents/Unreal Projects/GameDesign/Content/Geometry/Meshes/CubeMaterial.uasset
[2018.05.17-20.27.32:312][115]MaterialEditorStats: Base pass shader: 84 instructions
[2018.05.17-20.27.32:313][115]MaterialEditorStats: Vertex shader: 33 instructions
[2018.05.17-20.27.32:313][115]MaterialEditorStats: Texture samplers: 4/16
[2018.05.17-20.27.32:313][115]MaterialEditorStats: User interpolators: 2/4 Scalars (1/4 Vectors) (TexCoords: 2, Custom: 0)
[2018.05.17-20.27.34:080][219]LogEditorViewport: Clicking on Actor (LMB): BP_Sky_Sphere_C (SkySphereBlueprint)
[2018.05.17-20.27.35:099][280]LogEditorViewport: Clicking on Actor (LMB): BP_Sky_Sphere_C (SkySphereBlueprint)
[2018.05.17-20.27.41:244][784]Cmd: TRANSACTION UNDO
[2018.05.17-20.27.41:244][784]LogEditorTransaction: Undo Clicking on Actors
[2018.05.17-20.27.42:836][899]Cmd: TRANSACTION UNDO
[2018.05.17-20.27.42:836][899]LogEditorTransaction: Undo Clicking on Actors
[2018.05.17-20.27.43:694][971]Cmd: TRANSACTION UNDO
[2018.05.17-20.27.43:694][971]LogEditorTransaction: Undo Move Node
[2018.05.17-20.27.46:220][191]LogEditorViewport: Clicking on Actor (LMB): StaticMeshActor (Wall4)
[2018.05.17-20.27.46:718][224]LogSlate: Took 0.017953 seconds to synchronously load lazily loaded font '../../../Engine/Content/Editor/Slate/Fonts/Roboto-Italic.ttf' (157K)
[2018.05.17-20.27.48:471][374]LogMaterial: Missing cached shader map for material PreviewMaterial_1, compiling. 
[2018.05.17-20.27.48:621][374]LogMaterial: Missing cached shader map for material PreviewMaterial_1, compiling. 
[2018.05.17-20.27.48:666][374]LogMaterial: Missing cached shader map for material PreviewMaterial_1, compiling. 
[2018.05.17-20.27.48:843][374]LogMaterial: Missing cached shader map for material FMatExpressionPreview MaterialExpressionTextureSample_0, compiling. 
[2018.05.17-20.27.48:851][374]LogMaterial: Missing cached shader map for material FMatExpressionPreview MaterialExpressionTextureObject_1, compiling. 
[2018.05.17-20.27.50:038][420]LogEditorTransaction: Undo Clicking on Actors
[2018.05.17-20.27.50:085][420]LogMaterial: Missing cached shader map for material PreviewMaterial_1, compiling. 
[2018.05.17-20.27.51:197][450]LogEditorTransaction: Undo Create Pin Link
[2018.05.17-20.27.51:210][450]LogMaterial: Missing cached shader map for material PreviewMaterial_0, compiling. 
[2018.05.17-20.27.51:245][450]LogMaterial: Missing cached shader map for material PreviewMaterial_1, compiling. 
[2018.05.17-20.27.51:824][469]LogEditorTransaction: Undo Edit Blend Mode
[2018.05.17-20.27.51:834][469]LogMaterial: Missing cached shader map for material PreviewMaterial_0, compiling. 
[2018.05.17-20.27.51:869][469]LogMaterial: Missing cached shader map for material PreviewMaterial_1, compiling. 
[2018.05.17-20.27.52:077][472]LogEditorTransaction: Undo Edit Sampler Type
[2018.05.17-20.27.52:088][472]LogMaterial: Missing cached shader map for material PreviewMaterial_0, compiling. 
[2018.05.17-20.27.52:123][472]LogMaterial: Missing cached shader map for material PreviewMaterial_1, compiling. 
[2018.05.17-20.27.52:283][473]LogEditorTransaction: Undo Edit Sampler Type
[2018.05.17-20.27.52:305][473]LogMaterial: Missing cached shader map for material PreviewMaterial_0, compiling. 
[2018.05.17-20.27.52:343][473]LogMaterial: Missing cached shader map for material PreviewMaterial_1, compiling. 
[2018.05.17-20.27.52:508][474]LogEditorTransaction: Undo Edit Texture
[2018.05.17-20.27.52:517][474]LogMaterial: Missing cached shader map for material PreviewMaterial_0, compiling. 
[2018.05.17-20.27.52:552][474]LogMaterial: Missing cached shader map for material PreviewMaterial_1, compiling. 
[2018.05.17-20.27.53:479][509]LogEditorTransaction: Undo Move Node
[2018.05.17-20.27.53:487][509]LogMaterial: Missing cached shader map for material PreviewMaterial_1, compiling. 
[2018.05.17-20.27.54:819][555]LogEditorTransaction: Undo Material Editor: New Expression
[2018.05.17-20.27.54:830][555]LogMaterial: Missing cached shader map for material PreviewMaterial_0, compiling. 
[2018.05.17-20.27.54:831][555]LogMaterial: Warning: Failed to compile Material /Engine/Transient.PreviewMaterial_0 for platform PCD3D_SM5, Default Material will be used in game.
[2018.05.17-20.27.54:831][555]LogMaterial: Warning: 	(Node TextureSample) Texture Sample> Missing input texture
[2018.05.17-20.27.54:839][555]LogMaterial: Missing cached shader map for material PreviewMaterial_1, compiling. 
[2018.05.17-20.27.57:579][667]MaterialEditorStats: Base pass shader: 84 instructions
[2018.05.17-20.27.57:580][667]MaterialEditorStats: Vertex shader: 31 instructions
[2018.05.17-20.27.57:580][667]MaterialEditorStats: Texture samplers: 4/16
[2018.05.17-20.27.57:580][667]MaterialEditorStats: User interpolators: 2/4 Scalars (1/4 Vectors) (TexCoords: 2, Custom: 0)
[2018.05.17-20.27.58:854][738]LogEditorTransaction: Undo Material Editor: Delete
[2018.05.17-20.27.58:862][738]LogMaterial: Missing cached shader map for material PreviewMaterial_0, compiling. 
[2018.05.17-20.27.58:888][738]LogMaterial: Missing cached shader map for material PreviewMaterial_1, compiling. 
[2018.05.17-20.27.59:194][743]LogEditorTransaction: Undo Material Editor: Delete
[2018.05.17-20.27.59:202][743]LogMaterial: Missing cached shader map for material PreviewMaterial_0, compiling. 
[2018.05.17-20.27.59:203][743]LogMaterial: Warning: Failed to compile Material /Engine/Transient.PreviewMaterial_0 for platform PCD3D_SM5, Default Material will be used in game.
[2018.05.17-20.27.59:203][743]LogMaterial: Warning: 	(Node TextureSample) Coercion failed: MaterialFloat3(0.18000001,0.18000001,0.18000001): float3 -> float2
[2018.05.17-20.27.59:211][743]LogMaterial: Missing cached shader map for material PreviewMaterial_1, compiling. 
[2018.05.17-20.27.59:376][744]LogEditorTransaction: Undo Material Editor: Toggle Collapsed
[2018.05.17-20.27.59:388][744]LogMaterial: Missing cached shader map for material PreviewMaterial_1, compiling. 
[2018.05.17-20.27.59:548][745]LogEditorTransaction: Undo Move Node
[2018.05.17-20.27.59:572][745]LogMaterial: Missing cached shader map for material PreviewMaterial_1, compiling. 
[2018.05.17-20.27.59:723][746]LogEditorTransaction: Undo Move Node
[2018.05.17-20.27.59:737][746]LogMaterial: Missing cached shader map for material PreviewMaterial_1, compiling. 
[2018.05.17-20.27.59:902][747]LogEditorTransaction: Undo Move Node
[2018.05.17-20.27.59:915][747]LogMaterial: Missing cached shader map for material PreviewMaterial_1, compiling. 
[2018.05.17-20.28.00:096][749]LogEditorTransaction: Undo Move Node
[2018.05.17-20.28.00:104][749]LogMaterial: Missing cached shader map for material PreviewMaterial_1, compiling. 
[2018.05.17-20.28.00:246][750]LogEditorTransaction: Undo Material Editor: New Expression
[2018.05.17-20.28.00:255][750]LogMaterial: Missing cached shader map for material PreviewMaterial_0, compiling. 
[2018.05.17-20.28.00:255][750]LogMaterial: Warning: Failed to compile Material /Engine/Transient.PreviewMaterial_0 for platform PCD3D_SM5, Default Material will be used in game.
[2018.05.17-20.28.00:255][750]LogMaterial: Warning: 	(Node TextureSample) Texture Sample> Missing input texture
[2018.05.17-20.28.00:261][750]LogMaterial: Missing cached shader map for material PreviewMaterial_1, compiling. 
[2018.05.17-20.28.02:991][863]MaterialEditorStats: Base pass shader: 84 instructions
[2018.05.17-20.28.02:991][863]MaterialEditorStats: Vertex shader: 31 instructions
[2018.05.17-20.28.02:991][863]MaterialEditorStats: Texture samplers: 4/16
[2018.05.17-20.28.02:991][863]MaterialEditorStats: User interpolators: 2/4 Scalars (1/4 Vectors) (TexCoords: 2, Custom: 0)
[2018.05.17-20.28.09:150][153]Cmd: QUIT_EDITOR
[2018.05.17-20.28.09:289][153]LogExit: Preparing to exit.
[2018.05.17-20.28.09:960][153]LogExit: Editor shut down
[2018.05.17-20.28.09:969][153]LogExit: Transaction tracking system shut down
[2018.05.17-20.28.10:163][153]LogDirectoryWatcher: A directory notification for '../../../Engine/Content/' was aborted.
[2018.05.17-20.28.10:163][153]LogDirectoryWatcher: A directory notification for 'C:/Users/Double/Documents/Unreal Projects/GameDesign/Content/' was aborted.
[2018.05.17-20.28.10:163][153]LogDirectoryWatcher: A directory notification for '../../../Engine/Plugins/2D/Paper2D/Content/' was aborted.
[2018.05.17-20.28.10:163][153]LogDirectoryWatcher: A directory notification for '../../../Engine/Plugins/Runtime/Oculus/OculusVR/Content/' was aborted.
[2018.05.17-20.28.10:163][153]LogDirectoryWatcher: A directory notification for '../../../Engine/Plugins/Runtime/Steam/SteamVR/Content/' was aborted.
[2018.05.17-20.28.10:569][153]LogExit: Object subsystem successfully closed.
[2018.05.17-20.28.10:641][153]LogD3D11RHI: Shutdown
[2018.05.17-20.28.10:641][153]LogD3D11RHI: CleanupD3DDevice
[2018.05.17-20.28.10:855][153]LogD3D11RHI: ~FD3D11DynamicRHI
[2018.05.17-20.28.11:020][153]LogModuleManager: Shutting down and abandoning module StaticMeshEditor (534)
[2018.05.17-20.28.11:020][153]LogModuleManager: Shutting down and abandoning module MaterialEditor (532)
[2018.05.17-20.28.11:020][153]LogModuleManager: Shutting down and abandoning module HierarchicalLODOutliner (530)
[2018.05.17-20.28.11:020][153]LogModuleManager: Shutting down and abandoning module SceneOutliner (528)
[2018.05.17-20.28.11:020][153]LogModuleManager: Shutting down and abandoning module AddContentDialog (526)
[2018.05.17-20.28.11:020][153]LogDirectoryWatcher: A directory notification for 'F:/Unreal Engine/UE_4.17/FeaturePacks/' was aborted.
[2018.05.17-20.28.11:022][153]LogModuleManager: Shutting down and abandoning module WidgetCarousel (525)
[2018.05.17-20.28.11:022][153]LogModuleManager: Shutting down and abandoning module EditorWidgets (522)
[2018.05.17-20.28.11:022][153]LogModuleManager: Shutting down and abandoning module CollectionManager (520)
[2018.05.17-20.28.11:022][153]LogDirectoryWatcher: A directory notification for 'C:/Users/Double/Documents/Unreal Projects/GameDesign/Content/Collections/' was aborted.
[2018.05.17-20.28.11:022][153]LogDirectoryWatcher: A directory notification for 'C:/Users/Double/Documents/Unreal Projects/GameDesign/Content/Developers/Double/Collections/' was aborted.
[2018.05.17-20.28.11:022][153]LogDirectoryWatcher: A directory notification for 'C:/Users/Double/Documents/Unreal Projects/GameDesign/Saved/Collections/' was aborted.
[2018.05.17-20.28.11:022][153]LogModuleManager: Shutting down and abandoning module StatsViewer (518)
[2018.05.17-20.28.11:022][153]LogModuleManager: Shutting down and abandoning module FoliageEdit (516)
[2018.05.17-20.28.11:022][153]LogModuleManager: Shutting down and abandoning module LandscapeEditor (514)
[2018.05.17-20.28.11:033][153]LogModuleManager: Shutting down and abandoning module MeshPaintMode (512)
[2018.05.17-20.28.11:033][153]LogModuleManager: Shutting down and abandoning module SceneDepthPickerMode (510)
[2018.05.17-20.28.11:034][153]LogModuleManager: Shutting down and abandoning module ActorPickerMode (508)
[2018.05.17-20.28.11:034][153]LogModuleManager: Shutting down and abandoning module GeometryMode (506)
[2018.05.17-20.28.11:034][153]LogModuleManager: Shutting down and abandoning module TextureAlignMode (504)
[2018.05.17-20.28.11:034][153]LogModuleManager: Shutting down and abandoning module BspMode (502)
[2018.05.17-20.28.11:034][153]LogModuleManager: Shutting down and abandoning module PIEPreviewDeviceProfileSelector (500)
[2018.05.17-20.28.11:034][153]LogModuleManager: Shutting down and abandoning module HardwareSurvey (498)
[2018.05.17-20.28.11:034][153]LogModuleManager: Shutting down and abandoning module SequenceRecorderSections (496)
[2018.05.17-20.28.11:034][153]LogModuleManager: Shutting down and abandoning module AutomationWorker (494)
[2018.05.17-20.28.11:034][153]LogModuleManager: Shutting down and abandoning module MatineeToLevelSequence (492)
[2018.05.17-20.28.11:034][153]LogModuleManager: Shutting down and abandoning module LevelSequenceEditor (490)
[2018.05.17-20.28.11:043][153]LogModuleManager: Shutting down and abandoning module PlacementMode (489)
[2018.05.17-20.28.11:044][153]LogModuleManager: Shutting down and abandoning module WmfMediaFactory (486)
[2018.05.17-20.28.11:044][153]LogModuleManager: Shutting down and abandoning module WmfMediaEditor (484)
[2018.05.17-20.28.11:044][153]LogModuleManager: Shutting down and abandoning module AvfMediaFactory (482)
[2018.05.17-20.28.11:044][153]LogModuleManager: Shutting down and abandoning module AvfMediaEditor (480)
[2018.05.17-20.28.11:044][153]LogModuleManager: Shutting down and abandoning module AndroidMediaFactory (478)
[2018.05.17-20.28.11:044][153]LogModuleManager: Shutting down and abandoning module Media (477)
[2018.05.17-20.28.11:044][153]LogModuleManager: Shutting down and abandoning module AndroidMediaEditor (474)
[2018.05.17-20.28.11:044][153]LogModuleManager: Shutting down and abandoning module CharacterAI (472)
[2018.05.17-20.28.11:044][153]LogModuleManager: Shutting down and abandoning module AudioCapture (470)
[2018.05.17-20.28.11:044][153]LogModuleManager: Shutting down and abandoning module SequenceRecorder (469)
[2018.05.17-20.28.11:044][153]LogModuleManager: Shutting down and abandoning module SmartSnapping (466)
[2018.05.17-20.28.11:044][153]LogModuleManager: Shutting down and abandoning module SessionServices (464)
[2018.05.17-20.28.11:044][153]LogModuleManager: Shutting down and abandoning module ViewportSnapping (462)
[2018.05.17-20.28.11:044][153]LogModuleManager: Shutting down and abandoning module ViewportInteraction (460)
[2018.05.17-20.28.11:044][153]LogModuleManager: Shutting down and abandoning module ClothPainter (458)
[2018.05.17-20.28.11:057][153]LogModuleManager: Shutting down and abandoning module LogVisualizer (456)
[2018.05.17-20.28.11:057][153]LogModuleManager: Shutting down and abandoning module IntroTutorials (454)
[2018.05.17-20.28.11:057][153]LogModuleManager: Shutting down and abandoning module GameProjectGeneration (453)
[2018.05.17-20.28.11:068][153]LogModuleManager: Shutting down and abandoning module IOSPlatformEditor (450)
[2018.05.17-20.28.11:068][153]LogModuleManager: Shutting down and abandoning module HTML5PlatformEditor (448)
[2018.05.17-20.28.11:069][153]LogModuleManager: Shutting down and abandoning module AndroidPlatformEditor (446)
[2018.05.17-20.28.11:069][153]LogModuleManager: Shutting down and abandoning module AndroidDeviceDetection (445)
[2018.05.17-20.28.11:179][153]LogModuleManager: Shutting down and abandoning module WindowsPlatformEditor (442)
[2018.05.17-20.28.11:179][153]LogModuleManager: Shutting down and abandoning module IOSRuntimeSettings (440)
[2018.05.17-20.28.11:179][153]LogModuleManager: Shutting down and abandoning module AndroidRuntimeSettings (438)
[2018.05.17-20.28.11:179][153]LogModuleManager: Shutting down and abandoning module InputBindingEditor (436)
[2018.05.17-20.28.11:186][153]LogModuleManager: Shutting down and abandoning module MergeActors (434)
[2018.05.17-20.28.11:195][153]LogModuleManager: Shutting down and abandoning module SizeMap (432)
[2018.05.17-20.28.11:195][153]LogModuleManager: Shutting down and abandoning module TreeMap (430)
[2018.05.17-20.28.11:195][153]LogModuleManager: Shutting down and abandoning module ReferenceViewer (428)
[2018.05.17-20.28.11:195][153]LogModuleManager: Shutting down and abandoning module LocalizationDashboard (426)
[2018.05.17-20.28.11:198][153]LogModuleManager: Shutting down and abandoning module LocalizationService (425)
[2018.05.17-20.28.11:198][153]LogModuleManager: Shutting down and abandoning module HardwareTargeting (422)
[2018.05.17-20.28.11:198][153]LogModuleManager: Shutting down and abandoning module DeviceProfileEditor (420)
[2018.05.17-20.28.11:198][153]LogModuleManager: Shutting down and abandoning module UndoHistory (418)
[2018.05.17-20.28.11:198][153]LogModuleManager: Shutting down and abandoning module XmlParser (416)
[2018.05.17-20.28.11:198][153]LogModuleManager: Shutting down and abandoning module Blutility (414)
[2018.05.17-20.28.11:198][153]LogModuleManager: Shutting down and abandoning module ProjectSettingsViewer (412)
[2018.05.17-20.28.11:198][153]LogModuleManager: Shutting down and abandoning module ProjectTargetPlatformEditor (411)
[2018.05.17-20.28.11:199][153]LogModuleManager: Shutting down and abandoning module EditorSettingsViewer (408)
[2018.05.17-20.28.11:199][153]LogModuleManager: Shutting down and abandoning module SettingsEditor (406)
[2018.05.17-20.28.11:208][153]LogModuleManager: Shutting down and abandoning module ProjectLauncher (404)
[2018.05.17-20.28.11:210][153]LogModuleManager: Shutting down and abandoning module SessionFrontend (402)
[2018.05.17-20.28.11:210][153]LogModuleManager: Shutting down and abandoning module ProfilerClient (400)
[2018.05.17-20.28.11:218][153]LogModuleManager: Shutting down and abandoning module DeviceManager (398)
[2018.05.17-20.28.11:218][153]LogModuleManager: Shutting down and abandoning module TargetDeviceServices (397)
[2018.05.17-20.28.11:258][153]LogModuleManager: Shutting down and abandoning module AutomationController (394)
[2018.05.17-20.28.11:258][153]LogModuleManager: Shutting down and abandoning module AutomationWindow (392)
[2018.05.17-20.28.11:271][153]LogModuleManager: Shutting down and abandoning module Layers (390)
[2018.05.17-20.28.11:272][153]LogModuleManager: Shutting down and abandoning module ComponentVisualizers (388)
[2018.05.17-20.28.11:272][153]LogModuleManager: Shutting down and abandoning module DetailCustomizations (386)
[2018.05.17-20.28.11:272][153]LogModuleManager: Shutting down and abandoning module PackagesDialog (384)
[2018.05.17-20.28.11:272][153]LogModuleManager: Shutting down and abandoning module Persona (382)
[2018.05.17-20.28.11:296][153]LogModuleManager: Shutting down and abandoning module AdvancedPreviewScene (381)
[2018.05.17-20.28.11:297][153]LogModuleManager: Shutting down and abandoning module AnimGraph (379)
[2018.05.17-20.28.11:297][153]LogModuleManager: Shutting down and abandoning module Kismet (376)
[2018.05.17-20.28.11:298][153]LogModuleManager: Shutting down and abandoning module ClassViewer (374)
[2018.05.17-20.28.11:298][153]LogModuleManager: Shutting down and abandoning module Toolbox (372)
[2018.05.17-20.28.11:298][153]LogModuleManager: Shutting down and abandoning module ModuleUI (370)
[2018.05.17-20.28.11:312][153]LogModuleManager: Shutting down and abandoning module MovieSceneTools (368)
[2018.05.17-20.28.11:313][153]LogModuleManager: Shutting down and abandoning module OutputLog (366)
[2018.05.17-20.28.11:313][153]LogModuleManager: Shutting down and abandoning module GammaUI (364)
[2018.05.17-20.28.11:318][153]LogModuleManager: Shutting down and abandoning module Documentation (362)
[2018.05.17-20.28.11:318][153]LogModuleManager: Shutting down and abandoning module MovieSceneTracks (360)
[2018.05.17-20.28.11:335][153]LogModuleManager: Shutting down and abandoning module MovieScene (358)
[2018.05.17-20.28.11:335][153]LogModuleManager: Shutting down and abandoning module Niagara (356)
[2018.05.17-20.28.11:335][153]LogModuleManager: Shutting down and abandoning module NiagaraEditor (355)
[2018.05.17-20.28.11:340][153]LogModuleManager: Shutting down and abandoning module StreamingPauseRendering (352)
[2018.05.17-20.28.11:340][153]LogModuleManager: Shutting down and abandoning module LauncherPlatform (350)
[2018.05.17-20.28.11:340][153]LogModuleManager: Shutting down and abandoning module AnalyticsET (348)
[2018.05.17-20.28.11:340][153]LogModuleManager: Shutting down and abandoning module PortalServices (346)
[2018.05.17-20.28.11:340][153]LogModuleManager: Shutting down and abandoning module PortalRpc (344)
[2018.05.17-20.28.11:340][153]LogModuleManager: Shutting down and abandoning module MessagingRpc (342)
[2018.05.17-20.28.11:340][153]LogModuleManager: Shutting down and abandoning module AIModule (340)
[2018.05.17-20.28.11:340][153]LogModuleManager: Shutting down and abandoning module GameplayDebugger (339)
[2018.05.17-20.28.11:340][153]LogModuleManager: Shutting down and abandoning module AITestSuite (337)
[2018.05.17-20.28.11:340][153]LogModuleManager: Shutting down and abandoning module ProfilerService (334)
[2018.05.17-20.28.11:566][153]LogModuleManager: Shutting down and abandoning module TaskGraph (332)
[2018.05.17-20.28.11:567][153]LogModuleManager: Shutting down and abandoning module SteamVRController (330)
[2018.05.17-20.28.11:567][153]LogModuleManager: Shutting down and abandoning module ProceduralMeshComponentEditor (328)
[2018.05.17-20.28.11:567][153]LogModuleManager: Shutting down and abandoning module ProceduralMeshComponent (326)
[2018.05.17-20.28.11:567][153]LogModuleManager: Shutting down and abandoning module OculusInput (324)
[2018.05.17-20.28.11:567][153]LogModuleManager: Shutting down and abandoning module MobilePatchingUtils (322)
[2018.05.17-20.28.11:567][153]LogModuleManager: Shutting down and abandoning module CustomMeshComponent (320)
[2018.05.17-20.28.11:567][153]LogModuleManager: Shutting down and abandoning module CableComponent (318)
[2018.05.17-20.28.11:567][153]LogModuleManager: Shutting down and abandoning module ArchVisCharacter (316)
[2018.05.17-20.28.11:567][153]LogModuleManager: Shutting down and abandoning module AndroidPermission (314)
[2018.05.17-20.28.11:567][153]LogModuleManager: Shutting down and abandoning module MediaPlayerEditor (310)
[2018.05.17-20.28.11:576][153]LogModuleManager: Shutting down and abandoning module HTML5Networking (308)
[2018.05.17-20.28.11:576][153]LogModuleManager: Shutting down and abandoning module AlembicImporter (306)
[2018.05.17-20.28.11:583][153]LogModuleManager: Shutting down and abandoning module AlembicLibrary (305)
[2018.05.17-20.28.11:583][153]LogModuleManager: Shutting down and abandoning module GeometryCache (304)
[2018.05.17-20.28.11:583][153]LogModuleManager: Shutting down and abandoning module GeometryCacheEd (303)
[2018.05.17-20.28.11:583][153]LogModuleManager: Shutting down and abandoning module SpeedTreeImporter (298)
[2018.05.17-20.28.11:583][153]LogModuleManager: Shutting down and abandoning module PluginBrowser (296)
[2018.05.17-20.28.11:591][153]LogModuleManager: Shutting down and abandoning module MobileLauncherProfileWizard (294)
[2018.05.17-20.28.11:591][153]LogModuleManager: Shutting down and abandoning module VisualStudioSourceCodeAccess (292)
[2018.05.17-20.28.11:592][153]LogModuleManager: Shutting down and abandoning module DesktopPlatform (291)
[2018.05.17-20.28.11:592][153]LogModuleManager: Shutting down and abandoning module UObjectPlugin (288)
[2018.05.17-20.28.11:592][153]LogModuleManager: Shutting down and abandoning module SubversionSourceControl (286)
[2018.05.17-20.28.11:592][153]LogModuleManager: Shutting down and abandoning module PerforceSourceControl (284)
[2018.05.17-20.28.11:592][153]LogModuleManager: Shutting down and abandoning module GitSourceControl (282)
[2018.05.17-20.28.11:592][153]LogModuleManager: Shutting down and abandoning module SourceControl (281)
[2018.05.17-20.28.11:608][153]LogModuleManager: Shutting down and abandoning module LightPropagationVolumeEditor (278)
[2018.05.17-20.28.11:608][153]LogModuleManager: Shutting down and abandoning module PaperTiledImporter (276)
[2018.05.17-20.28.11:609][153]LogModuleManager: Shutting down and abandoning module PaperSpriteSheetImporter (274)
[2018.05.17-20.28.11:609][153]LogModuleManager: Shutting down and abandoning module Paper2DEditor (272)
[2018.05.17-20.28.11:609][153]LogModuleManager: Shutting down and abandoning module MeshPaint (271)
[2018.05.17-20.28.11:609][153]LogModuleManager: Shutting down and abandoning module LevelEditor (269)
[2018.05.17-20.28.11:610][153]LogModuleManager: Shutting down and abandoning module PixelInspectorModule (268)
[2018.05.17-20.28.11:610][153]LogModuleManager: Shutting down and abandoning module MainFrame (266)
[2018.05.17-20.28.11:610][153]LogModuleManager: Shutting down and abandoning module HotReload (265)
[2018.05.17-20.28.11:611][153]LogModuleManager: Shutting down and abandoning module RuntimePhysXCooking (260)
[2018.05.17-20.28.11:611][153]LogModuleManager: Shutting down and abandoning module PhysXVehiclesEditor (258)
[2018.05.17-20.28.11:611][153]LogModuleManager: Shutting down and abandoning module PhysXVehicles (256)
[2018.05.17-20.28.11:611][153]LogModuleManager: Shutting down and abandoning module OculusEditor (254)
[2018.05.17-20.28.11:611][153]LogModuleManager: Shutting down and abandoning module LocationServicesBPLibrary (252)
[2018.05.17-20.28.11:611][153]LogModuleManager: Shutting down and abandoning module ImmediatePhysicsEditor (250)
[2018.05.17-20.28.11:611][153]LogModuleManager: Shutting down and abandoning module ImmediatePhysics (248)
[2018.05.17-20.28.11:611][153]LogModuleManager: Shutting down and abandoning module UdpMessaging (246)
[2018.05.17-20.28.11:711][153]LogModuleManager: Shutting down and abandoning module TcpMessaging (244)
[2018.05.17-20.28.11:811][153]LogModuleManager: Shutting down and abandoning module GameplayTagsEditor (242)
[2018.05.17-20.28.11:811][153]LogModuleManager: Shutting down and abandoning module FacialAnimationEditor (240)
[2018.05.17-20.28.11:811][153]LogModuleManager: Shutting down and abandoning module FacialAnimation (238)
[2018.05.17-20.28.11:811][153]LogModuleManager: Shutting down and abandoning module AssetManagerEditor (236)
[2018.05.17-20.28.11:811][153]LogModuleManager: Shutting down and abandoning module GraphEditor (235)
[2018.05.17-20.28.11:811][153]LogModuleManager: Shutting down and abandoning module ContentBrowser (233)
[2018.05.17-20.28.11:813][153]LogModuleManager: Shutting down and abandoning module LightPropagationVolumeRuntime (230)
[2018.05.17-20.28.11:813][153]LogModuleManager: Shutting down and abandoning module Paper2D (228)
[2018.05.17-20.28.11:813][153]LogModuleManager: Shutting down and abandoning module WindowsMoviePlayer (226)
[2018.05.17-20.28.11:813][153]LogModuleManager: Shutting down and abandoning module WmfMedia (224)
[2018.05.17-20.28.11:813][153]LogModuleManager: Shutting down and abandoning module PacketHandler (222)
[2018.05.17-20.28.11:814][153]LogModuleManager: Shutting down and abandoning module ClothingSystemEditor (220)
[2018.05.17-20.28.11:814][153]LogModuleManager: Shutting down and abandoning module ClothingSystemRuntime (218)
[2018.05.17-20.28.11:827][153]LogModuleManager: Shutting down and abandoning module Overlay (216)
[2018.05.17-20.28.11:827][153]LogModuleManager: Shutting down and abandoning module OverlayEditor (215)
[2018.05.17-20.28.11:827][153]LogModuleManager: Shutting down and abandoning module MediaAssets (212)
[2018.05.17-20.28.11:827][153]LogModuleManager: Shutting down and abandoning module VREditor (210)
[2018.05.17-20.28.11:835][153]LogModuleManager: Shutting down and abandoning module StringTableEditor (208)
[2018.05.17-20.28.11:835][153]LogModuleManager: Shutting down and abandoning module GameplayTasksEditor (206)
[2018.05.17-20.28.11:835][153]LogModuleManager: Shutting down and abandoning module BehaviorTreeEditor (204)
[2018.05.17-20.28.11:857][153]LogModuleManager: Shutting down and abandoning module FunctionalTesting (202)
[2018.05.17-20.28.11:857][153]LogModuleManager: Shutting down and abandoning module CollisionAnalyzer (200)
[2018.05.17-20.28.11:857][153]LogModuleManager: Shutting down and abandoning module WorkspaceMenuStructure (199)
[2018.05.17-20.28.11:857][153]LogModuleManager: Shutting down and abandoning module UMG (196)
[2018.05.17-20.28.11:866][153]LogModuleManager: Shutting down and abandoning module UMGEditor (195)
[2018.05.17-20.28.11:873][153]LogModuleManager: Shutting down and abandoning module Sequencer (194)
[2018.05.17-20.28.11:875][153]LogModuleManager: Shutting down and abandoning module MessageLog (191)
[2018.05.17-20.28.11:875][153]LogModuleManager: Shutting down and abandoning module SlateReflector (186)
[2018.05.17-20.28.11:884][153]LogModuleManager: Shutting down and abandoning module Slate (184)
[2018.05.17-20.28.11:884][153]LogModuleManager: Shutting down and abandoning module EditorStyle (182)
[2018.05.17-20.28.11:888][153]LogModuleManager: Shutting down and abandoning module MRMesh (180)
[2018.05.17-20.28.11:888][153]LogModuleManager: Shutting down and abandoning module SourceCodeAccess (178)
[2018.05.17-20.28.11:888][153]LogModuleManager: Shutting down and abandoning module HeadMountedDisplay (176)
[2018.05.17-20.28.11:888][153]LogModuleManager: Shutting down and abandoning module XAudio2 (174)
[2018.05.17-20.28.11:888][153]LogModuleManager: Shutting down and abandoning module Networking (172)
[2018.05.17-20.28.11:888][153]LogModuleManager: Shutting down and abandoning module Core (168)
[2018.05.17-20.28.11:888][153]LogModuleManager: Shutting down and abandoning module KismetCompiler (164)
[2018.05.17-20.28.11:888][153]LogModuleManager: Shutting down and abandoning module MeshUtilities (162)
[2018.05.17-20.28.11:903][153]LogModuleManager: Shutting down and abandoning module MeshMergeUtilities (161)
[2018.05.17-20.28.11:904][153]LogModuleManager: Shutting down and abandoning module MeshReductionInterface (160)
[2018.05.17-20.28.11:904][153]LogModuleManager: Shutting down and abandoning module SimplygonSwarm (159)
[2018.05.17-20.28.11:918][153]LogModuleManager: Shutting down and abandoning module SimplygonMeshReduction (157)
[2018.05.17-20.28.11:918][153]LogModuleManager: Shutting down and abandoning module QuadricMeshReduction (155)
[2018.05.17-20.28.11:918][153]LogModuleManager: Shutting down and abandoning module MaterialBaking (151)
[2018.05.17-20.28.11:918][153]LogModuleManager: Shutting down and abandoning module LevelSequence (148)
[2018.05.17-20.28.11:918][153]LogModuleManager: Shutting down and abandoning module DirectoryWatcher (146)
[2018.05.17-20.28.11:919][153]LogModuleManager: Shutting down and abandoning module DerivedDataCache (144)
[2018.05.17-20.28.11:954][153]LogDerivedDataCache: Shutdown
[2018.05.17-20.28.11:954][153]LogModuleManager: Shutting down and abandoning module TargetPlatform (142)
[2018.05.17-20.28.11:954][153]LogModuleManager: Shutting down and abandoning module VulkanShaderFormat (141)
[2018.05.17-20.28.11:954][153]LogModuleManager: Shutting down and abandoning module ShaderFormatVectorVM (139)
[2018.05.17-20.28.11:962][153]LogModuleManager: Shutting down and abandoning module ShaderFormatOpenGL (137)
[2018.05.17-20.28.11:971][153]LogModuleManager: Shutting down and abandoning module ShaderFormatD3D (135)
[2018.05.17-20.28.11:971][153]LogModuleManager: Shutting down and abandoning module MetalShaderFormat (133)
[2018.05.17-20.28.11:985][153]LogModuleManager: Shutting down and abandoning module TextureFormatUncompressed (131)
[2018.05.17-20.28.11:985][153]LogModuleManager: Shutting down and abandoning module TextureFormatPVR (129)
[2018.05.17-20.28.11:986][153]LogModuleManager: Shutting down and abandoning module TextureFormatDXT (127)
[2018.05.17-20.28.11:986][153]LogModuleManager: Shutting down and abandoning module TextureFormatIntelISPCTexComp (125)
[2018.05.17-20.28.11:986][153]LogModuleManager: Shutting down and abandoning module TextureFormatASTC (123)
[2018.05.17-20.28.11:986][153]LogModuleManager: Shutting down and abandoning module ImageWrapper (122)
[2018.05.17-20.28.11:986][153]LogModuleManager: Shutting down and abandoning module TextureFormatAndroid (119)
[2018.05.17-20.28.11:986][153]LogModuleManager: Shutting down and abandoning module AudioFormatOpus (117)
[2018.05.17-20.28.11:986][153]LogModuleManager: Shutting down and abandoning module AudioFormatOgg (115)
[2018.05.17-20.28.11:986][153]LogModuleManager: Shutting down and abandoning module AudioFormatADPCM (113)
[2018.05.17-20.28.11:986][153]LogModuleManager: Shutting down and abandoning module LinuxTargetPlatform (111)
[2018.05.17-20.28.11:986][153]LogModuleManager: Shutting down and abandoning module LinuxServerTargetPlatform (109)
[2018.05.17-20.28.11:986][153]LogModuleManager: Shutting down and abandoning module LinuxNoEditorTargetPlatform (107)
[2018.05.17-20.28.11:986][153]LogModuleManager: Shutting down and abandoning module LinuxClientTargetPlatform (105)
[2018.05.17-20.28.11:986][153]LogModuleManager: Shutting down and abandoning module TVOSTargetPlatform (103)
[2018.05.17-20.28.11:986][153]LogModuleManager: Shutting down and abandoning module Messaging (101)
[2018.05.17-20.28.11:986][153]LogModuleManager: Shutting down and abandoning module IOSTargetPlatform (99)
[2018.05.17-20.28.11:986][153]LogModuleManager: Shutting down and abandoning module HTML5TargetPlatform (97)
[2018.05.17-20.28.11:986][153]LogModuleManager: Shutting down and abandoning module Android_PVRTCTargetPlatform (95)
[2018.05.17-20.28.11:986][153]LogModuleManager: Shutting down and abandoning module Android_MultiTargetPlatform (93)
[2018.05.17-20.28.11:986][153]LogModuleManager: Shutting down and abandoning module Android_ETC2TargetPlatform (91)
[2018.05.17-20.28.11:986][153]LogModuleManager: Shutting down and abandoning module Android_ETC1TargetPlatform (89)
[2018.05.17-20.28.11:986][153]LogModuleManager: Shutting down and abandoning module Android_DXTTargetPlatform (87)
[2018.05.17-20.28.11:986][153]LogModuleManager: Shutting down and abandoning module Android_ATCTargetPlatform (85)
[2018.05.17-20.28.11:986][153]LogModuleManager: Shutting down and abandoning module Android_ASTCTargetPlatform (83)
[2018.05.17-20.28.11:986][153]LogModuleManager: Shutting down and abandoning module AndroidTargetPlatform (81)
[2018.05.17-20.28.11:986][153]LogModuleManager: Shutting down and abandoning module WindowsTargetPlatform (79)
[2018.05.17-20.28.11:986][153]LogModuleManager: Shutting down and abandoning module WindowsServerTargetPlatform (77)
[2018.05.17-20.28.11:986][153]LogModuleManager: Shutting down and abandoning module WindowsNoEditorTargetPlatform (75)
[2018.05.17-20.28.11:986][153]LogModuleManager: Shutting down and abandoning module WindowsClientTargetPlatform (73)
[2018.05.17-20.28.11:987][153]LogModuleManager: Shutting down and abandoning module MacTargetPlatform (71)
[2018.05.17-20.28.11:987][153]LogModuleManager: Shutting down and abandoning module MacServerTargetPlatform (69)
[2018.05.17-20.28.11:987][153]LogModuleManager: Shutting down and abandoning module MacNoEditorTargetPlatform (67)
[2018.05.17-20.28.11:987][153]LogModuleManager: Shutting down and abandoning module MacClientTargetPlatform (65)
[2018.05.17-20.28.11:987][153]LogModuleManager: Shutting down and abandoning module AllDesktopTargetPlatform (63)
[2018.05.17-20.28.11:987][153]LogModuleManager: Shutting down and abandoning module InputCore (60)
[2018.05.17-20.28.11:987][153]LogModuleManager: Shutting down and abandoning module Settings (58)
[2018.05.17-20.28.11:987][153]LogModuleManager: Shutting down and abandoning module PhysXCooking (56)
[2018.05.17-20.28.11:987][153]LogModuleManager: Shutting down and abandoning module SteamVR (54)
[2018.05.17-20.28.11:987][153]LogModuleManager: Shutting down and abandoning module OculusHMD (52)
[2018.05.17-20.28.11:987][153]LogModuleManager: Shutting down and abandoning module ExampleDeviceProfileSelector (50)
[2018.05.17-20.28.11:987][153]LogModuleManager: Shutting down and abandoning module OnlineBlueprintSupport (48)
[2018.05.17-20.28.11:987][153]LogModuleManager: Shutting down and abandoning module OnlineSubsystem (44)
[2018.05.17-20.28.11:987][153]LogOnline: Display: Unloading online subsystem: NULL
[2018.05.17-20.28.12:012][153]LogModuleManager: Shutting down and abandoning module XMPP (43)
[2018.05.17-20.28.12:028][153]LogModuleManager: Shutting down and abandoning module HTTP (41)
[2018.05.17-20.28.12:028][153]LogHttp: Display: Http module shutting down, but needs to wait on 1 outstanding Http requests:
[2018.05.17-20.28.12:028][153]LogHttp: Display: 	verb=[POST] url=[https://datarouter.ol.epicgames.com/datarouter/api/v1/public/data?SessionID=%7B93580097-4F58-D81A-84D9-F797351856D9%7D&AppID=UEEditor.Rocket.Release&AppVersion=4.17.2-3658906%2B%2B%2BUE4%2BRelease-4.17&UserID=14ff7836474a041dbb0ab595dd95f386%7C03c46d714e434504a60eccd0eae6275a%7C9aed7643-48fa-4352-86a6-c57b58fde8af&AppEnvironment=datacollector-binary&UploadType=eteventstream] status=Processing
[2018.05.17-20.28.12:043][153]LogModuleManager: Shutting down and abandoning module SSL (40)
[2018.05.17-20.28.12:045][153]LogModuleManager: Shutting down and abandoning module AnimationModifiers (36)
[2018.05.17-20.28.12:045][153]LogModuleManager: Shutting down and abandoning module PropertyEditor (35)
[2018.05.17-20.28.12:045][153]LogModuleManager: Shutting down and abandoning module AudioEditor (32)
[2018.05.17-20.28.12:059][153]LogModuleManager: Shutting down and abandoning module TextureCompressor (30)
[2018.05.17-20.28.12:059][153]LogModuleManager: Shutting down and abandoning module ShaderCore (28)
[2018.05.17-20.28.12:059][153]LogModuleManager: Shutting down and abandoning module Landscape (26)
[2018.05.17-20.28.12:059][153]LogModuleManager: Shutting down and abandoning module SlateRHIRenderer (24)
[2018.05.17-20.28.12:078][153]LogModuleManager: Shutting down and abandoning module OpenGLDrv (22)
[2018.05.17-20.28.12:086][153]LogModuleManager: Shutting down and abandoning module D3D11RHI (20)
[2018.05.17-20.28.12:086][153]LogModuleManager: Shutting down and abandoning module AnimGraphRuntime (18)
[2018.05.17-20.28.12:086][153]LogModuleManager: Shutting down and abandoning module Renderer (16)
[2018.05.17-20.28.12:086][153]LogModuleManager: Shutting down and abandoning module Engine (14)
[2018.05.17-20.28.12:086][153]LogModuleManager: Shutting down and abandoning module CoreUObject (12)
[2018.05.17-20.28.12:086][153]LogModuleManager: Shutting down and abandoning module NetworkFile (10)
[2018.05.17-20.28.12:086][153]LogModuleManager: Shutting down and abandoning module CookedIterativeFile (8)
[2018.05.17-20.28.12:086][153]LogModuleManager: Shutting down and abandoning module StreamingFile (6)
[2018.05.17-20.28.12:086][153]LogModuleManager: Shutting down and abandoning module SandboxFile (4)
[2018.05.17-20.28.12:086][153]LogModuleManager: Shutting down and abandoning module PakFile (2)
[2018.05.17-20.28.12:090][153]LogExit: Exiting.
[2018.05.17-20.28.12:109][153]Log file closed, 05/18/18 05:58:12
