Log file open, 05/17/18 07:26:04
LogWindows: Failed to load 'aqProf.dll' (GetLastError=126)
LogWindows: File 'aqProf.dll' does not exist
LogWindows: Failed to load 'VSPerf140.dll' (GetLastError=126)
LogWindows: File 'VSPerf140.dll' does not exist
LogWindows: Failed to load 'VtuneApi.dll' (GetLastError=126)
LogWindows: File 'VtuneApi.dll' does not exist
LogWindows: Failed to load 'VtuneApi32e.dll' (GetLastError=126)
LogWindows: File 'VtuneApi32e.dll' does not exist
LogInit: Display: Running engine for game: GameDesign
LogPlatformFile: Not using cached read wrapper
LogInit: Display: RandInit(-1080449909) SRandInit(-1080449909).
LogTaskGraph: Started task graph with 5 named threads and 14 total threads with 3 sets of task threads.
LogStats: Stats thread started at 0.201593
LogD3D11RHI: Aftermath initialized
LogPluginManager: Mounting plugin Paper2D
LogPluginManager: Mounting plugin LightPropagationVolume
LogPluginManager: Mounting plugin CodeLiteSourceCodeAccess
LogPluginManager: Mounting plugin GitSourceControl
LogPluginManager: Mounting plugin KDevelopSourceCodeAccess
LogPluginManager: Mounting plugin NullSourceCodeAccess
LogPluginManager: Mounting plugin PerforceSourceControl
LogPluginManager: Mounting plugin SubversionSourceControl
LogPluginManager: Mounting plugin UObjectPlugin
LogPluginManager: Mounting plugin VisualStudioSourceCodeAccess
LogPluginManager: Mounting plugin XCodeSourceCodeAccess
LogPluginManager: Mounting plugin AssetManagerEditor
LogPluginManager: Mounting plugin AudioCapture
LogPluginManager: Mounting plugin FacialAnimation
LogPluginManager: Mounting plugin GameplayTagsEditor
LogPluginManager: Mounting plugin MobileLauncherProfileWizard
LogPluginManager: Mounting plugin PluginBrowser
LogPluginManager: Mounting plugin SpeedTreeImporter
LogPluginManager: Mounting plugin AlembicImporter
LogPluginManager: Mounting plugin CharacterAI
LogPluginManager: Mounting plugin HTML5Networking
LogPluginManager: Mounting plugin AndroidMedia
LogPluginManager: Mounting plugin AvfMedia
LogPluginManager: Mounting plugin MediaPlayerEditor
LogPluginManager: Mounting plugin WmfMedia
LogPluginManager: Mounting plugin TcpMessaging
LogPluginManager: Mounting plugin UdpMessaging
LogPluginManager: Mounting plugin LevelSequenceEditor
LogPluginManager: Mounting plugin MatineeToLevelSequence
LogPluginManager: Mounting plugin OnlineSubsystemGooglePlay
LogPluginManager: Mounting plugin OnlineSubsystemIOS
LogPluginManager: Mounting plugin OnlineSubsystem
LogPluginManager: Mounting plugin OnlineSubsystemNull
LogPluginManager: Mounting plugin OnlineSubsystemUtils
LogPluginManager: Mounting plugin AndroidDeviceProfileSelector
LogPluginManager: Mounting plugin AndroidMoviePlayer
LogPluginManager: Mounting plugin AndroidPermission
LogPluginManager: Mounting plugin AppleMoviePlayer
LogPluginManager: Mounting plugin ArchVisCharacter
LogPluginManager: Mounting plugin CableComponent
LogPluginManager: Mounting plugin CustomMeshComponent
LogPluginManager: Mounting plugin ExampleDeviceProfileSelector
LogPluginManager: Mounting plugin GoogleCloudMessaging
LogPluginManager: Mounting plugin ImmediatePhysics
LogPluginManager: Mounting plugin IOSDeviceProfileSelector
LogPluginManager: Mounting plugin LinuxDeviceProfileSelector
LogPluginManager: Mounting plugin LocationServicesBPLibrary
LogPluginManager: Mounting plugin MobilePatchingUtils
LogPluginManager: Mounting plugin OculusVR
LogPluginManager: Mounting plugin PhysXVehicles
LogPluginManager: Mounting plugin ProceduralMeshComponent
LogPluginManager: Mounting plugin RuntimePhysXCooking
LogPluginManager: Mounting plugin SteamVR
LogPluginManager: Mounting plugin WindowsMoviePlayer
LogInit: Using libcurl 7.47.1
LogInit:  - built for x86_64-pc-win32
LogInit:  - supports SSL with OpenSSL/1.0.2g
LogInit:  - supports HTTP deflate (compression) using libz 1.2.8
LogInit:  - other features:
LogInit:      CURL_VERSION_SSL
LogInit:      CURL_VERSION_LIBZ
LogInit:      CURL_VERSION_IPV6
LogInit:      CURL_VERSION_ASYNCHDNS
LogInit:      CURL_VERSION_LARGEFILE
LogInit:      CURL_VERSION_IDN
LogInit:  CurlRequestOptions (configurable via config and command line):
LogInit:  - bVerifyPeer = false  - Libcurl will NOT verify peer certificate
LogInit:  - bUseHttpProxy = false  - Libcurl will NOT use HTTP proxy
LogInit:  - bDontReuseConnections = false  - Libcurl will reuse connections
LogInit:  - CertBundlePath = nullptr  - Libcurl will use whatever was configured at build time.
LogInit: Build: ++UE4+Release-4.17-CL-3658906
LogInit: Engine Version: 4.17.2-3658906+++UE4+Release-4.17
LogInit: Compatible Engine Version: 4.17.0-3573198+++UE4+Release-4.17
LogInit: Net CL: 3573198
LogDevObjectVersion: Number of dev versions registered: 16
LogDevObjectVersion:   Dev-Blueprints (B0D832E4-1F89-4F0D-ACCF-7EB736FD4AA2): 10
LogDevObjectVersion:   Dev-Build (E1C64328-A22C-4D53-A36C-8E866417BD8C): 0
LogDevObjectVersion:   Dev-Core (375EC13C-06E4-48FB-B500-84F0262A717E): 2
LogDevObjectVersion:   Dev-Editor (E4B068ED-F494-42E9-A231-DA0B2E46BB41): 20
LogDevObjectVersion:   Dev-Framework (CFFC743F-43B0-4480-9391-14DF171D2073): 28
LogDevObjectVersion:   Dev-Mobile (B02B49B5-BB20-44E9-A304-32B752E40360): 0
LogDevObjectVersion:   Dev-Networking (A4E4105C-59A1-49B5-A7C5-40C4547EDFEE): 0
LogDevObjectVersion:   Dev-Online (39C831C9-5AE6-47DC-9A44-9C173E1C8E7C): 0
LogDevObjectVersion:   Dev-Physics (78F01B33-EBEA-4F98-B9B4-84EACCB95AA2): 0
LogDevObjectVersion:   Dev-Platform (6631380F-2D4D-43E0-8009-CF276956A95A): 0
LogDevObjectVersion:   Dev-Rendering (12F88B9F-8875-4AFC-A67C-D90C383ABD29): 19
LogDevObjectVersion:   Dev-Sequencer (7B5AE74C-D270-4C10-A958-57980B212A5A): 4
LogDevObjectVersion:   Dev-VR (D7296918-1DD6-4BDD-9DE2-64A83CC13884): 0
LogDevObjectVersion:   Dev-LoadTimes (C2A15278-BFE7-4AFE-6C17-90FF531DF755): 1
LogDevObjectVersion:   Private-Geometry (6EACA3D4-40EC-4CC1-B786-8BED09428FC5): 1
LogDevObjectVersion:   Dev-AnimPhys (29E575DD-E0A3-4627-9D10-D276232CDCEA): 7
LogInit: Compiled (64-bit): Sep 22 2017 13:47:16
LogInit: Compiled with Visual C++: 19.00.24215.01
LogInit: Build Configuration: Development
LogInit: Branch Name: ++UE4+Release-4.17
LogInit: Command line:  
LogInit: Base directory: F:/Unreal Engine/UE_4.17/Engine/Binaries/Win64/
LogInit: Installed Engine Build: 1
LogInit: Presizing for max 8388607 objects, including 0 objects not considered by GC, pre-allocating 0 bytes for permanent pool.
LogInit: Object subsystem initialized
[2018.05.16-21.56.05:642][  0]LogInit: Selected Device Profile: [Windows]
[2018.05.16-21.56.05:642][  0]LogInit: Applying CVar settings loaded from the selected device profile: [Windows]
[2018.05.16-21.56.05:656][  0]LogInit: Computer: DOUBLE-PC
[2018.05.16-21.56.05:656][  0]LogInit: User: Double
[2018.05.16-21.56.05:656][  0]LogInit: CPU Page size=4096, Cores=4
[2018.05.16-21.56.05:656][  0]LogInit: High frequency timer resolution =3.924277 MHz
[2018.05.16-21.56.05:656][  0]LogMemory: Memory total: Physical=16.0GB (16GB approx)
[2018.05.16-21.56.05:656][  0]LogMemory: Platform Memory Stats for Windows
[2018.05.16-21.56.05:656][  0]LogMemory: Process Physical Memory: 281.16 MB used, 281.16 MB peak
[2018.05.16-21.56.05:656][  0]LogMemory: Process Virtual Memory: 285.80 MB used, 285.80 MB peak
[2018.05.16-21.56.05:656][  0]LogMemory: Physical Memory: 6460.20 MB used,  9888.44 MB free, 16348.64 MB total
[2018.05.16-21.56.05:657][  0]LogMemory: Virtual Memory: 663.19 MB used,  9888.44 MB free, 8388608.00 MB total
[2018.05.16-21.56.05:890][  0]LogInit: Using OS detected language (en-US).
[2018.05.16-21.56.05:890][  0]LogInit: Using OS detected locale (en-US).
[2018.05.16-21.56.05:895][  0]LogTextLocalizationManager: No specific localization for 'en-US' exists, so the 'en' localization will be used.
[2018.05.16-21.56.06:903][  0]LogD3D11RHI: D3D11 adapters:
[2018.05.16-21.56.06:955][  0]LogD3D11RHI:    0. 'NVIDIA GeForce GTX 1080' (Feature Level 11_0)
[2018.05.16-21.56.06:955][  0]LogD3D11RHI:       8077/0/7918 MB DedicatedVideo/DedicatedSystem/SharedSystem, Outputs:1, VendorId:0x10de
[2018.05.16-21.56.06:955][  0]LogD3D11RHI: Chosen D3D11 Adapter: 0
[2018.05.16-21.56.06:973][  0]LogD3D11RHI: Creating new Direct3DDevice
[2018.05.16-21.56.06:973][  0]LogD3D11RHI:     GPU DeviceId: 0x1b80 (for the marketing name, search the web for "GPU Device Id")
[2018.05.16-21.56.06:973][  0]LogWindows: EnumDisplayDevices:
[2018.05.16-21.56.06:974][  0]LogWindows:    0. 'NVIDIA GeForce GTX 1080' (P:1 D:1)
[2018.05.16-21.56.06:974][  0]LogWindows:    1. 'NVIDIA GeForce GTX 1080' (P:0 D:0)
[2018.05.16-21.56.06:974][  0]LogWindows:    2. 'NVIDIA GeForce GTX 1080' (P:0 D:0)
[2018.05.16-21.56.06:975][  0]LogWindows:    3. 'NVIDIA GeForce GTX 1080' (P:0 D:0)
[2018.05.16-21.56.06:975][  0]LogWindows:    4. 'RDPDD Chained DD' (P:0 D:0)
[2018.05.16-21.56.06:975][  0]LogWindows:    5. 'RDP Encoder Mirror Driver' (P:0 D:0)
[2018.05.16-21.56.06:976][  0]LogWindows:    6. 'RDP Reflector Display Driver' (P:0 D:0)
[2018.05.16-21.56.06:976][  0]LogWindows: DebugString: GetVideoDriverDetailsInvalid PrimaryIsNotTheChoosenAdapter GetVideoDriverDetailsInvalid PrimaryIsNotTheChoosenAdapter GetVideoDriverDetailsInvalid PrimaryIsNotTheChoosenAdapter FoundDriverCount:4 
[2018.05.16-21.56.06:976][  0]LogD3D11RHI:     Adapter Name: NVIDIA GeForce GTX 1080
[2018.05.16-21.56.06:976][  0]LogD3D11RHI:   Driver Version: 391.01 (internal:23.21.13.9101, unified:391.01)
[2018.05.16-21.56.06:976][  0]LogD3D11RHI:      Driver Date: 2-23-2018
[2018.05.16-21.56.06:976][  0]LogRHI: Texture pool is 1361 MB (70% of 1945 MB)
[2018.05.16-21.56.06:998][  0]LogD3D11RHI: Async texture creation enabled
[2018.05.16-21.56.07:019][  0]LogD3D11RHI: GPU Timing Frequency: 1000.000000 (Debug: 2 2)
[2018.05.16-21.56.07:023][  0]LogShaderCompilers: Guid format shader working directory is -5 characters bigger than the processId version (C:/Users/Double/Documents/Unreal Projects/GameDesign/Intermediate/Shaders/WorkingDirectory/8888/).
[2018.05.16-21.56.07:023][  0]LogShaderCompilers: Cleaned the shader compiler working directory 'C:/Users/Double/AppData/Local/Temp/UnrealShaderWorkingDir/DF5D77AE461C17B155FD38B9B7D7E99C/'.
[2018.05.16-21.56.07:023][  0]LogShaderCompilers: Display: Using Local Shader Compiler.
[2018.05.16-21.56.08:532][  0]LogTemp: Display: Loaded TP AllDesktopTargetPlatform
[2018.05.16-21.56.08:614][  0]LogTemp: Display: Loaded TP MacClientTargetPlatform
[2018.05.16-21.56.08:697][  0]LogTemp: Display: Loaded TP MacNoEditorTargetPlatform
[2018.05.16-21.56.08:781][  0]LogTemp: Display: Loaded TP MacServerTargetPlatform
[2018.05.16-21.56.08:863][  0]LogTemp: Display: Loaded TP MacTargetPlatform
[2018.05.16-21.56.08:946][  0]LogTemp: Display: Loaded TP WindowsClientTargetPlatform
[2018.05.16-21.56.09:034][  0]LogTemp: Display: Loaded TP WindowsNoEditorTargetPlatform
[2018.05.16-21.56.09:117][  0]LogTemp: Display: Loaded TP WindowsServerTargetPlatform
[2018.05.16-21.56.09:185][  0]LogTemp: Display: Loaded TP WindowsTargetPlatform
[2018.05.16-21.56.09:263][  0]LogTemp: Display: Loaded TP AndroidTargetPlatform
[2018.05.16-21.56.09:341][  0]LogTemp: Display: Loaded TP Android_ASTCTargetPlatform
[2018.05.16-21.56.09:419][  0]LogTemp: Display: Loaded TP Android_ATCTargetPlatform
[2018.05.16-21.56.09:500][  0]LogTemp: Display: Loaded TP Android_DXTTargetPlatform
[2018.05.16-21.56.09:577][  0]LogTemp: Display: Loaded TP Android_ETC1TargetPlatform
[2018.05.16-21.56.09:654][  0]LogTemp: Display: Loaded TP Android_ETC2TargetPlatform
[2018.05.16-21.56.09:808][  0]LogTemp: Display: Loaded TP Android_MultiTargetPlatform
[2018.05.16-21.56.09:809][  0]LogTemp: Display: Loaded TP Android_PVRTCTargetPlatform
[2018.05.16-21.56.09:866][  0]LogTemp: Display: Loaded TP HTML5TargetPlatform
[2018.05.16-21.56.09:994][  0]LogTemp: Display: Loaded TP IOSTargetPlatform
[2018.05.16-21.56.10:040][  0]LogTemp: Display: Loaded TP TVOSTargetPlatform
[2018.05.16-21.56.10:123][  0]LogTemp: Display: Loaded TP LinuxClientTargetPlatform
[2018.05.16-21.56.10:204][  0]LogTemp: Display: Loaded TP LinuxNoEditorTargetPlatform
[2018.05.16-21.56.10:282][  0]LogTemp: Display: Loaded TP LinuxServerTargetPlatform
[2018.05.16-21.56.10:361][  0]LogTemp: Display: Loaded TP LinuxTargetPlatform
[2018.05.16-21.56.10:361][  0]LogTargetPlatformManager: Display: Building Assets For Windows
[2018.05.16-21.56.11:050][  0]LogDerivedDataCache: Display: Max Cache Size: 512 MB
[2018.05.16-21.56.11:244][  0]LogDerivedDataCache: Loaded boot cache 0.19s 93MB C:/Users/Double/AppData/Local/UnrealEngine/4.17/DerivedDataCache/Boot.ddc.
[2018.05.16-21.56.11:244][  0]LogDerivedDataCache: Display: Loaded Boot cache: C:/Users/Double/AppData/Local/UnrealEngine/4.17/DerivedDataCache/Boot.ddc
[2018.05.16-21.56.11:245][  0]LogDerivedDataCache: FDerivedDataBackendGraph:  Pak pak cache file C:/Users/Double/Documents/Unreal Projects/GameDesign/DerivedDataCache/DDC.ddp not found, will not use a pak cache.
[2018.05.16-21.56.11:245][  0]LogDerivedDataCache: Unable to find inner node Pak for hierarchical cache Hierarchy.
[2018.05.16-21.56.11:245][  0]LogDerivedDataCache: FDerivedDataBackendGraph:  CompressedPak pak cache file C:/Users/Double/Documents/Unreal Projects/GameDesign/DerivedDataCache/Compressed.ddp not found, will not use a pak cache.
[2018.05.16-21.56.11:245][  0]LogDerivedDataCache: Unable to find inner node CompressedPak for hierarchical cache Hierarchy.
[2018.05.16-21.56.11:271][  0]LogDerivedDataCache: Display: Pak cache opened for reading ../../../Engine/DerivedDataCache/Compressed.ddp.
[2018.05.16-21.56.11:283][  0]LogDerivedDataCache: Using Local data cache path C:/Users/Double/AppData/Local/UnrealEngine/Common/DerivedDataCache: Writable
[2018.05.16-21.56.11:302][  0]LogMaterial: Verifying Global Shaders for PCD3D_SM5
[2018.05.16-21.56.11:302][  0]LogSlate: Using Freetype 2.6.0
[2018.05.16-21.56.11:303][  0]LogSlate: SlateFontCache - WITH_FREETYPE: 1, WITH_HARFBUZZ: 1
[2018.05.16-21.56.11:303][  0]LogSlate: SlateFontCache - WITH_FREETYPE: 1, WITH_HARFBUZZ: 1
[2018.05.16-21.56.11:734][  0]LogAssetRegistry: FAssetRegistry took 0.0276 seconds to start up
[2018.05.16-21.56.12:028][  0]LogInit: Selected Device Profile: [Windows]
[2018.05.16-21.56.12:035][  0]LogContentStreaming: Texture pool size is 0.00 MB
[2018.05.16-21.56.12:599][  0]LogSimplygon: Simplygon DLL not present - disabling.
[2018.05.16-21.56.12:660][  0]LogMeshReduction: Using SimplygonSwarm for distributed automatic mesh merging
[2018.05.16-21.56.12:660][  0]LogMeshReduction: Using QuadricMeshReduction for automatic static mesh reduction
[2018.05.16-21.56.12:660][  0]LogMeshReduction: No automatic skeletal mesh reduction module available
[2018.05.16-21.56.12:660][  0]LogMeshReduction: No automatic mesh merging module available
[2018.05.16-21.56.12:660][  0]LogMeshMerging: No automatic mesh merging module available
[2018.05.16-21.56.13:249][  0]LogNetVersion: GameDesign , NetCL: 3573198, EngineNetVer: 2, GameNetVer: 0 (Checksum: 4162053255)
[2018.05.16-21.56.13:551][  0]LogPackageLocalizationCache: Processed 5 localized package path(s) for 2 prioritized culture(s) in 0.049137 seconds
[2018.05.16-21.56.13:559][  0]LogUObjectArray: 35825 objects as part of root set at end of initial load.
[2018.05.16-21.56.13:559][  0]LogUObjectAllocator: 7529112 out of 0 bytes used by permanent object pool.
[2018.05.16-21.56.13:559][  0]LogUObjectArray: CloseDisregardForGC: 0/0 objects in disregard for GC pool
[2018.05.16-21.56.13:641][  0]LogInit: WinSock: version 1.1 (2.2), MaxSocks=32767, MaxUdp=65467
[2018.05.16-21.56.17:474][  0]LogTcpMessaging: Initializing TcpMessaging bridge
[2018.05.16-21.56.17:526][  0]LogUdpMessaging: Initializing bridge on interface 0.0.0.0:0 to multicast group 230.0.0.1:6666.
[2018.05.16-21.56.18:490][  0]LogMaterial: Uniform references updated for custom material expression Custom.
[2018.05.16-21.56.19:124][  0]SourceControl: Source control is disabled
[2018.05.16-21.56.19:124][  0]SourceControl: Source control is disabled
[2018.05.16-21.56.19:201][  0]SourceControl: Source control is disabled
[2018.05.16-21.56.19:280][  0]SourceControl: Source control is disabled
[2018.05.16-21.56.20:197][  0]LogAndroidPermission: UAndroidPermissionCallbackProxy::GetInstance
[2018.05.16-21.56.20:575][  0]LogOcInput: OculusInput pre-init called
[2018.05.16-21.56.20:967][  0]LogEngine: Initializing Engine...
[2018.05.16-21.56.20:970][  0]LogHMD: Failed to initialize OpenVR with code 110
[2018.05.16-21.56.21:329][  0]LogStats: UGameplayTagsManager::ConstructGameplayTagTree: Construct from data asset -  0.000 s
[2018.05.16-21.56.21:330][  0]LogStats: UGameplayTagsManager::ConstructGameplayTagTree: GameplayTagTreeChangedEvent.Broadcast -  0.000 s
[2018.05.16-21.56.21:524][  0]LogAIModule: Creating AISystem for world Untitled
[2018.05.16-21.56.21:549][  0]LogInit: XAudio2 using 'Speakers (VIA HD Audio)' : 2 channels at 48 kHz using 32 bits per sample (channel mask 0x3)
[2018.05.16-21.56.21:566][  0]LogInit: FAudioDevice initialized.
[2018.05.16-21.56.21:700][  0]LogDerivedDataCache: Saved boot cache 0.13s 93MB C:/Users/Double/AppData/Local/UnrealEngine/4.17/DerivedDataCache/Boot.ddc.
[2018.05.16-21.56.21:736][  0]LogInit: Texture streaming: Enabled
[2018.05.16-21.56.21:899][  0]LogEngineSessionManager: EngineSessionManager initialized
[2018.05.16-21.56.22:241][  0]LogInit: Transaction tracking system initialized
[2018.05.16-21.56.22:721][  0]BlueprintLog: New page: Editor Load
[2018.05.16-21.56.24:085][  0]LocalizationService: Localization service is disabled
[2018.05.16-21.56.25:140][  0]LogConsoleResponse: Display: 
[2018.05.16-21.56.25:401][  0]LogCook: Display: Max memory allowance for cook 16384mb min free memory 0mb
[2018.05.16-21.56.25:401][  0]LogCook: Display: Mobile HDR setting 1
[2018.05.16-21.56.25:401][  0]LogGameplayTags: Display: UGameplayTagsManager::DoneAddingNativeTags. DelegateIsBound: 0
[2018.05.16-21.56.25:917][  0]LogFileCache: Scanning file cache for directory 'C:/Users/Double/Documents/Unreal Projects/GameDesign/Content/' took 0.02s
[2018.05.16-21.56.27:057][  0]SourceControl: Source control is disabled
[2018.05.16-21.56.27:057][  0]Cmd: MAP LOAD FILE="C:/Users/Double/Documents/Unreal Projects/GameDesign/Content/FirstPersonBP/Maps/FirstPersonExampleMap.umap" TEMPLATE=0 SHOWPROGRESS=1 FEATURELEVEL=3
[2018.05.16-21.56.27:058][  0]LightingResults: New page: Lighting Build
[2018.05.16-21.56.27:123][  0]MapCheck: New page: Map Check
[2018.05.16-21.56.27:123][  0]LightingResults: New page: Lighting Build
[2018.05.16-21.56.28:102][  0]LogAIModule: Creating AISystem for world FirstPersonExampleMap
[2018.05.16-21.56.28:119][  0]LogEditorServer: Finished looking for orphan Actors (0.000 secs)
[2018.05.16-21.56.28:175][  0]Cmd: MAP CHECKDEP NOCLEARLOG
[2018.05.16-21.56.28:263][  0]MapCheck: Map check complete: 0 Error(s), 0 Warning(s), took 87.79ms to complete.
[2018.05.16-21.56.28:263][  0]LogFileHelpers: Loading map 'FirstPersonExampleMap' took 1.206
[2018.05.16-21.56.28:451][  0]LogCollectionManager: Loaded 0 collections in 0.003706 seconds
[2018.05.16-21.56.28:551][  0]LogFileCache: Scanning file cache for directory 'C:/Users/Double/Documents/Unreal Projects/GameDesign/Saved/Collections/' took 0.01s
[2018.05.16-21.56.28:551][  0]LogFileCache: Scanning file cache for directory 'C:/Users/Double/Documents/Unreal Projects/GameDesign/Content/Developers/Double/Collections/' took 0.01s
[2018.05.16-21.56.28:551][  0]LogFileCache: Scanning file cache for directory 'C:/Users/Double/Documents/Unreal Projects/GameDesign/Content/Collections/' took 0.01s
[2018.05.16-21.56.28:551][  0]LogCollectionManager: Rebuilt the GUID cache for 0 collections in 0.000001 seconds
[2018.05.16-21.56.28:567][  0]LogContentBrowser: Native class hierarchy populated in 0.0160 seconds. Added 2386 classes and 500 folders.
[2018.05.16-21.56.28:659][  0]LogContentBrowser: Native class hierarchy updated for 'WidgetCarousel' in 0.0010 seconds. Added 0 classes and 0 folders.
[2018.05.16-21.56.28:731][  0]LogContentBrowser: Native class hierarchy updated for 'AddContentDialog' in 0.0009 seconds. Added 0 classes and 0 folders.
[2018.05.16-21.56.28:797][  0]LogContentBrowser: Native class hierarchy updated for 'SceneOutliner' in 0.0010 seconds. Added 1 classes and 2 folders.
[2018.05.16-21.56.28:913][  0]LogSlate: Took 0.000314 seconds to synchronously load lazily loaded font '../../../Engine/Content/Slate/Fonts/Roboto-Regular.ttf' (155K)
[2018.05.16-21.56.28:916][  0]LogSlate: Took 0.000256 seconds to synchronously load lazily loaded font '../../../Engine/Content/Slate/Fonts/Roboto-Bold.ttf' (160K)
[2018.05.16-21.56.28:924][  0]LogSlate: Took 0.000253 seconds to synchronously load lazily loaded font '../../../Engine/Content/Editor/Slate/Fonts/FontAwesome.ttf' (139K)
[2018.05.16-21.56.29:079][  0]LogRenderer: Reallocating scene render targets to support 1208x648 Format 10 NumSamples 1 (Frame:1).
[2018.05.16-21.56.29:348][  0]LogContentBrowser: Native class hierarchy updated for 'HierarchicalLODOutliner' in 0.0010 seconds. Added 1 classes and 2 folders.
[2018.05.16-21.56.29:348][  0]LogLoad: (Engine Initialization) Total time: 26.01 seconds
[2018.05.16-21.56.29:349][  0]LogLoad: (Engine Initialization) Total Blueprint compile time: 0.00 seconds
[2018.05.16-21.56.29:349][  0]LogExternalProfiler: No external profilers were discovered.  External profiling features will not be available.
[2018.05.16-21.56.29:712][  0]LogContentStreaming: Texture pool size now 1000 MB
[2018.05.16-21.56.29:783][  0]LogSlate: Took 0.000276 seconds to synchronously load lazily loaded font '../../../Engine/Content/Slate/Fonts/Roboto-Light.ttf' (159K)
[2018.05.16-21.56.30:375][  2]LogAssetRegistry: Asset discovery search completed in 18.6613 seconds
[2018.05.16-21.56.30:378][  2]LogCollectionManager: Rebuilt the object cache for 0 collections in 0.000001 seconds (found 0 objects)
[2018.05.16-21.56.30:378][  2]LogCollectionManager: Fixed up redirectors for 0 collections in 0.000073 seconds (updated 0 objects)
[2018.05.16-21.56.30:702][  3]LogSlate: Took 0.000358 seconds to synchronously load lazily loaded font '../../../Engine/Content/Slate/Fonts/Roboto-Light.ttf' (159K)
[2018.05.16-21.56.48:415][767]LogEditorViewport: Clicking on Actor (LMB): StaticMeshActor (EditorCube17)
[2018.05.16-21.56.52:482][145]LogSlate: Took 0.000368 seconds to synchronously load lazily loaded font '../../../Engine/Content/Editor/Slate/Fonts/Roboto-Italic.ttf' (157K)
[2018.05.16-21.56.54:521][343]LogEditorViewport: Clicking on Actor (LMB): StaticMeshActor (EditorCube17)
[2018.05.16-21.56.55:018][391]LogEditorViewport: Clicking on Actor (LMB): StaticMeshActor (EditorCube17)
[2018.05.16-21.56.55:065][392]LogEditorViewport: Clicking on Component (LMB): StaticMeshComponent (StaticMeshComponent0)
[2018.05.16-21.57.07:234][486]LogSlate: Took 0.000290 seconds to synchronously load lazily loaded font '../../../Engine/Content/Slate/Fonts/Roboto-Light.ttf' (159K)
[2018.05.16-21.57.08:231][486]LogRenderer: Reallocating scene render targets to support 1432x924 Format 10 NumSamples 1 (Frame:1).
[2018.05.16-21.57.24:883][596]LogTemp: Repeating last play command: New Editor Window (PIE)
[2018.05.16-21.57.24:928][596]LogBlueprintUserMessages: Early PlayInEditor Detection: Level '/Game/FirstPersonBP/Maps/FirstPersonExampleMap.FirstPersonExampleMap:PersistentLevel' has LevelScriptBlueprint '/Game/FirstPersonBP/Maps/FirstPersonExampleMap.FirstPersonExampleMap:PersistentLevel.FirstPersonExampleMap' with GeneratedClass '/Game/FirstPersonBP/Maps/FirstPersonExampleMap.FirstPersonExampleMap_C' with ClassGeneratedBy '/Game/FirstPersonBP/Maps/FirstPersonExampleMap.FirstPersonExampleMap:PersistentLevel.FirstPersonExampleMap'
[2018.05.16-21.57.24:928][596]LogPlayLevel: PlayLevel: No blueprints needed recompiling
[2018.05.16-21.57.24:929][596]PIE: New page: PIE session: FirstPersonExampleMap (May 17, 2018, 4:57:24 PM)
[2018.05.16-21.57.24:929][596]LogPlayLevel: Creating play world package: /Game/FirstPersonBP/Maps/UEDPIE_0_FirstPersonExampleMap
[2018.05.16-21.57.24:965][596]LogPlayLevel: PIE: StaticDuplicateObject took: (0.035553s)
[2018.05.16-21.57.24:966][596]LogAIModule: Creating AISystem for world FirstPersonExampleMap
[2018.05.16-21.57.24:966][596]LogPlayLevel: PIE: World Init took: (0.001181s)
[2018.05.16-21.57.24:966][596]LogPlayLevel: PIE: Created PIE world by copying editor world from /Game/FirstPersonBP/Maps/FirstPersonExampleMap.FirstPersonExampleMap to /Game/FirstPersonBP/Maps/UEDPIE_0_FirstPersonExampleMap.FirstPersonExampleMap (0.037120s)
[2018.05.16-21.57.25:005][596]LogInit: XAudio2 using 'Speakers (VIA HD Audio)' : 2 channels at 48 kHz using 32 bits per sample (channel mask 0x3)
[2018.05.16-21.57.25:011][596]LogInit: FAudioDevice initialized.
[2018.05.16-21.57.25:076][596]LogLoad: Game class is 'FirstPersonMenuMode_C'
[2018.05.16-21.57.25:081][596]LogWorld: Bringing World /Game/FirstPersonBP/Maps/UEDPIE_0_FirstPersonExampleMap.FirstPersonExampleMap up for play (max tick rate 0) at 2018.05.17-07.27.25
[2018.05.16-21.57.25:081][596]LogWorld: Bringing up level for play took: 0.003450
[2018.05.16-21.57.25:146][596]LogContentBrowser: Native class hierarchy updated for 'MovieSceneCapture' in 0.0011 seconds. Added 11 classes and 0 folders.
[2018.05.16-21.57.25:156][596]PIE: Play in editor start time for /Game/FirstPersonBP/Maps/UEDPIE_0_FirstPersonExampleMap 0.066
[2018.05.16-21.57.25:157][596]LogBlueprintUserMessages: Late PlayInEditor Detection: Level '/Game/FirstPersonBP/Maps/FirstPersonExampleMap.FirstPersonExampleMap:PersistentLevel' has LevelScriptBlueprint '/Game/FirstPersonBP/Maps/FirstPersonExampleMap.FirstPersonExampleMap:PersistentLevel.FirstPersonExampleMap' with GeneratedClass '/Game/FirstPersonBP/Maps/FirstPersonExampleMap.FirstPersonExampleMap_C' with ClassGeneratedBy '/Game/FirstPersonBP/Maps/FirstPersonExampleMap.FirstPersonExampleMap:PersistentLevel.FirstPersonExampleMap'
[2018.05.16-21.57.32:085][ 19]Cmd: r.setres 640x480
[2018.05.16-21.57.32:085][ 19]r.SetRes = "640x480"
[2018.05.16-21.57.33:234][130]Cmd: r.setres 1280x720
[2018.05.16-21.57.33:234][130]r.SetRes = "1280x720"
[2018.05.16-21.57.34:244][237]Cmd: r.fullscreenmode 0
[2018.05.16-21.57.34:244][237]r.FullScreenMode = "0"
[2018.05.16-21.57.34:968][320]Cmd: r.fullscreenmode 2
[2018.05.16-21.57.34:968][320]r.FullScreenMode = "2"
[2018.05.16-21.57.36:051][442]Cmd: r.setres 1920x1080
[2018.05.16-21.57.36:051][442]r.SetRes = "1920x1080"
[2018.05.16-21.57.36:092][442]LogRenderer: Reallocating scene render targets to support 1912x1048 Format 10 NumSamples 1 (Frame:850).
[2018.05.16-21.57.37:545][598]Cmd: r.setres 1280x720
[2018.05.16-21.57.37:545][598]r.SetRes = "1280x720"
[2018.05.16-21.57.38:247][671]Cmd: r.setres 1920x1080
[2018.05.16-21.57.38:248][671]r.SetRes = "1920x1080"
[2018.05.16-21.57.38:906][740]Cmd: r.setres 1280x720
[2018.05.16-21.57.38:906][740]r.SetRes = "1280x720"
[2018.05.16-21.57.39:488][800]Cmd: r.setres 640x480
[2018.05.16-21.57.39:488][800]r.SetRes = "640x480"
[2018.05.16-21.57.40:655][927]Cmd: r.setres 1280x720
[2018.05.16-21.57.40:656][927]r.SetRes = "1280x720"
[2018.05.16-21.57.45:503][409]LogNet: Browse: /Game/levels/Officelevel
[2018.05.16-21.57.45:504][409]LogLoad: LoadMap: /Game/levels/Officelevel
[2018.05.16-21.57.45:552][409]Cmd: MEM
[2018.05.16-21.57.45:601][409]LogMemory: Platform Memory Stats for Windows
[2018.05.16-21.57.45:601][409]LogMemory: Process Physical Memory: 1255.04 MB used, 1259.55 MB peak
[2018.05.16-21.57.45:601][409]LogMemory: Process Virtual Memory: 2336.54 MB used, 2658.85 MB peak
[2018.05.16-21.57.45:601][409]LogMemory: Physical Memory: 7456.86 MB used,  8891.78 MB free, 16348.64 MB total
[2018.05.16-21.57.45:601][409]LogMemory: Virtual Memory: 3045.92 MB used,  8891.78 MB free, 8388608.00 MB total
[2018.05.16-21.57.45:601][409]LogMemory: 
[2018.05.16-21.57.45:601][409]Allocator Stats for TBB: (not implemented)
[2018.05.16-21.57.45:612][409]LogLinker: Warning: Can't find file '/Game/StarterContent/Textures/T_Lamp_M'
[2018.05.16-21.57.45:612][409]LogLinker: Warning: Can't find file for asset '/Game/StarterContent/Textures/T_Lamp_M' while loading C:/Users/Double/Documents/Unreal Projects/GameDesign/Content/StarterContent/Props/Materials/M_Lamp.uasset.
[2018.05.16-21.57.45:612][409]LoadErrors: Error: /Game/StarterContent/Props/Materials/M_Lamp : Can't find file for asset. /Game/StarterContent/Textures/T_Lamp_M
[2018.05.16-21.57.45:613][409]LogLinker: Warning: Can't find file '/Game/StarterContent/Textures/T_Lamp_N'
[2018.05.16-21.57.45:613][409]LogLinker: Warning: Can't find file for asset '/Game/StarterContent/Textures/T_Lamp_N' while loading C:/Users/Double/Documents/Unreal Projects/GameDesign/Content/StarterContent/Props/Materials/M_Lamp.uasset.
[2018.05.16-21.57.45:613][409]LoadErrors: Error: /Game/StarterContent/Props/Materials/M_Lamp : Can't find file for asset. /Game/StarterContent/Textures/T_Lamp_N
[2018.05.16-21.57.45:613][409]LogLinker: Warning: Can't find file '/Game/StarterContent/Textures/T_Lamp_M'
[2018.05.16-21.57.45:613][409]LogLinker: Warning: Can't find file for asset '/Game/StarterContent/Textures/T_Lamp_M' while loading C:/Users/Double/Documents/Unreal Projects/GameDesign/Content/StarterContent/Props/Materials/M_Lamp.uasset.
[2018.05.16-21.57.45:613][409]LogLinker: Warning: Can't find file '/Game/StarterContent/Textures/T_Lamp_N'
[2018.05.16-21.57.45:613][409]LogLinker: Warning: Can't find file for asset '/Game/StarterContent/Textures/T_Lamp_N' while loading C:/Users/Double/Documents/Unreal Projects/GameDesign/Content/StarterContent/Props/Materials/M_Lamp.uasset.
[2018.05.16-21.57.45:653][409]LogLinker: Warning: Can't find file '/Game/StarterContent/Textures/T_Frame_M'
[2018.05.16-21.57.45:653][409]LogLinker: Warning: Can't find file for asset '/Game/StarterContent/Textures/T_Frame_M' while loading C:/Users/Double/Documents/Unreal Projects/GameDesign/Content/StarterContent/Props/Materials/M_Frame.uasset.
[2018.05.16-21.57.45:653][409]LoadErrors: Error: /Game/StarterContent/Props/Materials/M_Frame : Can't find file for asset. /Game/StarterContent/Textures/T_Frame_M
[2018.05.16-21.57.45:653][409]LogLinker: Warning: Can't find file '/Game/StarterContent/Textures/T_Frame_N'
[2018.05.16-21.57.45:653][409]LogLinker: Warning: Can't find file for asset '/Game/StarterContent/Textures/T_Frame_N' while loading C:/Users/Double/Documents/Unreal Projects/GameDesign/Content/StarterContent/Props/Materials/M_Frame.uasset.
[2018.05.16-21.57.45:653][409]LoadErrors: Error: /Game/StarterContent/Props/Materials/M_Frame : Can't find file for asset. /Game/StarterContent/Textures/T_Frame_N
[2018.05.16-21.57.45:654][409]LogLinker: Warning: Can't find file '/Game/StarterContent/Textures/T_Frame_M'
[2018.05.16-21.57.45:654][409]LogLinker: Warning: Can't find file for asset '/Game/StarterContent/Textures/T_Frame_M' while loading C:/Users/Double/Documents/Unreal Projects/GameDesign/Content/StarterContent/Props/Materials/M_Frame.uasset.
[2018.05.16-21.57.45:654][409]LogLinker: Warning: Can't find file '/Game/StarterContent/Textures/T_Frame_N'
[2018.05.16-21.57.45:654][409]LogLinker: Warning: Can't find file for asset '/Game/StarterContent/Textures/T_Frame_N' while loading C:/Users/Double/Documents/Unreal Projects/GameDesign/Content/StarterContent/Props/Materials/M_Frame.uasset.
[2018.05.16-21.57.45:702][409]LogLinker: Warning: Can't find file '/Game/StarterContent/Textures/T_Lamp_N'
[2018.05.16-21.57.45:703][409]LoadErrors: Failed to load /Game/StarterContent/Textures/T_Lamp_N.T_Lamp_N Referenced by MaterialExpressionTextureSample_0
[2018.05.16-21.57.45:703][409]LogLinker: Warning: Can't find file for asset '/Game/StarterContent/Textures/T_Lamp_N' while loading NULL.
[2018.05.16-21.57.45:703][409]LogLinker: Warning: Can't find file '/Game/StarterContent/Textures/T_Lamp_M'
[2018.05.16-21.57.45:703][409]LoadErrors: Failed to load /Game/StarterContent/Textures/T_Lamp_M.T_Lamp_M Referenced by MaterialExpressionTextureSample_1
[2018.05.16-21.57.45:703][409]LogLinker: Warning: Can't find file for asset '/Game/StarterContent/Textures/T_Lamp_M' while loading NULL.
[2018.05.16-21.57.45:747][409]LogLinker: Warning: Can't find file '/Game/StarterContent/Textures/T_Frame_M'
[2018.05.16-21.57.45:747][409]LoadErrors: Failed to load /Game/StarterContent/Textures/T_Frame_M.T_Frame_M Referenced by MaterialExpressionTextureSample_0
[2018.05.16-21.57.45:747][409]LogLinker: Warning: Can't find file for asset '/Game/StarterContent/Textures/T_Frame_M' while loading NULL.
[2018.05.16-21.57.45:747][409]LogLinker: Warning: Can't find file '/Game/StarterContent/Textures/T_Frame_N'
[2018.05.16-21.57.45:747][409]LoadErrors: Failed to load /Game/StarterContent/Textures/T_Frame_N.T_Frame_N Referenced by MaterialExpressionTextureSample_1
[2018.05.16-21.57.45:748][409]LogLinker: Warning: Can't find file for asset '/Game/StarterContent/Textures/T_Frame_N' while loading NULL.
[2018.05.16-21.57.45:764][409]LogMaterial: Missing cached shader map for material M_Lamp, compiling. 
[2018.05.16-21.57.45:764][409]LogMaterial: Warning: Failed to compile Material /Game/StarterContent/Props/Materials/M_Lamp.M_Lamp for platform PCD3D_SM5, Default Material will be used in game.
[2018.05.16-21.57.45:764][409]LogMaterial: Warning: 	(Node TextureSample) Texture Sample> Missing input texture
[2018.05.16-21.57.45:787][409]LogMaterial: Missing cached shader map for material M_Frame, compiling. 
[2018.05.16-21.57.45:787][409]LogMaterial: Warning: Failed to compile Material /Game/StarterContent/Props/Materials/M_Frame.M_Frame for platform PCD3D_SM5, Default Material will be used in game.
[2018.05.16-21.57.45:787][409]LogMaterial: Warning: 	(Node TextureSample) Texture Sample> Missing input texture
[2018.05.16-21.57.47:193][409]LogAIModule: Creating AISystem for world Officelevel
[2018.05.16-21.57.47:372][409]LogLoad: Game class is 'FirstPersonGameMode_C'
[2018.05.16-21.57.47:391][409]LogWorld: Bringing World /Game/levels/UEDPIE_0_Officelevel.Officelevel up for play (max tick rate 0) at 2018.05.17-07.27.47
[2018.05.16-21.57.47:391][409]LogGameState: Error: Mixing AGameState with AGameModeBase is not compatible. Change AGameModeBase subclass (FirstPersonGameMode_C) to derive from AGameMode, or make both derive from Base
[2018.05.16-21.57.47:391][409]LogWorld: Bringing up level for play took: 0.018144
[2018.05.16-21.57.47:394][409]LogLoad: Took 1.889743 seconds to LoadMap(/Game/levels/Officelevel)
[2018.05.16-21.57.57:270][460]LogSpawn: Warning: SpawnActor failed because of collision at the spawn location [X=-11262.565 Y=-3956.764 Z=1386.797] for [FirstPersonProjectile_C]
[2018.05.16-21.57.57:419][477]LogSpawn: Warning: SpawnActor failed because of collision at the spawn location [X=-11262.565 Y=-3956.764 Z=1386.797] for [FirstPersonProjectile_C]
[2018.05.16-21.58.19:578][895]LogEditorViewport: Clicking on Actor (LMB): StaticMeshActor (Floor)
[2018.05.16-21.58.29:562][787]LogLinker: Warning: Can't find file '/Game/StarterContent/Textures/T_Lamp_M'
[2018.05.16-21.58.29:562][787]LogLinker: Warning: Can't find file for asset '/Game/StarterContent/Textures/T_Lamp_M' while loading C:/Users/Double/Documents/Unreal Projects/GameDesign/Content/StarterContent/Props/Materials/M_Lamp.uasset.
[2018.05.16-21.58.29:563][787]LogLinker: Warning: Can't find file '/Game/StarterContent/Textures/T_Lamp_N'
[2018.05.16-21.58.29:563][787]LogLinker: Warning: Can't find file for asset '/Game/StarterContent/Textures/T_Lamp_N' while loading C:/Users/Double/Documents/Unreal Projects/GameDesign/Content/StarterContent/Props/Materials/M_Lamp.uasset.
[2018.05.16-21.58.29:563][787]LogLinker: Warning: Can't find file '/Game/StarterContent/Textures/T_Lamp_M'
[2018.05.16-21.58.29:563][787]LogLinker: Warning: Can't find file for asset '/Game/StarterContent/Textures/T_Lamp_M' while loading C:/Users/Double/Documents/Unreal Projects/GameDesign/Content/StarterContent/Props/Materials/M_Lamp.uasset.
[2018.05.16-21.58.29:563][787]LogLinker: Warning: Can't find file '/Game/StarterContent/Textures/T_Lamp_N'
[2018.05.16-21.58.29:563][787]LogLinker: Warning: Can't find file for asset '/Game/StarterContent/Textures/T_Lamp_N' while loading C:/Users/Double/Documents/Unreal Projects/GameDesign/Content/StarterContent/Props/Materials/M_Lamp.uasset.
[2018.05.16-21.58.29:607][787]LogLinker: Warning: Can't find file '/Game/StarterContent/Textures/T_Frame_M'
[2018.05.16-21.58.29:607][787]LogLinker: Warning: Can't find file for asset '/Game/StarterContent/Textures/T_Frame_M' while loading C:/Users/Double/Documents/Unreal Projects/GameDesign/Content/StarterContent/Props/Materials/M_Frame.uasset.
[2018.05.16-21.58.29:607][787]LogLinker: Warning: Can't find file '/Game/StarterContent/Textures/T_Frame_N'
[2018.05.16-21.58.29:607][787]LogLinker: Warning: Can't find file for asset '/Game/StarterContent/Textures/T_Frame_N' while loading C:/Users/Double/Documents/Unreal Projects/GameDesign/Content/StarterContent/Props/Materials/M_Frame.uasset.
[2018.05.16-21.58.29:608][787]LogLinker: Warning: Can't find file '/Game/StarterContent/Textures/T_Frame_M'
[2018.05.16-21.58.29:608][787]LogLinker: Warning: Can't find file for asset '/Game/StarterContent/Textures/T_Frame_M' while loading C:/Users/Double/Documents/Unreal Projects/GameDesign/Content/StarterContent/Props/Materials/M_Frame.uasset.
[2018.05.16-21.58.29:608][787]LogLinker: Warning: Can't find file '/Game/StarterContent/Textures/T_Frame_N'
[2018.05.16-21.58.29:608][787]LogLinker: Warning: Can't find file for asset '/Game/StarterContent/Textures/T_Frame_N' while loading C:/Users/Double/Documents/Unreal Projects/GameDesign/Content/StarterContent/Props/Materials/M_Frame.uasset.
[2018.05.16-21.58.29:677][787]LogUObjectHash: Warning: Ambiguous search, could be Package /Game/levels/UEDPIE_0_Officelevel./Game/levels/Officelevel_BuiltData or Package /Game/levels/Officelevel./Game/levels/Officelevel_BuiltData
[2018.05.16-21.58.29:677][787]LogUObjectHash: Warning: Ambiguous search, could be Package /Game/levels/UEDPIE_0_Officelevel./Game/levels/Officelevel_BuiltData or Package /Game/levels/Officelevel./Game/levels/Officelevel_BuiltData
[2018.05.16-21.58.29:677][787]LogAIModule: Creating AISystem for world Officelevel
[2018.05.16-21.58.31:862][787]LogBlueprintUserMessages: Early EndPlayMap Detection: Level '/Game/FirstPersonBP/Maps/FirstPersonExampleMap.FirstPersonExampleMap:PersistentLevel' has LevelScriptBlueprint '/Game/FirstPersonBP/Maps/FirstPersonExampleMap.FirstPersonExampleMap:PersistentLevel.FirstPersonExampleMap' with GeneratedClass '/Game/FirstPersonBP/Maps/FirstPersonExampleMap.FirstPersonExampleMap_C' with ClassGeneratedBy '/Game/FirstPersonBP/Maps/FirstPersonExampleMap.FirstPersonExampleMap:PersistentLevel.FirstPersonExampleMap'
[2018.05.16-21.58.31:909][787]LogBlueprintUserMessages: Late EndPlayMap Detection: Level '/Game/FirstPersonBP/Maps/FirstPersonExampleMap.FirstPersonExampleMap:PersistentLevel' has LevelScriptBlueprint '/Game/FirstPersonBP/Maps/FirstPersonExampleMap.FirstPersonExampleMap:PersistentLevel.FirstPersonExampleMap' with GeneratedClass '/Game/FirstPersonBP/Maps/FirstPersonExampleMap.FirstPersonExampleMap_C' with ClassGeneratedBy '/Game/FirstPersonBP/Maps/FirstPersonExampleMap.FirstPersonExampleMap:PersistentLevel.FirstPersonExampleMap'
[2018.05.16-21.58.31:961][787]Cmd: MAP LOAD FILE="C:/Users/Double/Documents/Unreal Projects/GameDesign/Content/levels/Officelevel.umap" TEMPLATE=0 SHOWPROGRESS=1 FEATURELEVEL=3
[2018.05.16-21.58.31:995][787]LightingResults: New page: Lighting Build
[2018.05.16-21.58.31:996][787]LoadErrors: New page: Loading map: Officelevel.umap
[2018.05.16-21.58.31:997][787]MapCheck: New page: Map Check
[2018.05.16-21.58.31:997][787]LightingResults: New page: Lighting Build
[2018.05.16-21.58.32:203][787]LogEditorServer: Finished looking for orphan Actors (0.000 secs)
[2018.05.16-21.58.32:332][787]LogSlate: Took 0.000297 seconds to synchronously load lazily loaded font '../../../Engine/Content/Slate/Fonts/Roboto-Regular.ttf' (155K)
[2018.05.16-21.58.32:374][787]Cmd: MAP CHECKDEP NOCLEARLOG
[2018.05.16-21.58.32:472][787]MapCheck: Map check complete: 0 Error(s), 0 Warning(s), took 97.666ms to complete.
[2018.05.16-21.58.32:472][787]LogFileHelpers: Loading map 'Officelevel' took 2.744
[2018.05.16-21.58.37:092][291]LogEditorViewport: Clicking on Actor (LMB): PlayerStart (Player Start)
[2018.05.16-21.59.03:412][912]LogAIModule: Creating AISystem for world FirstPersonExampleMap
[2018.05.16-21.59.03:474][912]Cmd: MAP LOAD FILE="C:/Users/Double/Documents/Unreal Projects/GameDesign/Content/FirstPersonBP/Maps/FirstPersonExampleMap.umap" TEMPLATE=0 SHOWPROGRESS=1 FEATURELEVEL=3
[2018.05.16-21.59.03:474][912]LightingResults: New page: Lighting Build
[2018.05.16-21.59.03:475][912]LoadErrors: New page: Loading map: FirstPersonExampleMap.umap
[2018.05.16-21.59.03:476][912]MapCheck: New page: Map Check
[2018.05.16-21.59.03:477][912]LightingResults: New page: Lighting Build
[2018.05.16-21.59.03:680][912]LogEditorServer: Finished looking for orphan Actors (0.000 secs)
[2018.05.16-21.59.03:789][912]Cmd: MAP CHECKDEP NOCLEARLOG
[2018.05.16-21.59.03:885][912]MapCheck: Map check complete: 0 Error(s), 0 Warning(s), took 95.709ms to complete.
[2018.05.16-21.59.03:886][912]LogFileHelpers: Loading map 'FirstPersonExampleMap' took 0.413
[2018.05.16-21.59.15:866][152]LogEditorViewport: Clicking on Actor (LMB): FirstPersonCharacter_C (FirstPersonCharacter)
[2018.05.16-21.59.16:455][205]LogEditorViewport: Clicking on Actor (LMB): FirstPersonCharacter_C (FirstPersonCharacter)
[2018.05.16-21.59.18:812][398]LogEditorViewport: Clicking on Actor (LMB): FirstPersonCharacter_C (FirstPersonCharacter)
[2018.05.16-21.59.19:283][424]LogEditorViewport: Clicking on Actor (LMB): StaticMeshActor (Floor)
[2018.05.16-21.59.19:852][472]LogEditorViewport: Clicking on Actor (LMB): FirstPersonCharacter_C (FirstPersonCharacter)
[2018.05.16-21.59.22:398][708]LogEditorViewport: Clicking on Actor (LMB): TextRenderActor (TemplateLabel)
[2018.05.16-21.59.23:229][781]LogEditorViewport: Clicking on Actor (LMB): StaticMeshActor (Floor)
[2018.05.16-21.59.24:173][867]LogEditorViewport: Clicking on Actor (LMB): StaticMeshActor (Floor)
[2018.05.16-21.59.24:657][916]LogEditorViewport: Clicking on Actor (LMB): FirstPersonCharacter_C (FirstPersonCharacter)
[2018.05.16-21.59.31:314][490]LogEditorViewport: Clicking on Actor (LMB): StaticMeshActor (Floor)
[2018.05.16-21.59.31:923][540]LogEditorViewport: Clicking on Actor (LMB): FirstPersonCharacter_C (FirstPersonCharacter)
[2018.05.16-21.59.34:472][775]LogEditorViewport: Clicking on Actor (LMB): PlayerStart (NetworkPlayerStart)
[2018.05.16-21.59.39:206][239]LogEditorViewport: Clicking on Actor (LMB): FirstPersonCharacter_C (FirstPersonCharacter)
[2018.05.16-21.59.47:744][ 86]LogEditorViewport: Clicking on Actor (LMB): StaticMeshActor (Wall2)
[2018.05.16-22.00.09:722][266]LogEditorViewport: Clicking on Actor (LMB): PlayerStart (NetworkPlayerStart)
[2018.05.16-22.00.12:558][524]LogEditorViewport: Clicking on Actor (LMB): FirstPersonCharacter_C (FirstPersonCharacter)
[2018.05.16-22.00.19:315][131]LogAIModule: Creating AISystem for world Officelevel
[2018.05.16-22.00.19:371][131]Cmd: MAP LOAD FILE="C:/Users/Double/Documents/Unreal Projects/GameDesign/Content/levels/Officelevel.umap" TEMPLATE=0 SHOWPROGRESS=1 FEATURELEVEL=3
[2018.05.16-22.00.19:371][131]LightingResults: New page: Lighting Build
[2018.05.16-22.00.19:372][131]LoadErrors: New page: Loading map: Officelevel.umap
[2018.05.16-22.00.19:396][131]MapCheck: New page: Map Check
[2018.05.16-22.00.19:396][131]LightingResults: New page: Lighting Build
[2018.05.16-22.00.19:606][131]LogEditorServer: Finished looking for orphan Actors (0.000 secs)
[2018.05.16-22.00.19:729][131]Cmd: MAP CHECKDEP NOCLEARLOG
[2018.05.16-22.00.19:824][131]MapCheck: Map check complete: 0 Error(s), 0 Warning(s), took 94.731ms to complete.
[2018.05.16-22.00.19:825][131]LogFileHelpers: Loading map 'Officelevel' took 0.456
[2018.05.16-22.00.45:597][812]Cmd: TRANSACTION UNDO
[2018.05.16-22.00.45:597][812]LogEditorTransaction: Undo Create Actors
[2018.05.16-22.00.49:027][129]LogEditorViewport: Clicking on Actor (LMB): PlayerStart (Player Start)
[2018.05.16-22.00.49:481][169]LogEditorViewport: Clicking on Actor (LMB): StaticMeshActor (Floor7)
[2018.05.16-22.00.50:155][225]LogEditorViewport: Clicking on Actor (LMB): PlayerStart (Player Start)
[2018.05.16-22.01.02:329][355]LogTemp: Repeating last play command: New Editor Window (PIE)
[2018.05.16-22.01.02:347][355]LogBlueprintUserMessages: Early PlayInEditor Detection: Level '/Game/levels/Officelevel.Officelevel:PersistentLevel' has LevelScriptBlueprint '/Game/levels/Officelevel.Officelevel:PersistentLevel.Officelevel' with GeneratedClass '/Game/levels/Officelevel.Officelevel_C' with ClassGeneratedBy '/Game/levels/Officelevel.Officelevel:PersistentLevel.Officelevel'
[2018.05.16-22.01.02:347][355]LogPlayLevel: PlayLevel: No blueprints needed recompiling
[2018.05.16-22.01.02:347][355]PIE: New page: PIE session: Officelevel (May 17, 2018, 5:01:02 PM)
[2018.05.16-22.01.02:347][355]LogPlayLevel: Creating play world package: /Game/levels/UEDPIE_0_Officelevel
[2018.05.16-22.01.02:355][355]LogPlayLevel: PIE: StaticDuplicateObject took: (0.007311s)
[2018.05.16-22.01.02:356][355]LogAIModule: Creating AISystem for world Officelevel
[2018.05.16-22.01.02:356][355]LogPlayLevel: PIE: World Init took: (0.000969s)
[2018.05.16-22.01.02:356][355]LogPlayLevel: PIE: Created PIE world by copying editor world from /Game/levels/Officelevel.Officelevel to /Game/levels/UEDPIE_0_Officelevel.Officelevel (0.008608s)
[2018.05.16-22.01.02:434][355]LogInit: XAudio2 using 'Speakers (VIA HD Audio)' : 2 channels at 48 kHz using 32 bits per sample (channel mask 0x3)
[2018.05.16-22.01.02:440][355]LogInit: FAudioDevice initialized.
[2018.05.16-22.01.02:486][355]LogLoad: Game class is 'FirstPersonGameMode_C'
[2018.05.16-22.01.02:504][355]LogWorld: Bringing World /Game/levels/UEDPIE_0_Officelevel.Officelevel up for play (max tick rate 0) at 2018.05.17-07.31.02
[2018.05.16-22.01.02:504][355]LogGameState: Error: Mixing AGameState with AGameModeBase is not compatible. Change AGameModeBase subclass (FirstPersonGameMode_C) to derive from AGameMode, or make both derive from Base
[2018.05.16-22.01.02:521][355]LogWorld: Bringing up level for play took: 0.033225
[2018.05.16-22.01.02:528][355]PIE: Play in editor start time for /Game/levels/UEDPIE_0_Officelevel -0.564
[2018.05.16-22.01.02:529][355]LogBlueprintUserMessages: Late PlayInEditor Detection: Level '/Game/levels/Officelevel.Officelevel:PersistentLevel' has LevelScriptBlueprint '/Game/levels/Officelevel.Officelevel:PersistentLevel.Officelevel' with GeneratedClass '/Game/levels/Officelevel.Officelevel_C' with ClassGeneratedBy '/Game/levels/Officelevel.Officelevel:PersistentLevel.Officelevel'
[2018.05.16-22.01.05:280][604]LogBlueprintUserMessages: Early EndPlayMap Detection: Level '/Game/levels/Officelevel.Officelevel:PersistentLevel' has LevelScriptBlueprint '/Game/levels/Officelevel.Officelevel:PersistentLevel.Officelevel' with GeneratedClass '/Game/levels/Officelevel.Officelevel_C' with ClassGeneratedBy '/Game/levels/Officelevel.Officelevel:PersistentLevel.Officelevel'
[2018.05.16-22.01.05:392][604]LogBlueprintUserMessages: Late EndPlayMap Detection: Level '/Game/levels/Officelevel.Officelevel:PersistentLevel' has LevelScriptBlueprint '/Game/levels/Officelevel.Officelevel:PersistentLevel.Officelevel' with GeneratedClass '/Game/levels/Officelevel.Officelevel_C' with ClassGeneratedBy '/Game/levels/Officelevel.Officelevel:PersistentLevel.Officelevel'
[2018.05.16-22.01.06:901][732]LogEditorViewport: Clicking on Actor (LMB): StaticMeshActor (Floor7)
[2018.05.16-22.01.08:219][851]LogEditorViewport: Clicking on Actor (LMB): PlayerStart (Player Start)
[2018.05.16-22.01.09:007][925]LogEditorViewport: Clicking on Actor (LMB): StaticMeshActor (Floor7)
[2018.05.16-22.01.10:330][ 49]LogEditorViewport: Clicking on Actor (LMB): FirstPersonCharacter_C (FirstPersonCharacter)
[2018.05.16-22.01.19:140][874]LogEditorViewport: Clicking on Actor (LMB): StaticMeshActor (Floor7)
[2018.05.16-22.01.19:713][919]LogEditorViewport: Clicking on Actor (LMB): StaticMeshActor (Floor7)
[2018.05.16-22.01.20:471][991]LogEditorViewport: Clicking on Actor (LMB): StaticMeshActor (Floor7)
[2018.05.16-22.01.21:142][ 55]LogEditorViewport: Clicking on Actor (LMB): FirstPersonCharacter_C (FirstPersonCharacter)
[2018.05.16-22.01.21:888][112]Cmd: DELETE
[2018.05.16-22.01.21:888][112]Cmd: ACTOR DELETE
[2018.05.16-22.01.21:915][112]LogEditorActor: Deleted Actor: FirstPersonCharacter_C
[2018.05.16-22.01.21:981][112]LogEditorActor: Deleted 1 Actors (0.066 secs)
[2018.05.16-22.01.32:693][338]LogAIModule: Creating AISystem for world FirstPersonExampleMap
[2018.05.16-22.01.34:228][338]Cmd: MAP LOAD FILE="C:/Users/Double/Documents/Unreal Projects/GameDesign/Content/FirstPersonBP/Maps/FirstPersonExampleMap.umap" TEMPLATE=0 SHOWPROGRESS=1 FEATURELEVEL=3
[2018.05.16-22.01.34:229][338]LightingResults: New page: Lighting Build
[2018.05.16-22.01.34:230][338]LoadErrors: New page: Loading map: FirstPersonExampleMap.umap
[2018.05.16-22.01.34:231][338]MapCheck: New page: Map Check
[2018.05.16-22.01.34:231][338]LightingResults: New page: Lighting Build
[2018.05.16-22.01.34:514][338]LogEditorServer: Finished looking for orphan Actors (0.000 secs)
[2018.05.16-22.01.34:603][338]Cmd: MAP CHECKDEP NOCLEARLOG
[2018.05.16-22.01.34:700][338]MapCheck: Map check complete: 0 Error(s), 0 Warning(s), took 96.045ms to complete.
[2018.05.16-22.01.34:700][338]LogFileHelpers: Loading map 'FirstPersonExampleMap' took 0.474
[2018.05.16-22.01.36:450][534]LogEditorViewport: Clicking on Actor (LMB): StaticMeshActor (Floor)
[2018.05.16-22.01.38:279][721]LogEditorViewport: Clicking on Actor (LMB): StaticMeshActor (Floor)
[2018.05.16-22.01.38:762][770]LogEditorViewport: Clicking on Actor (LMB): FirstPersonCharacter_C (FirstPersonCharacter)
[2018.05.16-22.01.41:176][987]Cmd: EDIT COPY
[2018.05.16-22.01.54:933][275]LogAIModule: Creating AISystem for world Officelevel
[2018.05.16-22.01.54:987][275]Cmd: MAP LOAD FILE="C:/Users/Double/Documents/Unreal Projects/GameDesign/Content/levels/Officelevel.umap" TEMPLATE=0 SHOWPROGRESS=1 FEATURELEVEL=3
[2018.05.16-22.01.54:987][275]LightingResults: New page: Lighting Build
[2018.05.16-22.01.54:988][275]LoadErrors: New page: Loading map: Officelevel.umap
[2018.05.16-22.01.55:012][275]MapCheck: New page: Map Check
[2018.05.16-22.01.55:012][275]LightingResults: New page: Lighting Build
[2018.05.16-22.01.55:274][275]LogEditorServer: Finished looking for orphan Actors (0.000 secs)
[2018.05.16-22.01.55:407][275]Cmd: MAP CHECKDEP NOCLEARLOG
[2018.05.16-22.01.55:501][275]MapCheck: Map check complete: 0 Error(s), 0 Warning(s), took 94.178ms to complete.
[2018.05.16-22.01.55:502][275]LogFileHelpers: Loading map 'Officelevel' took 0.517
[2018.05.16-22.01.56:144][342]LogEditorViewport: Clicking on Actor (LMB): StaticMeshActor (Floor7)
[2018.05.16-22.01.57:577][472]LogEditorViewport: Clicking on Actor (LMB): StaticMeshActor (Floor102)
[2018.05.16-22.01.58:177][527]LogEditorViewport: Clicking on Actor (LMB): StaticMeshActor (Floor7)
[2018.05.16-22.01.59:961][696]Cmd: EDIT PASTE
[2018.05.16-22.02.24:646][593]LogTemp: Repeating last play command: New Editor Window (PIE)
[2018.05.16-22.02.24:665][593]LogBlueprintUserMessages: Early PlayInEditor Detection: Level '/Game/levels/Officelevel.Officelevel:PersistentLevel' has LevelScriptBlueprint '/Game/levels/Officelevel.Officelevel:PersistentLevel.Officelevel' with GeneratedClass '/Game/levels/Officelevel.Officelevel_C' with ClassGeneratedBy '/Game/levels/Officelevel.Officelevel:PersistentLevel.Officelevel'
[2018.05.16-22.02.24:665][593]LogPlayLevel: PlayLevel: No blueprints needed recompiling
[2018.05.16-22.02.24:665][593]PIE: New page: PIE session: Officelevel (May 17, 2018, 5:02:24 PM)
[2018.05.16-22.02.24:665][593]LogPlayLevel: Creating play world package: /Game/levels/UEDPIE_0_Officelevel
[2018.05.16-22.02.24:673][593]LogPlayLevel: PIE: StaticDuplicateObject took: (0.007575s)
[2018.05.16-22.02.24:674][593]LogAIModule: Creating AISystem for world Officelevel
[2018.05.16-22.02.24:674][593]LogPlayLevel: PIE: World Init took: (0.001099s)
[2018.05.16-22.02.24:674][593]LogPlayLevel: PIE: Created PIE world by copying editor world from /Game/levels/Officelevel.Officelevel to /Game/levels/UEDPIE_0_Officelevel.Officelevel (0.008992s)
[2018.05.16-22.02.24:762][593]LogInit: XAudio2 using 'Speakers (VIA HD Audio)' : 2 channels at 48 kHz using 32 bits per sample (channel mask 0x3)
[2018.05.16-22.02.24:767][593]LogInit: FAudioDevice initialized.
[2018.05.16-22.02.24:815][593]LogLoad: Game class is 'FirstPersonGameMode_C'
[2018.05.16-22.02.24:832][593]LogWorld: Bringing World /Game/levels/UEDPIE_0_Officelevel.Officelevel up for play (max tick rate 0) at 2018.05.17-07.32.24
[2018.05.16-22.02.24:833][593]LogGameState: Error: Mixing AGameState with AGameModeBase is not compatible. Change AGameModeBase subclass (FirstPersonGameMode_C) to derive from AGameMode, or make both derive from Base
[2018.05.16-22.02.24:833][593]LogWorld: Bringing up level for play took: 0.017069
[2018.05.16-22.02.24:839][593]PIE: Play in editor start time for /Game/levels/UEDPIE_0_Officelevel -0.254
[2018.05.16-22.02.24:840][593]LogBlueprintUserMessages: Late PlayInEditor Detection: Level '/Game/levels/Officelevel.Officelevel:PersistentLevel' has LevelScriptBlueprint '/Game/levels/Officelevel.Officelevel:PersistentLevel.Officelevel' with GeneratedClass '/Game/levels/Officelevel.Officelevel_C' with ClassGeneratedBy '/Game/levels/Officelevel.Officelevel:PersistentLevel.Officelevel'
[2018.05.16-22.02.27:360][792]LogBlueprintUserMessages: Early EndPlayMap Detection: Level '/Game/levels/Officelevel.Officelevel:PersistentLevel' has LevelScriptBlueprint '/Game/levels/Officelevel.Officelevel:PersistentLevel.Officelevel' with GeneratedClass '/Game/levels/Officelevel.Officelevel_C' with ClassGeneratedBy '/Game/levels/Officelevel.Officelevel:PersistentLevel.Officelevel'
[2018.05.16-22.02.27:468][792]LogBlueprintUserMessages: Late EndPlayMap Detection: Level '/Game/levels/Officelevel.Officelevel:PersistentLevel' has LevelScriptBlueprint '/Game/levels/Officelevel.Officelevel:PersistentLevel.Officelevel' with GeneratedClass '/Game/levels/Officelevel.Officelevel_C' with ClassGeneratedBy '/Game/levels/Officelevel.Officelevel:PersistentLevel.Officelevel'
[2018.05.16-22.02.29:280][948]LogEditorViewport: Clicking on Actor (LMB): FirstPersonCharacter_C (FirstPersonCharacter)
[2018.05.16-22.02.31:312][116]LogTemp: Repeating last play command: New Editor Window (PIE)
[2018.05.16-22.02.31:331][116]LogBlueprintUserMessages: Early PlayInEditor Detection: Level '/Game/levels/Officelevel.Officelevel:PersistentLevel' has LevelScriptBlueprint '/Game/levels/Officelevel.Officelevel:PersistentLevel.Officelevel' with GeneratedClass '/Game/levels/Officelevel.Officelevel_C' with ClassGeneratedBy '/Game/levels/Officelevel.Officelevel:PersistentLevel.Officelevel'
[2018.05.16-22.02.31:331][116]LogPlayLevel: PlayLevel: No blueprints needed recompiling
[2018.05.16-22.02.31:331][116]PIE: New page: PIE session: Officelevel (May 17, 2018, 5:02:31 PM)
[2018.05.16-22.02.31:331][116]LogPlayLevel: Creating play world package: /Game/levels/UEDPIE_0_Officelevel
[2018.05.16-22.02.31:338][116]LogPlayLevel: PIE: StaticDuplicateObject took: (0.007377s)
[2018.05.16-22.02.31:339][116]LogAIModule: Creating AISystem for world Officelevel
[2018.05.16-22.02.31:339][116]LogPlayLevel: PIE: World Init took: (0.000963s)
[2018.05.16-22.02.31:340][116]LogPlayLevel: PIE: Created PIE world by copying editor world from /Game/levels/Officelevel.Officelevel to /Game/levels/UEDPIE_0_Officelevel.Officelevel (0.008661s)
[2018.05.16-22.02.31:405][116]LogInit: XAudio2 using 'Speakers (VIA HD Audio)' : 2 channels at 48 kHz using 32 bits per sample (channel mask 0x3)
[2018.05.16-22.02.31:410][116]LogInit: FAudioDevice initialized.
[2018.05.16-22.02.31:458][116]LogLoad: Game class is 'FirstPersonGameMode_C'
[2018.05.16-22.02.31:476][116]LogWorld: Bringing World /Game/levels/UEDPIE_0_Officelevel.Officelevel up for play (max tick rate 0) at 2018.05.17-07.32.31
[2018.05.16-22.02.31:476][116]LogGameState: Error: Mixing AGameState with AGameModeBase is not compatible. Change AGameModeBase subclass (FirstPersonGameMode_C) to derive from AGameMode, or make both derive from Base
[2018.05.16-22.02.31:476][116]LogWorld: Bringing up level for play took: 0.017076
[2018.05.16-22.02.31:482][116]PIE: Play in editor start time for /Game/levels/UEDPIE_0_Officelevel 0.388
[2018.05.16-22.02.31:482][116]LogBlueprintUserMessages: Late PlayInEditor Detection: Level '/Game/levels/Officelevel.Officelevel:PersistentLevel' has LevelScriptBlueprint '/Game/levels/Officelevel.Officelevel:PersistentLevel.Officelevel' with GeneratedClass '/Game/levels/Officelevel.Officelevel_C' with ClassGeneratedBy '/Game/levels/Officelevel.Officelevel:PersistentLevel.Officelevel'
[2018.05.16-22.02.34:785][422]LogSpawn: Warning: SpawnActor failed because of collision at the spawn location [X=-10760.667 Y=-4933.902 Z=1161.830] for [FirstPersonProjectile_C]
[2018.05.16-22.02.35:186][468]LogBlueprintUserMessages: Early EndPlayMap Detection: Level '/Game/levels/Officelevel.Officelevel:PersistentLevel' has LevelScriptBlueprint '/Game/levels/Officelevel.Officelevel:PersistentLevel.Officelevel' with GeneratedClass '/Game/levels/Officelevel.Officelevel_C' with ClassGeneratedBy '/Game/levels/Officelevel.Officelevel:PersistentLevel.Officelevel'
[2018.05.16-22.02.35:302][468]LogBlueprintUserMessages: Late EndPlayMap Detection: Level '/Game/levels/Officelevel.Officelevel:PersistentLevel' has LevelScriptBlueprint '/Game/levels/Officelevel.Officelevel:PersistentLevel.Officelevel' with GeneratedClass '/Game/levels/Officelevel.Officelevel_C' with ClassGeneratedBy '/Game/levels/Officelevel.Officelevel:PersistentLevel.Officelevel'
[2018.05.16-22.02.40:337][924]LogEditorViewport: Clicking on Actor (LMB): PlayerStart (Player Start)
[2018.05.16-22.02.41:813][ 64]LogEditorViewport: Clicking on Actor (LMB): StaticMeshActor (Floor7)
[2018.05.16-22.02.42:552][127]LogEditorViewport: Clicking on Actor (LMB): FirstPersonCharacter_C (FirstPersonCharacter)
[2018.05.16-22.02.46:303][427]LogEditorViewport: Clicking on Actor (LMB): PlayerStart (Player Start)
[2018.05.16-22.02.47:949][579]LogEditorViewport: Clicking on Actor (LMB): FirstPersonCharacter_C (FirstPersonCharacter)
[2018.05.16-22.02.54:806][150]LogContentBrowser: Native class hierarchy updated for 'BlueprintGraph' in 0.0017 seconds. Added 113 classes and 0 folders.
[2018.05.16-22.02.56:037][150]LogSlate: Took 0.000342 seconds to synchronously load lazily loaded font '../../../Engine/Content/Editor/Slate/Fonts/Roboto-BoldCondensed.ttf' (158K)
[2018.05.16-22.03.07:822][428]BlueprintLog: New page: Compile FirstPersonCharacter
[2018.05.16-22.03.12:560][648]Cmd: QUIT_EDITOR
[2018.05.16-22.03.12:604][648]LogExit: Preparing to exit.
[2018.05.16-22.03.13:647][648]LogExit: Editor shut down
[2018.05.16-22.03.13:654][648]LogExit: Transaction tracking system shut down
[2018.05.16-22.03.13:853][648]LogDirectoryWatcher: A directory notification for '../../../Engine/Content/' was aborted.
[2018.05.16-22.03.13:853][648]LogDirectoryWatcher: A directory notification for 'C:/Users/Double/Documents/Unreal Projects/GameDesign/Content/' was aborted.
[2018.05.16-22.03.13:854][648]LogDirectoryWatcher: A directory notification for '../../../Engine/Plugins/2D/Paper2D/Content/' was aborted.
[2018.05.16-22.03.13:854][648]LogDirectoryWatcher: A directory notification for '../../../Engine/Plugins/Runtime/Oculus/OculusVR/Content/' was aborted.
[2018.05.16-22.03.13:854][648]LogDirectoryWatcher: A directory notification for '../../../Engine/Plugins/Runtime/Steam/SteamVR/Content/' was aborted.
[2018.05.16-22.03.14:054][648]LogExit: Object subsystem successfully closed.
[2018.05.16-22.03.14:071][648]LogD3D11RHI: Shutdown
[2018.05.16-22.03.14:071][648]LogD3D11RHI: CleanupD3DDevice
[2018.05.16-22.03.14:259][648]LogD3D11RHI: ~FD3D11DynamicRHI
[2018.05.16-22.03.14:271][648]LogModuleManager: Shutting down and abandoning module BlueprintGraph (538)
[2018.05.16-22.03.14:271][648]LogModuleManager: Shutting down and abandoning module BlueprintProfiler (536)
[2018.05.16-22.03.14:272][648]LogModuleManager: Shutting down and abandoning module MovieSceneCapture (534)
[2018.05.16-22.03.14:272][648]LogModuleManager: Shutting down and abandoning module StaticMeshEditor (532)
[2018.05.16-22.03.14:272][648]LogModuleManager: Shutting down and abandoning module HierarchicalLODOutliner (530)
[2018.05.16-22.03.14:272][648]LogModuleManager: Shutting down and abandoning module SceneOutliner (528)
[2018.05.16-22.03.14:272][648]LogModuleManager: Shutting down and abandoning module AddContentDialog (526)
[2018.05.16-22.03.14:272][648]LogDirectoryWatcher: A directory notification for 'F:/Unreal Engine/UE_4.17/FeaturePacks/' was aborted.
[2018.05.16-22.03.14:273][648]LogModuleManager: Shutting down and abandoning module WidgetCarousel (525)
[2018.05.16-22.03.14:273][648]LogModuleManager: Shutting down and abandoning module EditorWidgets (522)
[2018.05.16-22.03.14:273][648]LogModuleManager: Shutting down and abandoning module CollectionManager (520)
[2018.05.16-22.03.14:273][648]LogDirectoryWatcher: A directory notification for 'C:/Users/Double/Documents/Unreal Projects/GameDesign/Content/Collections/' was aborted.
[2018.05.16-22.03.14:273][648]LogDirectoryWatcher: A directory notification for 'C:/Users/Double/Documents/Unreal Projects/GameDesign/Content/Developers/Double/Collections/' was aborted.
[2018.05.16-22.03.14:274][648]LogDirectoryWatcher: A directory notification for 'C:/Users/Double/Documents/Unreal Projects/GameDesign/Saved/Collections/' was aborted.
[2018.05.16-22.03.14:274][648]LogModuleManager: Shutting down and abandoning module StatsViewer (518)
[2018.05.16-22.03.14:274][648]LogModuleManager: Shutting down and abandoning module FoliageEdit (516)
[2018.05.16-22.03.14:274][648]LogModuleManager: Shutting down and abandoning module LandscapeEditor (514)
[2018.05.16-22.03.14:274][648]LogModuleManager: Shutting down and abandoning module MeshPaintMode (512)
[2018.05.16-22.03.14:274][648]LogModuleManager: Shutting down and abandoning module SceneDepthPickerMode (510)
[2018.05.16-22.03.14:274][648]LogModuleManager: Shutting down and abandoning module ActorPickerMode (508)
[2018.05.16-22.03.14:274][648]LogModuleManager: Shutting down and abandoning module GeometryMode (506)
[2018.05.16-22.03.14:274][648]LogModuleManager: Shutting down and abandoning module TextureAlignMode (504)
[2018.05.16-22.03.14:274][648]LogModuleManager: Shutting down and abandoning module BspMode (502)
[2018.05.16-22.03.14:274][648]LogModuleManager: Shutting down and abandoning module PIEPreviewDeviceProfileSelector (500)
[2018.05.16-22.03.14:274][648]LogModuleManager: Shutting down and abandoning module HardwareSurvey (498)
[2018.05.16-22.03.14:274][648]LogModuleManager: Shutting down and abandoning module SequenceRecorderSections (496)
[2018.05.16-22.03.14:274][648]LogModuleManager: Shutting down and abandoning module AutomationWorker (494)
[2018.05.16-22.03.14:274][648]LogModuleManager: Shutting down and abandoning module MatineeToLevelSequence (492)
[2018.05.16-22.03.14:274][648]LogModuleManager: Shutting down and abandoning module LevelSequenceEditor (490)
[2018.05.16-22.03.14:274][648]LogModuleManager: Shutting down and abandoning module PlacementMode (489)
[2018.05.16-22.03.14:274][648]LogModuleManager: Shutting down and abandoning module WmfMediaFactory (486)
[2018.05.16-22.03.14:274][648]LogModuleManager: Shutting down and abandoning module WmfMediaEditor (484)
[2018.05.16-22.03.14:274][648]LogModuleManager: Shutting down and abandoning module AvfMediaFactory (482)
[2018.05.16-22.03.14:274][648]LogModuleManager: Shutting down and abandoning module AvfMediaEditor (480)
[2018.05.16-22.03.14:275][648]LogModuleManager: Shutting down and abandoning module AndroidMediaFactory (478)
[2018.05.16-22.03.14:275][648]LogModuleManager: Shutting down and abandoning module Media (477)
[2018.05.16-22.03.14:275][648]LogModuleManager: Shutting down and abandoning module AndroidMediaEditor (474)
[2018.05.16-22.03.14:275][648]LogModuleManager: Shutting down and abandoning module CharacterAI (472)
[2018.05.16-22.03.14:275][648]LogModuleManager: Shutting down and abandoning module AudioCapture (470)
[2018.05.16-22.03.14:275][648]LogModuleManager: Shutting down and abandoning module SequenceRecorder (469)
[2018.05.16-22.03.14:275][648]LogModuleManager: Shutting down and abandoning module SmartSnapping (466)
[2018.05.16-22.03.14:275][648]LogModuleManager: Shutting down and abandoning module SessionServices (464)
[2018.05.16-22.03.14:275][648]LogModuleManager: Shutting down and abandoning module ViewportSnapping (462)
[2018.05.16-22.03.14:275][648]LogModuleManager: Shutting down and abandoning module ViewportInteraction (460)
[2018.05.16-22.03.14:275][648]LogModuleManager: Shutting down and abandoning module ClothPainter (458)
[2018.05.16-22.03.14:275][648]LogModuleManager: Shutting down and abandoning module LogVisualizer (456)
[2018.05.16-22.03.14:275][648]LogModuleManager: Shutting down and abandoning module IntroTutorials (454)
[2018.05.16-22.03.14:275][648]LogModuleManager: Shutting down and abandoning module GameProjectGeneration (453)
[2018.05.16-22.03.14:275][648]LogModuleManager: Shutting down and abandoning module IOSPlatformEditor (450)
[2018.05.16-22.03.14:275][648]LogModuleManager: Shutting down and abandoning module HTML5PlatformEditor (448)
[2018.05.16-22.03.14:275][648]LogModuleManager: Shutting down and abandoning module AndroidPlatformEditor (446)
[2018.05.16-22.03.14:275][648]LogModuleManager: Shutting down and abandoning module AndroidDeviceDetection (445)
[2018.05.16-22.03.14:675][648]LogModuleManager: Shutting down and abandoning module WindowsPlatformEditor (442)
[2018.05.16-22.03.14:675][648]LogModuleManager: Shutting down and abandoning module IOSRuntimeSettings (440)
[2018.05.16-22.03.14:675][648]LogModuleManager: Shutting down and abandoning module AndroidRuntimeSettings (438)
[2018.05.16-22.03.14:675][648]LogModuleManager: Shutting down and abandoning module InputBindingEditor (436)
[2018.05.16-22.03.14:675][648]LogModuleManager: Shutting down and abandoning module MergeActors (434)
[2018.05.16-22.03.14:675][648]LogModuleManager: Shutting down and abandoning module SizeMap (432)
[2018.05.16-22.03.14:675][648]LogModuleManager: Shutting down and abandoning module TreeMap (430)
[2018.05.16-22.03.14:675][648]LogModuleManager: Shutting down and abandoning module ReferenceViewer (428)
[2018.05.16-22.03.14:675][648]LogModuleManager: Shutting down and abandoning module LocalizationDashboard (426)
[2018.05.16-22.03.14:675][648]LogModuleManager: Shutting down and abandoning module LocalizationService (425)
[2018.05.16-22.03.14:675][648]LogModuleManager: Shutting down and abandoning module HardwareTargeting (422)
[2018.05.16-22.03.14:675][648]LogModuleManager: Shutting down and abandoning module DeviceProfileEditor (420)
[2018.05.16-22.03.14:675][648]LogModuleManager: Shutting down and abandoning module UndoHistory (418)
[2018.05.16-22.03.14:675][648]LogModuleManager: Shutting down and abandoning module XmlParser (416)
[2018.05.16-22.03.14:675][648]LogModuleManager: Shutting down and abandoning module Blutility (414)
[2018.05.16-22.03.14:675][648]LogModuleManager: Shutting down and abandoning module ProjectSettingsViewer (412)
[2018.05.16-22.03.14:676][648]LogModuleManager: Shutting down and abandoning module ProjectTargetPlatformEditor (411)
[2018.05.16-22.03.14:676][648]LogModuleManager: Shutting down and abandoning module EditorSettingsViewer (408)
[2018.05.16-22.03.14:676][648]LogModuleManager: Shutting down and abandoning module SettingsEditor (406)
[2018.05.16-22.03.14:676][648]LogModuleManager: Shutting down and abandoning module ProjectLauncher (404)
[2018.05.16-22.03.14:676][648]LogModuleManager: Shutting down and abandoning module SessionFrontend (402)
[2018.05.16-22.03.14:676][648]LogModuleManager: Shutting down and abandoning module ProfilerClient (400)
[2018.05.16-22.03.14:676][648]LogModuleManager: Shutting down and abandoning module DeviceManager (398)
[2018.05.16-22.03.14:676][648]LogModuleManager: Shutting down and abandoning module TargetDeviceServices (397)
[2018.05.16-22.03.14:716][648]LogModuleManager: Shutting down and abandoning module AutomationController (394)
[2018.05.16-22.03.14:716][648]LogModuleManager: Shutting down and abandoning module AutomationWindow (392)
[2018.05.16-22.03.14:716][648]LogModuleManager: Shutting down and abandoning module Layers (390)
[2018.05.16-22.03.14:716][648]LogModuleManager: Shutting down and abandoning module ComponentVisualizers (388)
[2018.05.16-22.03.14:716][648]LogModuleManager: Shutting down and abandoning module DetailCustomizations (386)
[2018.05.16-22.03.14:716][648]LogModuleManager: Shutting down and abandoning module PackagesDialog (384)
[2018.05.16-22.03.14:716][648]LogModuleManager: Shutting down and abandoning module Persona (382)
[2018.05.16-22.03.14:716][648]LogModuleManager: Shutting down and abandoning module AdvancedPreviewScene (381)
[2018.05.16-22.03.14:716][648]LogModuleManager: Shutting down and abandoning module AnimGraph (379)
[2018.05.16-22.03.14:717][648]LogModuleManager: Shutting down and abandoning module Kismet (376)
[2018.05.16-22.03.14:728][648]LogModuleManager: Shutting down and abandoning module ClassViewer (374)
[2018.05.16-22.03.14:730][648]LogModuleManager: Shutting down and abandoning module Toolbox (372)
[2018.05.16-22.03.14:730][648]LogModuleManager: Shutting down and abandoning module ModuleUI (370)
[2018.05.16-22.03.14:730][648]LogModuleManager: Shutting down and abandoning module MovieSceneTools (368)
[2018.05.16-22.03.14:730][648]LogModuleManager: Shutting down and abandoning module OutputLog (366)
[2018.05.16-22.03.14:730][648]LogModuleManager: Shutting down and abandoning module GammaUI (364)
[2018.05.16-22.03.14:730][648]LogModuleManager: Shutting down and abandoning module Documentation (362)
[2018.05.16-22.03.14:730][648]LogModuleManager: Shutting down and abandoning module MovieSceneTracks (360)
[2018.05.16-22.03.14:730][648]LogModuleManager: Shutting down and abandoning module MovieScene (358)
[2018.05.16-22.03.14:730][648]LogModuleManager: Shutting down and abandoning module Niagara (356)
[2018.05.16-22.03.14:730][648]LogModuleManager: Shutting down and abandoning module NiagaraEditor (355)
[2018.05.16-22.03.14:731][648]LogModuleManager: Shutting down and abandoning module StreamingPauseRendering (352)
[2018.05.16-22.03.14:731][648]LogModuleManager: Shutting down and abandoning module LauncherPlatform (350)
[2018.05.16-22.03.14:731][648]LogModuleManager: Shutting down and abandoning module AnalyticsET (348)
[2018.05.16-22.03.14:731][648]LogModuleManager: Shutting down and abandoning module PortalServices (346)
[2018.05.16-22.03.14:731][648]LogModuleManager: Shutting down and abandoning module PortalRpc (344)
[2018.05.16-22.03.14:731][648]LogModuleManager: Shutting down and abandoning module MessagingRpc (342)
[2018.05.16-22.03.14:731][648]LogModuleManager: Shutting down and abandoning module AIModule (340)
[2018.05.16-22.03.14:731][648]LogModuleManager: Shutting down and abandoning module GameplayDebugger (339)
[2018.05.16-22.03.14:731][648]LogModuleManager: Shutting down and abandoning module AITestSuite (337)
[2018.05.16-22.03.14:731][648]LogModuleManager: Shutting down and abandoning module ProfilerService (334)
[2018.05.16-22.03.14:822][648]LogModuleManager: Shutting down and abandoning module TaskGraph (332)
[2018.05.16-22.03.14:822][648]LogModuleManager: Shutting down and abandoning module SteamVRController (330)
[2018.05.16-22.03.14:822][648]LogModuleManager: Shutting down and abandoning module ProceduralMeshComponentEditor (328)
[2018.05.16-22.03.14:822][648]LogModuleManager: Shutting down and abandoning module ProceduralMeshComponent (326)
[2018.05.16-22.03.14:822][648]LogModuleManager: Shutting down and abandoning module OculusInput (324)
[2018.05.16-22.03.14:822][648]LogModuleManager: Shutting down and abandoning module MobilePatchingUtils (322)
[2018.05.16-22.03.14:822][648]LogModuleManager: Shutting down and abandoning module CustomMeshComponent (320)
[2018.05.16-22.03.14:823][648]LogModuleManager: Shutting down and abandoning module CableComponent (318)
[2018.05.16-22.03.14:823][648]LogModuleManager: Shutting down and abandoning module ArchVisCharacter (316)
[2018.05.16-22.03.14:823][648]LogModuleManager: Shutting down and abandoning module AndroidPermission (314)
[2018.05.16-22.03.14:823][648]LogModuleManager: Shutting down and abandoning module MediaPlayerEditor (310)
[2018.05.16-22.03.14:823][648]LogModuleManager: Shutting down and abandoning module HTML5Networking (308)
[2018.05.16-22.03.14:823][648]LogModuleManager: Shutting down and abandoning module AlembicImporter (306)
[2018.05.16-22.03.14:823][648]LogModuleManager: Shutting down and abandoning module AlembicLibrary (305)
[2018.05.16-22.03.14:823][648]LogModuleManager: Shutting down and abandoning module GeometryCache (304)
[2018.05.16-22.03.14:823][648]LogModuleManager: Shutting down and abandoning module GeometryCacheEd (303)
[2018.05.16-22.03.14:823][648]LogModuleManager: Shutting down and abandoning module SpeedTreeImporter (298)
[2018.05.16-22.03.14:823][648]LogModuleManager: Shutting down and abandoning module PluginBrowser (296)
[2018.05.16-22.03.14:823][648]LogModuleManager: Shutting down and abandoning module MobileLauncherProfileWizard (294)
[2018.05.16-22.03.14:823][648]LogModuleManager: Shutting down and abandoning module VisualStudioSourceCodeAccess (292)
[2018.05.16-22.03.14:823][648]LogModuleManager: Shutting down and abandoning module DesktopPlatform (291)
[2018.05.16-22.03.14:823][648]LogModuleManager: Shutting down and abandoning module UObjectPlugin (288)
[2018.05.16-22.03.14:823][648]LogModuleManager: Shutting down and abandoning module SubversionSourceControl (286)
[2018.05.16-22.03.14:823][648]LogModuleManager: Shutting down and abandoning module PerforceSourceControl (284)
[2018.05.16-22.03.14:823][648]LogModuleManager: Shutting down and abandoning module GitSourceControl (282)
[2018.05.16-22.03.14:823][648]LogModuleManager: Shutting down and abandoning module SourceControl (281)
[2018.05.16-22.03.14:823][648]LogModuleManager: Shutting down and abandoning module LightPropagationVolumeEditor (278)
[2018.05.16-22.03.14:823][648]LogModuleManager: Shutting down and abandoning module PaperTiledImporter (276)
[2018.05.16-22.03.14:823][648]LogModuleManager: Shutting down and abandoning module PaperSpriteSheetImporter (274)
[2018.05.16-22.03.14:823][648]LogModuleManager: Shutting down and abandoning module Paper2DEditor (272)
[2018.05.16-22.03.14:823][648]LogModuleManager: Shutting down and abandoning module MeshPaint (271)
[2018.05.16-22.03.14:823][648]LogModuleManager: Shutting down and abandoning module LevelEditor (269)
[2018.05.16-22.03.14:825][648]LogModuleManager: Shutting down and abandoning module PixelInspectorModule (268)
[2018.05.16-22.03.14:825][648]LogModuleManager: Shutting down and abandoning module MainFrame (266)
[2018.05.16-22.03.14:825][648]LogModuleManager: Shutting down and abandoning module HotReload (265)
[2018.05.16-22.03.14:826][648]LogModuleManager: Shutting down and abandoning module RuntimePhysXCooking (260)
[2018.05.16-22.03.14:826][648]LogModuleManager: Shutting down and abandoning module PhysXVehiclesEditor (258)
[2018.05.16-22.03.14:826][648]LogModuleManager: Shutting down and abandoning module PhysXVehicles (256)
[2018.05.16-22.03.14:826][648]LogModuleManager: Shutting down and abandoning module OculusEditor (254)
[2018.05.16-22.03.14:826][648]LogModuleManager: Shutting down and abandoning module LocationServicesBPLibrary (252)
[2018.05.16-22.03.14:826][648]LogModuleManager: Shutting down and abandoning module ImmediatePhysicsEditor (250)
[2018.05.16-22.03.14:826][648]LogModuleManager: Shutting down and abandoning module ImmediatePhysics (248)
[2018.05.16-22.03.14:826][648]LogModuleManager: Shutting down and abandoning module UdpMessaging (246)
[2018.05.16-22.03.14:926][648]LogModuleManager: Shutting down and abandoning module TcpMessaging (244)
[2018.05.16-22.03.15:026][648]LogModuleManager: Shutting down and abandoning module GameplayTagsEditor (242)
[2018.05.16-22.03.15:026][648]LogModuleManager: Shutting down and abandoning module FacialAnimationEditor (240)
[2018.05.16-22.03.15:026][648]LogModuleManager: Shutting down and abandoning module FacialAnimation (238)
[2018.05.16-22.03.15:026][648]LogModuleManager: Shutting down and abandoning module AssetManagerEditor (236)
[2018.05.16-22.03.15:026][648]LogModuleManager: Shutting down and abandoning module GraphEditor (235)
[2018.05.16-22.03.15:026][648]LogModuleManager: Shutting down and abandoning module ContentBrowser (233)
[2018.05.16-22.03.15:027][648]LogModuleManager: Shutting down and abandoning module LightPropagationVolumeRuntime (230)
[2018.05.16-22.03.15:027][648]LogModuleManager: Shutting down and abandoning module Paper2D (228)
[2018.05.16-22.03.15:027][648]LogModuleManager: Shutting down and abandoning module WindowsMoviePlayer (226)
[2018.05.16-22.03.15:027][648]LogModuleManager: Shutting down and abandoning module WmfMedia (224)
[2018.05.16-22.03.15:028][648]LogModuleManager: Shutting down and abandoning module PacketHandler (222)
[2018.05.16-22.03.15:028][648]LogModuleManager: Shutting down and abandoning module ClothingSystemEditor (220)
[2018.05.16-22.03.15:028][648]LogModuleManager: Shutting down and abandoning module ClothingSystemRuntime (218)
[2018.05.16-22.03.15:029][648]LogModuleManager: Shutting down and abandoning module Overlay (216)
[2018.05.16-22.03.15:029][648]LogModuleManager: Shutting down and abandoning module OverlayEditor (215)
[2018.05.16-22.03.15:029][648]LogModuleManager: Shutting down and abandoning module MediaAssets (212)
[2018.05.16-22.03.15:029][648]LogModuleManager: Shutting down and abandoning module VREditor (210)
[2018.05.16-22.03.15:029][648]LogModuleManager: Shutting down and abandoning module StringTableEditor (208)
[2018.05.16-22.03.15:029][648]LogModuleManager: Shutting down and abandoning module GameplayTasksEditor (206)
[2018.05.16-22.03.15:029][648]LogModuleManager: Shutting down and abandoning module BehaviorTreeEditor (204)
[2018.05.16-22.03.15:029][648]LogModuleManager: Shutting down and abandoning module FunctionalTesting (202)
[2018.05.16-22.03.15:029][648]LogModuleManager: Shutting down and abandoning module CollisionAnalyzer (200)
[2018.05.16-22.03.15:029][648]LogModuleManager: Shutting down and abandoning module WorkspaceMenuStructure (199)
[2018.05.16-22.03.15:029][648]LogModuleManager: Shutting down and abandoning module UMG (196)
[2018.05.16-22.03.15:029][648]LogModuleManager: Shutting down and abandoning module UMGEditor (195)
[2018.05.16-22.03.15:029][648]LogModuleManager: Shutting down and abandoning module Sequencer (194)
[2018.05.16-22.03.15:029][648]LogModuleManager: Shutting down and abandoning module MessageLog (191)
[2018.05.16-22.03.15:029][648]LogModuleManager: Shutting down and abandoning module SlateReflector (186)
[2018.05.16-22.03.15:029][648]LogModuleManager: Shutting down and abandoning module Slate (184)
[2018.05.16-22.03.15:029][648]LogModuleManager: Shutting down and abandoning module EditorStyle (182)
[2018.05.16-22.03.15:032][648]LogModuleManager: Shutting down and abandoning module MRMesh (180)
[2018.05.16-22.03.15:032][648]LogModuleManager: Shutting down and abandoning module SourceCodeAccess (178)
[2018.05.16-22.03.15:032][648]LogModuleManager: Shutting down and abandoning module HeadMountedDisplay (176)
[2018.05.16-22.03.15:032][648]LogModuleManager: Shutting down and abandoning module XAudio2 (174)
[2018.05.16-22.03.15:032][648]LogModuleManager: Shutting down and abandoning module Networking (172)
[2018.05.16-22.03.15:032][648]LogModuleManager: Shutting down and abandoning module Core (168)
[2018.05.16-22.03.15:032][648]LogModuleManager: Shutting down and abandoning module KismetCompiler (164)
[2018.05.16-22.03.15:032][648]LogModuleManager: Shutting down and abandoning module MeshUtilities (162)
[2018.05.16-22.03.15:032][648]LogModuleManager: Shutting down and abandoning module MeshMergeUtilities (161)
[2018.05.16-22.03.15:032][648]LogModuleManager: Shutting down and abandoning module MeshReductionInterface (160)
[2018.05.16-22.03.15:032][648]LogModuleManager: Shutting down and abandoning module SimplygonSwarm (159)
[2018.05.16-22.03.15:032][648]LogModuleManager: Shutting down and abandoning module SimplygonMeshReduction (157)
[2018.05.16-22.03.15:032][648]LogModuleManager: Shutting down and abandoning module QuadricMeshReduction (155)
[2018.05.16-22.03.15:032][648]LogModuleManager: Shutting down and abandoning module MaterialBaking (151)
[2018.05.16-22.03.15:032][648]LogModuleManager: Shutting down and abandoning module LevelSequence (148)
[2018.05.16-22.03.15:033][648]LogModuleManager: Shutting down and abandoning module DirectoryWatcher (146)
[2018.05.16-22.03.15:033][648]LogModuleManager: Shutting down and abandoning module DerivedDataCache (144)
[2018.05.16-22.03.15:125][648]LogDerivedDataCache: Shutdown
[2018.05.16-22.03.15:125][648]LogModuleManager: Shutting down and abandoning module TargetPlatform (142)
[2018.05.16-22.03.15:126][648]LogModuleManager: Shutting down and abandoning module VulkanShaderFormat (141)
[2018.05.16-22.03.15:126][648]LogModuleManager: Shutting down and abandoning module ShaderFormatVectorVM (139)
[2018.05.16-22.03.15:126][648]LogModuleManager: Shutting down and abandoning module ShaderFormatOpenGL (137)
[2018.05.16-22.03.15:126][648]LogModuleManager: Shutting down and abandoning module ShaderFormatD3D (135)
[2018.05.16-22.03.15:126][648]LogModuleManager: Shutting down and abandoning module MetalShaderFormat (133)
[2018.05.16-22.03.15:126][648]LogModuleManager: Shutting down and abandoning module TextureFormatUncompressed (131)
[2018.05.16-22.03.15:126][648]LogModuleManager: Shutting down and abandoning module TextureFormatPVR (129)
[2018.05.16-22.03.15:126][648]LogModuleManager: Shutting down and abandoning module TextureFormatDXT (127)
[2018.05.16-22.03.15:126][648]LogModuleManager: Shutting down and abandoning module TextureFormatIntelISPCTexComp (125)
[2018.05.16-22.03.15:126][648]LogModuleManager: Shutting down and abandoning module TextureFormatASTC (123)
[2018.05.16-22.03.15:126][648]LogModuleManager: Shutting down and abandoning module ImageWrapper (122)
[2018.05.16-22.03.15:126][648]LogModuleManager: Shutting down and abandoning module TextureFormatAndroid (119)
[2018.05.16-22.03.15:126][648]LogModuleManager: Shutting down and abandoning module AudioFormatOpus (117)
[2018.05.16-22.03.15:126][648]LogModuleManager: Shutting down and abandoning module AudioFormatOgg (115)
[2018.05.16-22.03.15:126][648]LogModuleManager: Shutting down and abandoning module AudioFormatADPCM (113)
[2018.05.16-22.03.15:126][648]LogModuleManager: Shutting down and abandoning module LinuxTargetPlatform (111)
[2018.05.16-22.03.15:126][648]LogModuleManager: Shutting down and abandoning module LinuxServerTargetPlatform (109)
[2018.05.16-22.03.15:126][648]LogModuleManager: Shutting down and abandoning module LinuxNoEditorTargetPlatform (107)
[2018.05.16-22.03.15:126][648]LogModuleManager: Shutting down and abandoning module LinuxClientTargetPlatform (105)
[2018.05.16-22.03.15:126][648]LogModuleManager: Shutting down and abandoning module TVOSTargetPlatform (103)
[2018.05.16-22.03.15:126][648]LogModuleManager: Shutting down and abandoning module Messaging (101)
[2018.05.16-22.03.15:126][648]LogModuleManager: Shutting down and abandoning module IOSTargetPlatform (99)
[2018.05.16-22.03.15:126][648]LogModuleManager: Shutting down and abandoning module HTML5TargetPlatform (97)
[2018.05.16-22.03.15:126][648]LogModuleManager: Shutting down and abandoning module Android_PVRTCTargetPlatform (95)
[2018.05.16-22.03.15:126][648]LogModuleManager: Shutting down and abandoning module Android_MultiTargetPlatform (93)
[2018.05.16-22.03.15:126][648]LogModuleManager: Shutting down and abandoning module Android_ETC2TargetPlatform (91)
[2018.05.16-22.03.15:126][648]LogModuleManager: Shutting down and abandoning module Android_ETC1TargetPlatform (89)
[2018.05.16-22.03.15:126][648]LogModuleManager: Shutting down and abandoning module Android_DXTTargetPlatform (87)
[2018.05.16-22.03.15:126][648]LogModuleManager: Shutting down and abandoning module Android_ATCTargetPlatform (85)
[2018.05.16-22.03.15:126][648]LogModuleManager: Shutting down and abandoning module Android_ASTCTargetPlatform (83)
[2018.05.16-22.03.15:126][648]LogModuleManager: Shutting down and abandoning module AndroidTargetPlatform (81)
[2018.05.16-22.03.15:126][648]LogModuleManager: Shutting down and abandoning module WindowsTargetPlatform (79)
[2018.05.16-22.03.15:126][648]LogModuleManager: Shutting down and abandoning module WindowsServerTargetPlatform (77)
[2018.05.16-22.03.15:127][648]LogModuleManager: Shutting down and abandoning module WindowsNoEditorTargetPlatform (75)
[2018.05.16-22.03.15:127][648]LogModuleManager: Shutting down and abandoning module WindowsClientTargetPlatform (73)
[2018.05.16-22.03.15:127][648]LogModuleManager: Shutting down and abandoning module MacTargetPlatform (71)
[2018.05.16-22.03.15:127][648]LogModuleManager: Shutting down and abandoning module MacServerTargetPlatform (69)
[2018.05.16-22.03.15:127][648]LogModuleManager: Shutting down and abandoning module MacNoEditorTargetPlatform (67)
[2018.05.16-22.03.15:127][648]LogModuleManager: Shutting down and abandoning module MacClientTargetPlatform (65)
[2018.05.16-22.03.15:127][648]LogModuleManager: Shutting down and abandoning module AllDesktopTargetPlatform (63)
[2018.05.16-22.03.15:127][648]LogModuleManager: Shutting down and abandoning module InputCore (60)
[2018.05.16-22.03.15:127][648]LogModuleManager: Shutting down and abandoning module Settings (58)
[2018.05.16-22.03.15:127][648]LogModuleManager: Shutting down and abandoning module PhysXCooking (56)
[2018.05.16-22.03.15:127][648]LogModuleManager: Shutting down and abandoning module SteamVR (54)
[2018.05.16-22.03.15:127][648]LogModuleManager: Shutting down and abandoning module OculusHMD (52)
[2018.05.16-22.03.15:127][648]LogModuleManager: Shutting down and abandoning module ExampleDeviceProfileSelector (50)
[2018.05.16-22.03.15:127][648]LogModuleManager: Shutting down and abandoning module OnlineBlueprintSupport (48)
[2018.05.16-22.03.15:127][648]LogModuleManager: Shutting down and abandoning module OnlineSubsystem (44)
[2018.05.16-22.03.15:127][648]LogOnline: Display: Unloading online subsystem: NULL
[2018.05.16-22.03.15:127][648]LogModuleManager: Shutting down and abandoning module XMPP (43)
[2018.05.16-22.03.15:127][648]LogModuleManager: Shutting down and abandoning module HTTP (41)
[2018.05.16-22.03.15:127][648]LogHttp: Display: Http module shutting down, but needs to wait on 1 outstanding Http requests:
[2018.05.16-22.03.15:127][648]LogHttp: Display: 	verb=[POST] url=[https://datarouter.ol.epicgames.com/datarouter/api/v1/public/data?SessionID=%7B96D32AE1-436C-ADE2-5412-80B157455927%7D&AppID=UEEditor.Rocket.Release&AppVersion=4.17.2-3658906%2B%2B%2BUE4%2BRelease-4.17&UserID=14ff7836474a041dbb0ab595dd95f386%7C03c46d714e434504a60eccd0eae6275a%7C9aed7643-48fa-4352-86a6-c57b58fde8af&AppEnvironment=datacollector-binary&UploadType=eteventstream] status=Processing
[2018.05.16-22.03.15:159][648]LogModuleManager: Shutting down and abandoning module SSL (40)
[2018.05.16-22.03.15:162][648]LogModuleManager: Shutting down and abandoning module AnimationModifiers (36)
[2018.05.16-22.03.15:162][648]LogModuleManager: Shutting down and abandoning module PropertyEditor (35)
[2018.05.16-22.03.15:162][648]LogModuleManager: Shutting down and abandoning module AudioEditor (32)
[2018.05.16-22.03.15:162][648]LogModuleManager: Shutting down and abandoning module TextureCompressor (30)
[2018.05.16-22.03.15:162][648]LogModuleManager: Shutting down and abandoning module ShaderCore (28)
[2018.05.16-22.03.15:162][648]LogModuleManager: Shutting down and abandoning module Landscape (26)
[2018.05.16-22.03.15:162][648]LogModuleManager: Shutting down and abandoning module SlateRHIRenderer (24)
[2018.05.16-22.03.15:164][648]LogModuleManager: Shutting down and abandoning module OpenGLDrv (22)
[2018.05.16-22.03.15:164][648]LogModuleManager: Shutting down and abandoning module D3D11RHI (20)
[2018.05.16-22.03.15:164][648]LogModuleManager: Shutting down and abandoning module AnimGraphRuntime (18)
[2018.05.16-22.03.15:164][648]LogModuleManager: Shutting down and abandoning module Renderer (16)
[2018.05.16-22.03.15:164][648]LogModuleManager: Shutting down and abandoning module Engine (14)
[2018.05.16-22.03.15:164][648]LogModuleManager: Shutting down and abandoning module CoreUObject (12)
[2018.05.16-22.03.15:164][648]LogModuleManager: Shutting down and abandoning module NetworkFile (10)
[2018.05.16-22.03.15:164][648]LogModuleManager: Shutting down and abandoning module CookedIterativeFile (8)
[2018.05.16-22.03.15:164][648]LogModuleManager: Shutting down and abandoning module StreamingFile (6)
[2018.05.16-22.03.15:164][648]LogModuleManager: Shutting down and abandoning module SandboxFile (4)
[2018.05.16-22.03.15:164][648]LogModuleManager: Shutting down and abandoning module PakFile (2)
[2018.05.16-22.03.15:168][648]LogExit: Exiting.
[2018.05.16-22.03.15:185][648]Log file closed, 05/17/18 07:33:15
