Log file open, 05/18/18 19:01:34
LogWindows: Failed to load 'aqProf.dll' (GetLastError=126)
LogWindows: File 'aqProf.dll' does not exist
LogWindows: Failed to load 'VSPerf140.dll' (GetLastError=126)
LogWindows: File 'VSPerf140.dll' does not exist
LogWindows: Failed to load 'VtuneApi.dll' (GetLastError=126)
LogWindows: File 'VtuneApi.dll' does not exist
LogWindows: Failed to load 'VtuneApi32e.dll' (GetLastError=126)
LogWindows: File 'VtuneApi32e.dll' does not exist
LogInit: Display: Running engine for game: GameDesign
LogPlatformFile: Not using cached read wrapper
LogInit: Display: RandInit(-103121883) SRandInit(-103121883).
LogTaskGraph: Started task graph with 5 named threads and 14 total threads with 3 sets of task threads.
LogStats: Stats thread started at 3.294990
LogD3D11RHI: Aftermath initialized
LogPluginManager: Mounting plugin Paper2D
LogPluginManager: Mounting plugin LightPropagationVolume
LogPluginManager: Mounting plugin CodeLiteSourceCodeAccess
LogPluginManager: Mounting plugin GitSourceControl
LogPluginManager: Mounting plugin KDevelopSourceCodeAccess
LogPluginManager: Mounting plugin NullSourceCodeAccess
LogPluginManager: Mounting plugin PerforceSourceControl
LogPluginManager: Mounting plugin SubversionSourceControl
LogPluginManager: Mounting plugin UObjectPlugin
LogPluginManager: Mounting plugin VisualStudioSourceCodeAccess
LogPluginManager: Mounting plugin XCodeSourceCodeAccess
LogPluginManager: Mounting plugin AssetManagerEditor
LogPluginManager: Mounting plugin AudioCapture
LogPluginManager: Mounting plugin FacialAnimation
LogPluginManager: Mounting plugin GameplayTagsEditor
LogPluginManager: Mounting plugin MobileLauncherProfileWizard
LogPluginManager: Mounting plugin PluginBrowser
LogPluginManager: Mounting plugin SpeedTreeImporter
LogPluginManager: Mounting plugin AlembicImporter
LogPluginManager: Mounting plugin CharacterAI
LogPluginManager: Mounting plugin HTML5Networking
LogPluginManager: Mounting plugin AndroidMedia
LogPluginManager: Mounting plugin AvfMedia
LogPluginManager: Mounting plugin MediaPlayerEditor
LogPluginManager: Mounting plugin WmfMedia
LogPluginManager: Mounting plugin TcpMessaging
LogPluginManager: Mounting plugin UdpMessaging
LogPluginManager: Mounting plugin LevelSequenceEditor
LogPluginManager: Mounting plugin MatineeToLevelSequence
LogPluginManager: Mounting plugin OnlineSubsystemGooglePlay
LogPluginManager: Mounting plugin OnlineSubsystemIOS
LogPluginManager: Mounting plugin OnlineSubsystem
LogPluginManager: Mounting plugin OnlineSubsystemNull
LogPluginManager: Mounting plugin OnlineSubsystemUtils
LogPluginManager: Mounting plugin AndroidDeviceProfileSelector
LogPluginManager: Mounting plugin AndroidMoviePlayer
LogPluginManager: Mounting plugin AndroidPermission
LogPluginManager: Mounting plugin AppleMoviePlayer
LogPluginManager: Mounting plugin ArchVisCharacter
LogPluginManager: Mounting plugin CableComponent
LogPluginManager: Mounting plugin CustomMeshComponent
LogPluginManager: Mounting plugin ExampleDeviceProfileSelector
LogPluginManager: Mounting plugin GoogleCloudMessaging
LogPluginManager: Mounting plugin ImmediatePhysics
LogPluginManager: Mounting plugin IOSDeviceProfileSelector
LogPluginManager: Mounting plugin LinuxDeviceProfileSelector
LogPluginManager: Mounting plugin LocationServicesBPLibrary
LogPluginManager: Mounting plugin MobilePatchingUtils
LogPluginManager: Mounting plugin OculusVR
LogPluginManager: Mounting plugin PhysXVehicles
LogPluginManager: Mounting plugin ProceduralMeshComponent
LogPluginManager: Mounting plugin RuntimePhysXCooking
LogPluginManager: Mounting plugin SteamVR
LogPluginManager: Mounting plugin WindowsMoviePlayer
LogInit: Using libcurl 7.47.1
LogInit:  - built for x86_64-pc-win32
LogInit:  - supports SSL with OpenSSL/1.0.2g
LogInit:  - supports HTTP deflate (compression) using libz 1.2.8
LogInit:  - other features:
LogInit:      CURL_VERSION_SSL
LogInit:      CURL_VERSION_LIBZ
LogInit:      CURL_VERSION_IPV6
LogInit:      CURL_VERSION_ASYNCHDNS
LogInit:      CURL_VERSION_LARGEFILE
LogInit:      CURL_VERSION_IDN
LogInit:  CurlRequestOptions (configurable via config and command line):
LogInit:  - bVerifyPeer = false  - Libcurl will NOT verify peer certificate
LogInit:  - bUseHttpProxy = false  - Libcurl will NOT use HTTP proxy
LogInit:  - bDontReuseConnections = false  - Libcurl will reuse connections
LogInit:  - CertBundlePath = nullptr  - Libcurl will use whatever was configured at build time.
LogInit: Build: ++UE4+Release-4.17-CL-3658906
LogInit: Engine Version: 4.17.2-3658906+++UE4+Release-4.17
LogInit: Compatible Engine Version: 4.17.0-3573198+++UE4+Release-4.17
LogInit: Net CL: 3573198
LogDevObjectVersion: Number of dev versions registered: 16
LogDevObjectVersion:   Dev-Blueprints (B0D832E4-1F89-4F0D-ACCF-7EB736FD4AA2): 10
LogDevObjectVersion:   Dev-Build (E1C64328-A22C-4D53-A36C-8E866417BD8C): 0
LogDevObjectVersion:   Dev-Core (375EC13C-06E4-48FB-B500-84F0262A717E): 2
LogDevObjectVersion:   Dev-Editor (E4B068ED-F494-42E9-A231-DA0B2E46BB41): 20
LogDevObjectVersion:   Dev-Framework (CFFC743F-43B0-4480-9391-14DF171D2073): 28
LogDevObjectVersion:   Dev-Mobile (B02B49B5-BB20-44E9-A304-32B752E40360): 0
LogDevObjectVersion:   Dev-Networking (A4E4105C-59A1-49B5-A7C5-40C4547EDFEE): 0
LogDevObjectVersion:   Dev-Online (39C831C9-5AE6-47DC-9A44-9C173E1C8E7C): 0
LogDevObjectVersion:   Dev-Physics (78F01B33-EBEA-4F98-B9B4-84EACCB95AA2): 0
LogDevObjectVersion:   Dev-Platform (6631380F-2D4D-43E0-8009-CF276956A95A): 0
LogDevObjectVersion:   Dev-Rendering (12F88B9F-8875-4AFC-A67C-D90C383ABD29): 19
LogDevObjectVersion:   Dev-Sequencer (7B5AE74C-D270-4C10-A958-57980B212A5A): 4
LogDevObjectVersion:   Dev-VR (D7296918-1DD6-4BDD-9DE2-64A83CC13884): 0
LogDevObjectVersion:   Dev-LoadTimes (C2A15278-BFE7-4AFE-6C17-90FF531DF755): 1
LogDevObjectVersion:   Private-Geometry (6EACA3D4-40EC-4CC1-B786-8BED09428FC5): 1
LogDevObjectVersion:   Dev-AnimPhys (29E575DD-E0A3-4627-9D10-D276232CDCEA): 7
LogInit: Compiled (64-bit): Sep 22 2017 13:47:16
LogInit: Compiled with Visual C++: 19.00.24215.01
LogInit: Build Configuration: Development
LogInit: Branch Name: ++UE4+Release-4.17
LogInit: Command line:  
LogInit: Base directory: F:/Unreal Engine/UE_4.17/Engine/Binaries/Win64/
LogInit: Installed Engine Build: 1
LogInit: Presizing for max 8388607 objects, including 0 objects not considered by GC, pre-allocating 0 bytes for permanent pool.
LogInit: Object subsystem initialized
[2018.05.18-09.31.36:209][  0]LogInit: Selected Device Profile: [Windows]
[2018.05.18-09.31.36:209][  0]LogInit: Applying CVar settings loaded from the selected device profile: [Windows]
[2018.05.18-09.31.36:264][  0]LogInit: Computer: DOUBLE-PC
[2018.05.18-09.31.36:264][  0]LogInit: User: Double
[2018.05.18-09.31.36:264][  0]LogInit: CPU Page size=4096, Cores=4
[2018.05.18-09.31.36:264][  0]LogInit: High frequency timer resolution =3.924306 MHz
[2018.05.18-09.31.36:265][  0]LogMemory: Memory total: Physical=16.0GB (16GB approx)
[2018.05.18-09.31.36:265][  0]LogMemory: Platform Memory Stats for Windows
[2018.05.18-09.31.36:265][  0]LogMemory: Process Physical Memory: 279.69 MB used, 279.69 MB peak
[2018.05.18-09.31.36:265][  0]LogMemory: Process Virtual Memory: 277.72 MB used, 277.72 MB peak
[2018.05.18-09.31.36:265][  0]LogMemory: Physical Memory: 7565.87 MB used,  8782.77 MB free, 16348.64 MB total
[2018.05.18-09.31.36:265][  0]LogMemory: Virtual Memory: 655.19 MB used,  8782.77 MB free, 8388608.00 MB total
[2018.05.18-09.31.37:104][  0]LogInit: Using OS detected language (en-US).
[2018.05.18-09.31.37:104][  0]LogInit: Using OS detected locale (en-US).
[2018.05.18-09.31.37:261][  0]LogTextLocalizationManager: No specific localization for 'en-US' exists, so the 'en' localization will be used.
[2018.05.18-09.31.39:499][  0]LogD3D11RHI: D3D11 adapters:
[2018.05.18-09.31.39:543][  0]LogD3D11RHI:    0. 'NVIDIA GeForce GTX 1080' (Feature Level 11_0)
[2018.05.18-09.31.39:543][  0]LogD3D11RHI:       8077/0/7918 MB DedicatedVideo/DedicatedSystem/SharedSystem, Outputs:1, VendorId:0x10de
[2018.05.18-09.31.39:543][  0]LogD3D11RHI: Chosen D3D11 Adapter: 0
[2018.05.18-09.31.39:558][  0]LogD3D11RHI: Creating new Direct3DDevice
[2018.05.18-09.31.39:559][  0]LogD3D11RHI:     GPU DeviceId: 0x1b80 (for the marketing name, search the web for "GPU Device Id")
[2018.05.18-09.31.39:559][  0]LogWindows: EnumDisplayDevices:
[2018.05.18-09.31.39:559][  0]LogWindows:    0. 'NVIDIA GeForce GTX 1080' (P:1 D:1)
[2018.05.18-09.31.39:559][  0]LogWindows:    1. 'NVIDIA GeForce GTX 1080' (P:0 D:0)
[2018.05.18-09.31.39:560][  0]LogWindows:    2. 'NVIDIA GeForce GTX 1080' (P:0 D:0)
[2018.05.18-09.31.39:560][  0]LogWindows:    3. 'NVIDIA GeForce GTX 1080' (P:0 D:0)
[2018.05.18-09.31.39:560][  0]LogWindows:    4. 'RDPDD Chained DD' (P:0 D:0)
[2018.05.18-09.31.39:560][  0]LogWindows:    5. 'RDP Encoder Mirror Driver' (P:0 D:0)
[2018.05.18-09.31.39:561][  0]LogWindows:    6. 'RDP Reflector Display Driver' (P:0 D:0)
[2018.05.18-09.31.39:561][  0]LogWindows: DebugString: GetVideoDriverDetailsInvalid PrimaryIsNotTheChoosenAdapter GetVideoDriverDetailsInvalid PrimaryIsNotTheChoosenAdapter GetVideoDriverDetailsInvalid PrimaryIsNotTheChoosenAdapter FoundDriverCount:4 
[2018.05.18-09.31.39:561][  0]LogD3D11RHI:     Adapter Name: NVIDIA GeForce GTX 1080
[2018.05.18-09.31.39:561][  0]LogD3D11RHI:   Driver Version: 397.64 (internal:24.21.13.9764, unified:397.64)
[2018.05.18-09.31.39:561][  0]LogD3D11RHI:      Driver Date: 5-7-2018
[2018.05.18-09.31.39:561][  0]LogRHI: Texture pool is 1361 MB (70% of 1945 MB)
[2018.05.18-09.31.39:588][  0]LogD3D11RHI: Async texture creation enabled
[2018.05.18-09.31.39:811][  0]LogD3D11RHI: GPU Timing Frequency: 1000.000000 (Debug: 2 2)
[2018.05.18-09.31.39:885][  0]LogShaderCompilers: Guid format shader working directory is -5 characters bigger than the processId version (C:/Users/Double/Documents/Unreal Projects/GameDesign/Intermediate/Shaders/WorkingDirectory/8800/).
[2018.05.18-09.31.39:885][  0]LogShaderCompilers: Cleaned the shader compiler working directory 'C:/Users/Double/AppData/Local/Temp/UnrealShaderWorkingDir/F1E0313744B444A91E1C7C8A9518D774/'.
[2018.05.18-09.31.39:895][  0]LogShaderCompilers: Display: Using Local Shader Compiler.
[2018.05.18-09.31.42:714][  0]LogTemp: Display: Loaded TP AllDesktopTargetPlatform
[2018.05.18-09.31.42:793][  0]LogTemp: Display: Loaded TP MacClientTargetPlatform
[2018.05.18-09.31.42:872][  0]LogTemp: Display: Loaded TP MacNoEditorTargetPlatform
[2018.05.18-09.31.42:951][  0]LogTemp: Display: Loaded TP MacServerTargetPlatform
[2018.05.18-09.31.43:042][  0]LogTemp: Display: Loaded TP MacTargetPlatform
[2018.05.18-09.31.43:120][  0]LogTemp: Display: Loaded TP WindowsClientTargetPlatform
[2018.05.18-09.31.43:199][  0]LogTemp: Display: Loaded TP WindowsNoEditorTargetPlatform
[2018.05.18-09.31.43:277][  0]LogTemp: Display: Loaded TP WindowsServerTargetPlatform
[2018.05.18-09.31.43:347][  0]LogTemp: Display: Loaded TP WindowsTargetPlatform
[2018.05.18-09.31.43:437][  0]LogTemp: Display: Loaded TP AndroidTargetPlatform
[2018.05.18-09.31.43:516][  0]LogTemp: Display: Loaded TP Android_ASTCTargetPlatform
[2018.05.18-09.31.43:594][  0]LogTemp: Display: Loaded TP Android_ATCTargetPlatform
[2018.05.18-09.31.43:672][  0]LogTemp: Display: Loaded TP Android_DXTTargetPlatform
[2018.05.18-09.31.43:750][  0]LogTemp: Display: Loaded TP Android_ETC1TargetPlatform
[2018.05.18-09.31.43:827][  0]LogTemp: Display: Loaded TP Android_ETC2TargetPlatform
[2018.05.18-09.31.43:982][  0]LogTemp: Display: Loaded TP Android_MultiTargetPlatform
[2018.05.18-09.31.43:982][  0]LogTemp: Display: Loaded TP Android_PVRTCTargetPlatform
[2018.05.18-09.31.44:042][  0]LogTemp: Display: Loaded TP HTML5TargetPlatform
[2018.05.18-09.31.44:214][  0]LogTemp: Display: Loaded TP IOSTargetPlatform
[2018.05.18-09.31.44:260][  0]LogTemp: Display: Loaded TP TVOSTargetPlatform
[2018.05.18-09.31.44:339][  0]LogTemp: Display: Loaded TP LinuxClientTargetPlatform
[2018.05.18-09.31.44:419][  0]LogTemp: Display: Loaded TP LinuxNoEditorTargetPlatform
[2018.05.18-09.31.44:497][  0]LogTemp: Display: Loaded TP LinuxServerTargetPlatform
[2018.05.18-09.31.44:579][  0]LogTemp: Display: Loaded TP LinuxTargetPlatform
[2018.05.18-09.31.44:579][  0]LogTargetPlatformManager: Display: Building Assets For Windows
[2018.05.18-09.31.45:823][  0]LogDerivedDataCache: Display: Max Cache Size: 512 MB
[2018.05.18-09.31.46:239][  0]LogDerivedDataCache: Loaded boot cache 0.42s 93MB C:/Users/Double/AppData/Local/UnrealEngine/4.17/DerivedDataCache/Boot.ddc.
[2018.05.18-09.31.46:239][  0]LogDerivedDataCache: Display: Loaded Boot cache: C:/Users/Double/AppData/Local/UnrealEngine/4.17/DerivedDataCache/Boot.ddc
[2018.05.18-09.31.46:239][  0]LogDerivedDataCache: FDerivedDataBackendGraph:  Pak pak cache file C:/Users/Double/Documents/Unreal Projects/GameDesign/DerivedDataCache/DDC.ddp not found, will not use a pak cache.
[2018.05.18-09.31.46:239][  0]LogDerivedDataCache: Unable to find inner node Pak for hierarchical cache Hierarchy.
[2018.05.18-09.31.46:239][  0]LogDerivedDataCache: FDerivedDataBackendGraph:  CompressedPak pak cache file C:/Users/Double/Documents/Unreal Projects/GameDesign/DerivedDataCache/Compressed.ddp not found, will not use a pak cache.
[2018.05.18-09.31.46:239][  0]LogDerivedDataCache: Unable to find inner node CompressedPak for hierarchical cache Hierarchy.
[2018.05.18-09.31.46:313][  0]LogDerivedDataCache: Display: Pak cache opened for reading ../../../Engine/DerivedDataCache/Compressed.ddp.
[2018.05.18-09.31.46:325][  0]LogDerivedDataCache: Using Local data cache path C:/Users/Double/AppData/Local/UnrealEngine/Common/DerivedDataCache: Writable
[2018.05.18-09.31.46:376][  0]LogMaterial: Verifying Global Shaders for PCD3D_SM5
[2018.05.18-09.31.46:426][  0]LogSlate: Using Freetype 2.6.0
[2018.05.18-09.31.46:473][  0]LogSlate: SlateFontCache - WITH_FREETYPE: 1, WITH_HARFBUZZ: 1
[2018.05.18-09.31.46:489][  0]LogSlate: SlateFontCache - WITH_FREETYPE: 1, WITH_HARFBUZZ: 1
[2018.05.18-09.31.50:333][  0]LogAssetRegistry: FAssetRegistry took 0.0387 seconds to start up
[2018.05.18-09.31.52:163][  0]LogInit: Selected Device Profile: [Windows]
[2018.05.18-09.31.52:316][  0]LogContentStreaming: Texture pool size is 0.00 MB
[2018.05.18-09.31.55:064][  0]LogSimplygon: Simplygon DLL not present - disabling.
[2018.05.18-09.31.55:165][  0]LogMeshReduction: Using SimplygonSwarm for distributed automatic mesh merging
[2018.05.18-09.31.55:166][  0]LogMeshReduction: Using QuadricMeshReduction for automatic static mesh reduction
[2018.05.18-09.31.55:166][  0]LogMeshReduction: No automatic skeletal mesh reduction module available
[2018.05.18-09.31.55:166][  0]LogMeshReduction: No automatic mesh merging module available
[2018.05.18-09.31.55:166][  0]LogMeshMerging: No automatic mesh merging module available
[2018.05.18-09.31.57:233][  0]LogNetVersion: GameDesign , NetCL: 3573198, EngineNetVer: 2, GameNetVer: 0 (Checksum: 4162053255)
[2018.05.18-09.31.58:294][  0]LogPackageLocalizationCache: Processed 5 localized package path(s) for 2 prioritized culture(s) in 0.075542 seconds
[2018.05.18-09.31.58:312][  0]LogUObjectArray: 35825 objects as part of root set at end of initial load.
[2018.05.18-09.31.58:312][  0]LogUObjectAllocator: 7529104 out of 0 bytes used by permanent object pool.
[2018.05.18-09.31.58:312][  0]LogUObjectArray: CloseDisregardForGC: 0/0 objects in disregard for GC pool
[2018.05.18-09.31.58:415][  0]LogInit: WinSock: version 1.1 (2.2), MaxSocks=32767, MaxUdp=65467
[2018.05.18-09.32.15:122][  0]LogTcpMessaging: Initializing TcpMessaging bridge
[2018.05.18-09.32.15:199][  0]LogUdpMessaging: Initializing bridge on interface 0.0.0.0:0 to multicast group 230.0.0.1:6666.
[2018.05.18-09.32.16:854][  0]LogMaterial: Uniform references updated for custom material expression Custom.
[2018.05.18-09.32.17:935][  0]SourceControl: Source control is disabled
[2018.05.18-09.32.17:936][  0]SourceControl: Source control is disabled
[2018.05.18-09.32.18:054][  0]SourceControl: Source control is disabled
[2018.05.18-09.32.18:168][  0]SourceControl: Source control is disabled
[2018.05.18-09.32.19:406][  0]LogAndroidPermission: UAndroidPermissionCallbackProxy::GetInstance
[2018.05.18-09.32.19:866][  0]LogOcInput: OculusInput pre-init called
[2018.05.18-09.32.20:565][  0]LogEngine: Initializing Engine...
[2018.05.18-09.32.20:592][  0]LogHMD: Failed to initialize OpenVR with code 110
[2018.05.18-09.32.21:252][  0]LogStats: UGameplayTagsManager::ConstructGameplayTagTree: Construct from data asset -  0.000 s
[2018.05.18-09.32.21:253][  0]LogStats: UGameplayTagsManager::ConstructGameplayTagTree: GameplayTagTreeChangedEvent.Broadcast -  0.000 s
[2018.05.18-09.32.21:775][  0]LogAIModule: Creating AISystem for world Untitled
[2018.05.18-09.32.21:863][  0]LogInit: XAudio2 using 'Speakers (VIA HD Audio)' : 2 channels at 48 kHz using 32 bits per sample (channel mask 0x3)
[2018.05.18-09.32.21:876][  0]LogInit: FAudioDevice initialized.
[2018.05.18-09.32.22:005][  0]LogDerivedDataCache: Saved boot cache 0.13s 93MB C:/Users/Double/AppData/Local/UnrealEngine/4.17/DerivedDataCache/Boot.ddc.
[2018.05.18-09.32.22:041][  0]LogInit: Texture streaming: Enabled
[2018.05.18-09.32.22:325][  0]LogEngineSessionManager: EngineSessionManager initialized
[2018.05.18-09.32.22:937][  0]LogInit: Transaction tracking system initialized
[2018.05.18-09.32.23:620][  0]BlueprintLog: New page: Editor Load
[2018.05.18-09.32.25:823][  0]LocalizationService: Localization service is disabled
[2018.05.18-09.32.27:419][  0]LogConsoleResponse: Display: 
[2018.05.18-09.32.29:967][  0]LogFileCache: Scanning file cache for directory 'C:/Users/Double/Documents/Unreal Projects/GameDesign/Content/' took 0.02s
[2018.05.18-09.32.29:967][  0]LogCook: Display: Max memory allowance for cook 16384mb min free memory 0mb
[2018.05.18-09.32.29:968][  0]LogCook: Display: Mobile HDR setting 1
[2018.05.18-09.32.29:968][  0]LogGameplayTags: Display: UGameplayTagsManager::DoneAddingNativeTags. DelegateIsBound: 0
[2018.05.18-09.32.33:570][  0]SourceControl: Source control is disabled
[2018.05.18-09.32.33:641][  0]Cmd: MAP LOAD FILE="C:/Users/Double/Documents/Unreal Projects/GameDesign/Content/FirstPersonBP/Maps/FirstPersonExampleMap.umap" TEMPLATE=0 SHOWPROGRESS=1 FEATURELEVEL=3
[2018.05.18-09.32.33:660][  0]LightingResults: New page: Lighting Build
[2018.05.18-09.32.33:819][  0]MapCheck: New page: Map Check
[2018.05.18-09.32.33:819][  0]LightingResults: New page: Lighting Build
[2018.05.18-09.32.35:682][  0]LogAIModule: Creating AISystem for world FirstPersonExampleMap
[2018.05.18-09.32.36:131][  0]LogEditorServer: Finished looking for orphan Actors (0.000 secs)
[2018.05.18-09.32.36:261][  0]Cmd: MAP CHECKDEP NOCLEARLOG
[2018.05.18-09.32.36:348][  0]MapCheck: Map check complete: 0 Error(s), 0 Warning(s), took 86.989ms to complete.
[2018.05.18-09.32.36:349][  0]LogFileHelpers: Loading map 'FirstPersonExampleMap' took 2.731
[2018.05.18-09.32.37:457][  0]LogCollectionManager: Loaded 0 collections in 0.003465 seconds
[2018.05.18-09.32.37:632][  0]LogFileCache: Scanning file cache for directory 'C:/Users/Double/Documents/Unreal Projects/GameDesign/Saved/Collections/' took 0.01s
[2018.05.18-09.32.37:632][  0]LogFileCache: Scanning file cache for directory 'C:/Users/Double/Documents/Unreal Projects/GameDesign/Content/Developers/Double/Collections/' took 0.01s
[2018.05.18-09.32.37:632][  0]LogFileCache: Scanning file cache for directory 'C:/Users/Double/Documents/Unreal Projects/GameDesign/Content/Collections/' took 0.01s
[2018.05.18-09.32.37:632][  0]LogCollectionManager: Rebuilt the GUID cache for 0 collections in 0.000001 seconds
[2018.05.18-09.32.37:651][  0]LogContentBrowser: Native class hierarchy populated in 0.0177 seconds. Added 2386 classes and 500 folders.
[2018.05.18-09.32.37:796][  0]LogContentBrowser: Native class hierarchy updated for 'WidgetCarousel' in 0.0013 seconds. Added 0 classes and 0 folders.
[2018.05.18-09.32.38:574][  0]LogContentBrowser: Native class hierarchy updated for 'AddContentDialog' in 0.0010 seconds. Added 0 classes and 0 folders.
[2018.05.18-09.32.38:693][  0]LogContentBrowser: Native class hierarchy updated for 'SceneOutliner' in 0.0009 seconds. Added 1 classes and 2 folders.
[2018.05.18-09.32.39:439][  0]LogSlate: Took 0.008478 seconds to synchronously load lazily loaded font '../../../Engine/Content/Slate/Fonts/Roboto-Regular.ttf' (155K)
[2018.05.18-09.32.39:470][  0]LogSlate: Took 0.011775 seconds to synchronously load lazily loaded font '../../../Engine/Content/Slate/Fonts/Roboto-Bold.ttf' (160K)
[2018.05.18-09.32.39:523][  0]LogSlate: Took 0.007620 seconds to synchronously load lazily loaded font '../../../Engine/Content/Editor/Slate/Fonts/FontAwesome.ttf' (139K)
[2018.05.18-09.32.40:005][  0]LogRenderer: Reallocating scene render targets to support 1208x648 Format 10 NumSamples 1 (Frame:1).
[2018.05.18-09.32.40:492][  0]LogContentBrowser: Native class hierarchy updated for 'HierarchicalLODOutliner' in 0.0013 seconds. Added 1 classes and 2 folders.
[2018.05.18-09.32.40:492][  0]LogLoad: (Engine Initialization) Total time: 76.78 seconds
[2018.05.18-09.32.40:492][  0]LogLoad: (Engine Initialization) Total Blueprint compile time: 0.00 seconds
[2018.05.18-09.32.40:492][  0]LogExternalProfiler: No external profilers were discovered.  External profiling features will not be available.
[2018.05.18-09.32.40:573][  0]LogContentStreaming: Texture pool size now 1000 MB
[2018.05.18-09.32.40:721][  0]LogSlate: Took 0.006520 seconds to synchronously load lazily loaded font '../../../Engine/Content/Slate/Fonts/Roboto-Light.ttf' (159K)
[2018.05.18-09.32.40:870][  3]LogAssetRegistry: Asset discovery search completed in 50.5569 seconds
[2018.05.18-09.32.40:873][  3]LogCollectionManager: Rebuilt the object cache for 0 collections in 0.000001 seconds (found 0 objects)
[2018.05.18-09.32.40:873][  3]LogCollectionManager: Fixed up redirectors for 0 collections in 0.000077 seconds (updated 0 objects)
[2018.05.18-09.37.25:416][991]LogSlate: Took 0.000270 seconds to synchronously load lazily loaded font '../../../Engine/Content/Slate/Fonts/Roboto-Light.ttf' (159K)
[2018.05.18-09.37.26:069][991]LogSlate: Took 0.000264 seconds to synchronously load lazily loaded font '../../../Engine/Content/Slate/Fonts/Roboto-Regular.ttf' (155K)
[2018.05.18-09.37.26:341][991]LogContentBrowser: Native class hierarchy updated for 'BlueprintGraph' in 0.0018 seconds. Added 113 classes and 0 folders.
[2018.05.18-09.37.28:076][991]LogSlate: Took 0.000268 seconds to synchronously load lazily loaded font '../../../Engine/Content/Slate/Fonts/Roboto-Light.ttf' (159K)
[2018.05.18-09.37.28:100][991]LogSlate: Took 0.023106 seconds to synchronously load lazily loaded font '../../../Engine/Content/Editor/Slate/Fonts/Roboto-BoldCondensed.ttf' (158K)
[2018.05.18-09.37.35:880][826]LogSlate: Took 0.046986 seconds to synchronously load lazily loaded font '../../../Engine/Content/Slate/Fonts/DroidSansFallback.ttf' (3848K)
[2018.05.18-09.37.38:523][ 67]LogSlate: Took 0.011558 seconds to synchronously load lazily loaded font '../../../Engine/Content/Editor/Slate/Fonts/Roboto-Italic.ttf' (157K)
[2018.05.18-09.38.46:726][595]Cmd: OBJ SAVEPACKAGE PACKAGE="/Game/FirstPersonBP/Blueprints/MainMenuWidget" FILE="C:/Users/Double/Documents/Unreal Projects/GameDesign/Content/FirstPersonBP/Blueprints/MainMenuWidget.uasset" SILENT=true
[2018.05.18-09.38.46:893][595]LogSavePackage: Save=130.74ms
[2018.05.18-09.38.46:893][595]LogSavePackage: Moving 'C:/Users/Double/Documents/Unreal Projects/GameDesign/Saved/MainMenuWidgetAA854D8A42B80C8AA79128BACA092C80.tmp' to 'C:/Users/Double/Documents/Unreal Projects/GameDesign/Content/FirstPersonBP/Blueprints/MainMenuWidget.uasset'
[2018.05.18-09.38.46:937][595]LogSavePackage: Display: Finished SavePackage C:/Users/Double/Documents/Unreal Projects/GameDesign/Content/FirstPersonBP/Blueprints/MainMenuWidget.uasset
[2018.05.18-09.38.50:252][957]LogTemp: Repeating last play command: New Editor Window (PIE)
[2018.05.18-09.38.50:313][957]LogBlueprintUserMessages: Early PlayInEditor Detection: Level '/Game/FirstPersonBP/Maps/FirstPersonExampleMap.FirstPersonExampleMap:PersistentLevel' has LevelScriptBlueprint '/Game/FirstPersonBP/Maps/FirstPersonExampleMap.FirstPersonExampleMap:PersistentLevel.FirstPersonExampleMap' with GeneratedClass '/Game/FirstPersonBP/Maps/FirstPersonExampleMap.FirstPersonExampleMap_C' with ClassGeneratedBy '/Game/FirstPersonBP/Maps/FirstPersonExampleMap.FirstPersonExampleMap:PersistentLevel.FirstPersonExampleMap'
[2018.05.18-09.38.50:313][957]BlueprintLog: New page: Pre-Play auto-recompile
[2018.05.18-09.38.50:328][957]LogPlayLevel: [PlayLevel] Compiling FirstPersonExampleMap before play...
[2018.05.18-09.38.50:331][957]LogPlayLevel: [PlayLevel]   Compiling MainMenuHUD as a dependent...
[2018.05.18-09.38.50:340][957]LogPlayLevel: [PlayLevel]   Compiling MainMenuWidget as a dependent...
[2018.05.18-09.38.50:598][957]LogPlayLevel: PlayLevel: Blueprint regeneration took 285 ms (3 blueprints)
[2018.05.18-09.38.50:609][957]PIE: New page: PIE session: FirstPersonExampleMap (May 19, 2018, 4:38:50 AM)
[2018.05.18-09.38.50:610][957]LogPlayLevel: Creating play world package: /Game/FirstPersonBP/Maps/UEDPIE_0_FirstPersonExampleMap
[2018.05.18-09.38.50:658][957]LogPlayLevel: PIE: StaticDuplicateObject took: (0.048846s)
[2018.05.18-09.38.50:660][957]LogAIModule: Creating AISystem for world FirstPersonExampleMap
[2018.05.18-09.38.50:660][957]LogPlayLevel: PIE: World Init took: (0.001370s)
[2018.05.18-09.38.50:660][957]LogPlayLevel: PIE: Created PIE world by copying editor world from /Game/FirstPersonBP/Maps/FirstPersonExampleMap.FirstPersonExampleMap to /Game/FirstPersonBP/Maps/UEDPIE_0_FirstPersonExampleMap.FirstPersonExampleMap (0.050635s)
[2018.05.18-09.38.50:740][957]LogInit: XAudio2 using 'Speakers (VIA HD Audio)' : 2 channels at 48 kHz using 32 bits per sample (channel mask 0x3)
[2018.05.18-09.38.50:746][957]LogInit: FAudioDevice initialized.
[2018.05.18-09.38.50:808][957]LogLoad: Game class is 'FirstPersonMenuMode_C'
[2018.05.18-09.38.50:811][957]LogWorld: Bringing World /Game/FirstPersonBP/Maps/UEDPIE_0_FirstPersonExampleMap.FirstPersonExampleMap up for play (max tick rate 0) at 2018.05.18-19.08.50
[2018.05.18-09.38.50:812][957]LogWorld: Bringing up level for play took: 0.003675
[2018.05.18-09.38.50:924][957]LogContentBrowser: Native class hierarchy updated for 'MovieSceneCapture' in 0.0010 seconds. Added 11 classes and 0 folders.
[2018.05.18-09.38.50:978][957]PIE: Play in editor start time for /Game/FirstPersonBP/Maps/UEDPIE_0_FirstPersonExampleMap 1.013
[2018.05.18-09.38.50:983][957]LogBlueprintUserMessages: Late PlayInEditor Detection: Level '/Game/FirstPersonBP/Maps/FirstPersonExampleMap.FirstPersonExampleMap:PersistentLevel' has LevelScriptBlueprint '/Game/FirstPersonBP/Maps/FirstPersonExampleMap.FirstPersonExampleMap:PersistentLevel.FirstPersonExampleMap' with GeneratedClass '/Game/FirstPersonBP/Maps/FirstPersonExampleMap.FirstPersonExampleMap_C' with ClassGeneratedBy '/Game/FirstPersonBP/Maps/FirstPersonExampleMap.FirstPersonExampleMap:PersistentLevel.FirstPersonExampleMap'
[2018.05.18-09.38.51:059][957]LogRenderer: Reallocating scene render targets to support 1292x756 Format 10 NumSamples 1 (Frame:1).
[2018.05.18-09.38.55:837][306]Cmd: r.setres 640x480
[2018.05.18-09.38.55:868][306]r.SetRes = "640x480"
[2018.05.18-09.38.56:822][398]Cmd: r.setres 1280x720
[2018.05.18-09.38.56:822][398]r.SetRes = "1280x720"
[2018.05.18-09.39.00:966][835]Cmd: r.setres 1920x1080
[2018.05.18-09.39.00:966][835]r.SetRes = "1920x1080"
[2018.05.18-09.39.01:003][835]LogRenderer: Reallocating scene render targets to support 1912x1048 Format 10 NumSamples 1 (Frame:882).
[2018.05.18-09.39.02:695][  7]LogBlueprintUserMessages: Early EndPlayMap Detection: Level '/Game/FirstPersonBP/Maps/FirstPersonExampleMap.FirstPersonExampleMap:PersistentLevel' has LevelScriptBlueprint '/Game/FirstPersonBP/Maps/FirstPersonExampleMap.FirstPersonExampleMap:PersistentLevel.FirstPersonExampleMap' with GeneratedClass '/Game/FirstPersonBP/Maps/FirstPersonExampleMap.FirstPersonExampleMap_C' with ClassGeneratedBy '/Game/FirstPersonBP/Maps/FirstPersonExampleMap.FirstPersonExampleMap:PersistentLevel.FirstPersonExampleMap'
[2018.05.18-09.39.02:747][  7]LogBlueprintUserMessages: Late EndPlayMap Detection: Level '/Game/FirstPersonBP/Maps/FirstPersonExampleMap.FirstPersonExampleMap:PersistentLevel' has LevelScriptBlueprint '/Game/FirstPersonBP/Maps/FirstPersonExampleMap.FirstPersonExampleMap:PersistentLevel.FirstPersonExampleMap' with GeneratedClass '/Game/FirstPersonBP/Maps/FirstPersonExampleMap.FirstPersonExampleMap_C' with ClassGeneratedBy '/Game/FirstPersonBP/Maps/FirstPersonExampleMap.FirstPersonExampleMap:PersistentLevel.FirstPersonExampleMap'
[2018.05.18-09.42.46:144][ 73]Cmd: OBJ SAVEPACKAGE PACKAGE="/Game/FirstPersonBP/Blueprints/MainMenuWidget" FILE="C:/Users/Double/Documents/Unreal Projects/GameDesign/Content/FirstPersonBP/Blueprints/MainMenuWidget.uasset" SILENT=true
[2018.05.18-09.42.46:284][ 73]LogSavePackage: Save=118.66ms
[2018.05.18-09.42.46:284][ 73]LogSavePackage: Moving 'C:/Users/Double/Documents/Unreal Projects/GameDesign/Saved/MainMenuWidgetD1C534D6497D13F7EA98D8A379BDFE3F.tmp' to 'C:/Users/Double/Documents/Unreal Projects/GameDesign/Content/FirstPersonBP/Blueprints/MainMenuWidget.uasset'
[2018.05.18-09.42.46:288][ 73]LogSavePackage: Display: Finished SavePackage C:/Users/Double/Documents/Unreal Projects/GameDesign/Content/FirstPersonBP/Blueprints/MainMenuWidget.uasset
[2018.05.18-09.43.18:789][250]Cmd: OBJ SAVEPACKAGE PACKAGE="/Game/PROPS/Light" FILE="C:/Users/Double/Documents/Unreal Projects/GameDesign/Content/PROPS/Light.uasset" SILENT=true
[2018.05.18-09.43.18:824][250]LogSavePackage: Save=32.64ms
[2018.05.18-09.43.18:824][250]LogSavePackage: Moving 'C:/Users/Double/Documents/Unreal Projects/GameDesign/Saved/LightFD4AAB3944F8995F0660CD86A8BA424F.tmp' to 'C:/Users/Double/Documents/Unreal Projects/GameDesign/Content/PROPS/Light.uasset'
[2018.05.18-09.43.18:827][250]LogSavePackage: Display: Finished SavePackage C:/Users/Double/Documents/Unreal Projects/GameDesign/Content/PROPS/Light.uasset
[2018.05.18-09.43.18:831][250]Cmd: OBJ SAVEPACKAGE PACKAGE="/Game/PROPS/untitled" FILE="C:/Users/Double/Documents/Unreal Projects/GameDesign/Content/PROPS/untitled.uasset" SILENT=true
[2018.05.18-09.43.18:851][250]LogSavePackage: Save=1.44ms
[2018.05.18-09.43.18:851][250]LogSavePackage: Moving 'C:/Users/Double/Documents/Unreal Projects/GameDesign/Saved/untitledA2C1AF404CCC445BD9DB5283DD333D15.tmp' to 'C:/Users/Double/Documents/Unreal Projects/GameDesign/Content/PROPS/untitled.uasset'
[2018.05.18-09.43.18:854][250]LogSavePackage: Display: Finished SavePackage C:/Users/Double/Documents/Unreal Projects/GameDesign/Content/PROPS/untitled.uasset
[2018.05.18-09.43.27:134][216]Cmd: OBJ SAVEPACKAGE PACKAGE="/Game/PROPS/bulb_light" FILE="C:/Users/Double/Documents/Unreal Projects/GameDesign/Content/PROPS/bulb_light.uasset" SILENT=true
[2018.05.18-09.43.27:152][216]LogSavePackage: Save=16.71ms
[2018.05.18-09.43.27:152][216]LogSavePackage: Moving 'C:/Users/Double/Documents/Unreal Projects/GameDesign/Saved/bulb_light6635B2A14BE08A0D2A00F59D89910173.tmp' to 'C:/Users/Double/Documents/Unreal Projects/GameDesign/Content/PROPS/bulb_light.uasset'
[2018.05.18-09.43.27:156][216]LogSavePackage: Display: Finished SavePackage C:/Users/Double/Documents/Unreal Projects/GameDesign/Content/PROPS/bulb_light.uasset
[2018.05.18-09.43.27:511][216]Cmd: OBJ SAVEPACKAGE PACKAGE="/Game/PROPS/untitled" FILE="C:/Users/Double/Documents/Unreal Projects/GameDesign/Content/PROPS/untitled.uasset" SILENT=true
[2018.05.18-09.43.27:527][216]LogSavePackage: Save=1.84ms
[2018.05.18-09.43.27:527][216]LogSavePackage: Moving 'C:/Users/Double/Documents/Unreal Projects/GameDesign/Saved/untitled4B5D748B40751404B293A59E4936A606.tmp' to 'C:/Users/Double/Documents/Unreal Projects/GameDesign/Content/PROPS/untitled.uasset'
[2018.05.18-09.43.27:530][216]LogSavePackage: Display: Finished SavePackage C:/Users/Double/Documents/Unreal Projects/GameDesign/Content/PROPS/untitled.uasset
[2018.05.18-09.43.29:478][422]Cmd: OBJ SAVEPACKAGE PACKAGE="/Game/PROPS/bulb_light" FILE="C:/Users/Double/Documents/Unreal Projects/GameDesign/Content/PROPS/bulb_light.uasset" SILENT=true
[2018.05.18-09.43.29:500][422]LogSavePackage: Save=5.51ms
[2018.05.18-09.43.29:500][422]LogSavePackage: Moving 'C:/Users/Double/Documents/Unreal Projects/GameDesign/Saved/bulb_lightC2815700414F51F67C75FCB94C556427.tmp' to 'C:/Users/Double/Documents/Unreal Projects/GameDesign/Content/PROPS/bulb_light.uasset'
[2018.05.18-09.43.29:503][422]LogSavePackage: Display: Finished SavePackage C:/Users/Double/Documents/Unreal Projects/GameDesign/Content/PROPS/bulb_light.uasset
[2018.05.18-10.38.01:002][139]Cmd: QUIT_EDITOR
[2018.05.18-10.38.01:116][139]LogExit: Preparing to exit.
[2018.05.18-10.38.02:112][139]LogExit: Editor shut down
[2018.05.18-10.38.02:119][139]LogExit: Transaction tracking system shut down
[2018.05.18-10.38.02:292][139]LogDirectoryWatcher: A directory notification for '../../../Engine/Content/' was aborted.
[2018.05.18-10.38.02:292][139]LogDirectoryWatcher: A directory notification for 'C:/Users/Double/Documents/Unreal Projects/GameDesign/Content/' was aborted.
[2018.05.18-10.38.02:292][139]LogDirectoryWatcher: A directory notification for '../../../Engine/Plugins/2D/Paper2D/Content/' was aborted.
[2018.05.18-10.38.02:292][139]LogDirectoryWatcher: A directory notification for '../../../Engine/Plugins/Runtime/Oculus/OculusVR/Content/' was aborted.
[2018.05.18-10.38.02:292][139]LogDirectoryWatcher: A directory notification for '../../../Engine/Plugins/Runtime/Steam/SteamVR/Content/' was aborted.
[2018.05.18-10.38.02:604][139]LogExit: Object subsystem successfully closed.
[2018.05.18-10.38.02:650][139]LogD3D11RHI: Shutdown
[2018.05.18-10.38.02:650][139]LogD3D11RHI: CleanupD3DDevice
[2018.05.18-10.38.02:832][139]LogD3D11RHI: Error: Crashed freeing up the D3D11 device.
[2018.05.18-10.38.02:832][139]LogD3D11RHI: ~FD3D11DynamicRHI
[2018.05.18-10.38.02:989][139]LogModuleManager: Shutting down and abandoning module MovieSceneCapture (538)
[2018.05.18-10.38.02:989][139]LogModuleManager: Shutting down and abandoning module SequencerWidgets (536)
[2018.05.18-10.38.02:989][139]LogModuleManager: Shutting down and abandoning module BlueprintGraph (534)
[2018.05.18-10.38.02:989][139]LogModuleManager: Shutting down and abandoning module BlueprintProfiler (532)
[2018.05.18-10.38.02:990][139]LogModuleManager: Shutting down and abandoning module HierarchicalLODOutliner (530)
[2018.05.18-10.38.02:990][139]LogModuleManager: Shutting down and abandoning module SceneOutliner (528)
[2018.05.18-10.38.02:990][139]LogModuleManager: Shutting down and abandoning module AddContentDialog (526)
[2018.05.18-10.38.02:990][139]LogDirectoryWatcher: A directory notification for 'F:/Unreal Engine/UE_4.17/FeaturePacks/' was aborted.
[2018.05.18-10.38.02:995][139]LogModuleManager: Shutting down and abandoning module WidgetCarousel (525)
[2018.05.18-10.38.02:995][139]LogModuleManager: Shutting down and abandoning module EditorWidgets (522)
[2018.05.18-10.38.02:995][139]LogModuleManager: Shutting down and abandoning module CollectionManager (520)
[2018.05.18-10.38.02:995][139]LogDirectoryWatcher: A directory notification for 'C:/Users/Double/Documents/Unreal Projects/GameDesign/Content/Collections/' was aborted.
[2018.05.18-10.38.02:995][139]LogDirectoryWatcher: A directory notification for 'C:/Users/Double/Documents/Unreal Projects/GameDesign/Content/Developers/Double/Collections/' was aborted.
[2018.05.18-10.38.02:995][139]LogDirectoryWatcher: A directory notification for 'C:/Users/Double/Documents/Unreal Projects/GameDesign/Saved/Collections/' was aborted.
[2018.05.18-10.38.02:995][139]LogModuleManager: Shutting down and abandoning module StatsViewer (518)
[2018.05.18-10.38.02:996][139]LogModuleManager: Shutting down and abandoning module FoliageEdit (516)
[2018.05.18-10.38.02:996][139]LogModuleManager: Shutting down and abandoning module LandscapeEditor (514)
[2018.05.18-10.38.03:011][139]LogModuleManager: Shutting down and abandoning module MeshPaintMode (512)
[2018.05.18-10.38.03:011][139]LogModuleManager: Shutting down and abandoning module SceneDepthPickerMode (510)
[2018.05.18-10.38.03:011][139]LogModuleManager: Shutting down and abandoning module ActorPickerMode (508)
[2018.05.18-10.38.03:011][139]LogModuleManager: Shutting down and abandoning module GeometryMode (506)
[2018.05.18-10.38.03:011][139]LogModuleManager: Shutting down and abandoning module TextureAlignMode (504)
[2018.05.18-10.38.03:011][139]LogModuleManager: Shutting down and abandoning module BspMode (502)
[2018.05.18-10.38.03:011][139]LogModuleManager: Shutting down and abandoning module PIEPreviewDeviceProfileSelector (500)
[2018.05.18-10.38.03:011][139]LogModuleManager: Shutting down and abandoning module HardwareSurvey (498)
[2018.05.18-10.38.03:011][139]LogModuleManager: Shutting down and abandoning module SequenceRecorderSections (496)
[2018.05.18-10.38.03:011][139]LogModuleManager: Shutting down and abandoning module AutomationWorker (494)
[2018.05.18-10.38.03:011][139]LogModuleManager: Shutting down and abandoning module MatineeToLevelSequence (492)
[2018.05.18-10.38.03:011][139]LogModuleManager: Shutting down and abandoning module LevelSequenceEditor (490)
[2018.05.18-10.38.03:021][139]LogModuleManager: Shutting down and abandoning module PlacementMode (489)
[2018.05.18-10.38.03:022][139]LogModuleManager: Shutting down and abandoning module WmfMediaFactory (486)
[2018.05.18-10.38.03:022][139]LogModuleManager: Shutting down and abandoning module WmfMediaEditor (484)
[2018.05.18-10.38.03:022][139]LogModuleManager: Shutting down and abandoning module AvfMediaFactory (482)
[2018.05.18-10.38.03:022][139]LogModuleManager: Shutting down and abandoning module AvfMediaEditor (480)
[2018.05.18-10.38.03:022][139]LogModuleManager: Shutting down and abandoning module AndroidMediaFactory (478)
[2018.05.18-10.38.03:022][139]LogModuleManager: Shutting down and abandoning module Media (477)
[2018.05.18-10.38.03:022][139]LogModuleManager: Shutting down and abandoning module AndroidMediaEditor (474)
[2018.05.18-10.38.03:022][139]LogModuleManager: Shutting down and abandoning module CharacterAI (472)
[2018.05.18-10.38.03:022][139]LogModuleManager: Shutting down and abandoning module AudioCapture (470)
[2018.05.18-10.38.03:022][139]LogModuleManager: Shutting down and abandoning module SequenceRecorder (469)
[2018.05.18-10.38.03:022][139]LogModuleManager: Shutting down and abandoning module SmartSnapping (466)
[2018.05.18-10.38.03:022][139]LogModuleManager: Shutting down and abandoning module SessionServices (464)
[2018.05.18-10.38.03:023][139]LogModuleManager: Shutting down and abandoning module ViewportSnapping (462)
[2018.05.18-10.38.03:023][139]LogModuleManager: Shutting down and abandoning module ViewportInteraction (460)
[2018.05.18-10.38.03:023][139]LogModuleManager: Shutting down and abandoning module ClothPainter (458)
[2018.05.18-10.38.03:035][139]LogModuleManager: Shutting down and abandoning module LogVisualizer (456)
[2018.05.18-10.38.03:035][139]LogModuleManager: Shutting down and abandoning module IntroTutorials (454)
[2018.05.18-10.38.03:035][139]LogModuleManager: Shutting down and abandoning module GameProjectGeneration (453)
[2018.05.18-10.38.03:046][139]LogModuleManager: Shutting down and abandoning module IOSPlatformEditor (450)
[2018.05.18-10.38.03:046][139]LogModuleManager: Shutting down and abandoning module HTML5PlatformEditor (448)
[2018.05.18-10.38.03:046][139]LogModuleManager: Shutting down and abandoning module AndroidPlatformEditor (446)
[2018.05.18-10.38.03:046][139]LogModuleManager: Shutting down and abandoning module AndroidDeviceDetection (445)
[2018.05.18-10.38.04:031][139]LogModuleManager: Shutting down and abandoning module WindowsPlatformEditor (442)
[2018.05.18-10.38.04:031][139]LogModuleManager: Shutting down and abandoning module IOSRuntimeSettings (440)
[2018.05.18-10.38.04:031][139]LogModuleManager: Shutting down and abandoning module AndroidRuntimeSettings (438)
[2018.05.18-10.38.04:031][139]LogModuleManager: Shutting down and abandoning module InputBindingEditor (436)
[2018.05.18-10.38.04:039][139]LogModuleManager: Shutting down and abandoning module MergeActors (434)
[2018.05.18-10.38.04:048][139]LogModuleManager: Shutting down and abandoning module SizeMap (432)
[2018.05.18-10.38.04:048][139]LogModuleManager: Shutting down and abandoning module TreeMap (430)
[2018.05.18-10.38.04:048][139]LogModuleManager: Shutting down and abandoning module ReferenceViewer (428)
[2018.05.18-10.38.04:048][139]LogModuleManager: Shutting down and abandoning module LocalizationDashboard (426)
[2018.05.18-10.38.04:051][139]LogModuleManager: Shutting down and abandoning module LocalizationService (425)
[2018.05.18-10.38.04:051][139]LogModuleManager: Shutting down and abandoning module HardwareTargeting (422)
[2018.05.18-10.38.04:051][139]LogModuleManager: Shutting down and abandoning module DeviceProfileEditor (420)
[2018.05.18-10.38.04:051][139]LogModuleManager: Shutting down and abandoning module UndoHistory (418)
[2018.05.18-10.38.04:051][139]LogModuleManager: Shutting down and abandoning module XmlParser (416)
[2018.05.18-10.38.04:051][139]LogModuleManager: Shutting down and abandoning module Blutility (414)
[2018.05.18-10.38.04:051][139]LogModuleManager: Shutting down and abandoning module ProjectSettingsViewer (412)
[2018.05.18-10.38.04:051][139]LogModuleManager: Shutting down and abandoning module ProjectTargetPlatformEditor (411)
[2018.05.18-10.38.04:051][139]LogModuleManager: Shutting down and abandoning module EditorSettingsViewer (408)
[2018.05.18-10.38.04:052][139]LogModuleManager: Shutting down and abandoning module SettingsEditor (406)
[2018.05.18-10.38.04:061][139]LogModuleManager: Shutting down and abandoning module ProjectLauncher (404)
[2018.05.18-10.38.04:063][139]LogModuleManager: Shutting down and abandoning module SessionFrontend (402)
[2018.05.18-10.38.04:063][139]LogModuleManager: Shutting down and abandoning module ProfilerClient (400)
[2018.05.18-10.38.04:071][139]LogModuleManager: Shutting down and abandoning module DeviceManager (398)
[2018.05.18-10.38.04:071][139]LogModuleManager: Shutting down and abandoning module TargetDeviceServices (397)
[2018.05.18-10.38.04:111][139]LogModuleManager: Shutting down and abandoning module AutomationController (394)
[2018.05.18-10.38.04:111][139]LogModuleManager: Shutting down and abandoning module AutomationWindow (392)
[2018.05.18-10.38.04:124][139]LogModuleManager: Shutting down and abandoning module Layers (390)
[2018.05.18-10.38.04:125][139]LogModuleManager: Shutting down and abandoning module ComponentVisualizers (388)
[2018.05.18-10.38.04:125][139]LogModuleManager: Shutting down and abandoning module DetailCustomizations (386)
[2018.05.18-10.38.04:125][139]LogModuleManager: Shutting down and abandoning module PackagesDialog (384)
[2018.05.18-10.38.04:125][139]LogModuleManager: Shutting down and abandoning module Persona (382)
[2018.05.18-10.38.04:149][139]LogModuleManager: Shutting down and abandoning module AdvancedPreviewScene (381)
[2018.05.18-10.38.04:149][139]LogModuleManager: Shutting down and abandoning module AnimGraph (379)
[2018.05.18-10.38.04:149][139]LogModuleManager: Shutting down and abandoning module Kismet (376)
[2018.05.18-10.38.04:163][139]LogModuleManager: Shutting down and abandoning module ClassViewer (374)
[2018.05.18-10.38.04:163][139]LogModuleManager: Shutting down and abandoning module Toolbox (372)
[2018.05.18-10.38.04:163][139]LogModuleManager: Shutting down and abandoning module ModuleUI (370)
[2018.05.18-10.38.04:174][139]LogModuleManager: Shutting down and abandoning module MovieSceneTools (368)
[2018.05.18-10.38.04:187][139]LogModuleManager: Shutting down and abandoning module OutputLog (366)
[2018.05.18-10.38.04:187][139]LogModuleManager: Shutting down and abandoning module GammaUI (364)
[2018.05.18-10.38.04:204][139]LogModuleManager: Shutting down and abandoning module Documentation (362)
[2018.05.18-10.38.04:204][139]LogModuleManager: Shutting down and abandoning module MovieSceneTracks (360)
[2018.05.18-10.38.04:221][139]LogModuleManager: Shutting down and abandoning module MovieScene (358)
[2018.05.18-10.38.04:221][139]LogModuleManager: Shutting down and abandoning module Niagara (356)
[2018.05.18-10.38.04:221][139]LogModuleManager: Shutting down and abandoning module NiagaraEditor (355)
[2018.05.18-10.38.04:226][139]LogModuleManager: Shutting down and abandoning module StreamingPauseRendering (352)
[2018.05.18-10.38.04:226][139]LogModuleManager: Shutting down and abandoning module LauncherPlatform (350)
[2018.05.18-10.38.04:226][139]LogModuleManager: Shutting down and abandoning module AnalyticsET (348)
[2018.05.18-10.38.04:226][139]LogModuleManager: Shutting down and abandoning module PortalServices (346)
[2018.05.18-10.38.04:226][139]LogModuleManager: Shutting down and abandoning module PortalRpc (344)
[2018.05.18-10.38.04:226][139]LogModuleManager: Shutting down and abandoning module MessagingRpc (342)
[2018.05.18-10.38.04:227][139]LogModuleManager: Shutting down and abandoning module AIModule (340)
[2018.05.18-10.38.04:227][139]LogModuleManager: Shutting down and abandoning module GameplayDebugger (339)
[2018.05.18-10.38.04:227][139]LogModuleManager: Shutting down and abandoning module AITestSuite (337)
[2018.05.18-10.38.04:227][139]LogModuleManager: Shutting down and abandoning module ProfilerService (334)
[2018.05.18-10.38.04:454][139]LogModuleManager: Shutting down and abandoning module TaskGraph (332)
[2018.05.18-10.38.04:458][139]LogModuleManager: Shutting down and abandoning module SteamVRController (330)
[2018.05.18-10.38.04:458][139]LogModuleManager: Shutting down and abandoning module ProceduralMeshComponentEditor (328)
[2018.05.18-10.38.04:458][139]LogModuleManager: Shutting down and abandoning module ProceduralMeshComponent (326)
[2018.05.18-10.38.04:458][139]LogModuleManager: Shutting down and abandoning module OculusInput (324)
[2018.05.18-10.38.04:458][139]LogModuleManager: Shutting down and abandoning module MobilePatchingUtils (322)
[2018.05.18-10.38.04:458][139]LogModuleManager: Shutting down and abandoning module CustomMeshComponent (320)
[2018.05.18-10.38.04:458][139]LogModuleManager: Shutting down and abandoning module CableComponent (318)
[2018.05.18-10.38.04:458][139]LogModuleManager: Shutting down and abandoning module ArchVisCharacter (316)
[2018.05.18-10.38.04:458][139]LogModuleManager: Shutting down and abandoning module AndroidPermission (314)
[2018.05.18-10.38.04:458][139]LogModuleManager: Shutting down and abandoning module MediaPlayerEditor (310)
[2018.05.18-10.38.04:470][139]LogModuleManager: Shutting down and abandoning module HTML5Networking (308)
[2018.05.18-10.38.04:470][139]LogModuleManager: Shutting down and abandoning module AlembicImporter (306)
[2018.05.18-10.38.04:478][139]LogModuleManager: Shutting down and abandoning module AlembicLibrary (305)
[2018.05.18-10.38.04:478][139]LogModuleManager: Shutting down and abandoning module GeometryCache (304)
[2018.05.18-10.38.04:478][139]LogModuleManager: Shutting down and abandoning module GeometryCacheEd (303)
[2018.05.18-10.38.04:478][139]LogModuleManager: Shutting down and abandoning module SpeedTreeImporter (298)
[2018.05.18-10.38.04:478][139]LogModuleManager: Shutting down and abandoning module PluginBrowser (296)
[2018.05.18-10.38.04:486][139]LogModuleManager: Shutting down and abandoning module MobileLauncherProfileWizard (294)
[2018.05.18-10.38.04:486][139]LogModuleManager: Shutting down and abandoning module VisualStudioSourceCodeAccess (292)
[2018.05.18-10.38.04:486][139]LogModuleManager: Shutting down and abandoning module DesktopPlatform (291)
[2018.05.18-10.38.04:486][139]LogModuleManager: Shutting down and abandoning module UObjectPlugin (288)
[2018.05.18-10.38.04:486][139]LogModuleManager: Shutting down and abandoning module SubversionSourceControl (286)
[2018.05.18-10.38.04:486][139]LogModuleManager: Shutting down and abandoning module PerforceSourceControl (284)
[2018.05.18-10.38.04:486][139]LogModuleManager: Shutting down and abandoning module GitSourceControl (282)
[2018.05.18-10.38.04:486][139]LogModuleManager: Shutting down and abandoning module SourceControl (281)
[2018.05.18-10.38.04:486][139]LogModuleManager: Shutting down and abandoning module LightPropagationVolumeEditor (278)
[2018.05.18-10.38.04:486][139]LogModuleManager: Shutting down and abandoning module PaperTiledImporter (276)
[2018.05.18-10.38.04:486][139]LogModuleManager: Shutting down and abandoning module PaperSpriteSheetImporter (274)
[2018.05.18-10.38.04:486][139]LogModuleManager: Shutting down and abandoning module Paper2DEditor (272)
[2018.05.18-10.38.04:486][139]LogModuleManager: Shutting down and abandoning module MeshPaint (271)
[2018.05.18-10.38.04:487][139]LogModuleManager: Shutting down and abandoning module LevelEditor (269)
[2018.05.18-10.38.04:488][139]LogModuleManager: Shutting down and abandoning module PixelInspectorModule (268)
[2018.05.18-10.38.04:488][139]LogModuleManager: Shutting down and abandoning module MainFrame (266)
[2018.05.18-10.38.04:488][139]LogModuleManager: Shutting down and abandoning module HotReload (265)
[2018.05.18-10.38.04:489][139]LogModuleManager: Shutting down and abandoning module RuntimePhysXCooking (260)
[2018.05.18-10.38.04:489][139]LogModuleManager: Shutting down and abandoning module PhysXVehiclesEditor (258)
[2018.05.18-10.38.04:489][139]LogModuleManager: Shutting down and abandoning module PhysXVehicles (256)
[2018.05.18-10.38.04:489][139]LogModuleManager: Shutting down and abandoning module OculusEditor (254)
[2018.05.18-10.38.04:490][139]LogModuleManager: Shutting down and abandoning module LocationServicesBPLibrary (252)
[2018.05.18-10.38.04:490][139]LogModuleManager: Shutting down and abandoning module ImmediatePhysicsEditor (250)
[2018.05.18-10.38.04:490][139]LogModuleManager: Shutting down and abandoning module ImmediatePhysics (248)
[2018.05.18-10.38.04:490][139]LogModuleManager: Shutting down and abandoning module UdpMessaging (246)
[2018.05.18-10.38.04:590][139]LogModuleManager: Shutting down and abandoning module TcpMessaging (244)
[2018.05.18-10.38.04:690][139]LogModuleManager: Shutting down and abandoning module GameplayTagsEditor (242)
[2018.05.18-10.38.04:690][139]LogModuleManager: Shutting down and abandoning module FacialAnimationEditor (240)
[2018.05.18-10.38.04:690][139]LogModuleManager: Shutting down and abandoning module FacialAnimation (238)
[2018.05.18-10.38.04:690][139]LogModuleManager: Shutting down and abandoning module AssetManagerEditor (236)
[2018.05.18-10.38.04:690][139]LogModuleManager: Shutting down and abandoning module GraphEditor (235)
[2018.05.18-10.38.04:690][139]LogModuleManager: Shutting down and abandoning module ContentBrowser (233)
[2018.05.18-10.38.04:692][139]LogModuleManager: Shutting down and abandoning module LightPropagationVolumeRuntime (230)
[2018.05.18-10.38.04:692][139]LogModuleManager: Shutting down and abandoning module Paper2D (228)
[2018.05.18-10.38.04:692][139]LogModuleManager: Shutting down and abandoning module WindowsMoviePlayer (226)
[2018.05.18-10.38.04:692][139]LogModuleManager: Shutting down and abandoning module WmfMedia (224)
[2018.05.18-10.38.04:692][139]LogModuleManager: Shutting down and abandoning module PacketHandler (222)
[2018.05.18-10.38.04:693][139]LogModuleManager: Shutting down and abandoning module ClothingSystemEditor (220)
[2018.05.18-10.38.04:693][139]LogModuleManager: Shutting down and abandoning module ClothingSystemRuntime (218)
[2018.05.18-10.38.04:693][139]LogModuleManager: Shutting down and abandoning module Overlay (216)
[2018.05.18-10.38.04:693][139]LogModuleManager: Shutting down and abandoning module OverlayEditor (215)
[2018.05.18-10.38.04:693][139]LogModuleManager: Shutting down and abandoning module MediaAssets (212)
[2018.05.18-10.38.04:693][139]LogModuleManager: Shutting down and abandoning module VREditor (210)
[2018.05.18-10.38.04:705][139]LogModuleManager: Shutting down and abandoning module StringTableEditor (208)
[2018.05.18-10.38.04:705][139]LogModuleManager: Shutting down and abandoning module GameplayTasksEditor (206)
[2018.05.18-10.38.04:705][139]LogModuleManager: Shutting down and abandoning module BehaviorTreeEditor (204)
[2018.05.18-10.38.04:726][139]LogModuleManager: Shutting down and abandoning module FunctionalTesting (202)
[2018.05.18-10.38.04:726][139]LogModuleManager: Shutting down and abandoning module CollisionAnalyzer (200)
[2018.05.18-10.38.04:726][139]LogModuleManager: Shutting down and abandoning module WorkspaceMenuStructure (199)
[2018.05.18-10.38.04:726][139]LogModuleManager: Shutting down and abandoning module UMG (196)
[2018.05.18-10.38.04:726][139]LogModuleManager: Shutting down and abandoning module UMGEditor (195)
[2018.05.18-10.38.04:726][139]LogModuleManager: Shutting down and abandoning module Sequencer (194)
[2018.05.18-10.38.04:726][139]LogModuleManager: Shutting down and abandoning module MessageLog (191)
[2018.05.18-10.38.04:726][139]LogModuleManager: Shutting down and abandoning module SlateReflector (186)
[2018.05.18-10.38.04:746][139]LogModuleManager: Shutting down and abandoning module Slate (184)
[2018.05.18-10.38.04:746][139]LogModuleManager: Shutting down and abandoning module EditorStyle (182)
[2018.05.18-10.38.04:748][139]LogModuleManager: Shutting down and abandoning module MRMesh (180)
[2018.05.18-10.38.04:748][139]LogModuleManager: Shutting down and abandoning module SourceCodeAccess (178)
[2018.05.18-10.38.04:748][139]LogModuleManager: Shutting down and abandoning module HeadMountedDisplay (176)
[2018.05.18-10.38.04:748][139]LogModuleManager: Shutting down and abandoning module XAudio2 (174)
[2018.05.18-10.38.04:748][139]LogModuleManager: Shutting down and abandoning module Networking (172)
[2018.05.18-10.38.04:748][139]LogModuleManager: Shutting down and abandoning module Core (168)
[2018.05.18-10.38.04:749][139]LogModuleManager: Shutting down and abandoning module KismetCompiler (164)
[2018.05.18-10.38.04:749][139]LogModuleManager: Shutting down and abandoning module MeshUtilities (162)
[2018.05.18-10.38.04:764][139]LogModuleManager: Shutting down and abandoning module MeshMergeUtilities (161)
[2018.05.18-10.38.04:765][139]LogModuleManager: Shutting down and abandoning module MeshReductionInterface (160)
[2018.05.18-10.38.04:765][139]LogModuleManager: Shutting down and abandoning module SimplygonSwarm (159)
[2018.05.18-10.38.04:779][139]LogModuleManager: Shutting down and abandoning module SimplygonMeshReduction (157)
[2018.05.18-10.38.04:779][139]LogModuleManager: Shutting down and abandoning module QuadricMeshReduction (155)
[2018.05.18-10.38.04:779][139]LogModuleManager: Shutting down and abandoning module MaterialBaking (151)
[2018.05.18-10.38.04:779][139]LogModuleManager: Shutting down and abandoning module LevelSequence (148)
[2018.05.18-10.38.04:779][139]LogModuleManager: Shutting down and abandoning module DirectoryWatcher (146)
[2018.05.18-10.38.04:780][139]LogModuleManager: Shutting down and abandoning module DerivedDataCache (144)
[2018.05.18-10.38.04:813][139]LogDerivedDataCache: Shutdown
[2018.05.18-10.38.04:813][139]LogModuleManager: Shutting down and abandoning module TargetPlatform (142)
[2018.05.18-10.38.04:813][139]LogModuleManager: Shutting down and abandoning module VulkanShaderFormat (141)
[2018.05.18-10.38.04:813][139]LogModuleManager: Shutting down and abandoning module ShaderFormatVectorVM (139)
[2018.05.18-10.38.04:823][139]LogModuleManager: Shutting down and abandoning module ShaderFormatOpenGL (137)
[2018.05.18-10.38.04:832][139]LogModuleManager: Shutting down and abandoning module ShaderFormatD3D (135)
[2018.05.18-10.38.04:833][139]LogModuleManager: Shutting down and abandoning module MetalShaderFormat (133)
[2018.05.18-10.38.04:847][139]LogModuleManager: Shutting down and abandoning module TextureFormatUncompressed (131)
[2018.05.18-10.38.04:847][139]LogModuleManager: Shutting down and abandoning module TextureFormatPVR (129)
[2018.05.18-10.38.04:847][139]LogModuleManager: Shutting down and abandoning module TextureFormatDXT (127)
[2018.05.18-10.38.04:847][139]LogModuleManager: Shutting down and abandoning module TextureFormatIntelISPCTexComp (125)
[2018.05.18-10.38.04:847][139]LogModuleManager: Shutting down and abandoning module TextureFormatASTC (123)
[2018.05.18-10.38.04:847][139]LogModuleManager: Shutting down and abandoning module ImageWrapper (122)
[2018.05.18-10.38.04:847][139]LogModuleManager: Shutting down and abandoning module TextureFormatAndroid (119)
[2018.05.18-10.38.04:847][139]LogModuleManager: Shutting down and abandoning module AudioFormatOpus (117)
[2018.05.18-10.38.04:847][139]LogModuleManager: Shutting down and abandoning module AudioFormatOgg (115)
[2018.05.18-10.38.04:847][139]LogModuleManager: Shutting down and abandoning module AudioFormatADPCM (113)
[2018.05.18-10.38.04:847][139]LogModuleManager: Shutting down and abandoning module LinuxTargetPlatform (111)
[2018.05.18-10.38.04:847][139]LogModuleManager: Shutting down and abandoning module LinuxServerTargetPlatform (109)
[2018.05.18-10.38.04:847][139]LogModuleManager: Shutting down and abandoning module LinuxNoEditorTargetPlatform (107)
[2018.05.18-10.38.04:847][139]LogModuleManager: Shutting down and abandoning module LinuxClientTargetPlatform (105)
[2018.05.18-10.38.04:847][139]LogModuleManager: Shutting down and abandoning module TVOSTargetPlatform (103)
[2018.05.18-10.38.04:847][139]LogModuleManager: Shutting down and abandoning module Messaging (101)
[2018.05.18-10.38.04:847][139]LogModuleManager: Shutting down and abandoning module IOSTargetPlatform (99)
[2018.05.18-10.38.04:847][139]LogModuleManager: Shutting down and abandoning module HTML5TargetPlatform (97)
[2018.05.18-10.38.04:847][139]LogModuleManager: Shutting down and abandoning module Android_PVRTCTargetPlatform (95)
[2018.05.18-10.38.04:847][139]LogModuleManager: Shutting down and abandoning module Android_MultiTargetPlatform (93)
[2018.05.18-10.38.04:847][139]LogModuleManager: Shutting down and abandoning module Android_ETC2TargetPlatform (91)
[2018.05.18-10.38.04:847][139]LogModuleManager: Shutting down and abandoning module Android_ETC1TargetPlatform (89)
[2018.05.18-10.38.04:847][139]LogModuleManager: Shutting down and abandoning module Android_DXTTargetPlatform (87)
[2018.05.18-10.38.04:847][139]LogModuleManager: Shutting down and abandoning module Android_ATCTargetPlatform (85)
[2018.05.18-10.38.04:847][139]LogModuleManager: Shutting down and abandoning module Android_ASTCTargetPlatform (83)
[2018.05.18-10.38.04:847][139]LogModuleManager: Shutting down and abandoning module AndroidTargetPlatform (81)
[2018.05.18-10.38.04:847][139]LogModuleManager: Shutting down and abandoning module WindowsTargetPlatform (79)
[2018.05.18-10.38.04:847][139]LogModuleManager: Shutting down and abandoning module WindowsServerTargetPlatform (77)
[2018.05.18-10.38.04:848][139]LogModuleManager: Shutting down and abandoning module WindowsNoEditorTargetPlatform (75)
[2018.05.18-10.38.04:848][139]LogModuleManager: Shutting down and abandoning module WindowsClientTargetPlatform (73)
[2018.05.18-10.38.04:848][139]LogModuleManager: Shutting down and abandoning module MacTargetPlatform (71)
[2018.05.18-10.38.04:848][139]LogModuleManager: Shutting down and abandoning module MacServerTargetPlatform (69)
[2018.05.18-10.38.04:848][139]LogModuleManager: Shutting down and abandoning module MacNoEditorTargetPlatform (67)
[2018.05.18-10.38.04:848][139]LogModuleManager: Shutting down and abandoning module MacClientTargetPlatform (65)
[2018.05.18-10.38.04:848][139]LogModuleManager: Shutting down and abandoning module AllDesktopTargetPlatform (63)
[2018.05.18-10.38.04:848][139]LogModuleManager: Shutting down and abandoning module InputCore (60)
[2018.05.18-10.38.04:848][139]LogModuleManager: Shutting down and abandoning module Settings (58)
[2018.05.18-10.38.04:848][139]LogModuleManager: Shutting down and abandoning module PhysXCooking (56)
[2018.05.18-10.38.04:848][139]LogModuleManager: Shutting down and abandoning module SteamVR (54)
[2018.05.18-10.38.04:848][139]LogModuleManager: Shutting down and abandoning module OculusHMD (52)
[2018.05.18-10.38.04:848][139]LogModuleManager: Shutting down and abandoning module ExampleDeviceProfileSelector (50)
[2018.05.18-10.38.04:848][139]LogModuleManager: Shutting down and abandoning module OnlineBlueprintSupport (48)
[2018.05.18-10.38.04:848][139]LogModuleManager: Shutting down and abandoning module OnlineSubsystem (44)
[2018.05.18-10.38.04:848][139]LogOnline: Display: Unloading online subsystem: NULL
[2018.05.18-10.38.04:873][139]LogModuleManager: Shutting down and abandoning module XMPP (43)
[2018.05.18-10.38.04:890][139]LogModuleManager: Shutting down and abandoning module HTTP (41)
[2018.05.18-10.38.04:890][139]LogHttp: Display: Http module shutting down, but needs to wait on 1 outstanding Http requests:
[2018.05.18-10.38.04:890][139]LogHttp: Display: 	verb=[POST] url=[https://datarouter.ol.epicgames.com/datarouter/api/v1/public/data?SessionID=%7B16211187-4CC6-C39B-2E85-378EDDFE7496%7D&AppID=UEEditor.Rocket.Release&AppVersion=4.17.2-3658906%2B%2B%2BUE4%2BRelease-4.17&UserID=14ff7836474a041dbb0ab595dd95f386%7C03c46d714e434504a60eccd0eae6275a%7C9aed7643-48fa-4352-86a6-c57b58fde8af&AppEnvironment=datacollector-binary&UploadType=eteventstream] status=Processing
[2018.05.18-10.38.04:892][139]LogModuleManager: Shutting down and abandoning module SSL (40)
[2018.05.18-10.38.04:896][139]LogModuleManager: Shutting down and abandoning module AnimationModifiers (36)
[2018.05.18-10.38.04:896][139]LogModuleManager: Shutting down and abandoning module PropertyEditor (35)
[2018.05.18-10.38.04:896][139]LogModuleManager: Shutting down and abandoning module AudioEditor (32)
[2018.05.18-10.38.04:912][139]LogModuleManager: Shutting down and abandoning module TextureCompressor (30)
[2018.05.18-10.38.04:912][139]LogModuleManager: Shutting down and abandoning module ShaderCore (28)
[2018.05.18-10.38.04:912][139]LogModuleManager: Shutting down and abandoning module Landscape (26)
[2018.05.18-10.38.04:912][139]LogModuleManager: Shutting down and abandoning module SlateRHIRenderer (24)
[2018.05.18-10.38.04:932][139]LogModuleManager: Shutting down and abandoning module OpenGLDrv (22)
[2018.05.18-10.38.04:939][139]LogModuleManager: Shutting down and abandoning module D3D11RHI (20)
[2018.05.18-10.38.04:939][139]LogModuleManager: Shutting down and abandoning module AnimGraphRuntime (18)
[2018.05.18-10.38.04:939][139]LogModuleManager: Shutting down and abandoning module Renderer (16)
[2018.05.18-10.38.04:939][139]LogModuleManager: Shutting down and abandoning module Engine (14)
[2018.05.18-10.38.04:939][139]LogModuleManager: Shutting down and abandoning module CoreUObject (12)
[2018.05.18-10.38.04:939][139]LogModuleManager: Shutting down and abandoning module NetworkFile (10)
[2018.05.18-10.38.04:939][139]LogModuleManager: Shutting down and abandoning module CookedIterativeFile (8)
[2018.05.18-10.38.04:939][139]LogModuleManager: Shutting down and abandoning module StreamingFile (6)
[2018.05.18-10.38.04:939][139]LogModuleManager: Shutting down and abandoning module SandboxFile (4)
[2018.05.18-10.38.04:939][139]LogModuleManager: Shutting down and abandoning module PakFile (2)
[2018.05.18-10.38.04:944][139]LogExit: Exiting.
[2018.05.18-10.38.04:961][139]Log file closed, 05/18/18 20:08:04
